[2021-05-30 19:31:19,813] {taskinstance.py:877} INFO - Dependencies all met for <TaskInstance: data_engineering_assignment_2.Load_and_Extract_Data 2021-05-30T19:30:59.185377+00:00 [queued]>
[2021-05-30 19:31:19,853] {taskinstance.py:877} INFO - Dependencies all met for <TaskInstance: data_engineering_assignment_2.Load_and_Extract_Data 2021-05-30T19:30:59.185377+00:00 [queued]>
[2021-05-30 19:31:19,855] {taskinstance.py:1068} INFO - 
--------------------------------------------------------------------------------
[2021-05-30 19:31:19,857] {taskinstance.py:1069} INFO - Starting attempt 1 of 2
[2021-05-30 19:31:19,858] {taskinstance.py:1070} INFO - 
--------------------------------------------------------------------------------
[2021-05-30 19:31:19,876] {taskinstance.py:1089} INFO - Executing <Task(PythonOperator): Load_and_Extract_Data> on 2021-05-30T19:30:59.185377+00:00
[2021-05-30 19:31:19,891] {standard_task_runner.py:52} INFO - Started process 83 to run task
[2021-05-30 19:31:19,904] {standard_task_runner.py:76} INFO - Running: ['airflow', 'tasks', 'run', 'data_engineering_assignment_2', 'Load_and_Extract_Data', '2021-05-30T19:30:59.185377+00:00', '--job-id', '24', '--pool', 'default_pool', '--raw', '--subdir', 'DAGS_FOLDER/assignment_2_dags.py', '--cfg-path', '/tmp/tmpe38m6m2h', '--error-file', '/tmp/tmp8upy0u0t']
[2021-05-30 19:31:19,906] {standard_task_runner.py:77} INFO - Job 24: Subtask Load_and_Extract_Data
[2021-05-30 19:31:20,011] {logging_mixin.py:104} INFO - Running <TaskInstance: data_engineering_assignment_2.Load_and_Extract_Data 2021-05-30T19:30:59.185377+00:00 [running]> on host d1b2a4d53792
[2021-05-30 19:31:20,129] {taskinstance.py:1283} INFO - Exporting the following env vars:
AIRFLOW_CTX_DAG_OWNER=Mohannad alsouqi
AIRFLOW_CTX_DAG_ID=data_engineering_assignment_2
AIRFLOW_CTX_TASK_ID=Load_and_Extract_Data
AIRFLOW_CTX_EXECUTION_DATE=2021-05-30T19:30:59.185377+00:00
AIRFLOW_CTX_DAG_RUN_ID=manual__2021-05-30T19:30:59.185377+00:00
[2021-05-30 19:31:20,135] {assignment_2_dags.py:75} INFO - 01-01-2020
[2021-05-30 19:31:20,565] {assignment_2_dags.py:75} INFO - 01-02-2020
[2021-05-30 19:31:20,950] {assignment_2_dags.py:75} INFO - 01-03-2020
[2021-05-30 19:31:21,326] {assignment_2_dags.py:75} INFO - 01-04-2020
[2021-05-30 19:31:21,748] {assignment_2_dags.py:75} INFO - 01-05-2020
[2021-05-30 19:31:22,135] {assignment_2_dags.py:75} INFO - 01-06-2020
[2021-05-30 19:31:22,674] {assignment_2_dags.py:75} INFO - 01-07-2020
[2021-05-30 19:31:23,136] {assignment_2_dags.py:75} INFO - 01-08-2020
[2021-05-30 19:31:23,595] {assignment_2_dags.py:75} INFO - 01-09-2020
[2021-05-30 19:31:24,033] {assignment_2_dags.py:75} INFO - 01-10-2020
[2021-05-30 19:31:24,497] {assignment_2_dags.py:75} INFO - 01-11-2020
[2021-05-30 19:31:24,893] {assignment_2_dags.py:75} INFO - 01-12-2020
[2021-05-30 19:31:25,280] {assignment_2_dags.py:75} INFO - 01-13-2020
[2021-05-30 19:31:25,660] {assignment_2_dags.py:75} INFO - 01-14-2020
[2021-05-30 19:31:26,064] {assignment_2_dags.py:75} INFO - 01-15-2020
[2021-05-30 19:31:26,451] {assignment_2_dags.py:75} INFO - 01-16-2020
[2021-05-30 19:31:26,883] {assignment_2_dags.py:75} INFO - 01-17-2020
[2021-05-30 19:31:27,278] {assignment_2_dags.py:75} INFO - 01-18-2020
[2021-05-30 19:31:27,660] {assignment_2_dags.py:75} INFO - 01-19-2020
[2021-05-30 19:31:28,072] {assignment_2_dags.py:75} INFO - 01-20-2020
[2021-05-30 19:31:28,471] {assignment_2_dags.py:75} INFO - 01-21-2020
[2021-05-30 19:31:28,892] {assignment_2_dags.py:75} INFO - 01-22-2020
[2021-05-30 19:31:29,172] {assignment_2_dags.py:75} INFO - 01-23-2020
[2021-05-30 19:31:29,412] {assignment_2_dags.py:75} INFO - 01-24-2020
[2021-05-30 19:31:29,665] {assignment_2_dags.py:75} INFO - 01-25-2020
[2021-05-30 19:31:29,922] {assignment_2_dags.py:75} INFO - 01-26-2020
[2021-05-30 19:31:30,186] {assignment_2_dags.py:75} INFO - 01-27-2020
[2021-05-30 19:31:30,482] {assignment_2_dags.py:75} INFO - 01-28-2020
[2021-05-30 19:31:30,741] {assignment_2_dags.py:75} INFO - 01-29-2020
[2021-05-30 19:31:30,996] {assignment_2_dags.py:75} INFO - 01-30-2020
[2021-05-30 19:31:31,303] {assignment_2_dags.py:75} INFO - 01-31-2020
[2021-05-30 19:31:31,582] {assignment_2_dags.py:75} INFO - 02-01-2020
[2021-05-30 19:31:32,002] {assignment_2_dags.py:75} INFO - 02-02-2020
[2021-05-30 19:31:32,292] {assignment_2_dags.py:75} INFO - 02-03-2020
[2021-05-30 19:31:32,565] {assignment_2_dags.py:75} INFO - 02-04-2020
[2021-05-30 19:31:32,843] {assignment_2_dags.py:75} INFO - 02-05-2020
[2021-05-30 19:31:33,100] {assignment_2_dags.py:75} INFO - 02-06-2020
[2021-05-30 19:31:33,429] {assignment_2_dags.py:75} INFO - 02-07-2020
[2021-05-30 19:31:33,710] {assignment_2_dags.py:75} INFO - 02-08-2020
[2021-05-30 19:31:33,993] {assignment_2_dags.py:75} INFO - 02-09-2020
[2021-05-30 19:31:34,289] {assignment_2_dags.py:75} INFO - 02-10-2020
[2021-05-30 19:31:34,526] {assignment_2_dags.py:75} INFO - 02-11-2020
[2021-05-30 19:31:34,782] {assignment_2_dags.py:75} INFO - 02-12-2020
[2021-05-30 19:31:35,083] {assignment_2_dags.py:75} INFO - 02-13-2020
[2021-05-30 19:31:35,324] {assignment_2_dags.py:75} INFO - 02-14-2020
[2021-05-30 19:31:35,589] {assignment_2_dags.py:75} INFO - 02-15-2020
[2021-05-30 19:31:35,848] {assignment_2_dags.py:75} INFO - 02-16-2020
[2021-05-30 19:31:36,104] {assignment_2_dags.py:75} INFO - 02-17-2020
[2021-05-30 19:31:36,388] {assignment_2_dags.py:75} INFO - 02-18-2020
[2021-05-30 19:31:36,646] {assignment_2_dags.py:75} INFO - 02-19-2020
[2021-05-30 19:31:36,901] {assignment_2_dags.py:75} INFO - 02-20-2020
[2021-05-30 19:31:37,185] {assignment_2_dags.py:75} INFO - 02-21-2020
[2021-05-30 19:31:37,436] {assignment_2_dags.py:75} INFO - 02-22-2020
[2021-05-30 19:31:37,690] {assignment_2_dags.py:75} INFO - 02-23-2020
[2021-05-30 19:31:37,966] {assignment_2_dags.py:75} INFO - 02-24-2020
[2021-05-30 19:31:38,215] {assignment_2_dags.py:75} INFO - 02-25-2020
[2021-05-30 19:31:38,471] {assignment_2_dags.py:75} INFO - 02-26-2020
[2021-05-30 19:31:38,735] {assignment_2_dags.py:75} INFO - 02-27-2020
[2021-05-30 19:31:38,978] {assignment_2_dags.py:75} INFO - 02-28-2020
[2021-05-30 19:31:39,444] {assignment_2_dags.py:75} INFO - 02-29-2020
[2021-05-30 19:31:39,687] {assignment_2_dags.py:75} INFO - 02-30-2020
[2021-05-30 19:31:40,068] {assignment_2_dags.py:75} INFO - 02-31-2020
[2021-05-30 19:31:40,485] {assignment_2_dags.py:75} INFO - 03-01-2020
[2021-05-30 19:31:40,699] {assignment_2_dags.py:75} INFO - 03-02-2020
[2021-05-30 19:31:40,992] {assignment_2_dags.py:75} INFO - 03-03-2020
[2021-05-30 19:31:41,246] {assignment_2_dags.py:75} INFO - 03-04-2020
[2021-05-30 19:31:41,499] {assignment_2_dags.py:75} INFO - 03-05-2020
[2021-05-30 19:31:41,740] {assignment_2_dags.py:75} INFO - 03-06-2020
[2021-05-30 19:31:41,999] {assignment_2_dags.py:75} INFO - 03-07-2020
[2021-05-30 19:31:42,282] {assignment_2_dags.py:75} INFO - 03-08-2020
[2021-05-30 19:31:42,526] {assignment_2_dags.py:75} INFO - 03-09-2020
[2021-05-30 19:31:42,777] {assignment_2_dags.py:75} INFO - 03-10-2020
[2021-05-30 19:31:43,043] {assignment_2_dags.py:75} INFO - 03-11-2020
[2021-05-30 19:31:43,282] {assignment_2_dags.py:75} INFO - 03-12-2020
[2021-05-30 19:31:43,526] {assignment_2_dags.py:75} INFO - 03-13-2020
[2021-05-30 19:31:43,793] {assignment_2_dags.py:75} INFO - 03-14-2020
[2021-05-30 19:31:44,065] {assignment_2_dags.py:75} INFO - 03-15-2020
[2021-05-30 19:31:44,367] {assignment_2_dags.py:75} INFO - 03-16-2020
[2021-05-30 19:31:44,687] {assignment_2_dags.py:75} INFO - 03-17-2020
[2021-05-30 19:31:44,958] {assignment_2_dags.py:75} INFO - 03-18-2020
[2021-05-30 19:31:45,228] {assignment_2_dags.py:75} INFO - 03-19-2020
[2021-05-30 19:31:45,497] {assignment_2_dags.py:75} INFO - 03-20-2020
[2021-05-30 19:31:45,780] {assignment_2_dags.py:75} INFO - 03-21-2020
[2021-05-30 19:31:46,096] {assignment_2_dags.py:75} INFO - 03-22-2020
[2021-05-30 19:31:46,912] {assignment_2_dags.py:75} INFO - 03-23-2020
[2021-05-30 19:31:47,458] {assignment_2_dags.py:75} INFO - 03-24-2020
[2021-05-30 19:31:47,973] {assignment_2_dags.py:75} INFO - 03-25-2020
[2021-05-30 19:31:48,489] {assignment_2_dags.py:75} INFO - 03-26-2020
[2021-05-30 19:31:49,027] {assignment_2_dags.py:75} INFO - 03-27-2020
[2021-05-30 19:31:49,528] {assignment_2_dags.py:75} INFO - 03-28-2020
[2021-05-30 19:31:50,036] {assignment_2_dags.py:75} INFO - 03-29-2020
[2021-05-30 19:31:50,715] {assignment_2_dags.py:75} INFO - 03-30-2020
[2021-05-30 19:31:51,240] {assignment_2_dags.py:75} INFO - 03-31-2020
[2021-05-30 19:31:51,719] {assignment_2_dags.py:75} INFO - 04-01-2020
[2021-05-30 19:31:52,254] {assignment_2_dags.py:75} INFO - 04-02-2020
[2021-05-30 19:31:52,715] {assignment_2_dags.py:75} INFO - 04-03-2020
[2021-05-30 19:31:53,164] {assignment_2_dags.py:75} INFO - 04-04-2020
[2021-05-30 19:31:53,646] {assignment_2_dags.py:75} INFO - 04-05-2020
[2021-05-30 19:31:54,193] {assignment_2_dags.py:75} INFO - 04-06-2020
[2021-05-30 19:31:54,634] {assignment_2_dags.py:75} INFO - 04-07-2020
[2021-05-30 19:31:55,125] {assignment_2_dags.py:75} INFO - 04-08-2020
[2021-05-30 19:31:55,831] {assignment_2_dags.py:75} INFO - 04-09-2020
[2021-05-30 19:31:56,707] {assignment_2_dags.py:75} INFO - 04-10-2020
[2021-05-30 19:31:57,408] {assignment_2_dags.py:75} INFO - 04-11-2020
[2021-05-30 19:31:57,932] {assignment_2_dags.py:75} INFO - 04-12-2020
[2021-05-30 19:31:58,489] {assignment_2_dags.py:75} INFO - 04-13-2020
[2021-05-30 19:31:59,038] {assignment_2_dags.py:75} INFO - 04-14-2020
[2021-05-30 19:31:59,617] {assignment_2_dags.py:75} INFO - 04-15-2020
[2021-05-30 19:32:00,177] {assignment_2_dags.py:75} INFO - 04-16-2020
[2021-05-30 19:32:00,787] {assignment_2_dags.py:75} INFO - 04-17-2020
[2021-05-30 19:32:02,416] {assignment_2_dags.py:75} INFO - 04-18-2020
[2021-05-30 19:32:03,076] {assignment_2_dags.py:75} INFO - 04-19-2020
[2021-05-30 19:32:03,564] {assignment_2_dags.py:75} INFO - 04-20-2020
[2021-05-30 19:32:04,089] {assignment_2_dags.py:75} INFO - 04-21-2020
[2021-05-30 19:32:04,565] {assignment_2_dags.py:75} INFO - 04-22-2020
[2021-05-30 19:32:05,237] {assignment_2_dags.py:75} INFO - 04-23-2020
[2021-05-30 19:32:05,917] {assignment_2_dags.py:75} INFO - 04-24-2020
[2021-05-30 19:32:06,422] {assignment_2_dags.py:75} INFO - 04-25-2020
[2021-05-30 19:32:07,192] {assignment_2_dags.py:75} INFO - 04-26-2020
[2021-05-30 19:32:08,286] {assignment_2_dags.py:75} INFO - 04-27-2020
[2021-05-30 19:32:08,799] {assignment_2_dags.py:75} INFO - 04-28-2020
[2021-05-30 19:32:09,384] {assignment_2_dags.py:75} INFO - 04-29-2020
[2021-05-30 19:32:09,960] {assignment_2_dags.py:75} INFO - 04-30-2020
[2021-05-30 19:32:10,443] {assignment_2_dags.py:75} INFO - 04-31-2020
[2021-05-30 19:32:10,791] {assignment_2_dags.py:75} INFO - 05-01-2020
[2021-05-30 19:32:11,279] {assignment_2_dags.py:75} INFO - 05-02-2020
[2021-05-30 19:32:11,886] {assignment_2_dags.py:75} INFO - 05-03-2020
[2021-05-30 19:32:12,519] {assignment_2_dags.py:75} INFO - 05-04-2020
[2021-05-30 19:32:13,059] {assignment_2_dags.py:75} INFO - 05-05-2020
[2021-05-30 19:32:13,563] {assignment_2_dags.py:75} INFO - 05-06-2020
[2021-05-30 19:32:14,078] {assignment_2_dags.py:75} INFO - 05-07-2020
[2021-05-30 19:32:14,641] {assignment_2_dags.py:75} INFO - 05-08-2020
[2021-05-30 19:32:15,148] {assignment_2_dags.py:75} INFO - 05-09-2020
[2021-05-30 19:32:15,666] {assignment_2_dags.py:75} INFO - 05-10-2020
[2021-05-30 19:32:16,221] {assignment_2_dags.py:75} INFO - 05-11-2020
[2021-05-30 19:32:16,705] {assignment_2_dags.py:75} INFO - 05-12-2020
[2021-05-30 19:32:17,189] {assignment_2_dags.py:75} INFO - 05-13-2020
[2021-05-30 19:32:17,669] {assignment_2_dags.py:75} INFO - 05-14-2020
[2021-05-30 19:32:18,154] {assignment_2_dags.py:75} INFO - 05-15-2020
[2021-05-30 19:32:18,679] {assignment_2_dags.py:75} INFO - 05-16-2020
[2021-05-30 19:32:19,179] {assignment_2_dags.py:75} INFO - 05-17-2020
[2021-05-30 19:32:19,676] {assignment_2_dags.py:75} INFO - 05-18-2020
[2021-05-30 19:32:20,166] {assignment_2_dags.py:75} INFO - 05-19-2020
[2021-05-30 19:32:20,653] {assignment_2_dags.py:75} INFO - 05-20-2020
[2021-05-30 19:32:21,186] {assignment_2_dags.py:75} INFO - 05-21-2020
[2021-05-30 19:32:21,859] {assignment_2_dags.py:75} INFO - 05-22-2020
[2021-05-30 19:32:22,842] {assignment_2_dags.py:75} INFO - 05-23-2020
[2021-05-30 19:32:23,557] {assignment_2_dags.py:75} INFO - 05-24-2020
[2021-05-30 19:32:24,082] {assignment_2_dags.py:75} INFO - 05-25-2020
[2021-05-30 19:32:24,575] {assignment_2_dags.py:75} INFO - 05-26-2020
[2021-05-30 19:32:25,257] {assignment_2_dags.py:75} INFO - 05-27-2020
[2021-05-30 19:32:25,757] {assignment_2_dags.py:75} INFO - 05-28-2020
[2021-05-30 19:32:26,300] {assignment_2_dags.py:75} INFO - 05-29-2020
[2021-05-30 19:32:26,921] {assignment_2_dags.py:75} INFO - 05-30-2020
[2021-05-30 19:32:27,441] {assignment_2_dags.py:75} INFO - 05-31-2020
[2021-05-30 19:32:27,952] {assignment_2_dags.py:75} INFO - 06-01-2020
[2021-05-30 19:32:28,478] {assignment_2_dags.py:75} INFO - 06-02-2020
[2021-05-30 19:32:29,005] {assignment_2_dags.py:75} INFO - 06-03-2020
[2021-05-30 19:32:29,518] {assignment_2_dags.py:75} INFO - 06-04-2020
[2021-05-30 19:32:30,041] {assignment_2_dags.py:75} INFO - 06-05-2020
[2021-05-30 19:32:30,587] {assignment_2_dags.py:75} INFO - 06-06-2020
[2021-05-30 19:32:31,132] {assignment_2_dags.py:75} INFO - 06-07-2020
[2021-05-30 19:32:31,638] {assignment_2_dags.py:75} INFO - 06-08-2020
[2021-05-30 19:32:32,138] {assignment_2_dags.py:75} INFO - 06-09-2020
[2021-05-30 19:32:32,643] {assignment_2_dags.py:75} INFO - 06-10-2020
[2021-05-30 19:32:33,161] {assignment_2_dags.py:75} INFO - 06-11-2020
[2021-05-30 19:32:33,876] {assignment_2_dags.py:75} INFO - 06-12-2020
[2021-05-30 19:32:34,383] {assignment_2_dags.py:75} INFO - 06-13-2020
[2021-05-30 19:32:34,907] {assignment_2_dags.py:75} INFO - 06-14-2020
[2021-05-30 19:32:35,408] {assignment_2_dags.py:75} INFO - 06-15-2020
[2021-05-30 19:32:35,923] {assignment_2_dags.py:75} INFO - 06-16-2020
[2021-05-30 19:32:36,447] {assignment_2_dags.py:75} INFO - 06-17-2020
[2021-05-30 19:32:36,967] {assignment_2_dags.py:75} INFO - 06-18-2020
[2021-05-30 19:32:37,488] {assignment_2_dags.py:75} INFO - 06-19-2020
[2021-05-30 19:32:38,441] {assignment_2_dags.py:75} INFO - 06-20-2020
[2021-05-30 19:32:38,976] {assignment_2_dags.py:75} INFO - 06-21-2020
[2021-05-30 19:32:39,486] {assignment_2_dags.py:75} INFO - 06-22-2020
[2021-05-30 19:32:40,000] {assignment_2_dags.py:75} INFO - 06-23-2020
[2021-05-30 19:32:40,478] {assignment_2_dags.py:75} INFO - 06-24-2020
[2021-05-30 19:32:41,000] {assignment_2_dags.py:75} INFO - 06-25-2020
[2021-05-30 19:32:41,519] {assignment_2_dags.py:75} INFO - 06-26-2020
[2021-05-30 19:32:42,891] {assignment_2_dags.py:75} INFO - 06-27-2020
[2021-05-30 19:32:43,703] {assignment_2_dags.py:75} INFO - 06-28-2020
[2021-05-30 19:32:44,229] {assignment_2_dags.py:75} INFO - 06-29-2020
[2021-05-30 19:32:44,852] {assignment_2_dags.py:75} INFO - 06-30-2020
[2021-05-30 19:32:45,401] {assignment_2_dags.py:75} INFO - 06-31-2020
[2021-05-30 19:32:45,775] {assignment_2_dags.py:75} INFO - 07-01-2020
[2021-05-30 19:32:46,930] {assignment_2_dags.py:75} INFO - 07-02-2020
[2021-05-30 19:32:47,468] {assignment_2_dags.py:75} INFO - 07-03-2020
[2021-05-30 19:32:48,020] {assignment_2_dags.py:75} INFO - 07-04-2020
[2021-05-30 19:32:48,566] {assignment_2_dags.py:75} INFO - 07-05-2020
[2021-05-30 19:32:49,088] {assignment_2_dags.py:75} INFO - 07-06-2020
[2021-05-30 19:32:49,626] {assignment_2_dags.py:75} INFO - 07-07-2020
[2021-05-30 19:32:50,236] {assignment_2_dags.py:75} INFO - 07-08-2020
[2021-05-30 19:32:50,876] {assignment_2_dags.py:75} INFO - 07-09-2020
[2021-05-30 19:32:51,423] {assignment_2_dags.py:75} INFO - 07-10-2020
[2021-05-30 19:32:51,952] {assignment_2_dags.py:75} INFO - 07-11-2020
[2021-05-30 19:32:52,466] {assignment_2_dags.py:75} INFO - 07-12-2020
[2021-05-30 19:32:52,983] {assignment_2_dags.py:75} INFO - 07-13-2020
[2021-05-30 19:32:53,502] {assignment_2_dags.py:75} INFO - 07-14-2020
[2021-05-30 19:32:54,031] {assignment_2_dags.py:75} INFO - 07-15-2020
[2021-05-30 19:32:54,579] {assignment_2_dags.py:75} INFO - 07-16-2020
[2021-05-30 19:32:55,113] {assignment_2_dags.py:75} INFO - 07-17-2020
[2021-05-30 19:32:55,826] {assignment_2_dags.py:75} INFO - 07-18-2020
[2021-05-30 19:32:56,372] {assignment_2_dags.py:75} INFO - 07-19-2020
[2021-05-30 19:32:56,962] {assignment_2_dags.py:75} INFO - 07-20-2020
[2021-05-30 19:32:57,480] {assignment_2_dags.py:75} INFO - 07-21-2020
[2021-05-30 19:32:58,044] {assignment_2_dags.py:75} INFO - 07-22-2020
[2021-05-30 19:32:58,628] {assignment_2_dags.py:75} INFO - 07-23-2020
[2021-05-30 19:32:59,153] {assignment_2_dags.py:75} INFO - 07-24-2020
[2021-05-30 19:32:59,665] {assignment_2_dags.py:75} INFO - 07-25-2020
[2021-05-30 19:33:00,358] {assignment_2_dags.py:75} INFO - 07-26-2020
[2021-05-30 19:33:00,887] {assignment_2_dags.py:75} INFO - 07-27-2020
[2021-05-30 19:33:01,473] {assignment_2_dags.py:75} INFO - 07-28-2020
[2021-05-30 19:33:02,340] {assignment_2_dags.py:75} INFO - 07-29-2020
[2021-05-30 19:33:02,911] {assignment_2_dags.py:75} INFO - 07-30-2020
[2021-05-30 19:33:03,433] {assignment_2_dags.py:75} INFO - 07-31-2020
[2021-05-30 19:33:04,119] {assignment_2_dags.py:75} INFO - 08-01-2020
[2021-05-30 19:33:04,821] {assignment_2_dags.py:75} INFO - 08-02-2020
[2021-05-30 19:33:05,515] {assignment_2_dags.py:75} INFO - 08-03-2020
[2021-05-30 19:33:06,146] {assignment_2_dags.py:75} INFO - 08-04-2020
[2021-05-30 19:33:06,705] {assignment_2_dags.py:75} INFO - 08-05-2020
[2021-05-30 19:33:07,307] {assignment_2_dags.py:75} INFO - 08-06-2020
[2021-05-30 19:33:08,661] {assignment_2_dags.py:75} INFO - 08-07-2020
[2021-05-30 19:33:09,565] {assignment_2_dags.py:75} INFO - 08-08-2020
[2021-05-30 19:33:10,122] {assignment_2_dags.py:75} INFO - 08-09-2020
[2021-05-30 19:33:10,612] {assignment_2_dags.py:75} INFO - 08-10-2020
[2021-05-30 19:33:11,145] {assignment_2_dags.py:75} INFO - 08-11-2020
[2021-05-30 19:33:11,706] {assignment_2_dags.py:75} INFO - 08-12-2020
[2021-05-30 19:33:12,245] {assignment_2_dags.py:75} INFO - 08-13-2020
[2021-05-30 19:33:12,778] {assignment_2_dags.py:75} INFO - 08-14-2020
[2021-05-30 19:33:13,343] {assignment_2_dags.py:75} INFO - 08-15-2020
[2021-05-30 19:33:13,925] {assignment_2_dags.py:75} INFO - 08-16-2020
[2021-05-30 19:33:14,447] {assignment_2_dags.py:75} INFO - 08-17-2020
[2021-05-30 19:33:15,325] {assignment_2_dags.py:75} INFO - 08-18-2020
[2021-05-30 19:33:15,836] {assignment_2_dags.py:75} INFO - 08-19-2020
[2021-05-30 19:33:16,381] {assignment_2_dags.py:75} INFO - 08-20-2020
[2021-05-30 19:33:16,898] {assignment_2_dags.py:75} INFO - 08-21-2020
[2021-05-30 19:33:17,431] {assignment_2_dags.py:75} INFO - 08-22-2020
[2021-05-30 19:33:17,944] {assignment_2_dags.py:75} INFO - 08-23-2020
[2021-05-30 19:33:18,457] {assignment_2_dags.py:75} INFO - 08-24-2020
[2021-05-30 19:33:18,988] {assignment_2_dags.py:75} INFO - 08-25-2020
[2021-05-30 19:33:19,691] {assignment_2_dags.py:75} INFO - 08-26-2020
[2021-05-30 19:33:20,243] {assignment_2_dags.py:75} INFO - 08-27-2020
[2021-05-30 19:33:20,757] {assignment_2_dags.py:75} INFO - 08-28-2020
[2021-05-30 19:33:21,276] {assignment_2_dags.py:75} INFO - 08-29-2020
[2021-05-30 19:33:21,811] {assignment_2_dags.py:75} INFO - 08-30-2020
[2021-05-30 19:33:22,506] {assignment_2_dags.py:75} INFO - 08-31-2020
[2021-05-30 19:33:23,170] {assignment_2_dags.py:75} INFO - 09-01-2020
[2021-05-30 19:33:23,698] {assignment_2_dags.py:75} INFO - 09-02-2020
[2021-05-30 19:33:24,264] {assignment_2_dags.py:75} INFO - 09-03-2020
[2021-05-30 19:33:24,806] {assignment_2_dags.py:75} INFO - 09-04-2020
[2021-05-30 19:33:25,324] {assignment_2_dags.py:75} INFO - 09-05-2020
[2021-05-30 19:33:25,867] {assignment_2_dags.py:75} INFO - 09-06-2020
[2021-05-30 19:33:26,394] {assignment_2_dags.py:75} INFO - 09-07-2020
[2021-05-30 19:33:26,901] {assignment_2_dags.py:75} INFO - 09-08-2020
[2021-05-30 19:33:27,451] {assignment_2_dags.py:75} INFO - 09-09-2020
[2021-05-30 19:33:28,015] {assignment_2_dags.py:75} INFO - 09-10-2020
[2021-05-30 19:33:28,735] {assignment_2_dags.py:75} INFO - 09-11-2020
[2021-05-30 19:33:29,269] {assignment_2_dags.py:75} INFO - 09-12-2020
[2021-05-30 19:33:29,794] {assignment_2_dags.py:75} INFO - 09-13-2020
[2021-05-30 19:33:30,320] {assignment_2_dags.py:75} INFO - 09-14-2020
[2021-05-30 19:33:30,845] {assignment_2_dags.py:75} INFO - 09-15-2020
[2021-05-30 19:33:31,476] {assignment_2_dags.py:75} INFO - 09-16-2020
[2021-05-30 19:33:31,989] {assignment_2_dags.py:75} INFO - 09-17-2020
[2021-05-30 19:33:32,565] {assignment_2_dags.py:75} INFO - 09-18-2020
[2021-05-30 19:33:33,137] {assignment_2_dags.py:75} INFO - 09-19-2020
[2021-05-30 19:33:33,749] {assignment_2_dags.py:75} INFO - 09-20-2020
[2021-05-30 19:33:34,286] {assignment_2_dags.py:75} INFO - 09-21-2020
[2021-05-30 19:33:35,023] {assignment_2_dags.py:75} INFO - 09-22-2020
[2021-05-30 19:33:35,550] {assignment_2_dags.py:75} INFO - 09-23-2020
[2021-05-30 19:33:36,064] {assignment_2_dags.py:75} INFO - 09-24-2020
[2021-05-30 19:33:36,599] {assignment_2_dags.py:75} INFO - 09-25-2020
[2021-05-30 19:33:37,116] {assignment_2_dags.py:75} INFO - 09-26-2020
[2021-05-30 19:33:37,651] {assignment_2_dags.py:75} INFO - 09-27-2020
[2021-05-30 19:33:38,235] {assignment_2_dags.py:75} INFO - 09-28-2020
[2021-05-30 19:33:38,797] {assignment_2_dags.py:75} INFO - 09-29-2020
[2021-05-30 19:33:39,388] {assignment_2_dags.py:75} INFO - 09-30-2020
[2021-05-30 19:33:39,905] {assignment_2_dags.py:75} INFO - 09-31-2020
[2021-05-30 19:33:40,280] {assignment_2_dags.py:75} INFO - 10-01-2020
[2021-05-30 19:33:40,818] {assignment_2_dags.py:75} INFO - 10-02-2020
[2021-05-30 19:33:41,340] {assignment_2_dags.py:75} INFO - 10-03-2020
[2021-05-30 19:33:41,859] {assignment_2_dags.py:75} INFO - 10-04-2020
[2021-05-30 19:33:42,374] {assignment_2_dags.py:75} INFO - 10-05-2020
[2021-05-30 19:33:42,886] {assignment_2_dags.py:75} INFO - 10-06-2020
[2021-05-30 19:33:43,399] {assignment_2_dags.py:75} INFO - 10-07-2020
[2021-05-30 19:33:43,921] {assignment_2_dags.py:75} INFO - 10-08-2020
[2021-05-30 19:33:44,443] {assignment_2_dags.py:75} INFO - 10-09-2020
[2021-05-30 19:33:44,994] {assignment_2_dags.py:75} INFO - 10-10-2020
[2021-05-30 19:33:45,520] {assignment_2_dags.py:75} INFO - 10-11-2020
[2021-05-30 19:33:46,066] {assignment_2_dags.py:75} INFO - 10-12-2020
[2021-05-30 19:33:46,948] {assignment_2_dags.py:75} INFO - 10-13-2020
[2021-05-30 19:33:47,492] {assignment_2_dags.py:75} INFO - 10-14-2020
[2021-05-30 19:33:48,015] {assignment_2_dags.py:75} INFO - 10-15-2020
[2021-05-30 19:33:48,560] {assignment_2_dags.py:75} INFO - 10-16-2020
[2021-05-30 19:33:49,076] {assignment_2_dags.py:75} INFO - 10-17-2020
[2021-05-30 19:33:49,604] {assignment_2_dags.py:75} INFO - 10-18-2020
[2021-05-30 19:33:50,140] {assignment_2_dags.py:75} INFO - 10-19-2020
[2021-05-30 19:33:50,676] {assignment_2_dags.py:75} INFO - 10-20-2020
[2021-05-30 19:33:51,213] {assignment_2_dags.py:75} INFO - 10-21-2020
[2021-05-30 19:33:51,728] {assignment_2_dags.py:75} INFO - 10-22-2020
[2021-05-30 19:33:52,277] {assignment_2_dags.py:75} INFO - 10-23-2020
[2021-05-30 19:33:52,842] {assignment_2_dags.py:75} INFO - 10-24-2020
[2021-05-30 19:33:53,366] {assignment_2_dags.py:75} INFO - 10-25-2020
[2021-05-30 19:33:53,938] {assignment_2_dags.py:75} INFO - 10-26-2020
[2021-05-30 19:33:54,465] {assignment_2_dags.py:75} INFO - 10-27-2020
[2021-05-30 19:33:55,002] {assignment_2_dags.py:75} INFO - 10-28-2020
[2021-05-30 19:33:55,560] {assignment_2_dags.py:75} INFO - 10-29-2020
[2021-05-30 19:33:56,210] {assignment_2_dags.py:75} INFO - 10-30-2020
[2021-05-30 19:33:56,730] {assignment_2_dags.py:75} INFO - 10-31-2020
[2021-05-30 19:33:57,289] {assignment_2_dags.py:75} INFO - 11-01-2020
[2021-05-30 19:33:57,813] {assignment_2_dags.py:75} INFO - 11-02-2020
[2021-05-30 19:33:58,360] {assignment_2_dags.py:75} INFO - 11-03-2020
[2021-05-30 19:33:58,951] {assignment_2_dags.py:75} INFO - 11-04-2020
[2021-05-30 19:33:59,513] {assignment_2_dags.py:75} INFO - 11-05-2020
[2021-05-30 19:34:00,047] {assignment_2_dags.py:75} INFO - 11-06-2020
[2021-05-30 19:34:00,559] {assignment_2_dags.py:75} INFO - 11-07-2020
[2021-05-30 19:34:01,108] {assignment_2_dags.py:75} INFO - 11-08-2020
[2021-05-30 19:34:01,784] {assignment_2_dags.py:75} INFO - 11-09-2020
[2021-05-30 19:34:02,314] {assignment_2_dags.py:75} INFO - 11-10-2020
[2021-05-30 19:34:02,859] {assignment_2_dags.py:75} INFO - 11-11-2020
[2021-05-30 19:34:03,374] {assignment_2_dags.py:75} INFO - 11-12-2020
[2021-05-30 19:34:03,921] {assignment_2_dags.py:75} INFO - 11-13-2020
[2021-05-30 19:34:04,466] {assignment_2_dags.py:75} INFO - 11-14-2020
[2021-05-30 19:34:05,000] {assignment_2_dags.py:75} INFO - 11-15-2020
[2021-05-30 19:34:05,583] {assignment_2_dags.py:75} INFO - 11-16-2020
[2021-05-30 19:34:06,150] {assignment_2_dags.py:75} INFO - 11-17-2020
[2021-05-30 19:34:06,776] {assignment_2_dags.py:75} INFO - 11-18-2020
[2021-05-30 19:34:07,330] {assignment_2_dags.py:75} INFO - 11-19-2020
[2021-05-30 19:34:07,857] {assignment_2_dags.py:75} INFO - 11-20-2020
[2021-05-30 19:34:08,374] {assignment_2_dags.py:75} INFO - 11-21-2020
[2021-05-30 19:34:08,919] {assignment_2_dags.py:75} INFO - 11-22-2020
[2021-05-30 19:34:09,531] {assignment_2_dags.py:75} INFO - 11-23-2020
[2021-05-30 19:34:10,043] {assignment_2_dags.py:75} INFO - 11-24-2020
[2021-05-30 19:34:10,527] {assignment_2_dags.py:75} INFO - 11-25-2020
[2021-05-30 19:34:11,058] {assignment_2_dags.py:75} INFO - 11-26-2020
[2021-05-30 19:34:11,621] {assignment_2_dags.py:75} INFO - 11-27-2020
[2021-05-30 19:34:12,142] {assignment_2_dags.py:75} INFO - 11-28-2020
[2021-05-30 19:34:12,652] {assignment_2_dags.py:75} INFO - 11-29-2020
[2021-05-30 19:34:13,198] {assignment_2_dags.py:75} INFO - 11-30-2020
[2021-05-30 19:34:13,710] {assignment_2_dags.py:75} INFO - 11-31-2020
[2021-05-30 19:34:14,099] {assignment_2_dags.py:75} INFO - 12-01-2020
[2021-05-30 19:34:14,629] {assignment_2_dags.py:75} INFO - 12-02-2020
[2021-05-30 19:34:15,175] {assignment_2_dags.py:75} INFO - 12-03-2020
[2021-05-30 19:34:15,874] {assignment_2_dags.py:75} INFO - 12-04-2020
[2021-05-30 19:34:16,378] {assignment_2_dags.py:75} INFO - 12-05-2020
[2021-05-30 19:34:16,894] {assignment_2_dags.py:75} INFO - 12-06-2020
[2021-05-30 19:34:17,405] {assignment_2_dags.py:75} INFO - 12-07-2020
[2021-05-30 19:34:17,932] {assignment_2_dags.py:75} INFO - 12-08-2020
[2021-05-30 19:34:18,468] {assignment_2_dags.py:75} INFO - 12-09-2020
[2021-05-30 19:34:18,999] {assignment_2_dags.py:75} INFO - 12-10-2020
[2021-05-30 19:34:19,522] {assignment_2_dags.py:75} INFO - 12-11-2020
[2021-05-30 19:34:20,071] {assignment_2_dags.py:75} INFO - 12-12-2020
[2021-05-30 19:34:20,599] {assignment_2_dags.py:75} INFO - 12-13-2020
[2021-05-30 19:34:21,113] {assignment_2_dags.py:75} INFO - 12-14-2020
[2021-05-30 19:34:21,658] {assignment_2_dags.py:75} INFO - 12-15-2020
[2021-05-30 19:34:22,184] {assignment_2_dags.py:75} INFO - 12-16-2020
[2021-05-30 19:34:22,730] {assignment_2_dags.py:75} INFO - 12-17-2020
[2021-05-30 19:34:23,256] {assignment_2_dags.py:75} INFO - 12-18-2020
[2021-05-30 19:34:23,788] {assignment_2_dags.py:75} INFO - 12-19-2020
[2021-05-30 19:34:24,508] {assignment_2_dags.py:75} INFO - 12-20-2020
[2021-05-30 19:34:25,031] {assignment_2_dags.py:75} INFO - 12-21-2020
[2021-05-30 19:34:25,547] {assignment_2_dags.py:75} INFO - 12-22-2020
[2021-05-30 19:34:26,072] {assignment_2_dags.py:75} INFO - 12-23-2020
[2021-05-30 19:34:26,617] {assignment_2_dags.py:75} INFO - 12-24-2020
[2021-05-30 19:34:27,153] {assignment_2_dags.py:75} INFO - 12-25-2020
[2021-05-30 19:34:27,676] {assignment_2_dags.py:75} INFO - 12-26-2020
[2021-05-30 19:34:28,190] {assignment_2_dags.py:75} INFO - 12-27-2020
[2021-05-30 19:34:28,724] {assignment_2_dags.py:75} INFO - 12-28-2020
[2021-05-30 19:34:29,289] {assignment_2_dags.py:75} INFO - 12-29-2020
[2021-05-30 19:34:29,800] {assignment_2_dags.py:75} INFO - 12-30-2020
[2021-05-30 19:34:30,650] {assignment_2_dags.py:75} INFO - 12-31-2020
[2021-05-30 19:34:31,211] {assignment_2_dags.py:75} INFO - 01-01-2021
[2021-05-30 19:34:31,739] {assignment_2_dags.py:75} INFO - 01-02-2021
[2021-05-30 19:34:32,270] {assignment_2_dags.py:75} INFO - 01-03-2021
[2021-05-30 19:34:32,801] {assignment_2_dags.py:75} INFO - 01-04-2021
[2021-05-30 19:34:33,331] {assignment_2_dags.py:75} INFO - 01-05-2021
[2021-05-30 19:34:33,866] {assignment_2_dags.py:75} INFO - 01-06-2021
[2021-05-30 19:34:34,398] {assignment_2_dags.py:75} INFO - 01-07-2021
[2021-05-30 19:34:34,923] {assignment_2_dags.py:75} INFO - 01-08-2021
[2021-05-30 19:34:35,494] {assignment_2_dags.py:75} INFO - 01-09-2021
[2021-05-30 19:34:36,031] {assignment_2_dags.py:75} INFO - 01-10-2021
[2021-05-30 19:34:36,564] {assignment_2_dags.py:75} INFO - 01-11-2021
[2021-05-30 19:34:37,095] {assignment_2_dags.py:75} INFO - 01-12-2021
[2021-05-30 19:34:37,610] {assignment_2_dags.py:75} INFO - 01-13-2021
[2021-05-30 19:34:38,295] {assignment_2_dags.py:75} INFO - 01-14-2021
[2021-05-30 19:34:38,811] {assignment_2_dags.py:75} INFO - 01-15-2021
[2021-05-30 19:34:39,332] {assignment_2_dags.py:75} INFO - 01-16-2021
[2021-05-30 19:34:39,946] {assignment_2_dags.py:75} INFO - 01-17-2021
[2021-05-30 19:34:40,419] {assignment_2_dags.py:75} INFO - 01-18-2021
[2021-05-30 19:34:40,936] {assignment_2_dags.py:75} INFO - 01-19-2021
[2021-05-30 19:34:41,500] {assignment_2_dags.py:75} INFO - 01-20-2021
[2021-05-30 19:34:42,015] {assignment_2_dags.py:75} INFO - 01-21-2021
[2021-05-30 19:34:42,539] {assignment_2_dags.py:75} INFO - 01-22-2021
[2021-05-30 19:34:43,050] {assignment_2_dags.py:75} INFO - 01-23-2021
[2021-05-30 19:34:43,561] {assignment_2_dags.py:75} INFO - 01-24-2021
[2021-05-30 19:34:44,084] {assignment_2_dags.py:75} INFO - 01-25-2021
[2021-05-30 19:34:44,598] {assignment_2_dags.py:75} INFO - 01-26-2021
[2021-05-30 19:34:45,137] {assignment_2_dags.py:75} INFO - 01-27-2021
[2021-05-30 19:34:45,659] {assignment_2_dags.py:75} INFO - 01-28-2021
[2021-05-30 19:34:46,191] {assignment_2_dags.py:75} INFO - 01-29-2021
[2021-05-30 19:34:46,723] {assignment_2_dags.py:75} INFO - 01-30-2021
[2021-05-30 19:34:47,237] {assignment_2_dags.py:75} INFO - 01-31-2021
[2021-05-30 19:34:47,769] {assignment_2_dags.py:75} INFO - 02-01-2021
[2021-05-30 19:34:48,298] {assignment_2_dags.py:75} INFO - 02-02-2021
[2021-05-30 19:34:48,811] {assignment_2_dags.py:75} INFO - 02-03-2021
[2021-05-30 19:34:49,318] {assignment_2_dags.py:75} INFO - 02-04-2021
[2021-05-30 19:34:49,828] {assignment_2_dags.py:75} INFO - 02-05-2021
[2021-05-30 19:34:50,368] {assignment_2_dags.py:75} INFO - 02-06-2021
[2021-05-30 19:34:51,114] {assignment_2_dags.py:75} INFO - 02-07-2021
[2021-05-30 19:34:51,670] {assignment_2_dags.py:75} INFO - 02-08-2021
[2021-05-30 19:34:52,210] {assignment_2_dags.py:75} INFO - 02-09-2021
[2021-05-30 19:34:52,746] {assignment_2_dags.py:75} INFO - 02-10-2021
[2021-05-30 19:34:53,271] {assignment_2_dags.py:75} INFO - 02-11-2021
[2021-05-30 19:34:53,813] {assignment_2_dags.py:75} INFO - 02-12-2021
[2021-05-30 19:34:54,354] {assignment_2_dags.py:75} INFO - 02-13-2021
[2021-05-30 19:34:54,872] {assignment_2_dags.py:75} INFO - 02-14-2021
[2021-05-30 19:34:55,401] {assignment_2_dags.py:75} INFO - 02-15-2021
[2021-05-30 19:34:55,916] {assignment_2_dags.py:75} INFO - 02-16-2021
[2021-05-30 19:34:56,500] {assignment_2_dags.py:75} INFO - 02-17-2021
[2021-05-30 19:34:57,019] {assignment_2_dags.py:75} INFO - 02-18-2021
[2021-05-30 19:34:57,533] {assignment_2_dags.py:75} INFO - 02-19-2021
[2021-05-30 19:34:58,053] {assignment_2_dags.py:75} INFO - 02-20-2021
[2021-05-30 19:34:58,582] {assignment_2_dags.py:75} INFO - 02-21-2021
[2021-05-30 19:34:59,115] {assignment_2_dags.py:75} INFO - 02-22-2021
[2021-05-30 19:34:59,652] {assignment_2_dags.py:75} INFO - 02-23-2021
[2021-05-30 19:35:00,192] {assignment_2_dags.py:75} INFO - 02-24-2021
[2021-05-30 19:35:00,743] {assignment_2_dags.py:75} INFO - 02-25-2021
[2021-05-30 19:35:01,273] {assignment_2_dags.py:75} INFO - 02-26-2021
[2021-05-30 19:35:01,828] {assignment_2_dags.py:75} INFO - 02-27-2021
[2021-05-30 19:35:02,364] {assignment_2_dags.py:75} INFO - 02-28-2021
[2021-05-30 19:35:02,915] {assignment_2_dags.py:75} INFO - 02-29-2021
[2021-05-30 19:35:03,308] {assignment_2_dags.py:75} INFO - 02-30-2021
[2021-05-30 19:35:03,692] {assignment_2_dags.py:75} INFO - 02-31-2021
[2021-05-30 19:35:04,085] {assignment_2_dags.py:75} INFO - 03-01-2021
[2021-05-30 19:35:04,611] {assignment_2_dags.py:75} INFO - 03-02-2021
[2021-05-30 19:35:05,123] {assignment_2_dags.py:75} INFO - 03-03-2021
[2021-05-30 19:35:05,666] {assignment_2_dags.py:75} INFO - 03-04-2021
[2021-05-30 19:35:06,204] {assignment_2_dags.py:75} INFO - 03-05-2021
[2021-05-30 19:35:06,722] {assignment_2_dags.py:75} INFO - 03-06-2021
[2021-05-30 19:35:07,256] {assignment_2_dags.py:75} INFO - 03-07-2021
[2021-05-30 19:35:07,797] {assignment_2_dags.py:75} INFO - 03-08-2021
[2021-05-30 19:35:08,322] {assignment_2_dags.py:75} INFO - 03-09-2021
[2021-05-30 19:35:08,993] {assignment_2_dags.py:75} INFO - 03-10-2021
[2021-05-30 19:35:09,508] {assignment_2_dags.py:75} INFO - 03-11-2021
[2021-05-30 19:35:10,031] {assignment_2_dags.py:75} INFO - 03-12-2021
[2021-05-30 19:35:10,510] {assignment_2_dags.py:75} INFO - 03-13-2021
[2021-05-30 19:35:11,215] {assignment_2_dags.py:75} INFO - 03-14-2021
[2021-05-30 19:35:11,888] {assignment_2_dags.py:75} INFO - 03-15-2021
[2021-05-30 19:35:12,395] {assignment_2_dags.py:75} INFO - 03-16-2021
[2021-05-30 19:35:12,902] {assignment_2_dags.py:75} INFO - 03-17-2021
[2021-05-30 19:35:13,448] {assignment_2_dags.py:75} INFO - 03-18-2021
[2021-05-30 19:35:14,124] {assignment_2_dags.py:75} INFO - 03-19-2021
[2021-05-30 19:35:14,661] {assignment_2_dags.py:75} INFO - 03-20-2021
[2021-05-30 19:35:15,186] {assignment_2_dags.py:75} INFO - 03-21-2021
[2021-05-30 19:35:15,727] {assignment_2_dags.py:75} INFO - 03-22-2021
[2021-05-30 19:35:16,461] {assignment_2_dags.py:75} INFO - 03-23-2021
[2021-05-30 19:35:16,996] {assignment_2_dags.py:75} INFO - 03-24-2021
[2021-05-30 19:35:17,529] {assignment_2_dags.py:75} INFO - 03-25-2021
[2021-05-30 19:35:18,091] {assignment_2_dags.py:75} INFO - 03-26-2021
[2021-05-30 19:35:18,747] {assignment_2_dags.py:75} INFO - 03-27-2021
[2021-05-30 19:35:19,380] {assignment_2_dags.py:75} INFO - 03-28-2021
[2021-05-30 19:35:20,133] {assignment_2_dags.py:75} INFO - 03-29-2021
[2021-05-30 19:35:20,819] {assignment_2_dags.py:75} INFO - 03-30-2021
[2021-05-30 19:35:21,343] {assignment_2_dags.py:75} INFO - 03-31-2021
[2021-05-30 19:35:21,880] {assignment_2_dags.py:75} INFO - 04-01-2021
[2021-05-30 19:35:22,427] {assignment_2_dags.py:75} INFO - 04-02-2021
[2021-05-30 19:35:22,952] {assignment_2_dags.py:75} INFO - 04-03-2021
[2021-05-30 19:35:23,506] {assignment_2_dags.py:75} INFO - 04-04-2021
[2021-05-30 19:35:24,214] {assignment_2_dags.py:75} INFO - 04-05-2021
[2021-05-30 19:35:25,212] {assignment_2_dags.py:75} INFO - 04-06-2021
[2021-05-30 19:35:25,711] {assignment_2_dags.py:75} INFO - 04-07-2021
[2021-05-30 19:35:26,432] {assignment_2_dags.py:75} INFO - 04-08-2021
[2021-05-30 19:35:27,143] {assignment_2_dags.py:75} INFO - 04-09-2021
[2021-05-30 19:35:27,802] {assignment_2_dags.py:75} INFO - 04-10-2021
[2021-05-30 19:35:28,533] {assignment_2_dags.py:75} INFO - 04-11-2021
[2021-05-30 19:35:29,500] {assignment_2_dags.py:75} INFO - 04-12-2021
[2021-05-30 19:35:30,194] {assignment_2_dags.py:75} INFO - 04-13-2021
[2021-05-30 19:35:31,336] {assignment_2_dags.py:75} INFO - 04-14-2021
[2021-05-30 19:35:31,857] {assignment_2_dags.py:75} INFO - 04-15-2021
[2021-05-30 19:35:32,373] {assignment_2_dags.py:75} INFO - 04-16-2021
[2021-05-30 19:35:32,906] {assignment_2_dags.py:75} INFO - 04-17-2021
[2021-05-30 19:35:33,574] {assignment_2_dags.py:75} INFO - 04-18-2021
[2021-05-30 19:35:34,266] {assignment_2_dags.py:75} INFO - 04-19-2021
[2021-05-30 19:35:34,800] {assignment_2_dags.py:75} INFO - 04-20-2021
[2021-05-30 19:35:35,352] {assignment_2_dags.py:75} INFO - 04-21-2021
[2021-05-30 19:35:36,016] {assignment_2_dags.py:75} INFO - 04-22-2021
[2021-05-30 19:35:36,630] {assignment_2_dags.py:75} INFO - 04-23-2021
[2021-05-30 19:35:37,161] {assignment_2_dags.py:75} INFO - 04-24-2021
[2021-05-30 19:35:37,768] {assignment_2_dags.py:75} INFO - 04-25-2021
[2021-05-30 19:35:38,400] {assignment_2_dags.py:75} INFO - 04-26-2021
[2021-05-30 19:35:38,942] {assignment_2_dags.py:75} INFO - 04-27-2021
[2021-05-30 19:35:39,478] {assignment_2_dags.py:75} INFO - 04-28-2021
[2021-05-30 19:35:40,169] {assignment_2_dags.py:75} INFO - 04-29-2021
[2021-05-30 19:35:40,668] {assignment_2_dags.py:75} INFO - 04-30-2021
[2021-05-30 19:35:41,197] {assignment_2_dags.py:75} INFO - 04-31-2021
[2021-05-30 19:35:41,576] {assignment_2_dags.py:75} INFO - 05-01-2021
[2021-05-30 19:35:42,300] {assignment_2_dags.py:75} INFO - 05-02-2021
[2021-05-30 19:35:42,833] {assignment_2_dags.py:75} INFO - 05-03-2021
[2021-05-30 19:35:43,370] {assignment_2_dags.py:75} INFO - 05-04-2021
[2021-05-30 19:35:43,887] {assignment_2_dags.py:75} INFO - 05-05-2021
[2021-05-30 19:35:44,582] {assignment_2_dags.py:75} INFO - 05-06-2021
[2021-05-30 19:35:45,118] {assignment_2_dags.py:75} INFO - 05-07-2021
[2021-05-30 19:35:45,651] {assignment_2_dags.py:75} INFO - 05-08-2021
[2021-05-30 19:35:46,230] {assignment_2_dags.py:75} INFO - 05-09-2021
[2021-05-30 19:35:46,820] {assignment_2_dags.py:75} INFO - 05-10-2021
[2021-05-30 19:35:47,357] {assignment_2_dags.py:75} INFO - 05-11-2021
[2021-05-30 19:35:48,032] {assignment_2_dags.py:75} INFO - 05-12-2021
[2021-05-30 19:35:48,638] {assignment_2_dags.py:75} INFO - 05-13-2021
[2021-05-30 19:35:49,168] {assignment_2_dags.py:75} INFO - 05-14-2021
[2021-05-30 19:35:49,707] {assignment_2_dags.py:75} INFO - 05-15-2021
[2021-05-30 19:35:50,298] {assignment_2_dags.py:75} INFO - 05-16-2021
[2021-05-30 19:35:50,991] {assignment_2_dags.py:75} INFO - 05-17-2021
[2021-05-30 19:35:51,519] {assignment_2_dags.py:75} INFO - 05-18-2021
[2021-05-30 19:35:52,217] {assignment_2_dags.py:75} INFO - 05-19-2021
[2021-05-30 19:35:52,801] {assignment_2_dags.py:75} INFO - 05-20-2021
[2021-05-30 19:35:53,341] {assignment_2_dags.py:75} INFO - 05-21-2021
[2021-05-30 19:35:53,887] {assignment_2_dags.py:75} INFO - 05-22-2021
[2021-05-30 19:35:54,412] {assignment_2_dags.py:75} INFO - 05-23-2021
[2021-05-30 19:35:55,151] {assignment_2_dags.py:75} INFO - 05-24-2021
[2021-05-30 19:35:55,845] {assignment_2_dags.py:75} INFO - 05-25-2021
[2021-05-30 19:35:56,363] {assignment_2_dags.py:75} INFO - 05-26-2021
[2021-05-30 19:35:56,866] {assignment_2_dags.py:75} INFO - 05-27-2021
[2021-05-30 19:35:57,589] {assignment_2_dags.py:75} INFO - 05-28-2021
[2021-05-30 19:35:58,270] {assignment_2_dags.py:75} INFO - 05-29-2021
[2021-05-30 19:35:58,865] {assignment_2_dags.py:75} INFO - 05-30-2021
[2021-05-30 19:35:59,208] {assignment_2_dags.py:75} INFO - 05-31-2021
[2021-05-30 19:35:59,675] {assignment_2_dags.py:75} INFO - 06-01-2021
[2021-05-30 19:36:00,064] {assignment_2_dags.py:75} INFO - 06-02-2021
[2021-05-30 19:36:00,458] {assignment_2_dags.py:75} INFO - 06-03-2021
[2021-05-30 19:36:00,882] {assignment_2_dags.py:75} INFO - 06-04-2021
[2021-05-30 19:36:01,259] {assignment_2_dags.py:75} INFO - 06-05-2021
[2021-05-30 19:36:01,660] {assignment_2_dags.py:75} INFO - 06-06-2021
[2021-05-30 19:36:02,052] {assignment_2_dags.py:75} INFO - 06-07-2021
[2021-05-30 19:36:02,432] {assignment_2_dags.py:75} INFO - 06-08-2021
[2021-05-30 19:36:02,842] {assignment_2_dags.py:75} INFO - 06-09-2021
[2021-05-30 19:36:03,373] {assignment_2_dags.py:75} INFO - 06-10-2021
[2021-05-30 19:36:03,778] {assignment_2_dags.py:75} INFO - 06-11-2021
[2021-05-30 19:36:04,150] {assignment_2_dags.py:75} INFO - 06-12-2021
[2021-05-30 19:36:04,536] {assignment_2_dags.py:75} INFO - 06-13-2021
[2021-05-30 19:36:04,951] {assignment_2_dags.py:75} INFO - 06-14-2021
[2021-05-30 19:36:05,385] {assignment_2_dags.py:75} INFO - 06-15-2021
[2021-05-30 19:36:05,794] {assignment_2_dags.py:75} INFO - 06-16-2021
[2021-05-30 19:36:06,169] {assignment_2_dags.py:75} INFO - 06-17-2021
[2021-05-30 19:36:06,570] {assignment_2_dags.py:75} INFO - 06-18-2021
[2021-05-30 19:36:07,024] {assignment_2_dags.py:75} INFO - 06-19-2021
[2021-05-30 19:36:07,411] {assignment_2_dags.py:75} INFO - 06-20-2021
[2021-05-30 19:36:07,807] {assignment_2_dags.py:75} INFO - 06-21-2021
[2021-05-30 19:36:08,190] {assignment_2_dags.py:75} INFO - 06-22-2021
[2021-05-30 19:36:08,575] {assignment_2_dags.py:75} INFO - 06-23-2021
[2021-05-30 19:36:08,956] {assignment_2_dags.py:75} INFO - 06-24-2021
[2021-05-30 19:36:09,361] {assignment_2_dags.py:75} INFO - 06-25-2021
[2021-05-30 19:36:09,773] {assignment_2_dags.py:75} INFO - 06-26-2021
[2021-05-30 19:36:10,171] {assignment_2_dags.py:75} INFO - 06-27-2021
[2021-05-30 19:36:10,528] {assignment_2_dags.py:75} INFO - 06-28-2021
[2021-05-30 19:36:10,912] {assignment_2_dags.py:75} INFO - 06-29-2021
[2021-05-30 19:36:11,296] {assignment_2_dags.py:75} INFO - 06-30-2021
[2021-05-30 19:36:11,688] {assignment_2_dags.py:75} INFO - 06-31-2021
[2021-05-30 19:36:12,069] {assignment_2_dags.py:75} INFO - 07-01-2021
[2021-05-30 19:36:12,454] {assignment_2_dags.py:75} INFO - 07-02-2021
[2021-05-30 19:36:12,888] {assignment_2_dags.py:75} INFO - 07-03-2021
[2021-05-30 19:36:13,503] {assignment_2_dags.py:75} INFO - 07-04-2021
[2021-05-30 19:36:13,964] {assignment_2_dags.py:75} INFO - 07-05-2021
[2021-05-30 19:36:14,343] {assignment_2_dags.py:75} INFO - 07-06-2021
[2021-05-30 19:36:14,725] {assignment_2_dags.py:75} INFO - 07-07-2021
[2021-05-30 19:36:15,106] {assignment_2_dags.py:75} INFO - 07-08-2021
[2021-05-30 19:36:15,489] {assignment_2_dags.py:75} INFO - 07-09-2021
[2021-05-30 19:36:15,853] {assignment_2_dags.py:75} INFO - 07-10-2021
[2021-05-30 19:36:16,234] {assignment_2_dags.py:75} INFO - 07-11-2021
[2021-05-30 19:36:16,635] {assignment_2_dags.py:75} INFO - 07-12-2021
[2021-05-30 19:36:17,011] {assignment_2_dags.py:75} INFO - 07-13-2021
[2021-05-30 19:36:17,387] {assignment_2_dags.py:75} INFO - 07-14-2021
[2021-05-30 19:36:17,754] {assignment_2_dags.py:75} INFO - 07-15-2021
[2021-05-30 19:36:18,155] {assignment_2_dags.py:75} INFO - 07-16-2021
[2021-05-30 19:36:18,558] {assignment_2_dags.py:75} INFO - 07-17-2021
[2021-05-30 19:36:18,937] {assignment_2_dags.py:75} INFO - 07-18-2021
[2021-05-30 19:36:19,334] {assignment_2_dags.py:75} INFO - 07-19-2021
[2021-05-30 19:36:19,850] {assignment_2_dags.py:75} INFO - 07-20-2021
[2021-05-30 19:36:20,242] {assignment_2_dags.py:75} INFO - 07-21-2021
[2021-05-30 19:36:20,643] {assignment_2_dags.py:75} INFO - 07-22-2021
[2021-05-30 19:36:21,024] {assignment_2_dags.py:75} INFO - 07-23-2021
[2021-05-30 19:36:21,401] {assignment_2_dags.py:75} INFO - 07-24-2021
[2021-05-30 19:36:21,792] {assignment_2_dags.py:75} INFO - 07-25-2021
[2021-05-30 19:36:22,189] {assignment_2_dags.py:75} INFO - 07-26-2021
[2021-05-30 19:36:22,586] {assignment_2_dags.py:75} INFO - 07-27-2021
[2021-05-30 19:36:22,991] {assignment_2_dags.py:75} INFO - 07-28-2021
[2021-05-30 19:36:23,394] {assignment_2_dags.py:75} INFO - 07-29-2021
[2021-05-30 19:36:23,817] {assignment_2_dags.py:75} INFO - 07-30-2021
[2021-05-30 19:36:24,240] {assignment_2_dags.py:75} INFO - 07-31-2021
[2021-05-30 19:36:24,633] {assignment_2_dags.py:75} INFO - 08-01-2021
[2021-05-30 19:36:25,018] {assignment_2_dags.py:75} INFO - 08-02-2021
[2021-05-30 19:36:25,417] {assignment_2_dags.py:75} INFO - 08-03-2021
[2021-05-30 19:36:25,807] {assignment_2_dags.py:75} INFO - 08-04-2021
[2021-05-30 19:36:26,183] {assignment_2_dags.py:75} INFO - 08-05-2021
[2021-05-30 19:36:26,579] {assignment_2_dags.py:75} INFO - 08-06-2021
[2021-05-30 19:36:26,967] {assignment_2_dags.py:75} INFO - 08-07-2021
[2021-05-30 19:36:27,343] {assignment_2_dags.py:75} INFO - 08-08-2021
[2021-05-30 19:36:27,731] {assignment_2_dags.py:75} INFO - 08-09-2021
[2021-05-30 19:36:28,133] {assignment_2_dags.py:75} INFO - 08-10-2021
[2021-05-30 19:36:28,520] {assignment_2_dags.py:75} INFO - 08-11-2021
[2021-05-30 19:36:28,893] {assignment_2_dags.py:75} INFO - 08-12-2021
[2021-05-30 19:36:29,298] {assignment_2_dags.py:75} INFO - 08-13-2021
[2021-05-30 19:36:29,686] {assignment_2_dags.py:75} INFO - 08-14-2021
[2021-05-30 19:36:30,080] {assignment_2_dags.py:75} INFO - 08-15-2021
[2021-05-30 19:36:30,451] {assignment_2_dags.py:75} INFO - 08-16-2021
[2021-05-30 19:36:30,837] {assignment_2_dags.py:75} INFO - 08-17-2021
[2021-05-30 19:36:31,226] {assignment_2_dags.py:75} INFO - 08-18-2021
[2021-05-30 19:36:31,616] {assignment_2_dags.py:75} INFO - 08-19-2021
[2021-05-30 19:36:31,992] {assignment_2_dags.py:75} INFO - 08-20-2021
[2021-05-30 19:36:32,353] {assignment_2_dags.py:75} INFO - 08-21-2021
[2021-05-30 19:36:32,729] {assignment_2_dags.py:75} INFO - 08-22-2021
[2021-05-30 19:36:33,117] {assignment_2_dags.py:75} INFO - 08-23-2021
[2021-05-30 19:36:33,499] {assignment_2_dags.py:75} INFO - 08-24-2021
[2021-05-30 19:36:33,891] {assignment_2_dags.py:75} INFO - 08-25-2021
[2021-05-30 19:36:34,271] {assignment_2_dags.py:75} INFO - 08-26-2021
[2021-05-30 19:36:34,663] {assignment_2_dags.py:75} INFO - 08-27-2021
[2021-05-30 19:36:35,048] {assignment_2_dags.py:75} INFO - 08-28-2021
[2021-05-30 19:36:35,443] {assignment_2_dags.py:75} INFO - 08-29-2021
[2021-05-30 19:36:35,841] {assignment_2_dags.py:75} INFO - 08-30-2021
[2021-05-30 19:36:36,240] {assignment_2_dags.py:75} INFO - 08-31-2021
[2021-05-30 19:36:36,626] {assignment_2_dags.py:75} INFO - 09-01-2021
[2021-05-30 19:36:37,018] {assignment_2_dags.py:75} INFO - 09-02-2021
[2021-05-30 19:36:37,394] {assignment_2_dags.py:75} INFO - 09-03-2021
[2021-05-30 19:36:37,956] {assignment_2_dags.py:75} INFO - 09-04-2021
[2021-05-30 19:36:38,379] {assignment_2_dags.py:75} INFO - 09-05-2021
[2021-05-30 19:36:38,762] {assignment_2_dags.py:75} INFO - 09-06-2021
[2021-05-30 19:36:39,149] {assignment_2_dags.py:75} INFO - 09-07-2021
[2021-05-30 19:36:39,525] {assignment_2_dags.py:75} INFO - 09-08-2021
[2021-05-30 19:36:39,906] {assignment_2_dags.py:75} INFO - 09-09-2021
[2021-05-30 19:36:40,263] {assignment_2_dags.py:75} INFO - 09-10-2021
[2021-05-30 19:36:40,647] {assignment_2_dags.py:75} INFO - 09-11-2021
[2021-05-30 19:36:41,027] {assignment_2_dags.py:75} INFO - 09-12-2021
[2021-05-30 19:36:41,409] {assignment_2_dags.py:75} INFO - 09-13-2021
[2021-05-30 19:36:41,788] {assignment_2_dags.py:75} INFO - 09-14-2021
[2021-05-30 19:36:42,163] {assignment_2_dags.py:75} INFO - 09-15-2021
[2021-05-30 19:36:42,542] {assignment_2_dags.py:75} INFO - 09-16-2021
[2021-05-30 19:36:42,919] {assignment_2_dags.py:75} INFO - 09-17-2021
[2021-05-30 19:36:43,290] {assignment_2_dags.py:75} INFO - 09-18-2021
[2021-05-30 19:36:43,685] {assignment_2_dags.py:75} INFO - 09-19-2021
[2021-05-30 19:36:44,063] {assignment_2_dags.py:75} INFO - 09-20-2021
[2021-05-30 19:36:44,449] {assignment_2_dags.py:75} INFO - 09-21-2021
[2021-05-30 19:36:45,061] {assignment_2_dags.py:75} INFO - 09-22-2021
[2021-05-30 19:36:45,440] {assignment_2_dags.py:75} INFO - 09-23-2021
[2021-05-30 19:36:45,832] {assignment_2_dags.py:75} INFO - 09-24-2021
[2021-05-30 19:36:46,230] {assignment_2_dags.py:75} INFO - 09-25-2021
[2021-05-30 19:36:46,602] {assignment_2_dags.py:75} INFO - 09-26-2021
[2021-05-30 19:36:46,986] {assignment_2_dags.py:75} INFO - 09-27-2021
[2021-05-30 19:36:47,369] {assignment_2_dags.py:75} INFO - 09-28-2021
[2021-05-30 19:36:47,748] {assignment_2_dags.py:75} INFO - 09-29-2021
[2021-05-30 19:36:48,121] {assignment_2_dags.py:75} INFO - 09-30-2021
[2021-05-30 19:36:48,696] {assignment_2_dags.py:75} INFO - 09-31-2021
[2021-05-30 19:36:49,074] {assignment_2_dags.py:75} INFO - 10-01-2021
[2021-05-30 19:36:49,468] {assignment_2_dags.py:75} INFO - 10-02-2021
[2021-05-30 19:36:49,861] {assignment_2_dags.py:75} INFO - 10-03-2021
[2021-05-30 19:36:50,242] {assignment_2_dags.py:75} INFO - 10-04-2021
[2021-05-30 19:36:50,640] {assignment_2_dags.py:75} INFO - 10-05-2021
[2021-05-30 19:36:51,007] {assignment_2_dags.py:75} INFO - 10-06-2021
[2021-05-30 19:36:51,381] {assignment_2_dags.py:75} INFO - 10-07-2021
[2021-05-30 19:36:51,780] {assignment_2_dags.py:75} INFO - 10-08-2021
[2021-05-30 19:36:52,156] {assignment_2_dags.py:75} INFO - 10-09-2021
[2021-05-30 19:36:52,549] {assignment_2_dags.py:75} INFO - 10-10-2021
[2021-05-30 19:36:52,918] {assignment_2_dags.py:75} INFO - 10-11-2021
[2021-05-30 19:36:53,306] {assignment_2_dags.py:75} INFO - 10-12-2021
[2021-05-30 19:36:53,698] {assignment_2_dags.py:75} INFO - 10-13-2021
[2021-05-30 19:36:54,072] {assignment_2_dags.py:75} INFO - 10-14-2021
[2021-05-30 19:36:54,447] {assignment_2_dags.py:75} INFO - 10-15-2021
[2021-05-30 19:36:54,814] {assignment_2_dags.py:75} INFO - 10-16-2021
[2021-05-30 19:36:55,191] {assignment_2_dags.py:75} INFO - 10-17-2021
[2021-05-30 19:36:55,578] {assignment_2_dags.py:75} INFO - 10-18-2021
[2021-05-30 19:36:55,962] {assignment_2_dags.py:75} INFO - 10-19-2021
[2021-05-30 19:36:56,357] {assignment_2_dags.py:75} INFO - 10-20-2021
[2021-05-30 19:36:56,737] {assignment_2_dags.py:75} INFO - 10-21-2021
[2021-05-30 19:36:57,129] {assignment_2_dags.py:75} INFO - 10-22-2021
[2021-05-30 19:36:57,519] {assignment_2_dags.py:75} INFO - 10-23-2021
[2021-05-30 19:36:57,894] {assignment_2_dags.py:75} INFO - 10-24-2021
[2021-05-30 19:36:58,263] {assignment_2_dags.py:75} INFO - 10-25-2021
[2021-05-30 19:36:58,648] {assignment_2_dags.py:75} INFO - 10-26-2021
[2021-05-30 19:36:59,022] {assignment_2_dags.py:75} INFO - 10-27-2021
[2021-05-30 19:36:59,402] {assignment_2_dags.py:75} INFO - 10-28-2021
[2021-05-30 19:36:59,790] {assignment_2_dags.py:75} INFO - 10-29-2021
[2021-05-30 19:37:00,189] {assignment_2_dags.py:75} INFO - 10-30-2021
[2021-05-30 19:37:00,595] {assignment_2_dags.py:75} INFO - 10-31-2021
[2021-05-30 19:37:01,013] {assignment_2_dags.py:75} INFO - 11-01-2021
[2021-05-30 19:37:01,459] {assignment_2_dags.py:75} INFO - 11-02-2021
[2021-05-30 19:37:01,832] {assignment_2_dags.py:75} INFO - 11-03-2021
[2021-05-30 19:37:02,245] {assignment_2_dags.py:75} INFO - 11-04-2021
[2021-05-30 19:37:02,668] {assignment_2_dags.py:75} INFO - 11-05-2021
[2021-05-30 19:37:03,073] {assignment_2_dags.py:75} INFO - 11-06-2021
[2021-05-30 19:37:03,474] {assignment_2_dags.py:75} INFO - 11-07-2021
[2021-05-30 19:37:03,878] {assignment_2_dags.py:75} INFO - 11-08-2021
[2021-05-30 19:37:04,310] {assignment_2_dags.py:75} INFO - 11-09-2021
[2021-05-30 19:37:04,723] {assignment_2_dags.py:75} INFO - 11-10-2021
[2021-05-30 19:37:05,096] {assignment_2_dags.py:75} INFO - 11-11-2021
[2021-05-30 19:37:05,487] {assignment_2_dags.py:75} INFO - 11-12-2021
[2021-05-30 19:37:05,884] {assignment_2_dags.py:75} INFO - 11-13-2021
[2021-05-30 19:37:06,262] {assignment_2_dags.py:75} INFO - 11-14-2021
[2021-05-30 19:37:06,645] {assignment_2_dags.py:75} INFO - 11-15-2021
[2021-05-30 19:37:07,021] {assignment_2_dags.py:75} INFO - 11-16-2021
[2021-05-30 19:37:07,402] {assignment_2_dags.py:75} INFO - 11-17-2021
[2021-05-30 19:37:09,000] {assignment_2_dags.py:75} INFO - 11-18-2021
[2021-05-30 19:37:09,380] {assignment_2_dags.py:75} INFO - 11-19-2021
[2021-05-30 19:37:09,763] {assignment_2_dags.py:75} INFO - 11-20-2021
[2021-05-30 19:37:10,145] {assignment_2_dags.py:75} INFO - 11-21-2021
[2021-05-30 19:37:10,483] {assignment_2_dags.py:75} INFO - 11-22-2021
[2021-05-30 19:37:10,861] {assignment_2_dags.py:75} INFO - 11-23-2021
[2021-05-30 19:37:11,244] {assignment_2_dags.py:75} INFO - 11-24-2021
[2021-05-30 19:37:11,623] {assignment_2_dags.py:75} INFO - 11-25-2021
[2021-05-30 19:37:12,005] {assignment_2_dags.py:75} INFO - 11-26-2021
[2021-05-30 19:37:12,406] {assignment_2_dags.py:75} INFO - 11-27-2021
[2021-05-30 19:37:12,795] {assignment_2_dags.py:75} INFO - 11-28-2021
[2021-05-30 19:37:13,189] {assignment_2_dags.py:75} INFO - 11-29-2021
[2021-05-30 19:37:13,579] {assignment_2_dags.py:75} INFO - 11-30-2021
[2021-05-30 19:37:13,947] {assignment_2_dags.py:75} INFO - 11-31-2021
[2021-05-30 19:37:14,321] {assignment_2_dags.py:75} INFO - 12-01-2021
[2021-05-30 19:37:14,708] {assignment_2_dags.py:75} INFO - 12-02-2021
[2021-05-30 19:37:15,071] {assignment_2_dags.py:75} INFO - 12-03-2021
[2021-05-30 19:37:15,445] {assignment_2_dags.py:75} INFO - 12-04-2021
[2021-05-30 19:37:15,873] {assignment_2_dags.py:75} INFO - 12-05-2021
[2021-05-30 19:37:16,250] {assignment_2_dags.py:75} INFO - 12-06-2021
[2021-05-30 19:37:16,624] {assignment_2_dags.py:75} INFO - 12-07-2021
[2021-05-30 19:37:17,016] {assignment_2_dags.py:75} INFO - 12-08-2021
[2021-05-30 19:37:17,399] {assignment_2_dags.py:75} INFO - 12-09-2021
[2021-05-30 19:37:17,776] {assignment_2_dags.py:75} INFO - 12-10-2021
[2021-05-30 19:37:18,144] {assignment_2_dags.py:75} INFO - 12-11-2021
[2021-05-30 19:37:18,545] {assignment_2_dags.py:75} INFO - 12-12-2021
[2021-05-30 19:37:18,917] {assignment_2_dags.py:75} INFO - 12-13-2021
[2021-05-30 19:37:19,290] {assignment_2_dags.py:75} INFO - 12-14-2021
[2021-05-30 19:37:19,670] {assignment_2_dags.py:75} INFO - 12-15-2021
[2021-05-30 19:37:20,051] {assignment_2_dags.py:75} INFO - 12-16-2021
[2021-05-30 19:37:20,427] {assignment_2_dags.py:75} INFO - 12-17-2021
[2021-05-30 19:37:20,808] {assignment_2_dags.py:75} INFO - 12-18-2021
[2021-05-30 19:37:21,184] {assignment_2_dags.py:75} INFO - 12-19-2021
[2021-05-30 19:37:21,557] {assignment_2_dags.py:75} INFO - 12-20-2021
[2021-05-30 19:37:21,937] {assignment_2_dags.py:75} INFO - 12-21-2021
[2021-05-30 19:37:22,309] {assignment_2_dags.py:75} INFO - 12-22-2021
[2021-05-30 19:37:22,723] {assignment_2_dags.py:75} INFO - 12-23-2021
[2021-05-30 19:37:23,106] {assignment_2_dags.py:75} INFO - 12-24-2021
[2021-05-30 19:37:23,491] {assignment_2_dags.py:75} INFO - 12-25-2021
[2021-05-30 19:37:23,886] {assignment_2_dags.py:75} INFO - 12-26-2021
[2021-05-30 19:37:24,302] {assignment_2_dags.py:75} INFO - 12-27-2021
[2021-05-30 19:37:24,684] {assignment_2_dags.py:75} INFO - 12-28-2021
[2021-05-30 19:37:25,063] {assignment_2_dags.py:75} INFO - 12-29-2021
[2021-05-30 19:37:25,451] {assignment_2_dags.py:75} INFO - 12-30-2021
[2021-05-30 19:37:25,841] {assignment_2_dags.py:75} INFO - 12-31-2021
[2021-05-30 19:37:26,218] {assignment_2_dags.py:79} INFO - It took 6.1 minutes to get all data
[2021-05-30 19:37:28,685] {taskinstance.py:1482} ERROR - Task failed with exception
Traceback (most recent call last):
  File "/home/airflow/.local/lib/python3.6/site-packages/airflow/models/taskinstance.py", line 1138, in _run_raw_task
    self._prepare_and_execute_task_with_callbacks(context, task)
  File "/home/airflow/.local/lib/python3.6/site-packages/airflow/models/taskinstance.py", line 1311, in _prepare_and_execute_task_with_callbacks
    result = self._execute_task(context, task_copy)
  File "/home/airflow/.local/lib/python3.6/site-packages/airflow/models/taskinstance.py", line 1341, in _execute_task
    result = task_copy.execute(context=context)
  File "/home/airflow/.local/lib/python3.6/site-packages/airflow/operators/python.py", line 117, in execute
    return_value = self.execute_callable()
  File "/home/airflow/.local/lib/python3.6/site-packages/airflow/operators/python.py", line 128, in execute_callable
    return self.python_callable(*self.op_args, **self.op_kwargs)
  File "/opt/airflow/dags/assignment_2_dags.py", line 86, in load_csv
    DF_UK.to_csv('/home/airflow/data/extracted_data.csv')
  File "/home/airflow/.local/lib/python3.6/site-packages/pandas/core/generic.py", line 3170, in to_csv
    formatter.save()
  File "/home/airflow/.local/lib/python3.6/site-packages/pandas/io/formats/csvs.py", line 190, in save
    compression=dict(self.compression_args, method=self.compression),
  File "/home/airflow/.local/lib/python3.6/site-packages/pandas/io/common.py", line 493, in get_handle
    f = open(path_or_buf, mode, encoding=encoding, errors=errors, newline="")
FileNotFoundError: [Errno 2] No such file or directory: '/home/airflow/data/extracted_data.csv'
[2021-05-30 19:37:28,695] {taskinstance.py:1532} INFO - Marking task as UP_FOR_RETRY. dag_id=data_engineering_assignment_2, task_id=Load_and_Extract_Data, execution_date=20210530T193059, start_date=20210530T193119, end_date=20210530T193728
[2021-05-30 19:37:28,767] {local_task_job.py:146} INFO - Task exited with return code 1
