[2021-05-30 19:42:30,659] {taskinstance.py:877} INFO - Dependencies all met for <TaskInstance: data_engineering_assignment_2.Load_and_Extract_Data 2021-05-30T19:30:59.185377+00:00 [queued]>
[2021-05-30 19:42:30,697] {taskinstance.py:877} INFO - Dependencies all met for <TaskInstance: data_engineering_assignment_2.Load_and_Extract_Data 2021-05-30T19:30:59.185377+00:00 [queued]>
[2021-05-30 19:42:30,699] {taskinstance.py:1068} INFO - 
--------------------------------------------------------------------------------
[2021-05-30 19:42:30,701] {taskinstance.py:1069} INFO - Starting attempt 2 of 2
[2021-05-30 19:42:30,703] {taskinstance.py:1070} INFO - 
--------------------------------------------------------------------------------
[2021-05-30 19:42:30,724] {taskinstance.py:1089} INFO - Executing <Task(PythonOperator): Load_and_Extract_Data> on 2021-05-30T19:30:59.185377+00:00
[2021-05-30 19:42:30,734] {standard_task_runner.py:52} INFO - Started process 85 to run task
[2021-05-30 19:42:30,743] {standard_task_runner.py:76} INFO - Running: ['airflow', 'tasks', 'run', 'data_engineering_assignment_2', 'Load_and_Extract_Data', '2021-05-30T19:30:59.185377+00:00', '--job-id', '25', '--pool', 'default_pool', '--raw', '--subdir', 'DAGS_FOLDER/assignment_2_dags.py', '--cfg-path', '/tmp/tmpupr0nldy', '--error-file', '/tmp/tmp61k5cm0x']
[2021-05-30 19:42:30,745] {standard_task_runner.py:77} INFO - Job 25: Subtask Load_and_Extract_Data
[2021-05-30 19:42:30,827] {logging_mixin.py:104} INFO - Running <TaskInstance: data_engineering_assignment_2.Load_and_Extract_Data 2021-05-30T19:30:59.185377+00:00 [running]> on host d1b2a4d53792
[2021-05-30 19:42:30,900] {taskinstance.py:1283} INFO - Exporting the following env vars:
AIRFLOW_CTX_DAG_OWNER=Mohannad alsouqi
AIRFLOW_CTX_DAG_ID=data_engineering_assignment_2
AIRFLOW_CTX_TASK_ID=Load_and_Extract_Data
AIRFLOW_CTX_EXECUTION_DATE=2021-05-30T19:30:59.185377+00:00
AIRFLOW_CTX_DAG_RUN_ID=manual__2021-05-30T19:30:59.185377+00:00
[2021-05-30 19:42:30,904] {assignment_2_dags.py:75} INFO - 01-01-2020
[2021-05-30 19:42:31,382] {assignment_2_dags.py:75} INFO - 01-02-2020
[2021-05-30 19:42:31,771] {assignment_2_dags.py:75} INFO - 01-03-2020
[2021-05-30 19:42:32,151] {assignment_2_dags.py:75} INFO - 01-04-2020
[2021-05-30 19:42:32,548] {assignment_2_dags.py:75} INFO - 01-05-2020
[2021-05-30 19:42:32,950] {assignment_2_dags.py:75} INFO - 01-06-2020
[2021-05-30 19:42:33,333] {assignment_2_dags.py:75} INFO - 01-07-2020
[2021-05-30 19:42:33,717] {assignment_2_dags.py:75} INFO - 01-08-2020
[2021-05-30 19:42:34,082] {assignment_2_dags.py:75} INFO - 01-09-2020
[2021-05-30 19:42:34,470] {assignment_2_dags.py:75} INFO - 01-10-2020
[2021-05-30 19:42:34,877] {assignment_2_dags.py:75} INFO - 01-11-2020
[2021-05-30 19:42:35,273] {assignment_2_dags.py:75} INFO - 01-12-2020
[2021-05-30 19:42:35,673] {assignment_2_dags.py:75} INFO - 01-13-2020
[2021-05-30 19:42:36,312] {assignment_2_dags.py:75} INFO - 01-14-2020
[2021-05-30 19:42:36,701] {assignment_2_dags.py:75} INFO - 01-15-2020
[2021-05-30 19:42:37,077] {assignment_2_dags.py:75} INFO - 01-16-2020
[2021-05-30 19:42:37,447] {assignment_2_dags.py:75} INFO - 01-17-2020
[2021-05-30 19:42:37,830] {assignment_2_dags.py:75} INFO - 01-18-2020
[2021-05-30 19:42:38,206] {assignment_2_dags.py:75} INFO - 01-19-2020
[2021-05-30 19:42:38,619] {assignment_2_dags.py:75} INFO - 01-20-2020
[2021-05-30 19:42:38,983] {assignment_2_dags.py:75} INFO - 01-21-2020
[2021-05-30 19:42:39,359] {assignment_2_dags.py:75} INFO - 01-22-2020
[2021-05-30 19:42:39,767] {assignment_2_dags.py:75} INFO - 01-23-2020
[2021-05-30 19:42:40,137] {assignment_2_dags.py:75} INFO - 01-24-2020
[2021-05-30 19:42:40,474] {assignment_2_dags.py:75} INFO - 01-25-2020
[2021-05-30 19:42:40,878] {assignment_2_dags.py:75} INFO - 01-26-2020
[2021-05-30 19:42:41,264] {assignment_2_dags.py:75} INFO - 01-27-2020
[2021-05-30 19:42:41,656] {assignment_2_dags.py:75} INFO - 01-28-2020
[2021-05-30 19:42:42,059] {assignment_2_dags.py:75} INFO - 01-29-2020
[2021-05-30 19:42:42,448] {assignment_2_dags.py:75} INFO - 01-30-2020
[2021-05-30 19:42:42,800] {assignment_2_dags.py:75} INFO - 01-31-2020
[2021-05-30 19:42:43,256] {assignment_2_dags.py:75} INFO - 02-01-2020
[2021-05-30 19:42:44,322] {assignment_2_dags.py:75} INFO - 02-02-2020
[2021-05-30 19:42:44,716] {assignment_2_dags.py:75} INFO - 02-03-2020
[2021-05-30 19:42:45,108] {assignment_2_dags.py:75} INFO - 02-04-2020
[2021-05-30 19:42:45,495] {assignment_2_dags.py:75} INFO - 02-05-2020
[2021-05-30 19:42:45,910] {assignment_2_dags.py:75} INFO - 02-06-2020
[2021-05-30 19:42:46,359] {assignment_2_dags.py:75} INFO - 02-07-2020
[2021-05-30 19:42:46,683] {assignment_2_dags.py:75} INFO - 02-08-2020
[2021-05-30 19:42:47,021] {assignment_2_dags.py:75} INFO - 02-09-2020
[2021-05-30 19:42:47,354] {assignment_2_dags.py:75} INFO - 02-10-2020
[2021-05-30 19:42:47,683] {assignment_2_dags.py:75} INFO - 02-11-2020
[2021-05-30 19:42:48,009] {assignment_2_dags.py:75} INFO - 02-12-2020
[2021-05-30 19:42:48,535] {assignment_2_dags.py:75} INFO - 02-13-2020
[2021-05-30 19:42:48,923] {assignment_2_dags.py:75} INFO - 02-14-2020
[2021-05-30 19:42:49,306] {assignment_2_dags.py:75} INFO - 02-15-2020
[2021-05-30 19:42:49,694] {assignment_2_dags.py:75} INFO - 02-16-2020
[2021-05-30 19:42:50,082] {assignment_2_dags.py:75} INFO - 02-17-2020
[2021-05-30 19:42:50,417] {assignment_2_dags.py:75} INFO - 02-18-2020
[2021-05-30 19:42:50,817] {assignment_2_dags.py:75} INFO - 02-19-2020
[2021-05-30 19:42:51,142] {assignment_2_dags.py:75} INFO - 02-20-2020
[2021-05-30 19:42:51,467] {assignment_2_dags.py:75} INFO - 02-21-2020
[2021-05-30 19:42:51,855] {assignment_2_dags.py:75} INFO - 02-22-2020
[2021-05-30 19:42:52,174] {assignment_2_dags.py:75} INFO - 02-23-2020
[2021-05-30 19:42:52,561] {assignment_2_dags.py:75} INFO - 02-24-2020
[2021-05-30 19:42:52,944] {assignment_2_dags.py:75} INFO - 02-25-2020
[2021-05-30 19:42:53,319] {assignment_2_dags.py:75} INFO - 02-26-2020
[2021-05-30 19:42:53,717] {assignment_2_dags.py:75} INFO - 02-27-2020
[2021-05-30 19:42:54,119] {assignment_2_dags.py:75} INFO - 02-28-2020
[2021-05-30 19:42:54,493] {assignment_2_dags.py:75} INFO - 02-29-2020
[2021-05-30 19:42:54,830] {assignment_2_dags.py:75} INFO - 02-30-2020
[2021-05-30 19:42:55,207] {assignment_2_dags.py:75} INFO - 02-31-2020
[2021-05-30 19:42:57,986] {assignment_2_dags.py:75} INFO - 03-01-2020
[2021-05-30 19:42:58,413] {assignment_2_dags.py:75} INFO - 03-02-2020
[2021-05-30 19:42:58,812] {assignment_2_dags.py:75} INFO - 03-03-2020
[2021-05-30 19:42:59,201] {assignment_2_dags.py:75} INFO - 03-04-2020
[2021-05-30 19:42:59,581] {assignment_2_dags.py:75} INFO - 03-05-2020
[2021-05-30 19:42:59,933] {assignment_2_dags.py:75} INFO - 03-06-2020
[2021-05-30 19:43:00,373] {assignment_2_dags.py:75} INFO - 03-07-2020
[2021-05-30 19:43:00,714] {assignment_2_dags.py:75} INFO - 03-08-2020
[2021-05-30 19:43:01,113] {assignment_2_dags.py:75} INFO - 03-09-2020
[2021-05-30 19:43:01,547] {assignment_2_dags.py:75} INFO - 03-10-2020
[2021-05-30 19:43:01,986] {assignment_2_dags.py:75} INFO - 03-11-2020
[2021-05-30 19:43:02,320] {assignment_2_dags.py:75} INFO - 03-12-2020
[2021-05-30 19:43:02,740] {assignment_2_dags.py:75} INFO - 03-13-2020
[2021-05-30 19:43:03,133] {assignment_2_dags.py:75} INFO - 03-14-2020
[2021-05-30 19:43:03,524] {assignment_2_dags.py:75} INFO - 03-15-2020
[2021-05-30 19:43:03,922] {assignment_2_dags.py:75} INFO - 03-16-2020
[2021-05-30 19:43:04,438] {assignment_2_dags.py:75} INFO - 03-17-2020
[2021-05-30 19:43:04,898] {assignment_2_dags.py:75} INFO - 03-18-2020
[2021-05-30 19:43:05,302] {assignment_2_dags.py:75} INFO - 03-19-2020
[2021-05-30 19:43:05,700] {assignment_2_dags.py:75} INFO - 03-20-2020
[2021-05-30 19:43:06,115] {assignment_2_dags.py:75} INFO - 03-21-2020
[2021-05-30 19:43:06,530] {assignment_2_dags.py:75} INFO - 03-22-2020
[2021-05-30 19:43:07,180] {assignment_2_dags.py:75} INFO - 03-23-2020
[2021-05-30 19:43:07,824] {assignment_2_dags.py:75} INFO - 03-24-2020
[2021-05-30 19:43:08,450] {assignment_2_dags.py:75} INFO - 03-25-2020
[2021-05-30 19:43:09,078] {assignment_2_dags.py:75} INFO - 03-26-2020
[2021-05-30 19:43:09,711] {assignment_2_dags.py:75} INFO - 03-27-2020
[2021-05-30 19:43:10,301] {assignment_2_dags.py:75} INFO - 03-28-2020
[2021-05-30 19:43:10,912] {assignment_2_dags.py:75} INFO - 03-29-2020
[2021-05-30 19:43:11,525] {assignment_2_dags.py:75} INFO - 03-30-2020
[2021-05-30 19:43:12,151] {assignment_2_dags.py:75} INFO - 03-31-2020
[2021-05-30 19:43:12,746] {assignment_2_dags.py:75} INFO - 04-01-2020
[2021-05-30 19:43:13,378] {assignment_2_dags.py:75} INFO - 04-02-2020
[2021-05-30 19:43:13,962] {assignment_2_dags.py:75} INFO - 04-03-2020
[2021-05-30 19:43:14,579] {assignment_2_dags.py:75} INFO - 04-04-2020
[2021-05-30 19:43:15,167] {assignment_2_dags.py:75} INFO - 04-05-2020
[2021-05-30 19:43:15,791] {assignment_2_dags.py:75} INFO - 04-06-2020
[2021-05-30 19:43:16,375] {assignment_2_dags.py:75} INFO - 04-07-2020
[2021-05-30 19:43:17,030] {assignment_2_dags.py:75} INFO - 04-08-2020
[2021-05-30 19:43:17,653] {assignment_2_dags.py:75} INFO - 04-09-2020
[2021-05-30 19:43:18,490] {assignment_2_dags.py:75} INFO - 04-10-2020
[2021-05-30 19:43:19,117] {assignment_2_dags.py:75} INFO - 04-11-2020
[2021-05-30 19:43:19,922] {assignment_2_dags.py:75} INFO - 04-12-2020
[2021-05-30 19:43:20,559] {assignment_2_dags.py:75} INFO - 04-13-2020
[2021-05-30 19:43:21,176] {assignment_2_dags.py:75} INFO - 04-14-2020
[2021-05-30 19:43:21,772] {assignment_2_dags.py:75} INFO - 04-15-2020
[2021-05-30 19:43:22,486] {assignment_2_dags.py:75} INFO - 04-16-2020
[2021-05-30 19:43:23,118] {assignment_2_dags.py:75} INFO - 04-17-2020
[2021-05-30 19:43:23,760] {assignment_2_dags.py:75} INFO - 04-18-2020
[2021-05-30 19:43:24,536] {assignment_2_dags.py:75} INFO - 04-19-2020
[2021-05-30 19:43:25,163] {assignment_2_dags.py:75} INFO - 04-20-2020
[2021-05-30 19:43:25,967] {assignment_2_dags.py:75} INFO - 04-21-2020
[2021-05-30 19:43:26,608] {assignment_2_dags.py:75} INFO - 04-22-2020
[2021-05-30 19:43:27,319] {assignment_2_dags.py:75} INFO - 04-23-2020
[2021-05-30 19:43:27,952] {assignment_2_dags.py:75} INFO - 04-24-2020
[2021-05-30 19:43:28,668] {assignment_2_dags.py:75} INFO - 04-25-2020
[2021-05-30 19:43:29,323] {assignment_2_dags.py:75} INFO - 04-26-2020
[2021-05-30 19:43:29,951] {assignment_2_dags.py:75} INFO - 04-27-2020
[2021-05-30 19:43:30,592] {assignment_2_dags.py:75} INFO - 04-28-2020
[2021-05-30 19:43:31,236] {assignment_2_dags.py:75} INFO - 04-29-2020
[2021-05-30 19:43:31,871] {assignment_2_dags.py:75} INFO - 04-30-2020
[2021-05-30 19:43:32,532] {assignment_2_dags.py:75} INFO - 04-31-2020
[2021-05-30 19:43:32,913] {assignment_2_dags.py:75} INFO - 05-01-2020
[2021-05-30 19:43:33,536] {assignment_2_dags.py:75} INFO - 05-02-2020
[2021-05-30 19:43:34,161] {assignment_2_dags.py:75} INFO - 05-03-2020
[2021-05-30 19:43:34,795] {assignment_2_dags.py:75} INFO - 05-04-2020
[2021-05-30 19:43:35,449] {assignment_2_dags.py:75} INFO - 05-05-2020
[2021-05-30 19:43:36,071] {assignment_2_dags.py:75} INFO - 05-06-2020
[2021-05-30 19:43:36,731] {assignment_2_dags.py:75} INFO - 05-07-2020
[2021-05-30 19:43:37,352] {assignment_2_dags.py:75} INFO - 05-08-2020
[2021-05-30 19:43:37,902] {assignment_2_dags.py:75} INFO - 05-09-2020
[2021-05-30 19:43:38,562] {assignment_2_dags.py:75} INFO - 05-10-2020
[2021-05-30 19:43:39,151] {assignment_2_dags.py:75} INFO - 05-11-2020
[2021-05-30 19:43:39,733] {assignment_2_dags.py:75} INFO - 05-12-2020
[2021-05-30 19:43:40,272] {assignment_2_dags.py:75} INFO - 05-13-2020
[2021-05-30 19:43:41,033] {assignment_2_dags.py:75} INFO - 05-14-2020
[2021-05-30 19:43:42,053] {assignment_2_dags.py:75} INFO - 05-15-2020
[2021-05-30 19:43:42,740] {assignment_2_dags.py:75} INFO - 05-16-2020
[2021-05-30 19:43:43,323] {assignment_2_dags.py:75} INFO - 05-17-2020
[2021-05-30 19:43:43,968] {assignment_2_dags.py:75} INFO - 05-18-2020
[2021-05-30 19:43:44,588] {assignment_2_dags.py:75} INFO - 05-19-2020
[2021-05-30 19:43:45,262] {assignment_2_dags.py:75} INFO - 05-20-2020
[2021-05-30 19:43:45,888] {assignment_2_dags.py:75} INFO - 05-21-2020
[2021-05-30 19:43:46,510] {assignment_2_dags.py:75} INFO - 05-22-2020
[2021-05-30 19:43:47,272] {assignment_2_dags.py:75} INFO - 05-23-2020
[2021-05-30 19:43:47,900] {assignment_2_dags.py:75} INFO - 05-24-2020
[2021-05-30 19:43:48,553] {assignment_2_dags.py:75} INFO - 05-25-2020
[2021-05-30 19:43:49,339] {assignment_2_dags.py:75} INFO - 05-26-2020
[2021-05-30 19:43:49,957] {assignment_2_dags.py:75} INFO - 05-27-2020
[2021-05-30 19:43:50,576] {assignment_2_dags.py:75} INFO - 05-28-2020
[2021-05-30 19:43:51,265] {assignment_2_dags.py:75} INFO - 05-29-2020
[2021-05-30 19:43:51,911] {assignment_2_dags.py:75} INFO - 05-30-2020
[2021-05-30 19:43:52,552] {assignment_2_dags.py:75} INFO - 05-31-2020
[2021-05-30 19:43:53,295] {assignment_2_dags.py:75} INFO - 06-01-2020
[2021-05-30 19:43:53,944] {assignment_2_dags.py:75} INFO - 06-02-2020
[2021-05-30 19:43:54,597] {assignment_2_dags.py:75} INFO - 06-03-2020
[2021-05-30 19:43:55,663] {assignment_2_dags.py:75} INFO - 06-04-2020
[2021-05-30 19:43:56,311] {assignment_2_dags.py:75} INFO - 06-05-2020
[2021-05-30 19:43:56,959] {assignment_2_dags.py:75} INFO - 06-06-2020
[2021-05-30 19:43:57,618] {assignment_2_dags.py:75} INFO - 06-07-2020
[2021-05-30 19:43:58,270] {assignment_2_dags.py:75} INFO - 06-08-2020
[2021-05-30 19:43:58,916] {assignment_2_dags.py:75} INFO - 06-09-2020
[2021-05-30 19:43:59,600] {assignment_2_dags.py:75} INFO - 06-10-2020
[2021-05-30 19:44:00,266] {assignment_2_dags.py:75} INFO - 06-11-2020
[2021-05-30 19:44:00,975] {assignment_2_dags.py:75} INFO - 06-12-2020
[2021-05-30 19:44:01,675] {assignment_2_dags.py:75} INFO - 06-13-2020
[2021-05-30 19:44:02,499] {assignment_2_dags.py:75} INFO - 06-14-2020
[2021-05-30 19:44:03,187] {assignment_2_dags.py:75} INFO - 06-15-2020
[2021-05-30 19:44:03,878] {assignment_2_dags.py:75} INFO - 06-16-2020
[2021-05-30 19:44:04,569] {assignment_2_dags.py:75} INFO - 06-17-2020
[2021-05-30 19:44:05,551] {assignment_2_dags.py:75} INFO - 06-18-2020
[2021-05-30 19:44:06,211] {assignment_2_dags.py:75} INFO - 06-19-2020
[2021-05-30 19:44:06,874] {assignment_2_dags.py:75} INFO - 06-20-2020
[2021-05-30 19:44:07,539] {assignment_2_dags.py:75} INFO - 06-21-2020
[2021-05-30 19:44:08,219] {assignment_2_dags.py:75} INFO - 06-22-2020
[2021-05-30 19:44:08,863] {assignment_2_dags.py:75} INFO - 06-23-2020
[2021-05-30 19:44:09,515] {assignment_2_dags.py:75} INFO - 06-24-2020
[2021-05-30 19:44:10,172] {assignment_2_dags.py:75} INFO - 06-25-2020
[2021-05-30 19:44:10,834] {assignment_2_dags.py:75} INFO - 06-26-2020
[2021-05-30 19:44:11,491] {assignment_2_dags.py:75} INFO - 06-27-2020
[2021-05-30 19:44:12,138] {assignment_2_dags.py:75} INFO - 06-28-2020
[2021-05-30 19:44:12,828] {assignment_2_dags.py:75} INFO - 06-29-2020
[2021-05-30 19:44:13,574] {assignment_2_dags.py:75} INFO - 06-30-2020
[2021-05-30 19:44:14,468] {assignment_2_dags.py:75} INFO - 06-31-2020
[2021-05-30 19:44:14,848] {assignment_2_dags.py:75} INFO - 07-01-2020
[2021-05-30 19:44:15,526] {assignment_2_dags.py:75} INFO - 07-02-2020
[2021-05-30 19:44:16,179] {assignment_2_dags.py:75} INFO - 07-03-2020
[2021-05-30 19:44:16,853] {assignment_2_dags.py:75} INFO - 07-04-2020
[2021-05-30 19:44:17,450] {assignment_2_dags.py:75} INFO - 07-05-2020
[2021-05-30 19:44:18,119] {assignment_2_dags.py:75} INFO - 07-06-2020
[2021-05-30 19:44:18,862] {assignment_2_dags.py:75} INFO - 07-07-2020
[2021-05-30 19:44:19,573] {assignment_2_dags.py:75} INFO - 07-08-2020
[2021-05-30 19:44:20,165] {assignment_2_dags.py:75} INFO - 07-09-2020
[2021-05-30 19:44:21,004] {assignment_2_dags.py:75} INFO - 07-10-2020
[2021-05-30 19:44:21,602] {assignment_2_dags.py:75} INFO - 07-11-2020
[2021-05-30 19:44:22,208] {assignment_2_dags.py:75} INFO - 07-12-2020
[2021-05-30 19:44:22,906] {assignment_2_dags.py:75} INFO - 07-13-2020
[2021-05-30 19:44:23,543] {assignment_2_dags.py:75} INFO - 07-14-2020
[2021-05-30 19:44:24,124] {assignment_2_dags.py:75} INFO - 07-15-2020
[2021-05-30 19:44:24,730] {assignment_2_dags.py:75} INFO - 07-16-2020
[2021-05-30 19:44:25,377] {assignment_2_dags.py:75} INFO - 07-17-2020
[2021-05-30 19:44:25,958] {assignment_2_dags.py:75} INFO - 07-18-2020
[2021-05-30 19:44:26,633] {assignment_2_dags.py:75} INFO - 07-19-2020
[2021-05-30 19:44:27,281] {assignment_2_dags.py:75} INFO - 07-20-2020
[2021-05-30 19:44:27,962] {assignment_2_dags.py:75} INFO - 07-21-2020
[2021-05-30 19:44:28,634] {assignment_2_dags.py:75} INFO - 07-22-2020
[2021-05-30 19:44:29,689] {assignment_2_dags.py:75} INFO - 07-23-2020
[2021-05-30 19:44:30,343] {assignment_2_dags.py:75} INFO - 07-24-2020
[2021-05-30 19:44:30,985] {assignment_2_dags.py:75} INFO - 07-25-2020
[2021-05-30 19:44:31,787] {assignment_2_dags.py:75} INFO - 07-26-2020
[2021-05-30 19:44:32,387] {assignment_2_dags.py:75} INFO - 07-27-2020
[2021-05-30 19:44:33,079] {assignment_2_dags.py:75} INFO - 07-28-2020
[2021-05-30 19:44:33,666] {assignment_2_dags.py:75} INFO - 07-29-2020
[2021-05-30 19:44:34,324] {assignment_2_dags.py:75} INFO - 07-30-2020
[2021-05-30 19:44:34,994] {assignment_2_dags.py:75} INFO - 07-31-2020
[2021-05-30 19:44:35,671] {assignment_2_dags.py:75} INFO - 08-01-2020
[2021-05-30 19:44:36,342] {assignment_2_dags.py:75} INFO - 08-02-2020
[2021-05-30 19:44:37,805] {assignment_2_dags.py:75} INFO - 08-03-2020
[2021-05-30 19:44:38,472] {assignment_2_dags.py:75} INFO - 08-04-2020
[2021-05-30 19:44:39,124] {assignment_2_dags.py:75} INFO - 08-05-2020
[2021-05-30 19:44:39,757] {assignment_2_dags.py:75} INFO - 08-06-2020
[2021-05-30 19:44:40,428] {assignment_2_dags.py:75} INFO - 08-07-2020
[2021-05-30 19:44:41,081] {assignment_2_dags.py:75} INFO - 08-08-2020
[2021-05-30 19:44:41,740] {assignment_2_dags.py:75} INFO - 08-09-2020
[2021-05-30 19:44:42,688] {assignment_2_dags.py:75} INFO - 08-10-2020
[2021-05-30 19:44:43,285] {assignment_2_dags.py:75} INFO - 08-11-2020
[2021-05-30 19:44:43,992] {assignment_2_dags.py:75} INFO - 08-12-2020
[2021-05-30 19:44:44,676] {assignment_2_dags.py:75} INFO - 08-13-2020
[2021-05-30 19:44:45,348] {assignment_2_dags.py:75} INFO - 08-14-2020
[2021-05-30 19:44:46,029] {assignment_2_dags.py:75} INFO - 08-15-2020
[2021-05-30 19:44:46,631] {assignment_2_dags.py:75} INFO - 08-16-2020
[2021-05-30 19:44:47,334] {assignment_2_dags.py:75} INFO - 08-17-2020
[2021-05-30 19:44:48,082] {assignment_2_dags.py:75} INFO - 08-18-2020
[2021-05-30 19:44:48,752] {assignment_2_dags.py:75} INFO - 08-19-2020
[2021-05-30 19:44:49,381] {assignment_2_dags.py:75} INFO - 08-20-2020
[2021-05-30 19:44:50,050] {assignment_2_dags.py:75} INFO - 08-21-2020
[2021-05-30 19:44:50,748] {assignment_2_dags.py:75} INFO - 08-22-2020
[2021-05-30 19:44:51,355] {assignment_2_dags.py:75} INFO - 08-23-2020
[2021-05-30 19:44:52,036] {assignment_2_dags.py:75} INFO - 08-24-2020
[2021-05-30 19:44:52,698] {assignment_2_dags.py:75} INFO - 08-25-2020
[2021-05-30 19:44:53,375] {assignment_2_dags.py:75} INFO - 08-26-2020
[2021-05-30 19:44:54,055] {assignment_2_dags.py:75} INFO - 08-27-2020
[2021-05-30 19:44:54,765] {assignment_2_dags.py:75} INFO - 08-28-2020
[2021-05-30 19:44:55,424] {assignment_2_dags.py:75} INFO - 08-29-2020
[2021-05-30 19:44:56,052] {assignment_2_dags.py:75} INFO - 08-30-2020
[2021-05-30 19:44:56,642] {assignment_2_dags.py:75} INFO - 08-31-2020
[2021-05-30 19:44:57,286] {assignment_2_dags.py:75} INFO - 09-01-2020
[2021-05-30 19:44:58,026] {assignment_2_dags.py:75} INFO - 09-02-2020
[2021-05-30 19:44:58,615] {assignment_2_dags.py:75} INFO - 09-03-2020
[2021-05-30 19:44:59,433] {assignment_2_dags.py:75} INFO - 09-04-2020
[2021-05-30 19:45:00,051] {assignment_2_dags.py:75} INFO - 09-05-2020
[2021-05-30 19:45:00,973] {assignment_2_dags.py:75} INFO - 09-06-2020
[2021-05-30 19:45:01,666] {assignment_2_dags.py:75} INFO - 09-07-2020
[2021-05-30 19:45:02,366] {assignment_2_dags.py:75} INFO - 09-08-2020
[2021-05-30 19:45:03,052] {assignment_2_dags.py:75} INFO - 09-09-2020
[2021-05-30 19:45:03,663] {assignment_2_dags.py:75} INFO - 09-10-2020
[2021-05-30 19:45:04,353] {assignment_2_dags.py:75} INFO - 09-11-2020
[2021-05-30 19:45:05,049] {assignment_2_dags.py:75} INFO - 09-12-2020
[2021-05-30 19:45:05,738] {assignment_2_dags.py:75} INFO - 09-13-2020
[2021-05-30 19:45:06,798] {assignment_2_dags.py:75} INFO - 09-14-2020
[2021-05-30 19:45:07,412] {assignment_2_dags.py:75} INFO - 09-15-2020
[2021-05-30 19:45:08,020] {assignment_2_dags.py:75} INFO - 09-16-2020
[2021-05-30 19:45:08,681] {assignment_2_dags.py:75} INFO - 09-17-2020
[2021-05-30 19:45:09,269] {assignment_2_dags.py:75} INFO - 09-18-2020
[2021-05-30 19:45:09,893] {assignment_2_dags.py:75} INFO - 09-19-2020
[2021-05-30 19:45:10,559] {assignment_2_dags.py:75} INFO - 09-20-2020
[2021-05-30 19:45:11,446] {assignment_2_dags.py:75} INFO - 09-21-2020
[2021-05-30 19:45:12,272] {assignment_2_dags.py:75} INFO - 09-22-2020
[2021-05-30 19:45:12,941] {assignment_2_dags.py:75} INFO - 09-23-2020
[2021-05-30 19:45:13,554] {assignment_2_dags.py:75} INFO - 09-24-2020
[2021-05-30 19:45:14,234] {assignment_2_dags.py:75} INFO - 09-25-2020
[2021-05-30 19:45:14,840] {assignment_2_dags.py:75} INFO - 09-26-2020
[2021-05-30 19:45:15,504] {assignment_2_dags.py:75} INFO - 09-27-2020
[2021-05-30 19:45:16,396] {assignment_2_dags.py:75} INFO - 09-28-2020
[2021-05-30 19:45:17,056] {assignment_2_dags.py:75} INFO - 09-29-2020
[2021-05-30 19:45:17,732] {assignment_2_dags.py:75} INFO - 09-30-2020
[2021-05-30 19:45:18,410] {assignment_2_dags.py:75} INFO - 09-31-2020
[2021-05-30 19:45:18,806] {assignment_2_dags.py:75} INFO - 10-01-2020
[2021-05-30 19:45:19,460] {assignment_2_dags.py:75} INFO - 10-02-2020
[2021-05-30 19:45:20,130] {assignment_2_dags.py:75} INFO - 10-03-2020
[2021-05-30 19:45:20,795] {assignment_2_dags.py:75} INFO - 10-04-2020
[2021-05-30 19:45:21,472] {assignment_2_dags.py:75} INFO - 10-05-2020
[2021-05-30 19:45:22,137] {assignment_2_dags.py:75} INFO - 10-06-2020
[2021-05-30 19:45:22,834] {assignment_2_dags.py:75} INFO - 10-07-2020
[2021-05-30 19:45:23,521] {assignment_2_dags.py:75} INFO - 10-08-2020
[2021-05-30 19:45:24,185] {assignment_2_dags.py:75} INFO - 10-09-2020
[2021-05-30 19:45:24,768] {assignment_2_dags.py:75} INFO - 10-10-2020
[2021-05-30 19:45:25,413] {assignment_2_dags.py:75} INFO - 10-11-2020
[2021-05-30 19:45:25,995] {assignment_2_dags.py:75} INFO - 10-12-2020
[2021-05-30 19:45:26,586] {assignment_2_dags.py:75} INFO - 10-13-2020
[2021-05-30 19:45:27,722] {assignment_2_dags.py:75} INFO - 10-14-2020
[2021-05-30 19:45:28,385] {assignment_2_dags.py:75} INFO - 10-15-2020
[2021-05-30 19:45:29,007] {assignment_2_dags.py:75} INFO - 10-16-2020
[2021-05-30 19:45:29,619] {assignment_2_dags.py:75} INFO - 10-17-2020
[2021-05-30 19:45:30,222] {assignment_2_dags.py:75} INFO - 10-18-2020
[2021-05-30 19:45:30,867] {assignment_2_dags.py:75} INFO - 10-19-2020
[2021-05-30 19:45:31,559] {assignment_2_dags.py:75} INFO - 10-20-2020
[2021-05-30 19:45:32,222] {assignment_2_dags.py:75} INFO - 10-21-2020
[2021-05-30 19:45:32,889] {assignment_2_dags.py:75} INFO - 10-22-2020
[2021-05-30 19:45:33,514] {assignment_2_dags.py:75} INFO - 10-23-2020
[2021-05-30 19:45:34,185] {assignment_2_dags.py:75} INFO - 10-24-2020
[2021-05-30 19:45:34,855] {assignment_2_dags.py:75} INFO - 10-25-2020
[2021-05-30 19:45:35,846] {assignment_2_dags.py:75} INFO - 10-26-2020
[2021-05-30 19:45:36,522] {assignment_2_dags.py:75} INFO - 10-27-2020
[2021-05-30 19:45:37,115] {assignment_2_dags.py:75} INFO - 10-28-2020
[2021-05-30 19:45:37,773] {assignment_2_dags.py:75} INFO - 10-29-2020
[2021-05-30 19:45:38,433] {assignment_2_dags.py:75} INFO - 10-30-2020
[2021-05-30 19:45:39,105] {assignment_2_dags.py:75} INFO - 10-31-2020
[2021-05-30 19:45:39,681] {assignment_2_dags.py:75} INFO - 11-01-2020
[2021-05-30 19:45:40,345] {assignment_2_dags.py:75} INFO - 11-02-2020
[2021-05-30 19:45:40,941] {assignment_2_dags.py:75} INFO - 11-03-2020
[2021-05-30 19:45:41,849] {assignment_2_dags.py:75} INFO - 11-04-2020
[2021-05-30 19:45:42,528] {assignment_2_dags.py:75} INFO - 11-05-2020
[2021-05-30 19:45:44,406] {assignment_2_dags.py:75} INFO - 11-06-2020
[2021-05-30 19:45:45,315] {assignment_2_dags.py:75} INFO - 11-07-2020
[2021-05-30 19:45:46,116] {assignment_2_dags.py:75} INFO - 11-08-2020
[2021-05-30 19:45:46,902] {assignment_2_dags.py:75} INFO - 11-09-2020
[2021-05-30 19:45:47,687] {assignment_2_dags.py:75} INFO - 11-10-2020
[2021-05-30 19:45:48,538] {assignment_2_dags.py:75} INFO - 11-11-2020
[2021-05-30 19:45:49,198] {assignment_2_dags.py:75} INFO - 11-12-2020
[2021-05-30 19:45:49,816] {assignment_2_dags.py:75} INFO - 11-13-2020
[2021-05-30 19:45:50,493] {assignment_2_dags.py:75} INFO - 11-14-2020
[2021-05-30 19:45:51,125] {assignment_2_dags.py:75} INFO - 11-15-2020
[2021-05-30 19:45:51,813] {assignment_2_dags.py:75} INFO - 11-16-2020
[2021-05-30 19:45:52,530] {assignment_2_dags.py:75} INFO - 11-17-2020
[2021-05-30 19:45:53,187] {assignment_2_dags.py:75} INFO - 11-18-2020
[2021-05-30 19:45:53,829] {assignment_2_dags.py:75} INFO - 11-19-2020
[2021-05-30 19:45:54,434] {assignment_2_dags.py:75} INFO - 11-20-2020
[2021-05-30 19:45:55,105] {assignment_2_dags.py:75} INFO - 11-21-2020
[2021-05-30 19:45:55,716] {assignment_2_dags.py:75} INFO - 11-22-2020
[2021-05-30 19:45:56,397] {assignment_2_dags.py:75} INFO - 11-23-2020
[2021-05-30 19:45:57,233] {assignment_2_dags.py:75} INFO - 11-24-2020
[2021-05-30 19:45:58,083] {assignment_2_dags.py:75} INFO - 11-25-2020
[2021-05-30 19:45:58,774] {assignment_2_dags.py:75} INFO - 11-26-2020
[2021-05-30 19:45:59,470] {assignment_2_dags.py:75} INFO - 11-27-2020
[2021-05-30 19:46:00,169] {assignment_2_dags.py:75} INFO - 11-28-2020
[2021-05-30 19:46:00,877] {assignment_2_dags.py:75} INFO - 11-29-2020
[2021-05-30 19:46:01,590] {assignment_2_dags.py:75} INFO - 11-30-2020
[2021-05-30 19:46:02,349] {assignment_2_dags.py:75} INFO - 11-31-2020
[2021-05-30 19:46:02,745] {assignment_2_dags.py:75} INFO - 12-01-2020
[2021-05-30 19:46:03,653] {assignment_2_dags.py:75} INFO - 12-02-2020
[2021-05-30 19:46:04,374] {assignment_2_dags.py:75} INFO - 12-03-2020
[2021-05-30 19:46:05,129] {assignment_2_dags.py:75} INFO - 12-04-2020
[2021-05-30 19:46:05,748] {assignment_2_dags.py:75} INFO - 12-05-2020
[2021-05-30 19:46:06,403] {assignment_2_dags.py:75} INFO - 12-06-2020
[2021-05-30 19:46:07,174] {assignment_2_dags.py:75} INFO - 12-07-2020
[2021-05-30 19:46:08,359] {assignment_2_dags.py:75} INFO - 12-08-2020
[2021-05-30 19:46:10,136] {assignment_2_dags.py:75} INFO - 12-09-2020
[2021-05-30 19:46:11,799] {assignment_2_dags.py:75} INFO - 12-10-2020
[2021-05-30 19:46:13,120] {assignment_2_dags.py:75} INFO - 12-11-2020
[2021-05-30 19:46:14,147] {assignment_2_dags.py:75} INFO - 12-12-2020
[2021-05-30 19:46:15,187] {assignment_2_dags.py:75} INFO - 12-13-2020
[2021-05-30 19:46:16,217] {assignment_2_dags.py:75} INFO - 12-14-2020
[2021-05-30 19:46:17,538] {assignment_2_dags.py:75} INFO - 12-15-2020
[2021-05-30 19:46:18,338] {assignment_2_dags.py:75} INFO - 12-16-2020
[2021-05-30 19:46:19,068] {assignment_2_dags.py:75} INFO - 12-17-2020
[2021-05-30 19:46:19,769] {assignment_2_dags.py:75} INFO - 12-18-2020
[2021-05-30 19:46:20,852] {assignment_2_dags.py:75} INFO - 12-19-2020
[2021-05-30 19:46:21,660] {assignment_2_dags.py:75} INFO - 12-20-2020
[2021-05-30 19:46:23,160] {assignment_2_dags.py:75} INFO - 12-21-2020
[2021-05-30 19:46:24,303] {assignment_2_dags.py:75} INFO - 12-22-2020
[2021-05-30 19:46:25,143] {assignment_2_dags.py:75} INFO - 12-23-2020
[2021-05-30 19:46:25,828] {assignment_2_dags.py:75} INFO - 12-24-2020
[2021-05-30 19:46:26,915] {assignment_2_dags.py:75} INFO - 12-25-2020
[2021-05-30 19:46:27,847] {assignment_2_dags.py:75} INFO - 12-26-2020
[2021-05-30 19:46:28,485] {assignment_2_dags.py:75} INFO - 12-27-2020
[2021-05-30 19:46:29,188] {assignment_2_dags.py:75} INFO - 12-28-2020
[2021-05-30 19:46:30,248] {assignment_2_dags.py:75} INFO - 12-29-2020
[2021-05-30 19:46:30,853] {assignment_2_dags.py:75} INFO - 12-30-2020
[2021-05-30 19:46:31,563] {assignment_2_dags.py:75} INFO - 12-31-2020
[2021-05-30 19:46:32,330] {assignment_2_dags.py:75} INFO - 01-01-2021
[2021-05-30 19:46:33,012] {assignment_2_dags.py:75} INFO - 01-02-2021
[2021-05-30 19:46:33,861] {assignment_2_dags.py:75} INFO - 01-03-2021
[2021-05-30 19:46:34,581] {assignment_2_dags.py:75} INFO - 01-04-2021
[2021-05-30 19:46:35,206] {assignment_2_dags.py:75} INFO - 01-05-2021
[2021-05-30 19:46:35,908] {assignment_2_dags.py:75} INFO - 01-06-2021
[2021-05-30 19:46:36,520] {assignment_2_dags.py:75} INFO - 01-07-2021
[2021-05-30 19:46:37,211] {assignment_2_dags.py:75} INFO - 01-08-2021
[2021-05-30 19:46:37,879] {assignment_2_dags.py:75} INFO - 01-09-2021
[2021-05-30 19:46:38,617] {assignment_2_dags.py:75} INFO - 01-10-2021
[2021-05-30 19:46:39,298] {assignment_2_dags.py:75} INFO - 01-11-2021
[2021-05-30 19:46:40,041] {assignment_2_dags.py:75} INFO - 01-12-2021
[2021-05-30 19:46:40,695] {assignment_2_dags.py:75} INFO - 01-13-2021
[2021-05-30 19:46:41,378] {assignment_2_dags.py:75} INFO - 01-14-2021
[2021-05-30 19:46:41,984] {assignment_2_dags.py:75} INFO - 01-15-2021
[2021-05-30 19:46:42,725] {assignment_2_dags.py:75} INFO - 01-16-2021
[2021-05-30 19:46:43,573] {assignment_2_dags.py:75} INFO - 01-17-2021
[2021-05-30 19:46:44,629] {assignment_2_dags.py:75} INFO - 01-18-2021
[2021-05-30 19:46:45,263] {assignment_2_dags.py:75} INFO - 01-19-2021
[2021-05-30 19:46:45,942] {assignment_2_dags.py:75} INFO - 01-20-2021
[2021-05-30 19:46:46,687] {assignment_2_dags.py:75} INFO - 01-21-2021
[2021-05-30 19:46:47,374] {assignment_2_dags.py:75} INFO - 01-22-2021
[2021-05-30 19:46:48,106] {assignment_2_dags.py:75} INFO - 01-23-2021
[2021-05-30 19:46:48,801] {assignment_2_dags.py:75} INFO - 01-24-2021
[2021-05-30 19:46:49,462] {assignment_2_dags.py:75} INFO - 01-25-2021
[2021-05-30 19:46:50,271] {assignment_2_dags.py:75} INFO - 01-26-2021
[2021-05-30 19:46:51,021] {assignment_2_dags.py:75} INFO - 01-27-2021
[2021-05-30 19:46:51,738] {assignment_2_dags.py:75} INFO - 01-28-2021
[2021-05-30 19:46:52,418] {assignment_2_dags.py:75} INFO - 01-29-2021
[2021-05-30 19:46:53,103] {assignment_2_dags.py:75} INFO - 01-30-2021
[2021-05-30 19:46:53,787] {assignment_2_dags.py:75} INFO - 01-31-2021
[2021-05-30 19:46:54,455] {assignment_2_dags.py:75} INFO - 02-01-2021
[2021-05-30 19:46:55,100] {assignment_2_dags.py:75} INFO - 02-02-2021
[2021-05-30 19:46:55,817] {assignment_2_dags.py:75} INFO - 02-03-2021
[2021-05-30 19:46:56,584] {assignment_2_dags.py:75} INFO - 02-04-2021
[2021-05-30 19:46:57,282] {assignment_2_dags.py:75} INFO - 02-05-2021
[2021-05-30 19:46:58,007] {assignment_2_dags.py:75} INFO - 02-06-2021
[2021-05-30 19:46:58,684] {assignment_2_dags.py:75} INFO - 02-07-2021
[2021-05-30 19:46:59,346] {assignment_2_dags.py:75} INFO - 02-08-2021
[2021-05-30 19:47:00,370] {assignment_2_dags.py:75} INFO - 02-09-2021
[2021-05-30 19:47:01,078] {assignment_2_dags.py:75} INFO - 02-10-2021
[2021-05-30 19:47:01,671] {assignment_2_dags.py:75} INFO - 02-11-2021
[2021-05-30 19:47:02,428] {assignment_2_dags.py:75} INFO - 02-12-2021
[2021-05-30 19:47:03,133] {assignment_2_dags.py:75} INFO - 02-13-2021
[2021-05-30 19:47:03,822] {assignment_2_dags.py:75} INFO - 02-14-2021
[2021-05-30 19:47:04,528] {assignment_2_dags.py:75} INFO - 02-15-2021
[2021-05-30 19:47:05,223] {assignment_2_dags.py:75} INFO - 02-16-2021
[2021-05-30 19:47:05,876] {assignment_2_dags.py:75} INFO - 02-17-2021
[2021-05-30 19:47:06,551] {assignment_2_dags.py:75} INFO - 02-18-2021
[2021-05-30 19:47:07,221] {assignment_2_dags.py:75} INFO - 02-19-2021
[2021-05-30 19:47:07,884] {assignment_2_dags.py:75} INFO - 02-20-2021
[2021-05-30 19:47:08,600] {assignment_2_dags.py:75} INFO - 02-21-2021
[2021-05-30 19:47:09,294] {assignment_2_dags.py:75} INFO - 02-22-2021
[2021-05-30 19:47:09,968] {assignment_2_dags.py:75} INFO - 02-23-2021
[2021-05-30 19:47:10,664] {assignment_2_dags.py:75} INFO - 02-24-2021
[2021-05-30 19:47:11,340] {assignment_2_dags.py:75} INFO - 02-25-2021
[2021-05-30 19:47:11,961] {assignment_2_dags.py:75} INFO - 02-26-2021
[2021-05-30 19:47:12,635] {assignment_2_dags.py:75} INFO - 02-27-2021
[2021-05-30 19:47:13,318] {assignment_2_dags.py:75} INFO - 02-28-2021
[2021-05-30 19:47:13,993] {assignment_2_dags.py:75} INFO - 02-29-2021
[2021-05-30 19:47:14,364] {assignment_2_dags.py:75} INFO - 02-30-2021
[2021-05-30 19:47:14,759] {assignment_2_dags.py:75} INFO - 02-31-2021
[2021-05-30 19:47:15,130] {assignment_2_dags.py:75} INFO - 03-01-2021
[2021-05-30 19:47:15,808] {assignment_2_dags.py:75} INFO - 03-02-2021
[2021-05-30 19:47:16,481] {assignment_2_dags.py:75} INFO - 03-03-2021
[2021-05-30 19:47:17,648] {assignment_2_dags.py:75} INFO - 03-04-2021
[2021-05-30 19:47:18,297] {assignment_2_dags.py:75} INFO - 03-05-2021
[2021-05-30 19:47:19,020] {assignment_2_dags.py:75} INFO - 03-06-2021
[2021-05-30 19:47:19,718] {assignment_2_dags.py:75} INFO - 03-07-2021
[2021-05-30 19:47:20,427] {assignment_2_dags.py:75} INFO - 03-08-2021
[2021-05-30 19:47:21,150] {assignment_2_dags.py:75} INFO - 03-09-2021
[2021-05-30 19:47:21,810] {assignment_2_dags.py:75} INFO - 03-10-2021
[2021-05-30 19:47:22,924] {assignment_2_dags.py:75} INFO - 03-11-2021
[2021-05-30 19:47:23,533] {assignment_2_dags.py:75} INFO - 03-12-2021
[2021-05-30 19:47:24,156] {assignment_2_dags.py:75} INFO - 03-13-2021
[2021-05-30 19:47:24,817] {assignment_2_dags.py:75} INFO - 03-14-2021
[2021-05-30 19:47:25,519] {assignment_2_dags.py:75} INFO - 03-15-2021
[2021-05-30 19:47:26,147] {assignment_2_dags.py:75} INFO - 03-16-2021
[2021-05-30 19:47:26,788] {assignment_2_dags.py:75} INFO - 03-17-2021
[2021-05-30 19:47:27,470] {assignment_2_dags.py:75} INFO - 03-18-2021
[2021-05-30 19:47:28,077] {assignment_2_dags.py:75} INFO - 03-19-2021
[2021-05-30 19:47:28,765] {assignment_2_dags.py:75} INFO - 03-20-2021
[2021-05-30 19:47:29,422] {assignment_2_dags.py:75} INFO - 03-21-2021
[2021-05-30 19:47:30,026] {assignment_2_dags.py:75} INFO - 03-22-2021
[2021-05-30 19:47:30,691] {assignment_2_dags.py:75} INFO - 03-23-2021
[2021-05-30 19:47:31,293] {assignment_2_dags.py:75} INFO - 03-24-2021
[2021-05-30 19:47:31,958] {assignment_2_dags.py:75} INFO - 03-25-2021
[2021-05-30 19:47:32,624] {assignment_2_dags.py:75} INFO - 03-26-2021
[2021-05-30 19:47:33,218] {assignment_2_dags.py:75} INFO - 03-27-2021
[2021-05-30 19:47:33,869] {assignment_2_dags.py:75} INFO - 03-28-2021
[2021-05-30 19:47:34,469] {assignment_2_dags.py:75} INFO - 03-29-2021
[2021-05-30 19:47:35,153] {assignment_2_dags.py:75} INFO - 03-30-2021
[2021-05-30 19:47:35,760] {assignment_2_dags.py:75} INFO - 03-31-2021
[2021-05-30 19:47:36,533] {assignment_2_dags.py:75} INFO - 04-01-2021
[2021-05-30 19:47:37,347] {assignment_2_dags.py:75} INFO - 04-02-2021
[2021-05-30 19:47:38,215] {assignment_2_dags.py:75} INFO - 04-03-2021
[2021-05-30 19:47:38,874] {assignment_2_dags.py:75} INFO - 04-04-2021
[2021-05-30 19:47:39,494] {assignment_2_dags.py:75} INFO - 04-05-2021
[2021-05-30 19:47:40,133] {assignment_2_dags.py:75} INFO - 04-06-2021
[2021-05-30 19:47:40,843] {assignment_2_dags.py:75} INFO - 04-07-2021
[2021-05-30 19:47:41,585] {assignment_2_dags.py:75} INFO - 04-08-2021
[2021-05-30 19:47:42,283] {assignment_2_dags.py:75} INFO - 04-09-2021
[2021-05-30 19:47:42,993] {assignment_2_dags.py:75} INFO - 04-10-2021
[2021-05-30 19:47:43,658] {assignment_2_dags.py:75} INFO - 04-11-2021
[2021-05-30 19:47:44,332] {assignment_2_dags.py:75} INFO - 04-12-2021
[2021-05-30 19:47:45,266] {assignment_2_dags.py:75} INFO - 04-13-2021
[2021-05-30 19:47:45,881] {assignment_2_dags.py:75} INFO - 04-14-2021
[2021-05-30 19:47:46,547] {assignment_2_dags.py:75} INFO - 04-15-2021
[2021-05-30 19:47:47,238] {assignment_2_dags.py:75} INFO - 04-16-2021
[2021-05-30 19:47:47,911] {assignment_2_dags.py:75} INFO - 04-17-2021
[2021-05-30 19:47:48,633] {assignment_2_dags.py:75} INFO - 04-18-2021
[2021-05-30 19:47:49,428] {assignment_2_dags.py:75} INFO - 04-19-2021
[2021-05-30 19:47:50,158] {assignment_2_dags.py:75} INFO - 04-20-2021
[2021-05-30 19:47:50,843] {assignment_2_dags.py:75} INFO - 04-21-2021
[2021-05-30 19:47:51,458] {assignment_2_dags.py:75} INFO - 04-22-2021
[2021-05-30 19:47:52,149] {assignment_2_dags.py:75} INFO - 04-23-2021
[2021-05-30 19:47:52,808] {assignment_2_dags.py:75} INFO - 04-24-2021
[2021-05-30 19:47:53,525] {assignment_2_dags.py:75} INFO - 04-25-2021
[2021-05-30 19:47:54,180] {assignment_2_dags.py:75} INFO - 04-26-2021
[2021-05-30 19:47:54,922] {assignment_2_dags.py:75} INFO - 04-27-2021
[2021-05-30 19:47:55,512] {assignment_2_dags.py:75} INFO - 04-28-2021
[2021-05-30 19:47:56,172] {assignment_2_dags.py:75} INFO - 04-29-2021
[2021-05-30 19:47:56,821] {assignment_2_dags.py:75} INFO - 04-30-2021
[2021-05-30 19:47:57,444] {assignment_2_dags.py:75} INFO - 04-31-2021
[2021-05-30 19:47:57,864] {assignment_2_dags.py:75} INFO - 05-01-2021
[2021-05-30 19:47:58,643] {assignment_2_dags.py:75} INFO - 05-02-2021
[2021-05-30 19:47:59,360] {assignment_2_dags.py:75} INFO - 05-03-2021
[2021-05-30 19:48:00,105] {assignment_2_dags.py:75} INFO - 05-04-2021
[2021-05-30 19:48:00,812] {assignment_2_dags.py:75} INFO - 05-05-2021
[2021-05-30 19:48:01,531] {assignment_2_dags.py:75} INFO - 05-06-2021
[2021-05-30 19:48:02,236] {assignment_2_dags.py:75} INFO - 05-07-2021
[2021-05-30 19:48:03,254] {assignment_2_dags.py:75} INFO - 05-08-2021
[2021-05-30 19:48:04,092] {assignment_2_dags.py:75} INFO - 05-09-2021
[2021-05-30 19:48:05,018] {assignment_2_dags.py:75} INFO - 05-10-2021
[2021-05-30 19:48:05,900] {assignment_2_dags.py:75} INFO - 05-11-2021
[2021-05-30 19:48:06,611] {assignment_2_dags.py:75} INFO - 05-12-2021
[2021-05-30 19:48:07,787] {assignment_2_dags.py:75} INFO - 05-13-2021
[2021-05-30 19:48:09,815] {assignment_2_dags.py:75} INFO - 05-14-2021
[2021-05-30 19:48:10,803] {assignment_2_dags.py:75} INFO - 05-15-2021
[2021-05-30 19:48:11,760] {assignment_2_dags.py:75} INFO - 05-16-2021
[2021-05-30 19:48:12,894] {assignment_2_dags.py:75} INFO - 05-17-2021
[2021-05-30 19:48:14,620] {assignment_2_dags.py:75} INFO - 05-18-2021
[2021-05-30 19:48:15,553] {assignment_2_dags.py:75} INFO - 05-19-2021
[2021-05-30 19:48:16,302] {assignment_2_dags.py:75} INFO - 05-20-2021
[2021-05-30 19:48:16,954] {assignment_2_dags.py:75} INFO - 05-21-2021
[2021-05-30 19:48:17,686] {assignment_2_dags.py:75} INFO - 05-22-2021
[2021-05-30 19:48:18,444] {assignment_2_dags.py:75} INFO - 05-23-2021
[2021-05-30 19:48:19,185] {assignment_2_dags.py:75} INFO - 05-24-2021
[2021-05-30 19:48:19,872] {assignment_2_dags.py:75} INFO - 05-25-2021
[2021-05-30 19:48:20,606] {assignment_2_dags.py:75} INFO - 05-26-2021
[2021-05-30 19:48:21,311] {assignment_2_dags.py:75} INFO - 05-27-2021
[2021-05-30 19:48:22,151] {assignment_2_dags.py:75} INFO - 05-28-2021
[2021-05-30 19:48:23,091] {assignment_2_dags.py:75} INFO - 05-29-2021
[2021-05-30 19:48:24,023] {assignment_2_dags.py:75} INFO - 05-30-2021
[2021-05-30 19:48:24,386] {assignment_2_dags.py:75} INFO - 05-31-2021
[2021-05-30 19:48:24,783] {assignment_2_dags.py:75} INFO - 06-01-2021
[2021-05-30 19:48:25,183] {assignment_2_dags.py:75} INFO - 06-02-2021
[2021-05-30 19:48:25,607] {assignment_2_dags.py:75} INFO - 06-03-2021
[2021-05-30 19:48:26,040] {assignment_2_dags.py:75} INFO - 06-04-2021
[2021-05-30 19:48:26,446] {assignment_2_dags.py:75} INFO - 06-05-2021
[2021-05-30 19:48:26,837] {assignment_2_dags.py:75} INFO - 06-06-2021
[2021-05-30 19:48:27,221] {assignment_2_dags.py:75} INFO - 06-07-2021
[2021-05-30 19:48:27,616] {assignment_2_dags.py:75} INFO - 06-08-2021
[2021-05-30 19:48:28,006] {assignment_2_dags.py:75} INFO - 06-09-2021
[2021-05-30 19:48:28,443] {assignment_2_dags.py:75} INFO - 06-10-2021
[2021-05-30 19:48:28,822] {assignment_2_dags.py:75} INFO - 06-11-2021
[2021-05-30 19:48:29,199] {assignment_2_dags.py:75} INFO - 06-12-2021
[2021-05-30 19:48:29,588] {assignment_2_dags.py:75} INFO - 06-13-2021
[2021-05-30 19:48:29,953] {assignment_2_dags.py:75} INFO - 06-14-2021
[2021-05-30 19:48:30,332] {assignment_2_dags.py:75} INFO - 06-15-2021
[2021-05-30 19:48:30,688] {assignment_2_dags.py:75} INFO - 06-16-2021
[2021-05-30 19:48:31,069] {assignment_2_dags.py:75} INFO - 06-17-2021
[2021-05-30 19:48:31,471] {assignment_2_dags.py:75} INFO - 06-18-2021
[2021-05-30 19:48:31,858] {assignment_2_dags.py:75} INFO - 06-19-2021
[2021-05-30 19:48:32,243] {assignment_2_dags.py:75} INFO - 06-20-2021
[2021-05-30 19:48:32,632] {assignment_2_dags.py:75} INFO - 06-21-2021
[2021-05-30 19:48:33,048] {assignment_2_dags.py:75} INFO - 06-22-2021
[2021-05-30 19:48:33,444] {assignment_2_dags.py:75} INFO - 06-23-2021
[2021-05-30 19:48:33,833] {assignment_2_dags.py:75} INFO - 06-24-2021
[2021-05-30 19:48:34,212] {assignment_2_dags.py:75} INFO - 06-25-2021
[2021-05-30 19:48:34,691] {assignment_2_dags.py:75} INFO - 06-26-2021
[2021-05-30 19:48:35,091] {assignment_2_dags.py:75} INFO - 06-27-2021
[2021-05-30 19:48:35,480] {assignment_2_dags.py:75} INFO - 06-28-2021
[2021-05-30 19:48:35,851] {assignment_2_dags.py:75} INFO - 06-29-2021
[2021-05-30 19:48:36,223] {assignment_2_dags.py:75} INFO - 06-30-2021
[2021-05-30 19:48:36,616] {assignment_2_dags.py:75} INFO - 06-31-2021
[2021-05-30 19:48:36,997] {assignment_2_dags.py:75} INFO - 07-01-2021
[2021-05-30 19:48:37,401] {assignment_2_dags.py:75} INFO - 07-02-2021
[2021-05-30 19:48:37,782] {assignment_2_dags.py:75} INFO - 07-03-2021
[2021-05-30 19:48:38,174] {assignment_2_dags.py:75} INFO - 07-04-2021
[2021-05-30 19:48:38,550] {assignment_2_dags.py:75} INFO - 07-05-2021
[2021-05-30 19:48:38,947] {assignment_2_dags.py:75} INFO - 07-06-2021
[2021-05-30 19:48:39,331] {assignment_2_dags.py:75} INFO - 07-07-2021
[2021-05-30 19:48:39,671] {assignment_2_dags.py:75} INFO - 07-08-2021
[2021-05-30 19:48:40,079] {assignment_2_dags.py:75} INFO - 07-09-2021
[2021-05-30 19:48:40,481] {assignment_2_dags.py:75} INFO - 07-10-2021
[2021-05-30 19:48:40,869] {assignment_2_dags.py:75} INFO - 07-11-2021
[2021-05-30 19:48:41,246] {assignment_2_dags.py:75} INFO - 07-12-2021
[2021-05-30 19:48:41,637] {assignment_2_dags.py:75} INFO - 07-13-2021
[2021-05-30 19:48:42,002] {assignment_2_dags.py:75} INFO - 07-14-2021
[2021-05-30 19:48:42,390] {assignment_2_dags.py:75} INFO - 07-15-2021
[2021-05-30 19:48:42,767] {assignment_2_dags.py:75} INFO - 07-16-2021
[2021-05-30 19:48:43,148] {assignment_2_dags.py:75} INFO - 07-17-2021
[2021-05-30 19:48:43,527] {assignment_2_dags.py:75} INFO - 07-18-2021
[2021-05-30 19:48:43,905] {assignment_2_dags.py:75} INFO - 07-19-2021
[2021-05-30 19:48:44,301] {assignment_2_dags.py:75} INFO - 07-20-2021
[2021-05-30 19:48:44,674] {assignment_2_dags.py:75} INFO - 07-21-2021
[2021-05-30 19:48:45,050] {assignment_2_dags.py:75} INFO - 07-22-2021
[2021-05-30 19:48:45,427] {assignment_2_dags.py:75} INFO - 07-23-2021
[2021-05-30 19:48:45,796] {assignment_2_dags.py:75} INFO - 07-24-2021
[2021-05-30 19:48:46,164] {assignment_2_dags.py:75} INFO - 07-25-2021
[2021-05-30 19:48:46,544] {assignment_2_dags.py:75} INFO - 07-26-2021
[2021-05-30 19:48:46,924] {assignment_2_dags.py:75} INFO - 07-27-2021
[2021-05-30 19:48:47,294] {assignment_2_dags.py:75} INFO - 07-28-2021
[2021-05-30 19:48:47,678] {assignment_2_dags.py:75} INFO - 07-29-2021
[2021-05-30 19:48:48,054] {assignment_2_dags.py:75} INFO - 07-30-2021
[2021-05-30 19:48:48,434] {assignment_2_dags.py:75} INFO - 07-31-2021
[2021-05-30 19:48:48,868] {assignment_2_dags.py:75} INFO - 08-01-2021
[2021-05-30 19:48:49,264] {assignment_2_dags.py:75} INFO - 08-02-2021
[2021-05-30 19:48:49,712] {assignment_2_dags.py:75} INFO - 08-03-2021
[2021-05-30 19:48:50,112] {assignment_2_dags.py:75} INFO - 08-04-2021
[2021-05-30 19:48:50,488] {assignment_2_dags.py:75} INFO - 08-05-2021
[2021-05-30 19:48:50,873] {assignment_2_dags.py:75} INFO - 08-06-2021
[2021-05-30 19:48:51,241] {assignment_2_dags.py:75} INFO - 08-07-2021
[2021-05-30 19:48:51,624] {assignment_2_dags.py:75} INFO - 08-08-2021
[2021-05-30 19:48:51,998] {assignment_2_dags.py:75} INFO - 08-09-2021
[2021-05-30 19:48:52,371] {assignment_2_dags.py:75} INFO - 08-10-2021
[2021-05-30 19:48:52,754] {assignment_2_dags.py:75} INFO - 08-11-2021
[2021-05-30 19:48:53,148] {assignment_2_dags.py:75} INFO - 08-12-2021
[2021-05-30 19:48:53,528] {assignment_2_dags.py:75} INFO - 08-13-2021
[2021-05-30 19:48:53,909] {assignment_2_dags.py:75} INFO - 08-14-2021
[2021-05-30 19:48:54,295] {assignment_2_dags.py:75} INFO - 08-15-2021
[2021-05-30 19:48:54,715] {assignment_2_dags.py:75} INFO - 08-16-2021
[2021-05-30 19:48:55,156] {assignment_2_dags.py:75} INFO - 08-17-2021
[2021-05-30 19:48:55,557] {assignment_2_dags.py:75} INFO - 08-18-2021
[2021-05-30 19:48:55,955] {assignment_2_dags.py:75} INFO - 08-19-2021
[2021-05-30 19:48:56,585] {assignment_2_dags.py:75} INFO - 08-20-2021
[2021-05-30 19:48:56,980] {assignment_2_dags.py:75} INFO - 08-21-2021
[2021-05-30 19:48:57,387] {assignment_2_dags.py:75} INFO - 08-22-2021
[2021-05-30 19:48:57,781] {assignment_2_dags.py:75} INFO - 08-23-2021
[2021-05-30 19:48:58,169] {assignment_2_dags.py:75} INFO - 08-24-2021
[2021-05-30 19:48:58,649] {assignment_2_dags.py:75} INFO - 08-25-2021
[2021-05-30 19:48:59,044] {assignment_2_dags.py:75} INFO - 08-26-2021
[2021-05-30 19:48:59,424] {assignment_2_dags.py:75} INFO - 08-27-2021
[2021-05-30 19:48:59,808] {assignment_2_dags.py:75} INFO - 08-28-2021
[2021-05-30 19:49:00,271] {assignment_2_dags.py:75} INFO - 08-29-2021
[2021-05-30 19:49:00,700] {assignment_2_dags.py:75} INFO - 08-30-2021
[2021-05-30 19:49:01,095] {assignment_2_dags.py:75} INFO - 08-31-2021
[2021-05-30 19:49:01,506] {assignment_2_dags.py:75} INFO - 09-01-2021
[2021-05-30 19:49:01,891] {assignment_2_dags.py:75} INFO - 09-02-2021
[2021-05-30 19:49:02,267] {assignment_2_dags.py:75} INFO - 09-03-2021
[2021-05-30 19:49:02,670] {assignment_2_dags.py:75} INFO - 09-04-2021
[2021-05-30 19:49:03,071] {assignment_2_dags.py:75} INFO - 09-05-2021
[2021-05-30 19:49:03,468] {assignment_2_dags.py:75} INFO - 09-06-2021
[2021-05-30 19:49:03,840] {assignment_2_dags.py:75} INFO - 09-07-2021
[2021-05-30 19:49:05,234] {assignment_2_dags.py:75} INFO - 09-08-2021
[2021-05-30 19:49:05,614] {assignment_2_dags.py:75} INFO - 09-09-2021
[2021-05-30 19:49:06,003] {assignment_2_dags.py:75} INFO - 09-10-2021
[2021-05-30 19:49:06,375] {assignment_2_dags.py:75} INFO - 09-11-2021
[2021-05-30 19:49:06,763] {assignment_2_dags.py:75} INFO - 09-12-2021
[2021-05-30 19:49:07,156] {assignment_2_dags.py:75} INFO - 09-13-2021
[2021-05-30 19:49:07,553] {assignment_2_dags.py:75} INFO - 09-14-2021
[2021-05-30 19:49:07,929] {assignment_2_dags.py:75} INFO - 09-15-2021
[2021-05-30 19:49:08,325] {assignment_2_dags.py:75} INFO - 09-16-2021
[2021-05-30 19:49:08,690] {assignment_2_dags.py:75} INFO - 09-17-2021
[2021-05-30 19:49:09,066] {assignment_2_dags.py:75} INFO - 09-18-2021
[2021-05-30 19:49:09,437] {assignment_2_dags.py:75} INFO - 09-19-2021
[2021-05-30 19:49:09,785] {assignment_2_dags.py:75} INFO - 09-20-2021
[2021-05-30 19:49:10,168] {assignment_2_dags.py:75} INFO - 09-21-2021
[2021-05-30 19:49:10,541] {assignment_2_dags.py:75} INFO - 09-22-2021
[2021-05-30 19:49:10,935] {assignment_2_dags.py:75} INFO - 09-23-2021
[2021-05-30 19:49:11,400] {assignment_2_dags.py:75} INFO - 09-24-2021
[2021-05-30 19:49:11,784] {assignment_2_dags.py:75} INFO - 09-25-2021
[2021-05-30 19:49:12,192] {assignment_2_dags.py:75} INFO - 09-26-2021
[2021-05-30 19:49:12,579] {assignment_2_dags.py:75} INFO - 09-27-2021
[2021-05-30 19:49:12,952] {assignment_2_dags.py:75} INFO - 09-28-2021
[2021-05-30 19:49:13,344] {assignment_2_dags.py:75} INFO - 09-29-2021
[2021-05-30 19:49:13,742] {assignment_2_dags.py:75} INFO - 09-30-2021
[2021-05-30 19:49:14,133] {assignment_2_dags.py:75} INFO - 09-31-2021
[2021-05-30 19:49:14,502] {assignment_2_dags.py:75} INFO - 10-01-2021
[2021-05-30 19:49:14,882] {assignment_2_dags.py:75} INFO - 10-02-2021
[2021-05-30 19:49:15,274] {assignment_2_dags.py:75} INFO - 10-03-2021
[2021-05-30 19:49:15,655] {assignment_2_dags.py:75} INFO - 10-04-2021
[2021-05-30 19:49:16,043] {assignment_2_dags.py:75} INFO - 10-05-2021
[2021-05-30 19:49:16,428] {assignment_2_dags.py:75} INFO - 10-06-2021
[2021-05-30 19:49:16,799] {assignment_2_dags.py:75} INFO - 10-07-2021
[2021-05-30 19:49:17,174] {assignment_2_dags.py:75} INFO - 10-08-2021
[2021-05-30 19:49:17,580] {assignment_2_dags.py:75} INFO - 10-09-2021
[2021-05-30 19:49:17,970] {assignment_2_dags.py:75} INFO - 10-10-2021
[2021-05-30 19:49:18,353] {assignment_2_dags.py:75} INFO - 10-11-2021
[2021-05-30 19:49:18,731] {assignment_2_dags.py:75} INFO - 10-12-2021
[2021-05-30 19:49:19,127] {assignment_2_dags.py:75} INFO - 10-13-2021
[2021-05-30 19:49:19,521] {assignment_2_dags.py:75} INFO - 10-14-2021
[2021-05-30 19:49:19,904] {assignment_2_dags.py:75} INFO - 10-15-2021
[2021-05-30 19:49:20,278] {assignment_2_dags.py:75} INFO - 10-16-2021
[2021-05-30 19:49:20,665] {assignment_2_dags.py:75} INFO - 10-17-2021
[2021-05-30 19:49:21,032] {assignment_2_dags.py:75} INFO - 10-18-2021
[2021-05-30 19:49:21,402] {assignment_2_dags.py:75} INFO - 10-19-2021
[2021-05-30 19:49:21,802] {assignment_2_dags.py:75} INFO - 10-20-2021
[2021-05-30 19:49:22,238] {assignment_2_dags.py:75} INFO - 10-21-2021
[2021-05-30 19:49:22,625] {assignment_2_dags.py:75} INFO - 10-22-2021
[2021-05-30 19:49:23,002] {assignment_2_dags.py:75} INFO - 10-23-2021
[2021-05-30 19:49:23,381] {assignment_2_dags.py:75} INFO - 10-24-2021
[2021-05-30 19:49:23,789] {assignment_2_dags.py:75} INFO - 10-25-2021
[2021-05-30 19:49:24,173] {assignment_2_dags.py:75} INFO - 10-26-2021
[2021-05-30 19:49:24,541] {assignment_2_dags.py:75} INFO - 10-27-2021
[2021-05-30 19:49:24,925] {assignment_2_dags.py:75} INFO - 10-28-2021
[2021-05-30 19:49:25,297] {assignment_2_dags.py:75} INFO - 10-29-2021
[2021-05-30 19:49:25,666] {assignment_2_dags.py:75} INFO - 10-30-2021
[2021-05-30 19:49:26,035] {assignment_2_dags.py:75} INFO - 10-31-2021
[2021-05-30 19:49:26,411] {assignment_2_dags.py:75} INFO - 11-01-2021
[2021-05-30 19:49:26,800] {assignment_2_dags.py:75} INFO - 11-02-2021
[2021-05-30 19:49:27,184] {assignment_2_dags.py:75} INFO - 11-03-2021
[2021-05-30 19:49:27,559] {assignment_2_dags.py:75} INFO - 11-04-2021
[2021-05-30 19:49:27,954] {assignment_2_dags.py:75} INFO - 11-05-2021
[2021-05-30 19:49:28,325] {assignment_2_dags.py:75} INFO - 11-06-2021
[2021-05-30 19:49:28,701] {assignment_2_dags.py:75} INFO - 11-07-2021
[2021-05-30 19:49:29,087] {assignment_2_dags.py:75} INFO - 11-08-2021
[2021-05-30 19:49:29,475] {assignment_2_dags.py:75} INFO - 11-09-2021
[2021-05-30 19:49:29,851] {assignment_2_dags.py:75} INFO - 11-10-2021
[2021-05-30 19:49:30,276] {assignment_2_dags.py:75} INFO - 11-11-2021
[2021-05-30 19:49:30,660] {assignment_2_dags.py:75} INFO - 11-12-2021
[2021-05-30 19:49:31,041] {assignment_2_dags.py:75} INFO - 11-13-2021
[2021-05-30 19:49:31,427] {assignment_2_dags.py:75} INFO - 11-14-2021
[2021-05-30 19:49:31,826] {assignment_2_dags.py:75} INFO - 11-15-2021
[2021-05-30 19:49:32,198] {assignment_2_dags.py:75} INFO - 11-16-2021
[2021-05-30 19:49:32,588] {assignment_2_dags.py:75} INFO - 11-17-2021
[2021-05-30 19:49:32,959] {assignment_2_dags.py:75} INFO - 11-18-2021
[2021-05-30 19:49:33,342] {assignment_2_dags.py:75} INFO - 11-19-2021
[2021-05-30 19:49:33,711] {assignment_2_dags.py:75} INFO - 11-20-2021
[2021-05-30 19:49:34,088] {assignment_2_dags.py:75} INFO - 11-21-2021
[2021-05-30 19:49:34,469] {assignment_2_dags.py:75} INFO - 11-22-2021
[2021-05-30 19:49:34,877] {assignment_2_dags.py:75} INFO - 11-23-2021
[2021-05-30 19:49:35,261] {assignment_2_dags.py:75} INFO - 11-24-2021
[2021-05-30 19:49:35,650] {assignment_2_dags.py:75} INFO - 11-25-2021
[2021-05-30 19:49:36,063] {assignment_2_dags.py:75} INFO - 11-26-2021
[2021-05-30 19:49:36,436] {assignment_2_dags.py:75} INFO - 11-27-2021
[2021-05-30 19:49:36,809] {assignment_2_dags.py:75} INFO - 11-28-2021
[2021-05-30 19:49:37,184] {assignment_2_dags.py:75} INFO - 11-29-2021
[2021-05-30 19:49:37,552] {assignment_2_dags.py:75} INFO - 11-30-2021
[2021-05-30 19:49:37,938] {assignment_2_dags.py:75} INFO - 11-31-2021
[2021-05-30 19:49:38,309] {assignment_2_dags.py:75} INFO - 12-01-2021
[2021-05-30 19:49:38,682] {assignment_2_dags.py:75} INFO - 12-02-2021
[2021-05-30 19:49:39,137] {assignment_2_dags.py:75} INFO - 12-03-2021
[2021-05-30 19:49:39,560] {assignment_2_dags.py:75} INFO - 12-04-2021
[2021-05-30 19:49:39,937] {assignment_2_dags.py:75} INFO - 12-05-2021
[2021-05-30 19:49:40,325] {assignment_2_dags.py:75} INFO - 12-06-2021
[2021-05-30 19:49:40,693] {assignment_2_dags.py:75} INFO - 12-07-2021
[2021-05-30 19:49:41,074] {assignment_2_dags.py:75} INFO - 12-08-2021
[2021-05-30 19:49:41,463] {assignment_2_dags.py:75} INFO - 12-09-2021
[2021-05-30 19:49:41,842] {assignment_2_dags.py:75} INFO - 12-10-2021
[2021-05-30 19:49:42,215] {assignment_2_dags.py:75} INFO - 12-11-2021
[2021-05-30 19:49:42,640] {assignment_2_dags.py:75} INFO - 12-12-2021
[2021-05-30 19:49:43,109] {assignment_2_dags.py:75} INFO - 12-13-2021
[2021-05-30 19:49:43,516] {assignment_2_dags.py:75} INFO - 12-14-2021
[2021-05-30 19:49:43,906] {assignment_2_dags.py:75} INFO - 12-15-2021
[2021-05-30 19:49:44,294] {assignment_2_dags.py:75} INFO - 12-16-2021
[2021-05-30 19:49:44,687] {assignment_2_dags.py:75} INFO - 12-17-2021
[2021-05-30 19:49:45,058] {assignment_2_dags.py:75} INFO - 12-18-2021
[2021-05-30 19:49:45,466] {assignment_2_dags.py:75} INFO - 12-19-2021
[2021-05-30 19:49:45,844] {assignment_2_dags.py:75} INFO - 12-20-2021
[2021-05-30 19:49:46,264] {assignment_2_dags.py:75} INFO - 12-21-2021
[2021-05-30 19:49:46,656] {assignment_2_dags.py:75} INFO - 12-22-2021
[2021-05-30 19:49:47,041] {assignment_2_dags.py:75} INFO - 12-23-2021
[2021-05-30 19:49:47,415] {assignment_2_dags.py:75} INFO - 12-24-2021
[2021-05-30 19:49:47,802] {assignment_2_dags.py:75} INFO - 12-25-2021
[2021-05-30 19:49:48,174] {assignment_2_dags.py:75} INFO - 12-26-2021
[2021-05-30 19:49:48,597] {assignment_2_dags.py:75} INFO - 12-27-2021
[2021-05-30 19:49:48,987] {assignment_2_dags.py:75} INFO - 12-28-2021
[2021-05-30 19:49:49,385] {assignment_2_dags.py:75} INFO - 12-29-2021
[2021-05-30 19:49:49,753] {assignment_2_dags.py:75} INFO - 12-30-2021
[2021-05-30 19:49:50,137] {assignment_2_dags.py:75} INFO - 12-31-2021
[2021-05-30 19:49:50,519] {assignment_2_dags.py:79} INFO - It took 7.33 minutes to get all data
[2021-05-30 19:49:52,130] {taskinstance.py:1482} ERROR - Task failed with exception
Traceback (most recent call last):
  File "/home/airflow/.local/lib/python3.6/site-packages/airflow/models/taskinstance.py", line 1138, in _run_raw_task
    self._prepare_and_execute_task_with_callbacks(context, task)
  File "/home/airflow/.local/lib/python3.6/site-packages/airflow/models/taskinstance.py", line 1311, in _prepare_and_execute_task_with_callbacks
    result = self._execute_task(context, task_copy)
  File "/home/airflow/.local/lib/python3.6/site-packages/airflow/models/taskinstance.py", line 1341, in _execute_task
    result = task_copy.execute(context=context)
  File "/home/airflow/.local/lib/python3.6/site-packages/airflow/operators/python.py", line 117, in execute
    return_value = self.execute_callable()
  File "/home/airflow/.local/lib/python3.6/site-packages/airflow/operators/python.py", line 128, in execute_callable
    return self.python_callable(*self.op_args, **self.op_kwargs)
  File "/opt/airflow/dags/assignment_2_dags.py", line 86, in load_csv
    DF_UK.to_csv('/home/airflow/data/extracted_data.csv')
  File "/home/airflow/.local/lib/python3.6/site-packages/pandas/core/generic.py", line 3170, in to_csv
    formatter.save()
  File "/home/airflow/.local/lib/python3.6/site-packages/pandas/io/formats/csvs.py", line 190, in save
    compression=dict(self.compression_args, method=self.compression),
  File "/home/airflow/.local/lib/python3.6/site-packages/pandas/io/common.py", line 493, in get_handle
    f = open(path_or_buf, mode, encoding=encoding, errors=errors, newline="")
FileNotFoundError: [Errno 2] No such file or directory: '/home/airflow/data/extracted_data.csv'
[2021-05-30 19:49:52,139] {taskinstance.py:1532} INFO - Marking task as FAILED. dag_id=data_engineering_assignment_2, task_id=Load_and_Extract_Data, execution_date=20210530T193059, start_date=20210530T194230, end_date=20210530T194952
[2021-05-30 19:49:52,205] {local_task_job.py:146} INFO - Task exited with return code 1
