[2021-05-30 19:27:15,227] {taskinstance.py:877} INFO - Dependencies all met for <TaskInstance: data_engineering_assignment_2.Load_and_Extract_Data 2021-05-28T00:00:00+00:00 [queued]>
[2021-05-30 19:27:15,306] {taskinstance.py:877} INFO - Dependencies all met for <TaskInstance: data_engineering_assignment_2.Load_and_Extract_Data 2021-05-28T00:00:00+00:00 [queued]>
[2021-05-30 19:27:15,308] {taskinstance.py:1068} INFO - 
--------------------------------------------------------------------------------
[2021-05-30 19:27:15,313] {taskinstance.py:1069} INFO - Starting attempt 1 of 2
[2021-05-30 19:27:15,315] {taskinstance.py:1070} INFO - 
--------------------------------------------------------------------------------
[2021-05-30 19:27:15,352] {taskinstance.py:1089} INFO - Executing <Task(PythonOperator): Load_and_Extract_Data> on 2021-05-28T00:00:00+00:00
[2021-05-30 19:27:15,365] {standard_task_runner.py:52} INFO - Started process 72 to run task
[2021-05-30 19:27:15,385] {standard_task_runner.py:76} INFO - Running: ['airflow', 'tasks', 'run', 'data_engineering_assignment_2', 'Load_and_Extract_Data', '2021-05-28T00:00:00+00:00', '--job-id', '21', '--pool', 'default_pool', '--raw', '--subdir', 'DAGS_FOLDER/assignment_2_dags.py', '--cfg-path', '/tmp/tmpfafzv9_2', '--error-file', '/tmp/tmpp8rhl9ps']
[2021-05-30 19:27:15,390] {standard_task_runner.py:77} INFO - Job 21: Subtask Load_and_Extract_Data
[2021-05-30 19:27:15,574] {logging_mixin.py:104} INFO - Running <TaskInstance: data_engineering_assignment_2.Load_and_Extract_Data 2021-05-28T00:00:00+00:00 [running]> on host d1b2a4d53792
[2021-05-30 19:27:15,724] {taskinstance.py:1283} INFO - Exporting the following env vars:
AIRFLOW_CTX_DAG_OWNER=Mohannad alsouqi
AIRFLOW_CTX_DAG_ID=data_engineering_assignment_2
AIRFLOW_CTX_TASK_ID=Load_and_Extract_Data
AIRFLOW_CTX_EXECUTION_DATE=2021-05-28T00:00:00+00:00
AIRFLOW_CTX_DAG_RUN_ID=scheduled__2021-05-28T00:00:00+00:00
[2021-05-30 19:27:15,729] {assignment_2_dags.py:75} INFO - 01-01-2020
[2021-05-30 19:27:16,132] {assignment_2_dags.py:75} INFO - 01-02-2020
[2021-05-30 19:27:16,509] {assignment_2_dags.py:75} INFO - 01-03-2020
[2021-05-30 19:27:16,899] {assignment_2_dags.py:75} INFO - 01-04-2020
[2021-05-30 19:27:17,277] {assignment_2_dags.py:75} INFO - 01-05-2020
[2021-05-30 19:27:17,653] {assignment_2_dags.py:75} INFO - 01-06-2020
[2021-05-30 19:27:18,029] {assignment_2_dags.py:75} INFO - 01-07-2020
[2021-05-30 19:27:18,433] {assignment_2_dags.py:75} INFO - 01-08-2020
[2021-05-30 19:27:18,816] {assignment_2_dags.py:75} INFO - 01-09-2020
[2021-05-30 19:27:19,203] {assignment_2_dags.py:75} INFO - 01-10-2020
[2021-05-30 19:27:19,590] {assignment_2_dags.py:75} INFO - 01-11-2020
[2021-05-30 19:27:19,966] {assignment_2_dags.py:75} INFO - 01-12-2020
[2021-05-30 19:27:20,360] {assignment_2_dags.py:75} INFO - 01-13-2020
[2021-05-30 19:27:20,750] {assignment_2_dags.py:75} INFO - 01-14-2020
[2021-05-30 19:27:21,136] {assignment_2_dags.py:75} INFO - 01-15-2020
[2021-05-30 19:27:21,507] {assignment_2_dags.py:75} INFO - 01-16-2020
[2021-05-30 19:27:21,888] {assignment_2_dags.py:75} INFO - 01-17-2020
[2021-05-30 19:27:22,276] {assignment_2_dags.py:75} INFO - 01-18-2020
[2021-05-30 19:27:22,722] {assignment_2_dags.py:75} INFO - 01-19-2020
[2021-05-30 19:27:23,145] {assignment_2_dags.py:75} INFO - 01-20-2020
[2021-05-30 19:27:23,519] {assignment_2_dags.py:75} INFO - 01-21-2020
[2021-05-30 19:27:23,923] {assignment_2_dags.py:75} INFO - 01-22-2020
[2021-05-30 19:27:24,416] {assignment_2_dags.py:75} INFO - 01-23-2020
[2021-05-30 19:27:24,784] {assignment_2_dags.py:75} INFO - 01-24-2020
[2021-05-30 19:27:25,342] {assignment_2_dags.py:75} INFO - 01-25-2020
[2021-05-30 19:27:25,783] {assignment_2_dags.py:75} INFO - 01-26-2020
[2021-05-30 19:27:26,088] {assignment_2_dags.py:75} INFO - 01-27-2020
[2021-05-30 19:27:26,531] {assignment_2_dags.py:75} INFO - 01-28-2020
[2021-05-30 19:27:26,930] {assignment_2_dags.py:75} INFO - 01-29-2020
[2021-05-30 19:27:27,331] {assignment_2_dags.py:75} INFO - 01-30-2020
[2021-05-30 19:27:27,724] {assignment_2_dags.py:75} INFO - 01-31-2020
[2021-05-30 19:27:28,084] {assignment_2_dags.py:75} INFO - 02-01-2020
[2021-05-30 19:27:28,417] {assignment_2_dags.py:75} INFO - 02-02-2020
[2021-05-30 19:27:28,823] {assignment_2_dags.py:75} INFO - 02-03-2020
[2021-05-30 19:27:29,224] {assignment_2_dags.py:75} INFO - 02-04-2020
[2021-05-30 19:27:29,725] {assignment_2_dags.py:75} INFO - 02-05-2020
[2021-05-30 19:27:30,214] {assignment_2_dags.py:75} INFO - 02-06-2020
[2021-05-30 19:27:30,522] {assignment_2_dags.py:75} INFO - 02-07-2020
[2021-05-30 19:27:30,900] {assignment_2_dags.py:75} INFO - 02-08-2020
[2021-05-30 19:27:31,335] {assignment_2_dags.py:75} INFO - 02-09-2020
[2021-05-30 19:27:31,718] {assignment_2_dags.py:75} INFO - 02-10-2020
[2021-05-30 19:27:32,215] {assignment_2_dags.py:75} INFO - 02-11-2020
[2021-05-30 19:27:32,541] {assignment_2_dags.py:75} INFO - 02-12-2020
[2021-05-30 19:27:32,935] {assignment_2_dags.py:75} INFO - 02-13-2020
[2021-05-30 19:27:33,334] {assignment_2_dags.py:75} INFO - 02-14-2020
[2021-05-30 19:27:33,714] {assignment_2_dags.py:75} INFO - 02-15-2020
[2021-05-30 19:27:34,182] {assignment_2_dags.py:75} INFO - 02-16-2020
[2021-05-30 19:27:34,510] {assignment_2_dags.py:75} INFO - 02-17-2020
[2021-05-30 19:27:35,010] {assignment_2_dags.py:75} INFO - 02-18-2020
[2021-05-30 19:27:35,260] {assignment_2_dags.py:75} INFO - 02-19-2020
[2021-05-30 19:27:35,729] {assignment_2_dags.py:75} INFO - 02-20-2020
[2021-05-30 19:27:35,983] {assignment_2_dags.py:75} INFO - 02-21-2020
[2021-05-30 19:27:36,441] {assignment_2_dags.py:75} INFO - 02-22-2020
[2021-05-30 19:27:36,736] {assignment_2_dags.py:75} INFO - 02-23-2020
[2021-05-30 19:27:37,141] {assignment_2_dags.py:75} INFO - 02-24-2020
[2021-05-30 19:27:37,532] {assignment_2_dags.py:75} INFO - 02-25-2020
[2021-05-30 19:27:37,929] {assignment_2_dags.py:75} INFO - 02-26-2020
[2021-05-30 19:27:38,322] {assignment_2_dags.py:75} INFO - 02-27-2020
[2021-05-30 19:27:38,842] {assignment_2_dags.py:75} INFO - 02-28-2020
[2021-05-30 19:27:39,097] {assignment_2_dags.py:75} INFO - 02-29-2020
[2021-05-30 19:27:39,530] {assignment_2_dags.py:75} INFO - 02-30-2020
[2021-05-30 19:27:39,999] {assignment_2_dags.py:75} INFO - 02-31-2020
[2021-05-30 19:27:40,381] {assignment_2_dags.py:75} INFO - 03-01-2020
[2021-05-30 19:27:40,757] {assignment_2_dags.py:75} INFO - 03-02-2020
[2021-05-30 19:27:41,339] {assignment_2_dags.py:75} INFO - 03-03-2020
[2021-05-30 19:27:41,928] {assignment_2_dags.py:75} INFO - 03-04-2020
[2021-05-30 19:27:42,438] {assignment_2_dags.py:75} INFO - 03-05-2020
[2021-05-30 19:27:42,836] {assignment_2_dags.py:75} INFO - 03-06-2020
[2021-05-30 19:27:43,318] {assignment_2_dags.py:75} INFO - 03-07-2020
[2021-05-30 19:27:43,718] {assignment_2_dags.py:75} INFO - 03-08-2020
[2021-05-30 19:27:44,138] {assignment_2_dags.py:75} INFO - 03-09-2020
[2021-05-30 19:27:44,691] {assignment_2_dags.py:75} INFO - 03-10-2020
[2021-05-30 19:27:45,003] {assignment_2_dags.py:75} INFO - 03-11-2020
[2021-05-30 19:27:45,431] {assignment_2_dags.py:75} INFO - 03-12-2020
[2021-05-30 19:27:45,895] {assignment_2_dags.py:75} INFO - 03-13-2020
[2021-05-30 19:27:46,302] {assignment_2_dags.py:75} INFO - 03-14-2020
[2021-05-30 19:27:46,719] {assignment_2_dags.py:75} INFO - 03-15-2020
[2021-05-30 19:27:47,233] {assignment_2_dags.py:75} INFO - 03-16-2020
[2021-05-30 19:27:47,588] {assignment_2_dags.py:75} INFO - 03-17-2020
[2021-05-30 19:27:48,078] {assignment_2_dags.py:75} INFO - 03-18-2020
[2021-05-30 19:27:48,530] {assignment_2_dags.py:75} INFO - 03-19-2020
[2021-05-30 19:27:48,916] {assignment_2_dags.py:75} INFO - 03-20-2020
[2021-05-30 19:27:49,566] {assignment_2_dags.py:75} INFO - 03-21-2020
[2021-05-30 19:27:49,827] {assignment_2_dags.py:75} INFO - 03-22-2020
[2021-05-30 19:27:50,578] {assignment_2_dags.py:75} INFO - 03-23-2020
[2021-05-30 19:27:51,358] {assignment_2_dags.py:75} INFO - 03-24-2020
[2021-05-30 19:27:52,017] {assignment_2_dags.py:75} INFO - 03-25-2020
[2021-05-30 19:27:52,705] {assignment_2_dags.py:75} INFO - 03-26-2020
[2021-05-30 19:27:53,331] {assignment_2_dags.py:75} INFO - 03-27-2020
[2021-05-30 19:27:53,978] {assignment_2_dags.py:75} INFO - 03-28-2020
[2021-05-30 19:27:54,605] {assignment_2_dags.py:75} INFO - 03-29-2020
[2021-05-30 19:27:55,337] {assignment_2_dags.py:75} INFO - 03-30-2020
[2021-05-30 19:27:55,944] {assignment_2_dags.py:75} INFO - 03-31-2020
[2021-05-30 19:27:56,544] {assignment_2_dags.py:75} INFO - 04-01-2020
[2021-05-30 19:27:57,142] {assignment_2_dags.py:75} INFO - 04-02-2020
[2021-05-30 19:27:57,775] {assignment_2_dags.py:75} INFO - 04-03-2020
[2021-05-30 19:27:58,371] {assignment_2_dags.py:75} INFO - 04-04-2020
[2021-05-30 19:27:58,983] {assignment_2_dags.py:75} INFO - 04-05-2020
[2021-05-30 19:27:59,757] {assignment_2_dags.py:75} INFO - 04-06-2020
[2021-05-30 19:28:00,205] {assignment_2_dags.py:75} INFO - 04-07-2020
[2021-05-30 19:28:00,771] {assignment_2_dags.py:75} INFO - 04-08-2020
[2021-05-30 19:28:01,404] {assignment_2_dags.py:75} INFO - 04-09-2020
[2021-05-30 19:28:02,032] {assignment_2_dags.py:75} INFO - 04-10-2020
[2021-05-30 19:28:02,664] {assignment_2_dags.py:75} INFO - 04-11-2020
[2021-05-30 19:28:03,291] {assignment_2_dags.py:75} INFO - 04-12-2020
[2021-05-30 19:28:03,930] {assignment_2_dags.py:75} INFO - 04-13-2020
[2021-05-30 19:28:04,715] {assignment_2_dags.py:75} INFO - 04-14-2020
[2021-05-30 19:28:05,329] {assignment_2_dags.py:75} INFO - 04-15-2020
[2021-05-30 19:28:05,889] {assignment_2_dags.py:75} INFO - 04-16-2020
[2021-05-30 19:28:06,536] {assignment_2_dags.py:75} INFO - 04-17-2020
[2021-05-30 19:28:07,182] {assignment_2_dags.py:75} INFO - 04-18-2020
[2021-05-30 19:28:07,841] {assignment_2_dags.py:75} INFO - 04-19-2020
[2021-05-30 19:28:08,447] {assignment_2_dags.py:75} INFO - 04-20-2020
[2021-05-30 19:28:09,097] {assignment_2_dags.py:75} INFO - 04-21-2020
[2021-05-30 19:28:09,727] {assignment_2_dags.py:75} INFO - 04-22-2020
[2021-05-30 19:28:10,506] {assignment_2_dags.py:75} INFO - 04-23-2020
[2021-05-30 19:28:10,975] {assignment_2_dags.py:75} INFO - 04-24-2020
[2021-05-30 19:28:11,639] {assignment_2_dags.py:75} INFO - 04-25-2020
[2021-05-30 19:28:12,317] {assignment_2_dags.py:75} INFO - 04-26-2020
[2021-05-30 19:28:12,907] {assignment_2_dags.py:75} INFO - 04-27-2020
[2021-05-30 19:28:13,527] {assignment_2_dags.py:75} INFO - 04-28-2020
[2021-05-30 19:28:14,195] {assignment_2_dags.py:75} INFO - 04-29-2020
[2021-05-30 19:28:14,859] {assignment_2_dags.py:75} INFO - 04-30-2020
[2021-05-30 19:28:15,482] {assignment_2_dags.py:75} INFO - 04-31-2020
[2021-05-30 19:28:15,848] {assignment_2_dags.py:75} INFO - 05-01-2020
[2021-05-30 19:28:16,501] {assignment_2_dags.py:75} INFO - 05-02-2020
[2021-05-30 19:28:17,138] {assignment_2_dags.py:75} INFO - 05-03-2020
[2021-05-30 19:28:17,904] {assignment_2_dags.py:75} INFO - 05-04-2020
[2021-05-30 19:28:18,390] {assignment_2_dags.py:75} INFO - 05-05-2020
[2021-05-30 19:28:19,092] {assignment_2_dags.py:75} INFO - 05-06-2020
[2021-05-30 19:28:19,691] {assignment_2_dags.py:75} INFO - 05-07-2020
[2021-05-30 19:28:20,358] {assignment_2_dags.py:75} INFO - 05-08-2020
[2021-05-30 19:28:20,992] {assignment_2_dags.py:75} INFO - 05-09-2020
[2021-05-30 19:28:21,626] {assignment_2_dags.py:75} INFO - 05-10-2020
[2021-05-30 19:28:22,705] {assignment_2_dags.py:75} INFO - 05-11-2020
[2021-05-30 19:28:25,052] {assignment_2_dags.py:75} INFO - 05-12-2020
[2021-05-30 19:28:25,748] {assignment_2_dags.py:75} INFO - 05-13-2020
[2021-05-30 19:28:26,488] {assignment_2_dags.py:75} INFO - 05-14-2020
[2021-05-30 19:28:27,303] {assignment_2_dags.py:75} INFO - 05-15-2020
[2021-05-30 19:28:27,993] {assignment_2_dags.py:75} INFO - 05-16-2020
[2021-05-30 19:28:28,660] {assignment_2_dags.py:75} INFO - 05-17-2020
[2021-05-30 19:28:29,302] {assignment_2_dags.py:75} INFO - 05-18-2020
[2021-05-30 19:28:29,993] {assignment_2_dags.py:75} INFO - 05-19-2020
[2021-05-30 19:28:30,670] {assignment_2_dags.py:75} INFO - 05-20-2020
[2021-05-30 19:28:31,300] {assignment_2_dags.py:75} INFO - 05-21-2020
[2021-05-30 19:28:31,986] {assignment_2_dags.py:75} INFO - 05-22-2020
[2021-05-30 19:28:32,623] {assignment_2_dags.py:75} INFO - 05-23-2020
[2021-05-30 19:28:33,351] {assignment_2_dags.py:75} INFO - 05-24-2020
[2021-05-30 19:28:34,141] {assignment_2_dags.py:75} INFO - 05-25-2020
[2021-05-30 19:28:34,834] {assignment_2_dags.py:75} INFO - 05-26-2020
[2021-05-30 19:28:35,490] {assignment_2_dags.py:75} INFO - 05-27-2020
[2021-05-30 19:28:36,263] {assignment_2_dags.py:75} INFO - 05-28-2020
[2021-05-30 19:28:36,952] {assignment_2_dags.py:75} INFO - 05-29-2020
[2021-05-30 19:28:37,642] {assignment_2_dags.py:75} INFO - 05-30-2020
[2021-05-30 19:28:38,319] {assignment_2_dags.py:75} INFO - 05-31-2020
[2021-05-30 19:28:38,993] {assignment_2_dags.py:75} INFO - 06-01-2020
[2021-05-30 19:28:39,786] {assignment_2_dags.py:75} INFO - 06-02-2020
[2021-05-30 19:28:40,505] {assignment_2_dags.py:75} INFO - 06-03-2020
[2021-05-30 19:28:41,139] {assignment_2_dags.py:75} INFO - 06-04-2020
[2021-05-30 19:28:41,832] {assignment_2_dags.py:75} INFO - 06-05-2020
[2021-05-30 19:28:42,604] {assignment_2_dags.py:75} INFO - 06-06-2020
[2021-05-30 19:28:43,333] {assignment_2_dags.py:75} INFO - 06-07-2020
[2021-05-30 19:28:44,093] {assignment_2_dags.py:75} INFO - 06-08-2020
[2021-05-30 19:28:44,756] {assignment_2_dags.py:75} INFO - 06-09-2020
[2021-05-30 19:28:45,599] {assignment_2_dags.py:75} INFO - 06-10-2020
[2021-05-30 19:28:46,316] {assignment_2_dags.py:75} INFO - 06-11-2020
[2021-05-30 19:28:47,145] {assignment_2_dags.py:75} INFO - 06-12-2020
[2021-05-30 19:28:47,868] {assignment_2_dags.py:75} INFO - 06-13-2020
[2021-05-30 19:28:48,600] {assignment_2_dags.py:75} INFO - 06-14-2020
[2021-05-30 19:28:49,321] {assignment_2_dags.py:75} INFO - 06-15-2020
[2021-05-30 19:28:50,009] {assignment_2_dags.py:75} INFO - 06-16-2020
[2021-05-30 19:28:50,790] {assignment_2_dags.py:75} INFO - 06-17-2020
[2021-05-30 19:28:51,731] {assignment_2_dags.py:75} INFO - 06-18-2020
[2021-05-30 19:28:52,469] {assignment_2_dags.py:75} INFO - 06-19-2020
[2021-05-30 19:28:53,287] {assignment_2_dags.py:75} INFO - 06-20-2020
[2021-05-30 19:28:54,303] {assignment_2_dags.py:75} INFO - 06-21-2020
[2021-05-30 19:28:55,037] {assignment_2_dags.py:75} INFO - 06-22-2020
[2021-05-30 19:28:55,740] {assignment_2_dags.py:75} INFO - 06-23-2020
[2021-05-30 19:28:56,585] {assignment_2_dags.py:75} INFO - 06-24-2020
[2021-05-30 19:28:57,459] {assignment_2_dags.py:75} INFO - 06-25-2020
[2021-05-30 19:28:58,241] {assignment_2_dags.py:75} INFO - 06-26-2020
[2021-05-30 19:28:58,966] {assignment_2_dags.py:75} INFO - 06-27-2020
[2021-05-30 19:28:59,664] {assignment_2_dags.py:75} INFO - 06-28-2020
[2021-05-30 19:29:00,352] {assignment_2_dags.py:75} INFO - 06-29-2020
[2021-05-30 19:29:01,100] {assignment_2_dags.py:75} INFO - 06-30-2020
[2021-05-30 19:29:01,982] {assignment_2_dags.py:75} INFO - 06-31-2020
[2021-05-30 19:29:02,228] {assignment_2_dags.py:75} INFO - 07-01-2020
[2021-05-30 19:29:02,888] {assignment_2_dags.py:75} INFO - 07-02-2020
[2021-05-30 19:29:03,602] {assignment_2_dags.py:75} INFO - 07-03-2020
[2021-05-30 19:29:04,323] {assignment_2_dags.py:75} INFO - 07-04-2020
[2021-05-30 19:29:05,018] {assignment_2_dags.py:75} INFO - 07-05-2020
[2021-05-30 19:29:05,821] {assignment_2_dags.py:75} INFO - 07-06-2020
[2021-05-30 19:29:06,403] {assignment_2_dags.py:75} INFO - 07-07-2020
[2021-05-30 19:29:07,151] {assignment_2_dags.py:75} INFO - 07-08-2020
[2021-05-30 19:29:07,849] {assignment_2_dags.py:75} INFO - 07-09-2020
[2021-05-30 19:29:08,679] {assignment_2_dags.py:75} INFO - 07-10-2020
[2021-05-30 19:29:09,252] {assignment_2_dags.py:75} INFO - 07-11-2020
[2021-05-30 19:29:09,918] {assignment_2_dags.py:75} INFO - 07-12-2020
[2021-05-30 19:29:10,625] {assignment_2_dags.py:75} INFO - 07-13-2020
[2021-05-30 19:29:11,271] {assignment_2_dags.py:75} INFO - 07-14-2020
[2021-05-30 19:29:12,040] {assignment_2_dags.py:75} INFO - 07-15-2020
[2021-05-30 19:29:13,367] {assignment_2_dags.py:75} INFO - 07-16-2020
[2021-05-30 19:29:14,094] {assignment_2_dags.py:75} INFO - 07-17-2020
[2021-05-30 19:29:15,040] {assignment_2_dags.py:75} INFO - 07-18-2020
[2021-05-30 19:29:15,578] {assignment_2_dags.py:75} INFO - 07-19-2020
[2021-05-30 19:29:16,180] {assignment_2_dags.py:75} INFO - 07-20-2020
[2021-05-30 19:29:16,913] {assignment_2_dags.py:75} INFO - 07-21-2020
[2021-05-30 19:29:17,716] {assignment_2_dags.py:75} INFO - 07-22-2020
[2021-05-30 19:29:18,729] {assignment_2_dags.py:75} INFO - 07-23-2020
[2021-05-30 19:29:19,690] {assignment_2_dags.py:75} INFO - 07-24-2020
[2021-05-30 19:29:20,762] {assignment_2_dags.py:75} INFO - 07-25-2020
[2021-05-30 19:29:22,900] {assignment_2_dags.py:75} INFO - 07-26-2020
[2021-05-30 19:29:23,588] {assignment_2_dags.py:75} INFO - 07-27-2020
[2021-05-30 19:29:24,307] {assignment_2_dags.py:75} INFO - 07-28-2020
[2021-05-30 19:29:25,208] {assignment_2_dags.py:75} INFO - 07-29-2020
[2021-05-30 19:29:26,033] {assignment_2_dags.py:75} INFO - 07-30-2020
[2021-05-30 19:29:26,822] {assignment_2_dags.py:75} INFO - 07-31-2020
[2021-05-30 19:29:27,555] {assignment_2_dags.py:75} INFO - 08-01-2020
[2021-05-30 19:29:29,039] {assignment_2_dags.py:75} INFO - 08-02-2020
[2021-05-30 19:29:29,664] {assignment_2_dags.py:75} INFO - 08-03-2020
[2021-05-30 19:29:30,368] {assignment_2_dags.py:75} INFO - 08-04-2020
[2021-05-30 19:29:31,108] {assignment_2_dags.py:75} INFO - 08-05-2020
[2021-05-30 19:29:31,922] {assignment_2_dags.py:75} INFO - 08-06-2020
[2021-05-30 19:29:32,681] {assignment_2_dags.py:75} INFO - 08-07-2020
[2021-05-30 19:29:33,385] {assignment_2_dags.py:75} INFO - 08-08-2020
[2021-05-30 19:29:34,065] {assignment_2_dags.py:75} INFO - 08-09-2020
[2021-05-30 19:29:35,342] {assignment_2_dags.py:75} INFO - 08-10-2020
[2021-05-30 19:29:36,008] {assignment_2_dags.py:75} INFO - 08-11-2020
[2021-05-30 19:29:36,739] {assignment_2_dags.py:75} INFO - 08-12-2020
[2021-05-30 19:29:37,442] {assignment_2_dags.py:75} INFO - 08-13-2020
[2021-05-30 19:29:38,220] {assignment_2_dags.py:75} INFO - 08-14-2020
[2021-05-30 19:29:39,057] {assignment_2_dags.py:75} INFO - 08-15-2020
[2021-05-30 19:29:39,847] {assignment_2_dags.py:75} INFO - 08-16-2020
[2021-05-30 19:29:40,863] {assignment_2_dags.py:75} INFO - 08-17-2020
[2021-05-30 19:29:41,392] {assignment_2_dags.py:75} INFO - 08-18-2020
[2021-05-30 19:29:41,934] {assignment_2_dags.py:75} INFO - 08-19-2020
[2021-05-30 19:29:42,907] {assignment_2_dags.py:75} INFO - 08-20-2020
[2021-05-30 19:29:43,442] {assignment_2_dags.py:75} INFO - 08-21-2020
[2021-05-30 19:29:44,148] {assignment_2_dags.py:75} INFO - 08-22-2020
[2021-05-30 19:29:44,726] {assignment_2_dags.py:75} INFO - 08-23-2020
[2021-05-30 19:29:45,384] {assignment_2_dags.py:75} INFO - 08-24-2020
[2021-05-30 19:29:46,146] {assignment_2_dags.py:75} INFO - 08-25-2020
[2021-05-30 19:29:47,090] {assignment_2_dags.py:75} INFO - 08-26-2020
[2021-05-30 19:29:47,750] {assignment_2_dags.py:75} INFO - 08-27-2020
[2021-05-30 19:29:48,505] {assignment_2_dags.py:75} INFO - 08-28-2020
[2021-05-30 19:29:49,193] {assignment_2_dags.py:75} INFO - 08-29-2020
[2021-05-30 19:29:49,917] {assignment_2_dags.py:75} INFO - 08-30-2020
[2021-05-30 19:29:50,664] {assignment_2_dags.py:75} INFO - 08-31-2020
[2021-05-30 19:29:51,522] {assignment_2_dags.py:75} INFO - 09-01-2020
[2021-05-30 19:29:52,155] {assignment_2_dags.py:75} INFO - 09-02-2020
[2021-05-30 19:29:53,546] {assignment_2_dags.py:75} INFO - 09-03-2020
[2021-05-30 19:29:54,248] {assignment_2_dags.py:75} INFO - 09-04-2020
[2021-05-30 19:29:55,138] {assignment_2_dags.py:75} INFO - 09-05-2020
[2021-05-30 19:29:55,943] {assignment_2_dags.py:75} INFO - 09-06-2020
[2021-05-30 19:29:56,766] {assignment_2_dags.py:75} INFO - 09-07-2020
[2021-05-30 19:29:57,504] {assignment_2_dags.py:75} INFO - 09-08-2020
[2021-05-30 19:29:58,260] {assignment_2_dags.py:75} INFO - 09-09-2020
[2021-05-30 19:29:59,115] {assignment_2_dags.py:75} INFO - 09-10-2020
[2021-05-30 19:29:59,932] {assignment_2_dags.py:75} INFO - 09-11-2020
[2021-05-30 19:30:00,859] {assignment_2_dags.py:75} INFO - 09-12-2020
[2021-05-30 19:30:01,687] {assignment_2_dags.py:75} INFO - 09-13-2020
[2021-05-30 19:30:02,711] {assignment_2_dags.py:75} INFO - 09-14-2020
[2021-05-30 19:30:03,438] {assignment_2_dags.py:75} INFO - 09-15-2020
[2021-05-30 19:30:04,296] {assignment_2_dags.py:75} INFO - 09-16-2020
[2021-05-30 19:30:04,991] {assignment_2_dags.py:75} INFO - 09-17-2020
[2021-05-30 19:30:05,746] {assignment_2_dags.py:75} INFO - 09-18-2020
[2021-05-30 19:30:06,417] {assignment_2_dags.py:75} INFO - 09-19-2020
[2021-05-30 19:30:07,328] {assignment_2_dags.py:75} INFO - 09-20-2020
[2021-05-30 19:30:07,959] {assignment_2_dags.py:75} INFO - 09-21-2020
[2021-05-30 19:30:08,856] {assignment_2_dags.py:75} INFO - 09-22-2020
[2021-05-30 19:30:09,677] {assignment_2_dags.py:75} INFO - 09-23-2020
[2021-05-30 19:30:10,479] {assignment_2_dags.py:75} INFO - 09-24-2020
[2021-05-30 19:30:11,095] {assignment_2_dags.py:75} INFO - 09-25-2020
[2021-05-30 19:30:11,824] {assignment_2_dags.py:75} INFO - 09-26-2020
[2021-05-30 19:30:13,579] {assignment_2_dags.py:75} INFO - 09-27-2020
[2021-05-30 19:30:14,119] {assignment_2_dags.py:75} INFO - 09-28-2020
[2021-05-30 19:30:14,981] {assignment_2_dags.py:75} INFO - 09-29-2020
[2021-05-30 19:30:16,197] {assignment_2_dags.py:75} INFO - 09-30-2020
[2021-05-30 19:30:16,962] {assignment_2_dags.py:75} INFO - 09-31-2020
[2021-05-30 19:30:17,337] {assignment_2_dags.py:75} INFO - 10-01-2020
[2021-05-30 19:30:18,136] {assignment_2_dags.py:75} INFO - 10-02-2020
[2021-05-30 19:30:18,902] {assignment_2_dags.py:75} INFO - 10-03-2020
[2021-05-30 19:30:20,355] {assignment_2_dags.py:75} INFO - 10-04-2020
[2021-05-30 19:30:20,913] {assignment_2_dags.py:75} INFO - 10-05-2020
[2021-05-30 19:30:21,889] {assignment_2_dags.py:75} INFO - 10-06-2020
[2021-05-30 19:30:23,436] {assignment_2_dags.py:75} INFO - 10-07-2020
[2021-05-30 19:30:24,190] {assignment_2_dags.py:75} INFO - 10-08-2020
[2021-05-30 19:30:24,747] {assignment_2_dags.py:75} INFO - 10-09-2020
[2021-05-30 19:30:25,405] {assignment_2_dags.py:75} INFO - 10-10-2020
[2021-05-30 19:30:26,097] {assignment_2_dags.py:75} INFO - 10-11-2020
[2021-05-30 19:30:26,832] {assignment_2_dags.py:75} INFO - 10-12-2020
[2021-05-30 19:30:27,571] {assignment_2_dags.py:75} INFO - 10-13-2020
[2021-05-30 19:30:28,427] {assignment_2_dags.py:75} INFO - 10-14-2020
[2021-05-30 19:30:29,544] {assignment_2_dags.py:75} INFO - 10-15-2020
[2021-05-30 19:30:31,134] {assignment_2_dags.py:75} INFO - 10-16-2020
[2021-05-30 19:30:32,032] {assignment_2_dags.py:75} INFO - 10-17-2020
[2021-05-30 19:30:32,737] {assignment_2_dags.py:75} INFO - 10-18-2020
[2021-05-30 19:30:33,418] {assignment_2_dags.py:75} INFO - 10-19-2020
[2021-05-30 19:30:34,173] {assignment_2_dags.py:75} INFO - 10-20-2020
[2021-05-30 19:30:35,048] {assignment_2_dags.py:75} INFO - 10-21-2020
[2021-05-30 19:30:35,856] {assignment_2_dags.py:75} INFO - 10-22-2020
[2021-05-30 19:30:36,546] {assignment_2_dags.py:75} INFO - 10-23-2020
[2021-05-30 19:30:37,263] {assignment_2_dags.py:75} INFO - 10-24-2020
[2021-05-30 19:30:38,210] {assignment_2_dags.py:75} INFO - 10-25-2020
[2021-05-30 19:30:38,915] {assignment_2_dags.py:75} INFO - 10-26-2020
[2021-05-30 19:30:39,631] {assignment_2_dags.py:75} INFO - 10-27-2020
[2021-05-30 19:30:40,436] {assignment_2_dags.py:75} INFO - 10-28-2020
[2021-05-30 19:30:41,227] {assignment_2_dags.py:75} INFO - 10-29-2020
[2021-05-30 19:30:41,977] {assignment_2_dags.py:75} INFO - 10-30-2020
[2021-05-30 19:30:42,698] {assignment_2_dags.py:75} INFO - 10-31-2020
[2021-05-30 19:30:43,471] {assignment_2_dags.py:75} INFO - 11-01-2020
[2021-05-30 19:30:44,191] {assignment_2_dags.py:75} INFO - 11-02-2020
[2021-05-30 19:30:44,964] {assignment_2_dags.py:75} INFO - 11-03-2020
[2021-05-30 19:30:46,163] {assignment_2_dags.py:75} INFO - 11-04-2020
[2021-05-30 19:30:46,718] {assignment_2_dags.py:75} INFO - 11-05-2020
[2021-05-30 19:30:47,354] {assignment_2_dags.py:75} INFO - 11-06-2020
[2021-05-30 19:30:47,947] {assignment_2_dags.py:75} INFO - 11-07-2020
[2021-05-30 19:30:48,739] {assignment_2_dags.py:75} INFO - 11-08-2020
[2021-05-30 19:30:49,793] {assignment_2_dags.py:75} INFO - 11-09-2020
[2021-05-30 19:30:50,937] {assignment_2_dags.py:75} INFO - 11-10-2020
[2021-05-30 19:30:52,077] {assignment_2_dags.py:75} INFO - 11-11-2020
[2021-05-30 19:30:52,903] {assignment_2_dags.py:75} INFO - 11-12-2020
[2021-05-30 19:30:53,799] {assignment_2_dags.py:75} INFO - 11-13-2020
[2021-05-30 19:30:54,832] {assignment_2_dags.py:75} INFO - 11-14-2020
[2021-05-30 19:30:55,604] {assignment_2_dags.py:75} INFO - 11-15-2020
[2021-05-30 19:30:56,159] {assignment_2_dags.py:75} INFO - 11-16-2020
[2021-05-30 19:30:56,897] {assignment_2_dags.py:75} INFO - 11-17-2020
[2021-05-30 19:30:57,664] {assignment_2_dags.py:75} INFO - 11-18-2020
[2021-05-30 19:30:58,398] {assignment_2_dags.py:75} INFO - 11-19-2020
[2021-05-30 19:30:59,162] {assignment_2_dags.py:75} INFO - 11-20-2020
[2021-05-30 19:30:59,952] {assignment_2_dags.py:75} INFO - 11-21-2020
[2021-05-30 19:31:00,774] {assignment_2_dags.py:75} INFO - 11-22-2020
[2021-05-30 19:31:01,578] {assignment_2_dags.py:75} INFO - 11-23-2020
[2021-05-30 19:31:02,332] {assignment_2_dags.py:75} INFO - 11-24-2020
[2021-05-30 19:31:03,082] {assignment_2_dags.py:75} INFO - 11-25-2020
[2021-05-30 19:31:03,850] {assignment_2_dags.py:75} INFO - 11-26-2020
[2021-05-30 19:31:04,872] {assignment_2_dags.py:75} INFO - 11-27-2020
[2021-05-30 19:31:05,747] {assignment_2_dags.py:75} INFO - 11-28-2020
[2021-05-30 19:31:06,556] {assignment_2_dags.py:75} INFO - 11-29-2020
[2021-05-30 19:31:07,769] {assignment_2_dags.py:75} INFO - 11-30-2020
[2021-05-30 19:31:08,720] {assignment_2_dags.py:75} INFO - 11-31-2020
[2021-05-30 19:31:09,096] {assignment_2_dags.py:75} INFO - 12-01-2020
[2021-05-30 19:31:09,911] {assignment_2_dags.py:75} INFO - 12-02-2020
[2021-05-30 19:31:10,745] {assignment_2_dags.py:75} INFO - 12-03-2020
[2021-05-30 19:31:11,421] {assignment_2_dags.py:75} INFO - 12-04-2020
[2021-05-30 19:31:12,402] {assignment_2_dags.py:75} INFO - 12-05-2020
[2021-05-30 19:31:12,950] {assignment_2_dags.py:75} INFO - 12-06-2020
[2021-05-30 19:31:13,634] {assignment_2_dags.py:75} INFO - 12-07-2020
[2021-05-30 19:31:14,330] {assignment_2_dags.py:75} INFO - 12-08-2020
[2021-05-30 19:31:15,028] {assignment_2_dags.py:75} INFO - 12-09-2020
[2021-05-30 19:31:15,725] {assignment_2_dags.py:75} INFO - 12-10-2020
[2021-05-30 19:31:16,453] {assignment_2_dags.py:75} INFO - 12-11-2020
[2021-05-30 19:31:17,183] {assignment_2_dags.py:75} INFO - 12-12-2020
[2021-05-30 19:31:17,917] {assignment_2_dags.py:75} INFO - 12-13-2020
[2021-05-30 19:31:18,685] {assignment_2_dags.py:75} INFO - 12-14-2020
[2021-05-30 19:31:19,496] {assignment_2_dags.py:75} INFO - 12-15-2020
[2021-05-30 19:31:20,171] {assignment_2_dags.py:75} INFO - 12-16-2020
[2021-05-30 19:31:20,887] {assignment_2_dags.py:75} INFO - 12-17-2020
[2021-05-30 19:31:21,573] {assignment_2_dags.py:75} INFO - 12-18-2020
[2021-05-30 19:31:22,434] {assignment_2_dags.py:75} INFO - 12-19-2020
[2021-05-30 19:31:23,312] {assignment_2_dags.py:75} INFO - 12-20-2020
[2021-05-30 19:31:24,097] {assignment_2_dags.py:75} INFO - 12-21-2020
[2021-05-30 19:31:24,896] {assignment_2_dags.py:75} INFO - 12-22-2020
[2021-05-30 19:31:25,721] {assignment_2_dags.py:75} INFO - 12-23-2020
[2021-05-30 19:31:25,994] {local_task_job.py:188} WARNING - State of this instance has been externally set to failed. Terminating instance.
[2021-05-30 19:31:26,023] {process_utils.py:100} INFO - Sending Signals.SIGTERM to GPID 72
[2021-05-30 19:31:26,037] {taskinstance.py:1265} ERROR - Received SIGTERM. Terminating subprocesses.
[2021-05-30 19:31:26,043] {assignment_2_dags.py:75} INFO - 12-24-2020
[2021-05-30 19:31:26,788] {assignment_2_dags.py:75} INFO - 12-25-2020
[2021-05-30 19:31:27,550] {assignment_2_dags.py:75} INFO - 12-26-2020
[2021-05-30 19:31:28,389] {assignment_2_dags.py:75} INFO - 12-27-2020
[2021-05-30 19:31:29,102] {assignment_2_dags.py:75} INFO - 12-28-2020
[2021-05-30 19:31:29,940] {assignment_2_dags.py:75} INFO - 12-29-2020
[2021-05-30 19:31:30,528] {assignment_2_dags.py:75} INFO - 12-30-2020
[2021-05-30 19:31:31,352] {assignment_2_dags.py:75} INFO - 12-31-2020
[2021-05-30 19:31:32,040] {assignment_2_dags.py:75} INFO - 01-01-2021
[2021-05-30 19:31:32,767] {assignment_2_dags.py:75} INFO - 01-02-2021
[2021-05-30 19:31:33,514] {assignment_2_dags.py:75} INFO - 01-03-2021
[2021-05-30 19:31:34,280] {assignment_2_dags.py:75} INFO - 01-04-2021
[2021-05-30 19:31:34,916] {assignment_2_dags.py:75} INFO - 01-05-2021
[2021-05-30 19:31:35,660] {assignment_2_dags.py:75} INFO - 01-06-2021
[2021-05-30 19:31:36,414] {assignment_2_dags.py:75} INFO - 01-07-2021
[2021-05-30 19:31:37,183] {assignment_2_dags.py:75} INFO - 01-08-2021
[2021-05-30 19:31:37,919] {assignment_2_dags.py:75} INFO - 01-09-2021
[2021-05-30 19:31:38,640] {assignment_2_dags.py:75} INFO - 01-10-2021
[2021-05-30 19:31:39,592] {assignment_2_dags.py:75} INFO - 01-11-2021
[2021-05-30 19:31:40,206] {assignment_2_dags.py:75} INFO - 01-12-2021
[2021-05-30 19:31:40,905] {assignment_2_dags.py:75} INFO - 01-13-2021
[2021-05-30 19:31:41,603] {assignment_2_dags.py:75} INFO - 01-14-2021
[2021-05-30 19:31:42,311] {assignment_2_dags.py:75} INFO - 01-15-2021
[2021-05-30 19:31:43,379] {assignment_2_dags.py:75} INFO - 01-16-2021
[2021-05-30 19:31:43,928] {assignment_2_dags.py:75} INFO - 01-17-2021
[2021-05-30 19:31:44,733] {assignment_2_dags.py:75} INFO - 01-18-2021
[2021-05-30 19:31:45,275] {assignment_2_dags.py:75} INFO - 01-19-2021
[2021-05-30 19:31:45,891] {assignment_2_dags.py:75} INFO - 01-20-2021
[2021-05-30 19:31:46,561] {assignment_2_dags.py:75} INFO - 01-21-2021
[2021-05-30 19:31:47,485] {assignment_2_dags.py:75} INFO - 01-22-2021
[2021-05-30 19:31:48,266] {assignment_2_dags.py:75} INFO - 01-23-2021
[2021-05-30 19:31:49,053] {assignment_2_dags.py:75} INFO - 01-24-2021
[2021-05-30 19:31:49,754] {assignment_2_dags.py:75} INFO - 01-25-2021
[2021-05-30 19:31:50,386] {assignment_2_dags.py:75} INFO - 01-26-2021
[2021-05-30 19:31:51,271] {assignment_2_dags.py:75} INFO - 01-27-2021
[2021-05-30 19:31:51,836] {assignment_2_dags.py:75} INFO - 01-28-2021
[2021-05-30 19:31:52,781] {assignment_2_dags.py:75} INFO - 01-29-2021
[2021-05-30 19:31:53,556] {assignment_2_dags.py:75} INFO - 01-30-2021
[2021-05-30 19:31:54,121] {assignment_2_dags.py:75} INFO - 01-31-2021
[2021-05-30 19:31:54,737] {assignment_2_dags.py:75} INFO - 02-01-2021
[2021-05-30 19:31:55,510] {assignment_2_dags.py:75} INFO - 02-02-2021
[2021-05-30 19:31:56,192] {assignment_2_dags.py:75} INFO - 02-03-2021
[2021-05-30 19:31:57,156] {assignment_2_dags.py:75} INFO - 02-04-2021
[2021-05-30 19:31:57,947] {assignment_2_dags.py:75} INFO - 02-05-2021
[2021-05-30 19:31:58,676] {assignment_2_dags.py:75} INFO - 02-06-2021
[2021-05-30 19:31:59,657] {assignment_2_dags.py:75} INFO - 02-07-2021
[2021-05-30 19:32:00,407] {assignment_2_dags.py:75} INFO - 02-08-2021
[2021-05-30 19:32:01,346] {assignment_2_dags.py:75} INFO - 02-09-2021
[2021-05-30 19:32:02,076] {assignment_2_dags.py:75} INFO - 02-10-2021
[2021-05-30 19:32:02,700] {assignment_2_dags.py:75} INFO - 02-11-2021
[2021-05-30 19:32:03,405] {assignment_2_dags.py:75} INFO - 02-12-2021
[2021-05-30 19:32:04,132] {assignment_2_dags.py:75} INFO - 02-13-2021
[2021-05-30 19:32:04,917] {assignment_2_dags.py:75} INFO - 02-14-2021
[2021-05-30 19:32:05,531] {assignment_2_dags.py:75} INFO - 02-15-2021
[2021-05-30 19:32:06,180] {assignment_2_dags.py:75} INFO - 02-16-2021
[2021-05-30 19:32:06,878] {assignment_2_dags.py:75} INFO - 02-17-2021
[2021-05-30 19:32:07,989] {assignment_2_dags.py:75} INFO - 02-18-2021
[2021-05-30 19:32:08,593] {assignment_2_dags.py:75} INFO - 02-19-2021
[2021-05-30 19:32:09,280] {assignment_2_dags.py:75} INFO - 02-20-2021
[2021-05-30 19:32:10,147] {assignment_2_dags.py:75} INFO - 02-21-2021
[2021-05-30 19:32:10,788] {assignment_2_dags.py:75} INFO - 02-22-2021
[2021-05-30 19:32:11,593] {assignment_2_dags.py:75} INFO - 02-23-2021
[2021-05-30 19:32:12,398] {assignment_2_dags.py:75} INFO - 02-24-2021
[2021-05-30 19:32:13,165] {assignment_2_dags.py:75} INFO - 02-25-2021
[2021-05-30 19:32:13,844] {assignment_2_dags.py:75} INFO - 02-26-2021
[2021-05-30 19:32:14,595] {assignment_2_dags.py:75} INFO - 02-27-2021
[2021-05-30 19:32:15,301] {assignment_2_dags.py:75} INFO - 02-28-2021
[2021-05-30 19:32:16,036] {assignment_2_dags.py:75} INFO - 02-29-2021
[2021-05-30 19:32:16,415] {assignment_2_dags.py:75} INFO - 02-30-2021
[2021-05-30 19:32:16,866] {assignment_2_dags.py:75} INFO - 02-31-2021
[2021-05-30 19:32:17,249] {assignment_2_dags.py:75} INFO - 03-01-2021
[2021-05-30 19:32:17,947] {assignment_2_dags.py:75} INFO - 03-02-2021
[2021-05-30 19:32:18,622] {assignment_2_dags.py:75} INFO - 03-03-2021
[2021-05-30 19:32:19,415] {assignment_2_dags.py:75} INFO - 03-04-2021
[2021-05-30 19:32:20,103] {assignment_2_dags.py:75} INFO - 03-05-2021
[2021-05-30 19:32:20,877] {assignment_2_dags.py:75} INFO - 03-06-2021
[2021-05-30 19:32:21,563] {assignment_2_dags.py:75} INFO - 03-07-2021
[2021-05-30 19:32:22,867] {assignment_2_dags.py:75} INFO - 03-08-2021
[2021-05-30 19:32:23,501] {assignment_2_dags.py:75} INFO - 03-09-2021
[2021-05-30 19:32:24,115] {assignment_2_dags.py:75} INFO - 03-10-2021
[2021-05-30 19:32:24,863] {assignment_2_dags.py:75} INFO - 03-11-2021
[2021-05-30 19:32:25,568] {assignment_2_dags.py:75} INFO - 03-12-2021
[2021-05-30 19:32:25,967] {process_utils.py:113} WARNING - process psutil.Process(pid=72, name='airflow task ru', status='sleeping', started='19:27:14') did not respond to SIGTERM. Trying SIGKILL
[2021-05-30 19:32:26,324] {process_utils.py:66} INFO - Process psutil.Process(pid=72, name='airflow task ru', status='terminated', exitcode=<Negsignal.SIGKILL: -9>, started='19:27:14') (72) terminated with exit code Negsignal.SIGKILL
[2021-05-30 19:32:26,327] {standard_task_runner.py:130} ERROR - Job 21 was killed before it finished (likely due to running out of memory)
