[2021-05-30 20:55:06,199] {taskinstance.py:877} INFO - Dependencies all met for <TaskInstance: data_engineering_assignment_2.Load_and_Extract_Data 2021-05-30T20:54:54.284146+00:00 [queued]>
[2021-05-30 20:55:06,228] {taskinstance.py:877} INFO - Dependencies all met for <TaskInstance: data_engineering_assignment_2.Load_and_Extract_Data 2021-05-30T20:54:54.284146+00:00 [queued]>
[2021-05-30 20:55:06,230] {taskinstance.py:1068} INFO - 
--------------------------------------------------------------------------------
[2021-05-30 20:55:06,232] {taskinstance.py:1069} INFO - Starting attempt 1 of 2
[2021-05-30 20:55:06,233] {taskinstance.py:1070} INFO - 
--------------------------------------------------------------------------------
[2021-05-30 20:55:06,255] {taskinstance.py:1089} INFO - Executing <Task(PythonOperator): Load_and_Extract_Data> on 2021-05-30T20:54:54.284146+00:00
[2021-05-30 20:55:06,263] {standard_task_runner.py:52} INFO - Started process 62 to run task
[2021-05-30 20:55:06,272] {standard_task_runner.py:76} INFO - Running: ['airflow', 'tasks', 'run', 'data_engineering_assignment_2', 'Load_and_Extract_Data', '2021-05-30T20:54:54.284146+00:00', '--job-id', '35', '--pool', 'default_pool', '--raw', '--subdir', 'DAGS_FOLDER/assignment_2_dags.py', '--cfg-path', '/tmp/tmpha3cchvy', '--error-file', '/tmp/tmpe0ptw3n1']
[2021-05-30 20:55:06,274] {standard_task_runner.py:77} INFO - Job 35: Subtask Load_and_Extract_Data
[2021-05-30 20:55:06,356] {logging_mixin.py:104} INFO - Running <TaskInstance: data_engineering_assignment_2.Load_and_Extract_Data 2021-05-30T20:54:54.284146+00:00 [running]> on host d1b2a4d53792
[2021-05-30 20:55:06,433] {taskinstance.py:1283} INFO - Exporting the following env vars:
AIRFLOW_CTX_DAG_OWNER=Mohannad alsouqi
AIRFLOW_CTX_DAG_ID=data_engineering_assignment_2
AIRFLOW_CTX_TASK_ID=Load_and_Extract_Data
AIRFLOW_CTX_EXECUTION_DATE=2021-05-30T20:54:54.284146+00:00
AIRFLOW_CTX_DAG_RUN_ID=manual__2021-05-30T20:54:54.284146+00:00
[2021-05-30 20:55:06,437] {assignment_2_dags.py:75} INFO - 01-01-2020
[2021-05-30 20:55:10,026] {assignment_2_dags.py:75} INFO - 01-02-2020
[2021-05-30 20:55:10,576] {assignment_2_dags.py:75} INFO - 01-03-2020
[2021-05-30 20:55:11,069] {assignment_2_dags.py:75} INFO - 01-04-2020
[2021-05-30 20:55:11,595] {assignment_2_dags.py:75} INFO - 01-05-2020
[2021-05-30 20:55:12,176] {assignment_2_dags.py:75} INFO - 01-06-2020
[2021-05-30 20:55:12,799] {assignment_2_dags.py:75} INFO - 01-07-2020
[2021-05-30 20:55:13,433] {assignment_2_dags.py:75} INFO - 01-08-2020
[2021-05-30 20:55:14,017] {assignment_2_dags.py:75} INFO - 01-09-2020
[2021-05-30 20:55:14,566] {assignment_2_dags.py:75} INFO - 01-10-2020
[2021-05-30 20:55:15,331] {assignment_2_dags.py:75} INFO - 01-11-2020
[2021-05-30 20:55:15,881] {assignment_2_dags.py:75} INFO - 01-12-2020
[2021-05-30 20:55:16,411] {assignment_2_dags.py:75} INFO - 01-13-2020
[2021-05-30 20:55:16,941] {assignment_2_dags.py:75} INFO - 01-14-2020
[2021-05-30 20:55:17,676] {assignment_2_dags.py:75} INFO - 01-15-2020
[2021-05-30 20:55:18,289] {assignment_2_dags.py:75} INFO - 01-16-2020
[2021-05-30 20:55:18,884] {assignment_2_dags.py:75} INFO - 01-17-2020
[2021-05-30 20:55:19,442] {assignment_2_dags.py:75} INFO - 01-18-2020
[2021-05-30 20:55:20,039] {assignment_2_dags.py:75} INFO - 01-19-2020
[2021-05-30 20:55:20,573] {assignment_2_dags.py:75} INFO - 01-20-2020
[2021-05-30 20:55:21,062] {assignment_2_dags.py:75} INFO - 01-21-2020
[2021-05-30 20:55:21,596] {assignment_2_dags.py:75} INFO - 01-22-2020
[2021-05-30 20:55:23,291] {assignment_2_dags.py:75} INFO - 01-23-2020
[2021-05-30 20:55:24,054] {assignment_2_dags.py:75} INFO - 01-24-2020
[2021-05-30 20:55:24,613] {assignment_2_dags.py:75} INFO - 01-25-2020
[2021-05-30 20:55:25,222] {assignment_2_dags.py:75} INFO - 01-26-2020
[2021-05-30 20:55:25,795] {assignment_2_dags.py:75} INFO - 01-27-2020
[2021-05-30 20:55:26,421] {assignment_2_dags.py:75} INFO - 01-28-2020
[2021-05-30 20:55:26,927] {assignment_2_dags.py:75} INFO - 01-29-2020
[2021-05-30 20:55:27,499] {assignment_2_dags.py:75} INFO - 01-30-2020
[2021-05-30 20:55:28,088] {assignment_2_dags.py:75} INFO - 01-31-2020
[2021-05-30 20:55:28,774] {assignment_2_dags.py:75} INFO - 02-01-2020
[2021-05-30 20:55:29,347] {assignment_2_dags.py:75} INFO - 02-02-2020
[2021-05-30 20:55:29,933] {assignment_2_dags.py:75} INFO - 02-03-2020
[2021-05-30 20:55:30,712] {assignment_2_dags.py:75} INFO - 02-04-2020
[2021-05-30 20:55:31,406] {assignment_2_dags.py:75} INFO - 02-05-2020
[2021-05-30 20:55:32,107] {assignment_2_dags.py:75} INFO - 02-06-2020
[2021-05-30 20:55:34,669] {assignment_2_dags.py:75} INFO - 02-07-2020
[2021-05-30 20:55:37,519] {assignment_2_dags.py:75} INFO - 02-08-2020
[2021-05-30 20:55:38,090] {assignment_2_dags.py:75} INFO - 02-09-2020
[2021-05-30 20:55:38,638] {assignment_2_dags.py:75} INFO - 02-10-2020
[2021-05-30 20:55:39,655] {assignment_2_dags.py:75} INFO - 02-11-2020
[2021-05-30 20:55:40,445] {assignment_2_dags.py:75} INFO - 02-12-2020
[2021-05-30 20:55:42,009] {assignment_2_dags.py:75} INFO - 02-13-2020
[2021-05-30 20:55:42,805] {assignment_2_dags.py:75} INFO - 02-14-2020
[2021-05-30 20:55:43,525] {assignment_2_dags.py:75} INFO - 02-15-2020
[2021-05-30 20:55:44,133] {assignment_2_dags.py:75} INFO - 02-16-2020
[2021-05-30 20:55:44,709] {assignment_2_dags.py:75} INFO - 02-17-2020
[2021-05-30 20:55:45,732] {assignment_2_dags.py:75} INFO - 02-18-2020
[2021-05-30 20:55:46,200] {assignment_2_dags.py:75} INFO - 02-19-2020
[2021-05-30 20:55:46,738] {assignment_2_dags.py:75} INFO - 02-20-2020
[2021-05-30 20:55:47,276] {assignment_2_dags.py:75} INFO - 02-21-2020
[2021-05-30 20:55:47,741] {assignment_2_dags.py:75} INFO - 02-22-2020
[2021-05-30 20:55:48,547] {assignment_2_dags.py:75} INFO - 02-23-2020
[2021-05-30 20:55:49,108] {assignment_2_dags.py:75} INFO - 02-24-2020
[2021-05-30 20:55:49,566] {assignment_2_dags.py:75} INFO - 02-25-2020
[2021-05-30 20:55:50,123] {assignment_2_dags.py:75} INFO - 02-26-2020
[2021-05-30 20:55:50,634] {assignment_2_dags.py:75} INFO - 02-27-2020
[2021-05-30 20:55:51,182] {assignment_2_dags.py:75} INFO - 02-28-2020
[2021-05-30 20:55:51,709] {assignment_2_dags.py:75} INFO - 02-29-2020
[2021-05-30 20:55:52,233] {assignment_2_dags.py:75} INFO - 02-30-2020
[2021-05-30 20:55:52,787] {assignment_2_dags.py:75} INFO - 02-31-2020
[2021-05-30 20:55:53,293] {assignment_2_dags.py:75} INFO - 03-01-2020
[2021-05-30 20:55:53,819] {assignment_2_dags.py:75} INFO - 03-02-2020
[2021-05-30 20:55:54,353] {assignment_2_dags.py:75} INFO - 03-03-2020
[2021-05-30 20:55:54,832] {assignment_2_dags.py:75} INFO - 03-04-2020
[2021-05-30 20:55:55,359] {assignment_2_dags.py:75} INFO - 03-05-2020
[2021-05-30 20:55:55,852] {assignment_2_dags.py:75} INFO - 03-06-2020
[2021-05-30 20:55:56,398] {assignment_2_dags.py:75} INFO - 03-07-2020
[2021-05-30 20:55:57,202] {assignment_2_dags.py:75} INFO - 03-08-2020
[2021-05-30 20:55:57,744] {assignment_2_dags.py:75} INFO - 03-09-2020
[2021-05-30 20:55:58,286] {assignment_2_dags.py:75} INFO - 03-10-2020
[2021-05-30 20:55:58,755] {assignment_2_dags.py:75} INFO - 03-11-2020
[2021-05-30 20:55:59,270] {assignment_2_dags.py:75} INFO - 03-12-2020
[2021-05-30 20:55:59,817] {assignment_2_dags.py:75} INFO - 03-13-2020
[2021-05-30 20:56:00,380] {assignment_2_dags.py:75} INFO - 03-14-2020
[2021-05-30 20:56:00,831] {assignment_2_dags.py:75} INFO - 03-15-2020
[2021-05-30 20:56:01,344] {assignment_2_dags.py:75} INFO - 03-16-2020
[2021-05-30 20:56:01,962] {assignment_2_dags.py:75} INFO - 03-17-2020
[2021-05-30 20:56:02,529] {assignment_2_dags.py:75} INFO - 03-18-2020
[2021-05-30 20:56:03,530] {assignment_2_dags.py:75} INFO - 03-19-2020
[2021-05-30 20:56:04,079] {assignment_2_dags.py:75} INFO - 03-20-2020
[2021-05-30 20:56:04,641] {assignment_2_dags.py:75} INFO - 03-21-2020
[2021-05-30 20:56:05,569] {assignment_2_dags.py:75} INFO - 03-22-2020
[2021-05-30 20:56:06,356] {assignment_2_dags.py:75} INFO - 03-23-2020
[2021-05-30 20:56:06,972] {assignment_2_dags.py:75} INFO - 03-24-2020
[2021-05-30 20:56:07,680] {assignment_2_dags.py:75} INFO - 03-25-2020
[2021-05-30 20:56:08,527] {assignment_2_dags.py:75} INFO - 03-26-2020
[2021-05-30 20:56:09,277] {assignment_2_dags.py:75} INFO - 03-27-2020
[2021-05-30 20:56:09,997] {assignment_2_dags.py:75} INFO - 03-28-2020
[2021-05-30 20:56:10,668] {assignment_2_dags.py:75} INFO - 03-29-2020
[2021-05-30 20:56:11,284] {assignment_2_dags.py:75} INFO - 03-30-2020
[2021-05-30 20:56:12,211] {assignment_2_dags.py:75} INFO - 03-31-2020
[2021-05-30 20:56:12,829] {assignment_2_dags.py:75} INFO - 04-01-2020
[2021-05-30 20:56:13,478] {assignment_2_dags.py:75} INFO - 04-02-2020
[2021-05-30 20:56:14,150] {assignment_2_dags.py:75} INFO - 04-03-2020
[2021-05-30 20:56:14,858] {assignment_2_dags.py:75} INFO - 04-04-2020
[2021-05-30 20:56:15,517] {assignment_2_dags.py:75} INFO - 04-05-2020
[2021-05-30 20:56:16,151] {assignment_2_dags.py:75} INFO - 04-06-2020
[2021-05-30 20:56:16,832] {assignment_2_dags.py:75} INFO - 04-07-2020
[2021-05-30 20:56:17,525] {assignment_2_dags.py:75} INFO - 04-08-2020
[2021-05-30 20:56:18,120] {assignment_2_dags.py:75} INFO - 04-09-2020
[2021-05-30 20:56:18,705] {assignment_2_dags.py:75} INFO - 04-10-2020
[2021-05-30 20:56:19,370] {assignment_2_dags.py:75} INFO - 04-11-2020
[2021-05-30 20:56:19,959] {assignment_2_dags.py:75} INFO - 04-12-2020
[2021-05-30 20:56:21,054] {assignment_2_dags.py:75} INFO - 04-13-2020
[2021-05-30 20:56:21,732] {assignment_2_dags.py:75} INFO - 04-14-2020
[2021-05-30 20:56:22,338] {assignment_2_dags.py:75} INFO - 04-15-2020
[2021-05-30 20:56:22,961] {assignment_2_dags.py:75} INFO - 04-16-2020
[2021-05-30 20:56:23,729] {assignment_2_dags.py:75} INFO - 04-17-2020
[2021-05-30 20:56:24,430] {assignment_2_dags.py:75} INFO - 04-18-2020
[2021-05-30 20:56:25,125] {assignment_2_dags.py:75} INFO - 04-19-2020
[2021-05-30 20:56:25,723] {assignment_2_dags.py:75} INFO - 04-20-2020
[2021-05-30 20:56:26,404] {assignment_2_dags.py:75} INFO - 04-21-2020
[2021-05-30 20:56:27,010] {assignment_2_dags.py:75} INFO - 04-22-2020
[2021-05-30 20:56:27,687] {assignment_2_dags.py:75} INFO - 04-23-2020
[2021-05-30 20:56:28,418] {assignment_2_dags.py:75} INFO - 04-24-2020
[2021-05-30 20:56:29,035] {assignment_2_dags.py:75} INFO - 04-25-2020
[2021-05-30 20:56:29,677] {assignment_2_dags.py:75} INFO - 04-26-2020
[2021-05-30 20:56:30,326] {assignment_2_dags.py:75} INFO - 04-27-2020
[2021-05-30 20:56:30,951] {assignment_2_dags.py:75} INFO - 04-28-2020
[2021-05-30 20:56:31,574] {assignment_2_dags.py:75} INFO - 04-29-2020
[2021-05-30 20:56:32,281] {assignment_2_dags.py:75} INFO - 04-30-2020
[2021-05-30 20:56:32,912] {assignment_2_dags.py:75} INFO - 04-31-2020
[2021-05-30 20:56:33,421] {assignment_2_dags.py:75} INFO - 05-01-2020
[2021-05-30 20:56:34,091] {assignment_2_dags.py:75} INFO - 05-02-2020
[2021-05-30 20:56:34,796] {assignment_2_dags.py:75} INFO - 05-03-2020
[2021-05-30 20:56:35,461] {assignment_2_dags.py:75} INFO - 05-04-2020
[2021-05-30 20:56:36,103] {assignment_2_dags.py:75} INFO - 05-05-2020
[2021-05-30 20:56:36,801] {assignment_2_dags.py:75} INFO - 05-06-2020
[2021-05-30 20:56:37,498] {assignment_2_dags.py:75} INFO - 05-07-2020
[2021-05-30 20:56:38,299] {assignment_2_dags.py:75} INFO - 05-08-2020
[2021-05-30 20:56:38,984] {assignment_2_dags.py:75} INFO - 05-09-2020
[2021-05-30 20:56:39,655] {assignment_2_dags.py:75} INFO - 05-10-2020
[2021-05-30 20:56:40,261] {assignment_2_dags.py:75} INFO - 05-11-2020
[2021-05-30 20:56:40,982] {assignment_2_dags.py:75} INFO - 05-12-2020
[2021-05-30 20:56:41,692] {assignment_2_dags.py:75} INFO - 05-13-2020
[2021-05-30 20:56:42,391] {assignment_2_dags.py:75} INFO - 05-14-2020
[2021-05-30 20:56:42,998] {assignment_2_dags.py:75} INFO - 05-15-2020
[2021-05-30 20:56:43,708] {assignment_2_dags.py:75} INFO - 05-16-2020
[2021-05-30 20:56:44,362] {assignment_2_dags.py:75} INFO - 05-17-2020
[2021-05-30 20:56:44,968] {assignment_2_dags.py:75} INFO - 05-18-2020
[2021-05-30 20:56:45,640] {assignment_2_dags.py:75} INFO - 05-19-2020
[2021-05-30 20:56:46,370] {assignment_2_dags.py:75} INFO - 05-20-2020
[2021-05-30 20:56:47,083] {assignment_2_dags.py:75} INFO - 05-21-2020
[2021-05-30 20:56:47,709] {assignment_2_dags.py:75} INFO - 05-22-2020
[2021-05-30 20:56:48,433] {assignment_2_dags.py:75} INFO - 05-23-2020
[2021-05-30 20:56:49,084] {assignment_2_dags.py:75} INFO - 05-24-2020
[2021-05-30 20:56:49,862] {assignment_2_dags.py:75} INFO - 05-25-2020
[2021-05-30 20:56:50,905] {assignment_2_dags.py:75} INFO - 05-26-2020
[2021-05-30 20:56:52,029] {assignment_2_dags.py:75} INFO - 05-27-2020
[2021-05-30 20:56:52,724] {assignment_2_dags.py:75} INFO - 05-28-2020
[2021-05-30 20:56:53,493] {assignment_2_dags.py:75} INFO - 05-29-2020
[2021-05-30 20:56:54,200] {assignment_2_dags.py:75} INFO - 05-30-2020
[2021-05-30 20:56:54,901] {assignment_2_dags.py:75} INFO - 05-31-2020
[2021-05-30 20:56:55,598] {assignment_2_dags.py:75} INFO - 06-01-2020
[2021-05-30 20:56:56,285] {assignment_2_dags.py:75} INFO - 06-02-2020
[2021-05-30 20:56:56,988] {assignment_2_dags.py:75} INFO - 06-03-2020
[2021-05-30 20:56:57,716] {assignment_2_dags.py:75} INFO - 06-04-2020
[2021-05-30 20:56:58,727] {assignment_2_dags.py:75} INFO - 06-05-2020
[2021-05-30 20:56:59,532] {assignment_2_dags.py:75} INFO - 06-06-2020
[2021-05-30 20:57:00,209] {assignment_2_dags.py:75} INFO - 06-07-2020
[2021-05-30 20:57:00,820] {assignment_2_dags.py:75} INFO - 06-08-2020
[2021-05-30 20:57:01,507] {assignment_2_dags.py:75} INFO - 06-09-2020
[2021-05-30 20:57:02,317] {assignment_2_dags.py:75} INFO - 06-10-2020
[2021-05-30 20:57:03,020] {assignment_2_dags.py:75} INFO - 06-11-2020
[2021-05-30 20:57:03,828] {assignment_2_dags.py:75} INFO - 06-12-2020
[2021-05-30 20:57:04,530] {assignment_2_dags.py:75} INFO - 06-13-2020
[2021-05-30 20:57:05,263] {assignment_2_dags.py:75} INFO - 06-14-2020
[2021-05-30 20:57:06,234] {assignment_2_dags.py:75} INFO - 06-15-2020
[2021-05-30 20:57:06,873] {assignment_2_dags.py:75} INFO - 06-16-2020
[2021-05-30 20:57:07,600] {assignment_2_dags.py:75} INFO - 06-17-2020
[2021-05-30 20:57:09,190] {assignment_2_dags.py:75} INFO - 06-18-2020
[2021-05-30 20:57:09,936] {assignment_2_dags.py:75} INFO - 06-19-2020
[2021-05-30 20:57:10,676] {assignment_2_dags.py:75} INFO - 06-20-2020
[2021-05-30 20:57:11,387] {assignment_2_dags.py:75} INFO - 06-21-2020
[2021-05-30 20:57:12,192] {assignment_2_dags.py:75} INFO - 06-22-2020
[2021-05-30 20:57:12,933] {assignment_2_dags.py:75} INFO - 06-23-2020
[2021-05-30 20:57:13,626] {assignment_2_dags.py:75} INFO - 06-24-2020
[2021-05-30 20:57:14,632] {assignment_2_dags.py:75} INFO - 06-25-2020
[2021-05-30 20:57:15,306] {assignment_2_dags.py:75} INFO - 06-26-2020
[2021-05-30 20:57:16,003] {assignment_2_dags.py:75} INFO - 06-27-2020
[2021-05-30 20:57:16,696] {assignment_2_dags.py:75} INFO - 06-28-2020
[2021-05-30 20:57:17,437] {assignment_2_dags.py:75} INFO - 06-29-2020
[2021-05-30 20:57:18,159] {assignment_2_dags.py:75} INFO - 06-30-2020
[2021-05-30 20:57:18,888] {assignment_2_dags.py:75} INFO - 06-31-2020
[2021-05-30 20:57:19,418] {assignment_2_dags.py:75} INFO - 07-01-2020
[2021-05-30 20:57:20,105] {assignment_2_dags.py:75} INFO - 07-02-2020
[2021-05-30 20:57:20,812] {assignment_2_dags.py:75} INFO - 07-03-2020
[2021-05-30 20:57:21,686] {assignment_2_dags.py:75} INFO - 07-04-2020
[2021-05-30 20:57:22,359] {assignment_2_dags.py:75} INFO - 07-05-2020
[2021-05-30 20:57:23,283] {assignment_2_dags.py:75} INFO - 07-06-2020
[2021-05-30 20:57:24,094] {assignment_2_dags.py:75} INFO - 07-07-2020
[2021-05-30 20:57:25,258] {assignment_2_dags.py:75} INFO - 07-08-2020
[2021-05-30 20:57:26,444] {assignment_2_dags.py:75} INFO - 07-09-2020
[2021-05-30 20:57:27,095] {assignment_2_dags.py:75} INFO - 07-10-2020
[2021-05-30 20:57:27,755] {assignment_2_dags.py:75} INFO - 07-11-2020
[2021-05-30 20:57:28,516] {assignment_2_dags.py:75} INFO - 07-12-2020
[2021-05-30 20:57:29,169] {assignment_2_dags.py:75} INFO - 07-13-2020
[2021-05-30 20:57:29,980] {assignment_2_dags.py:75} INFO - 07-14-2020
[2021-05-30 20:57:30,775] {assignment_2_dags.py:75} INFO - 07-15-2020
[2021-05-30 20:57:31,680] {assignment_2_dags.py:75} INFO - 07-16-2020
[2021-05-30 20:57:32,346] {assignment_2_dags.py:75} INFO - 07-17-2020
[2021-05-30 20:57:33,038] {assignment_2_dags.py:75} INFO - 07-18-2020
[2021-05-30 20:57:33,770] {assignment_2_dags.py:75} INFO - 07-19-2020
[2021-05-30 20:57:34,548] {assignment_2_dags.py:75} INFO - 07-20-2020
[2021-05-30 20:57:35,198] {assignment_2_dags.py:75} INFO - 07-21-2020
[2021-05-30 20:57:36,242] {assignment_2_dags.py:75} INFO - 07-22-2020
[2021-05-30 20:57:36,915] {assignment_2_dags.py:75} INFO - 07-23-2020
[2021-05-30 20:57:37,595] {assignment_2_dags.py:75} INFO - 07-24-2020
[2021-05-30 20:57:38,311] {assignment_2_dags.py:75} INFO - 07-25-2020
[2021-05-30 20:57:39,019] {assignment_2_dags.py:75} INFO - 07-26-2020
[2021-05-30 20:57:39,709] {assignment_2_dags.py:75} INFO - 07-27-2020
[2021-05-30 20:57:40,346] {assignment_2_dags.py:75} INFO - 07-28-2020
[2021-05-30 20:57:41,208] {assignment_2_dags.py:75} INFO - 07-29-2020
[2021-05-30 20:57:41,932] {assignment_2_dags.py:75} INFO - 07-30-2020
[2021-05-30 20:57:42,584] {assignment_2_dags.py:75} INFO - 07-31-2020
[2021-05-30 20:57:43,311] {assignment_2_dags.py:75} INFO - 08-01-2020
[2021-05-30 20:57:43,987] {assignment_2_dags.py:75} INFO - 08-02-2020
[2021-05-30 20:57:44,714] {assignment_2_dags.py:75} INFO - 08-03-2020
[2021-05-30 20:57:45,376] {assignment_2_dags.py:75} INFO - 08-04-2020
[2021-05-30 20:57:46,043] {assignment_2_dags.py:75} INFO - 08-05-2020
[2021-05-30 20:57:46,702] {assignment_2_dags.py:75} INFO - 08-06-2020
[2021-05-30 20:57:47,598] {assignment_2_dags.py:75} INFO - 08-07-2020
[2021-05-30 20:57:48,415] {assignment_2_dags.py:75} INFO - 08-08-2020
[2021-05-30 20:57:49,221] {assignment_2_dags.py:75} INFO - 08-09-2020
[2021-05-30 20:57:49,867] {assignment_2_dags.py:75} INFO - 08-10-2020
[2021-05-30 20:57:50,535] {assignment_2_dags.py:75} INFO - 08-11-2020
[2021-05-30 20:57:51,301] {assignment_2_dags.py:75} INFO - 08-12-2020
[2021-05-30 20:57:52,289] {assignment_2_dags.py:75} INFO - 08-13-2020
[2021-05-30 20:57:52,982] {assignment_2_dags.py:75} INFO - 08-14-2020
[2021-05-30 20:57:53,684] {assignment_2_dags.py:75} INFO - 08-15-2020
[2021-05-30 20:57:54,347] {assignment_2_dags.py:75} INFO - 08-16-2020
[2021-05-30 20:57:55,346] {assignment_2_dags.py:75} INFO - 08-17-2020
[2021-05-30 20:57:56,154] {assignment_2_dags.py:75} INFO - 08-18-2020
[2021-05-30 20:57:57,216] {assignment_2_dags.py:75} INFO - 08-19-2020
[2021-05-30 20:57:58,152] {assignment_2_dags.py:75} INFO - 08-20-2020
[2021-05-30 20:57:58,996] {assignment_2_dags.py:75} INFO - 08-21-2020
[2021-05-30 20:57:59,756] {assignment_2_dags.py:75} INFO - 08-22-2020
[2021-05-30 20:58:00,382] {assignment_2_dags.py:75} INFO - 08-23-2020
[2021-05-30 20:58:01,003] {assignment_2_dags.py:75} INFO - 08-24-2020
[2021-05-30 20:58:01,653] {assignment_2_dags.py:75} INFO - 08-25-2020
[2021-05-30 20:58:02,402] {assignment_2_dags.py:75} INFO - 08-26-2020
[2021-05-30 20:58:03,174] {assignment_2_dags.py:75} INFO - 08-27-2020
[2021-05-30 20:58:03,892] {assignment_2_dags.py:75} INFO - 08-28-2020
[2021-05-30 20:58:04,519] {assignment_2_dags.py:75} INFO - 08-29-2020
[2021-05-30 20:58:05,244] {assignment_2_dags.py:75} INFO - 08-30-2020
[2021-05-30 20:58:06,008] {assignment_2_dags.py:75} INFO - 08-31-2020
[2021-05-30 20:58:06,865] {assignment_2_dags.py:75} INFO - 09-01-2020
[2021-05-30 20:58:07,641] {assignment_2_dags.py:75} INFO - 09-02-2020
[2021-05-30 20:58:08,055] {local_task_job.py:77} ERROR - Received SIGTERM. Terminating subprocesses
[2021-05-30 20:58:08,508] {process_utils.py:100} INFO - Sending Signals.SIGTERM to GPID 62
[2021-05-30 20:58:08,585] {taskinstance.py:1265} ERROR - Received SIGTERM. Terminating subprocesses.
[2021-05-30 20:58:08,632] {assignment_2_dags.py:75} INFO - 09-03-2020
[2021-05-30 20:58:10,626] {assignment_2_dags.py:75} INFO - 09-04-2020
[2021-05-30 20:58:11,496] {assignment_2_dags.py:75} INFO - 09-05-2020
[2021-05-30 20:58:12,295] {assignment_2_dags.py:75} INFO - 09-06-2020
