[2021-05-30 19:08:49,105] {taskinstance.py:877} INFO - Dependencies all met for <TaskInstance: data_engineering_assignment_2.load_csv 2021-05-30T19:06:32.067615+00:00 [queued]>
[2021-05-30 19:08:49,136] {taskinstance.py:877} INFO - Dependencies all met for <TaskInstance: data_engineering_assignment_2.load_csv 2021-05-30T19:06:32.067615+00:00 [queued]>
[2021-05-30 19:08:49,138] {taskinstance.py:1068} INFO - 
--------------------------------------------------------------------------------
[2021-05-30 19:08:49,139] {taskinstance.py:1069} INFO - Starting attempt 1 of 2
[2021-05-30 19:08:49,141] {taskinstance.py:1070} INFO - 
--------------------------------------------------------------------------------
[2021-05-30 19:08:49,159] {taskinstance.py:1089} INFO - Executing <Task(PythonOperator): load_csv> on 2021-05-30T19:06:32.067615+00:00
[2021-05-30 19:08:49,168] {standard_task_runner.py:52} INFO - Started process 73 to run task
[2021-05-30 19:08:49,176] {standard_task_runner.py:76} INFO - Running: ['airflow', 'tasks', 'run', 'data_engineering_assignment_2', 'load_csv', '2021-05-30T19:06:32.067615+00:00', '--job-id', '12', '--pool', 'default_pool', '--raw', '--subdir', 'DAGS_FOLDER/assignment_2_airflow_dags.py', '--cfg-path', '/tmp/tmpw0k50p8s', '--error-file', '/tmp/tmppu8rqh_f']
[2021-05-30 19:08:49,179] {standard_task_runner.py:77} INFO - Job 12: Subtask load_csv
[2021-05-30 19:08:49,274] {logging_mixin.py:104} INFO - Running <TaskInstance: data_engineering_assignment_2.load_csv 2021-05-30T19:06:32.067615+00:00 [running]> on host d1b2a4d53792
[2021-05-30 19:08:49,361] {taskinstance.py:1283} INFO - Exporting the following env vars:
AIRFLOW_CTX_DAG_OWNER=Mohannad alsouqi
AIRFLOW_CTX_DAG_ID=data_engineering_assignment_2
AIRFLOW_CTX_TASK_ID=load_csv
AIRFLOW_CTX_EXECUTION_DATE=2021-05-30T19:06:32.067615+00:00
AIRFLOW_CTX_DAG_RUN_ID=manual__2021-05-30T19:06:32.067615+00:00
[2021-05-30 19:08:49,370] {assignment_2_airflow_dags.py:75} INFO - 01-01-2020
[2021-05-30 19:08:50,094] {assignment_2_airflow_dags.py:75} INFO - 01-02-2020
[2021-05-30 19:08:50,478] {assignment_2_airflow_dags.py:75} INFO - 01-03-2020
[2021-05-30 19:08:50,850] {assignment_2_airflow_dags.py:75} INFO - 01-04-2020
[2021-05-30 19:08:51,227] {assignment_2_airflow_dags.py:75} INFO - 01-05-2020
[2021-05-30 19:08:51,634] {assignment_2_airflow_dags.py:75} INFO - 01-06-2020
[2021-05-30 19:08:52,036] {assignment_2_airflow_dags.py:75} INFO - 01-07-2020
[2021-05-30 19:08:52,431] {assignment_2_airflow_dags.py:75} INFO - 01-08-2020
[2021-05-30 19:08:52,849] {assignment_2_airflow_dags.py:75} INFO - 01-09-2020
[2021-05-30 19:08:53,249] {assignment_2_airflow_dags.py:75} INFO - 01-10-2020
[2021-05-30 19:08:53,647] {assignment_2_airflow_dags.py:75} INFO - 01-11-2020
[2021-05-30 19:08:54,032] {assignment_2_airflow_dags.py:75} INFO - 01-12-2020
[2021-05-30 19:08:54,426] {assignment_2_airflow_dags.py:75} INFO - 01-13-2020
[2021-05-30 19:08:54,859] {assignment_2_airflow_dags.py:75} INFO - 01-14-2020
[2021-05-30 19:08:55,284] {assignment_2_airflow_dags.py:75} INFO - 01-15-2020
[2021-05-30 19:08:55,660] {assignment_2_airflow_dags.py:75} INFO - 01-16-2020
[2021-05-30 19:08:56,046] {assignment_2_airflow_dags.py:75} INFO - 01-17-2020
[2021-05-30 19:08:56,452] {assignment_2_airflow_dags.py:75} INFO - 01-18-2020
[2021-05-30 19:08:56,821] {assignment_2_airflow_dags.py:75} INFO - 01-19-2020
[2021-05-30 19:08:57,206] {assignment_2_airflow_dags.py:75} INFO - 01-20-2020
[2021-05-30 19:08:57,582] {assignment_2_airflow_dags.py:75} INFO - 01-21-2020
[2021-05-30 19:08:57,954] {assignment_2_airflow_dags.py:75} INFO - 01-22-2020
[2021-05-30 19:08:59,445] {assignment_2_airflow_dags.py:75} INFO - 01-23-2020
[2021-05-30 19:08:59,774] {assignment_2_airflow_dags.py:75} INFO - 01-24-2020
[2021-05-30 19:09:00,209] {assignment_2_airflow_dags.py:75} INFO - 01-25-2020
[2021-05-30 19:09:00,614] {assignment_2_airflow_dags.py:75} INFO - 01-26-2020
[2021-05-30 19:09:01,010] {assignment_2_airflow_dags.py:75} INFO - 01-27-2020
[2021-05-30 19:09:01,471] {assignment_2_airflow_dags.py:75} INFO - 01-28-2020
[2021-05-30 19:09:01,888] {assignment_2_airflow_dags.py:75} INFO - 01-29-2020
[2021-05-30 19:09:02,304] {assignment_2_airflow_dags.py:75} INFO - 01-30-2020
[2021-05-30 19:09:02,736] {assignment_2_airflow_dags.py:75} INFO - 01-31-2020
[2021-05-30 19:09:03,151] {assignment_2_airflow_dags.py:75} INFO - 02-01-2020
[2021-05-30 19:09:03,771] {assignment_2_airflow_dags.py:75} INFO - 02-02-2020
[2021-05-30 19:09:04,202] {assignment_2_airflow_dags.py:75} INFO - 02-03-2020
[2021-05-30 19:09:04,611] {assignment_2_airflow_dags.py:75} INFO - 02-04-2020
[2021-05-30 19:09:05,005] {assignment_2_airflow_dags.py:75} INFO - 02-05-2020
[2021-05-30 19:09:05,409] {assignment_2_airflow_dags.py:75} INFO - 02-06-2020
[2021-05-30 19:09:05,823] {assignment_2_airflow_dags.py:75} INFO - 02-07-2020
[2021-05-30 19:09:06,235] {assignment_2_airflow_dags.py:75} INFO - 02-08-2020
[2021-05-30 19:09:06,649] {assignment_2_airflow_dags.py:75} INFO - 02-09-2020
[2021-05-30 19:09:07,041] {assignment_2_airflow_dags.py:75} INFO - 02-10-2020
[2021-05-30 19:09:07,434] {assignment_2_airflow_dags.py:75} INFO - 02-11-2020
[2021-05-30 19:09:07,825] {assignment_2_airflow_dags.py:75} INFO - 02-12-2020
[2021-05-30 19:09:08,215] {assignment_2_airflow_dags.py:75} INFO - 02-13-2020
[2021-05-30 19:09:08,628] {assignment_2_airflow_dags.py:75} INFO - 02-14-2020
[2021-05-30 19:09:09,012] {assignment_2_airflow_dags.py:75} INFO - 02-15-2020
[2021-05-30 19:09:09,415] {assignment_2_airflow_dags.py:75} INFO - 02-16-2020
[2021-05-30 19:09:09,835] {assignment_2_airflow_dags.py:75} INFO - 02-17-2020
[2021-05-30 19:09:10,251] {assignment_2_airflow_dags.py:75} INFO - 02-18-2020
[2021-05-30 19:09:10,647] {assignment_2_airflow_dags.py:75} INFO - 02-19-2020
[2021-05-30 19:09:11,039] {assignment_2_airflow_dags.py:75} INFO - 02-20-2020
[2021-05-30 19:09:11,440] {assignment_2_airflow_dags.py:75} INFO - 02-21-2020
[2021-05-30 19:09:11,835] {assignment_2_airflow_dags.py:75} INFO - 02-22-2020
[2021-05-30 19:09:12,248] {assignment_2_airflow_dags.py:75} INFO - 02-23-2020
[2021-05-30 19:09:12,639] {assignment_2_airflow_dags.py:75} INFO - 02-24-2020
[2021-05-30 19:09:13,019] {assignment_2_airflow_dags.py:75} INFO - 02-25-2020
[2021-05-30 19:09:13,425] {assignment_2_airflow_dags.py:75} INFO - 02-26-2020
[2021-05-30 19:09:13,848] {assignment_2_airflow_dags.py:75} INFO - 02-27-2020
[2021-05-30 19:09:14,248] {assignment_2_airflow_dags.py:75} INFO - 02-28-2020
[2021-05-30 19:09:14,659] {assignment_2_airflow_dags.py:75} INFO - 02-29-2020
[2021-05-30 19:09:15,035] {assignment_2_airflow_dags.py:75} INFO - 02-30-2020
[2021-05-30 19:09:15,410] {assignment_2_airflow_dags.py:75} INFO - 02-31-2020
[2021-05-30 19:09:15,769] {assignment_2_airflow_dags.py:75} INFO - 03-01-2020
[2021-05-30 19:09:16,167] {assignment_2_airflow_dags.py:75} INFO - 03-02-2020
[2021-05-30 19:09:16,571] {assignment_2_airflow_dags.py:75} INFO - 03-03-2020
[2021-05-30 19:09:16,979] {assignment_2_airflow_dags.py:75} INFO - 03-04-2020
[2021-05-30 19:09:17,377] {assignment_2_airflow_dags.py:75} INFO - 03-05-2020
[2021-05-30 19:09:17,780] {assignment_2_airflow_dags.py:75} INFO - 03-06-2020
[2021-05-30 19:09:18,191] {assignment_2_airflow_dags.py:75} INFO - 03-07-2020
[2021-05-30 19:09:18,601] {assignment_2_airflow_dags.py:75} INFO - 03-08-2020
[2021-05-30 19:09:19,000] {assignment_2_airflow_dags.py:75} INFO - 03-09-2020
[2021-05-30 19:09:19,415] {assignment_2_airflow_dags.py:75} INFO - 03-10-2020
[2021-05-30 19:09:19,820] {assignment_2_airflow_dags.py:75} INFO - 03-11-2020
[2021-05-30 19:09:20,212] {assignment_2_airflow_dags.py:75} INFO - 03-12-2020
[2021-05-30 19:09:20,611] {assignment_2_airflow_dags.py:75} INFO - 03-13-2020
[2021-05-30 19:09:21,018] {assignment_2_airflow_dags.py:75} INFO - 03-14-2020
[2021-05-30 19:09:21,419] {assignment_2_airflow_dags.py:75} INFO - 03-15-2020
[2021-05-30 19:09:21,827] {assignment_2_airflow_dags.py:75} INFO - 03-16-2020
[2021-05-30 19:09:22,222] {assignment_2_airflow_dags.py:75} INFO - 03-17-2020
[2021-05-30 19:09:23,016] {assignment_2_airflow_dags.py:75} INFO - 03-18-2020
[2021-05-30 19:09:23,433] {assignment_2_airflow_dags.py:75} INFO - 03-19-2020
[2021-05-30 19:09:23,897] {assignment_2_airflow_dags.py:75} INFO - 03-20-2020
[2021-05-30 19:09:24,303] {assignment_2_airflow_dags.py:75} INFO - 03-21-2020
[2021-05-30 19:09:24,708] {assignment_2_airflow_dags.py:75} INFO - 03-22-2020
[2021-05-30 19:09:25,433] {assignment_2_airflow_dags.py:75} INFO - 03-23-2020
[2021-05-30 19:09:26,068] {assignment_2_airflow_dags.py:75} INFO - 03-24-2020
[2021-05-30 19:09:26,700] {assignment_2_airflow_dags.py:75} INFO - 03-25-2020
[2021-05-30 19:09:27,605] {assignment_2_airflow_dags.py:75} INFO - 03-26-2020
[2021-05-30 19:09:28,268] {assignment_2_airflow_dags.py:75} INFO - 03-27-2020
[2021-05-30 19:09:28,933] {assignment_2_airflow_dags.py:75} INFO - 03-28-2020
[2021-05-30 19:09:29,593] {assignment_2_airflow_dags.py:75} INFO - 03-29-2020
[2021-05-30 19:09:30,225] {assignment_2_airflow_dags.py:75} INFO - 03-30-2020
[2021-05-30 19:09:30,862] {assignment_2_airflow_dags.py:75} INFO - 03-31-2020
[2021-05-30 19:09:31,492] {assignment_2_airflow_dags.py:75} INFO - 04-01-2020
[2021-05-30 19:09:32,117] {assignment_2_airflow_dags.py:75} INFO - 04-02-2020
[2021-05-30 19:09:32,719] {assignment_2_airflow_dags.py:75} INFO - 04-03-2020
[2021-05-30 19:09:33,319] {assignment_2_airflow_dags.py:75} INFO - 04-04-2020
[2021-05-30 19:09:33,990] {assignment_2_airflow_dags.py:75} INFO - 04-05-2020
[2021-05-30 19:09:34,588] {assignment_2_airflow_dags.py:75} INFO - 04-06-2020
[2021-05-30 19:09:35,190] {assignment_2_airflow_dags.py:75} INFO - 04-07-2020
[2021-05-30 19:09:35,822] {assignment_2_airflow_dags.py:75} INFO - 04-08-2020
[2021-05-30 19:09:36,436] {assignment_2_airflow_dags.py:75} INFO - 04-09-2020
[2021-05-30 19:09:37,047] {assignment_2_airflow_dags.py:75} INFO - 04-10-2020
[2021-05-30 19:09:37,672] {assignment_2_airflow_dags.py:75} INFO - 04-11-2020
[2021-05-30 19:09:38,310] {assignment_2_airflow_dags.py:75} INFO - 04-12-2020
[2021-05-30 19:09:38,920] {assignment_2_airflow_dags.py:75} INFO - 04-13-2020
[2021-05-30 19:09:39,549] {assignment_2_airflow_dags.py:75} INFO - 04-14-2020
[2021-05-30 19:09:40,354] {assignment_2_airflow_dags.py:75} INFO - 04-15-2020
[2021-05-30 19:09:41,010] {assignment_2_airflow_dags.py:75} INFO - 04-16-2020
[2021-05-30 19:09:41,685] {assignment_2_airflow_dags.py:75} INFO - 04-17-2020
[2021-05-30 19:09:42,254] {assignment_2_airflow_dags.py:75} INFO - 04-18-2020
[2021-05-30 19:09:43,070] {assignment_2_airflow_dags.py:75} INFO - 04-19-2020
[2021-05-30 19:09:43,725] {assignment_2_airflow_dags.py:75} INFO - 04-20-2020
[2021-05-30 19:09:44,406] {assignment_2_airflow_dags.py:75} INFO - 04-21-2020
[2021-05-30 19:09:45,054] {assignment_2_airflow_dags.py:75} INFO - 04-22-2020
[2021-05-30 19:09:45,681] {assignment_2_airflow_dags.py:75} INFO - 04-23-2020
[2021-05-30 19:09:46,322] {assignment_2_airflow_dags.py:75} INFO - 04-24-2020
[2021-05-30 19:09:46,933] {assignment_2_airflow_dags.py:75} INFO - 04-25-2020
[2021-05-30 19:09:47,543] {assignment_2_airflow_dags.py:75} INFO - 04-26-2020
[2021-05-30 19:09:48,172] {assignment_2_airflow_dags.py:75} INFO - 04-27-2020
[2021-05-30 19:09:48,804] {assignment_2_airflow_dags.py:75} INFO - 04-28-2020
[2021-05-30 19:09:49,465] {assignment_2_airflow_dags.py:75} INFO - 04-29-2020
[2021-05-30 19:09:50,101] {assignment_2_airflow_dags.py:75} INFO - 04-30-2020
[2021-05-30 19:09:50,790] {assignment_2_airflow_dags.py:75} INFO - 04-31-2020
[2021-05-30 19:09:51,160] {assignment_2_airflow_dags.py:75} INFO - 05-01-2020
[2021-05-30 19:09:51,964] {assignment_2_airflow_dags.py:75} INFO - 05-02-2020
[2021-05-30 19:09:52,496] {assignment_2_airflow_dags.py:75} INFO - 05-03-2020
[2021-05-30 19:09:53,319] {assignment_2_airflow_dags.py:75} INFO - 05-04-2020
[2021-05-30 19:09:53,945] {assignment_2_airflow_dags.py:75} INFO - 05-05-2020
[2021-05-30 19:09:54,601] {assignment_2_airflow_dags.py:75} INFO - 05-06-2020
[2021-05-30 19:09:55,445] {assignment_2_airflow_dags.py:75} INFO - 05-07-2020
[2021-05-30 19:09:56,079] {assignment_2_airflow_dags.py:75} INFO - 05-08-2020
[2021-05-30 19:09:56,734] {assignment_2_airflow_dags.py:75} INFO - 05-09-2020
[2021-05-30 19:09:57,305] {assignment_2_airflow_dags.py:75} INFO - 05-10-2020
[2021-05-30 19:09:58,049] {assignment_2_airflow_dags.py:75} INFO - 05-11-2020
[2021-05-30 19:09:58,708] {assignment_2_airflow_dags.py:75} INFO - 05-12-2020
[2021-05-30 19:09:59,325] {assignment_2_airflow_dags.py:75} INFO - 05-13-2020
[2021-05-30 19:10:00,021] {assignment_2_airflow_dags.py:75} INFO - 05-14-2020
[2021-05-30 19:10:00,671] {assignment_2_airflow_dags.py:75} INFO - 05-15-2020
[2021-05-30 19:10:01,266] {assignment_2_airflow_dags.py:75} INFO - 05-16-2020
[2021-05-30 19:10:01,822] {assignment_2_airflow_dags.py:75} INFO - 05-17-2020
[2021-05-30 19:10:02,406] {assignment_2_airflow_dags.py:75} INFO - 05-18-2020
[2021-05-30 19:10:03,302] {assignment_2_airflow_dags.py:75} INFO - 05-19-2020
[2021-05-30 19:10:03,950] {assignment_2_airflow_dags.py:75} INFO - 05-20-2020
[2021-05-30 19:10:04,672] {assignment_2_airflow_dags.py:75} INFO - 05-21-2020
[2021-05-30 19:10:05,585] {assignment_2_airflow_dags.py:75} INFO - 05-22-2020
[2021-05-30 19:10:06,243] {assignment_2_airflow_dags.py:75} INFO - 05-23-2020
[2021-05-30 19:10:06,940] {assignment_2_airflow_dags.py:75} INFO - 05-24-2020
[2021-05-30 19:10:08,054] {assignment_2_airflow_dags.py:75} INFO - 05-25-2020
[2021-05-30 19:10:08,943] {assignment_2_airflow_dags.py:75} INFO - 05-26-2020
[2021-05-30 19:10:09,751] {assignment_2_airflow_dags.py:75} INFO - 05-27-2020
[2021-05-30 19:10:10,443] {assignment_2_airflow_dags.py:75} INFO - 05-28-2020
[2021-05-30 19:10:11,123] {assignment_2_airflow_dags.py:75} INFO - 05-29-2020
[2021-05-30 19:10:12,146] {assignment_2_airflow_dags.py:75} INFO - 05-30-2020
[2021-05-30 19:10:13,000] {assignment_2_airflow_dags.py:75} INFO - 05-31-2020
[2021-05-30 19:10:13,964] {assignment_2_airflow_dags.py:75} INFO - 06-01-2020
[2021-05-30 19:10:14,675] {assignment_2_airflow_dags.py:75} INFO - 06-02-2020
[2021-05-30 19:10:15,462] {assignment_2_airflow_dags.py:75} INFO - 06-03-2020
[2021-05-30 19:10:16,144] {assignment_2_airflow_dags.py:75} INFO - 06-04-2020
[2021-05-30 19:10:16,812] {assignment_2_airflow_dags.py:75} INFO - 06-05-2020
[2021-05-30 19:10:17,543] {assignment_2_airflow_dags.py:75} INFO - 06-06-2020
[2021-05-30 19:10:18,288] {assignment_2_airflow_dags.py:75} INFO - 06-07-2020
[2021-05-30 19:10:19,023] {assignment_2_airflow_dags.py:75} INFO - 06-08-2020
[2021-05-30 19:10:19,608] {assignment_2_airflow_dags.py:75} INFO - 06-09-2020
[2021-05-30 19:10:20,274] {assignment_2_airflow_dags.py:75} INFO - 06-10-2020
[2021-05-30 19:10:20,979] {assignment_2_airflow_dags.py:75} INFO - 06-11-2020
[2021-05-30 19:10:21,656] {assignment_2_airflow_dags.py:75} INFO - 06-12-2020
[2021-05-30 19:10:22,465] {assignment_2_airflow_dags.py:75} INFO - 06-13-2020
[2021-05-30 19:10:23,220] {assignment_2_airflow_dags.py:75} INFO - 06-14-2020
[2021-05-30 19:10:24,243] {assignment_2_airflow_dags.py:75} INFO - 06-15-2020
[2021-05-30 19:10:24,973] {assignment_2_airflow_dags.py:75} INFO - 06-16-2020
[2021-05-30 19:10:25,719] {assignment_2_airflow_dags.py:75} INFO - 06-17-2020
[2021-05-30 19:10:27,077] {assignment_2_airflow_dags.py:75} INFO - 06-18-2020
[2021-05-30 19:10:27,659] {assignment_2_airflow_dags.py:75} INFO - 06-19-2020
[2021-05-30 19:10:28,282] {assignment_2_airflow_dags.py:75} INFO - 06-20-2020
[2021-05-30 19:10:29,016] {assignment_2_airflow_dags.py:75} INFO - 06-21-2020
[2021-05-30 19:10:29,662] {assignment_2_airflow_dags.py:75} INFO - 06-22-2020
[2021-05-30 19:10:30,633] {assignment_2_airflow_dags.py:75} INFO - 06-23-2020
[2021-05-30 19:10:31,438] {assignment_2_airflow_dags.py:75} INFO - 06-24-2020
[2021-05-30 19:10:32,108] {assignment_2_airflow_dags.py:75} INFO - 06-25-2020
[2021-05-30 19:10:32,896] {assignment_2_airflow_dags.py:75} INFO - 06-26-2020
[2021-05-30 19:10:33,610] {assignment_2_airflow_dags.py:75} INFO - 06-27-2020
[2021-05-30 19:10:34,392] {assignment_2_airflow_dags.py:75} INFO - 06-28-2020
[2021-05-30 19:10:34,928] {assignment_2_airflow_dags.py:75} INFO - 06-29-2020
[2021-05-30 19:10:35,618] {assignment_2_airflow_dags.py:75} INFO - 06-30-2020
[2021-05-30 19:10:36,302] {assignment_2_airflow_dags.py:75} INFO - 06-31-2020
[2021-05-30 19:10:36,699] {assignment_2_airflow_dags.py:75} INFO - 07-01-2020
[2021-05-30 19:10:37,741] {assignment_2_airflow_dags.py:75} INFO - 07-02-2020
[2021-05-30 19:10:38,447] {assignment_2_airflow_dags.py:75} INFO - 07-03-2020
[2021-05-30 19:10:39,158] {assignment_2_airflow_dags.py:75} INFO - 07-04-2020
[2021-05-30 19:10:39,899] {assignment_2_airflow_dags.py:75} INFO - 07-05-2020
[2021-05-30 19:10:40,649] {assignment_2_airflow_dags.py:75} INFO - 07-06-2020
[2021-05-30 19:10:41,366] {assignment_2_airflow_dags.py:75} INFO - 07-07-2020
[2021-05-30 19:10:42,298] {assignment_2_airflow_dags.py:75} INFO - 07-08-2020
[2021-05-30 19:10:43,060] {assignment_2_airflow_dags.py:75} INFO - 07-09-2020
[2021-05-30 19:10:43,773] {assignment_2_airflow_dags.py:75} INFO - 07-10-2020
[2021-05-30 19:10:44,473] {assignment_2_airflow_dags.py:75} INFO - 07-11-2020
[2021-05-30 19:10:45,151] {assignment_2_airflow_dags.py:75} INFO - 07-12-2020
[2021-05-30 19:10:45,854] {assignment_2_airflow_dags.py:75} INFO - 07-13-2020
[2021-05-30 19:10:46,550] {assignment_2_airflow_dags.py:75} INFO - 07-14-2020
[2021-05-30 19:10:47,258] {assignment_2_airflow_dags.py:75} INFO - 07-15-2020
[2021-05-30 19:10:47,946] {assignment_2_airflow_dags.py:75} INFO - 07-16-2020
[2021-05-30 19:10:48,635] {assignment_2_airflow_dags.py:75} INFO - 07-17-2020
[2021-05-30 19:10:49,463] {assignment_2_airflow_dags.py:75} INFO - 07-18-2020
[2021-05-30 19:10:50,135] {assignment_2_airflow_dags.py:75} INFO - 07-19-2020
[2021-05-30 19:10:50,890] {assignment_2_airflow_dags.py:75} INFO - 07-20-2020
[2021-05-30 19:10:51,767] {assignment_2_airflow_dags.py:75} INFO - 07-21-2020
[2021-05-30 19:10:52,478] {assignment_2_airflow_dags.py:75} INFO - 07-22-2020
[2021-05-30 19:10:53,162] {assignment_2_airflow_dags.py:75} INFO - 07-23-2020
[2021-05-30 19:10:53,833] {assignment_2_airflow_dags.py:75} INFO - 07-24-2020
[2021-05-30 19:10:54,788] {assignment_2_airflow_dags.py:75} INFO - 07-25-2020
[2021-05-30 19:10:55,472] {assignment_2_airflow_dags.py:75} INFO - 07-26-2020
[2021-05-30 19:10:56,151] {assignment_2_airflow_dags.py:75} INFO - 07-27-2020
[2021-05-30 19:10:56,809] {assignment_2_airflow_dags.py:75} INFO - 07-28-2020
[2021-05-30 19:10:57,521] {assignment_2_airflow_dags.py:75} INFO - 07-29-2020
[2021-05-30 19:10:58,210] {assignment_2_airflow_dags.py:75} INFO - 07-30-2020
[2021-05-30 19:10:58,898] {assignment_2_airflow_dags.py:75} INFO - 07-31-2020
[2021-05-30 19:10:59,578] {assignment_2_airflow_dags.py:75} INFO - 08-01-2020
[2021-05-30 19:11:00,262] {assignment_2_airflow_dags.py:75} INFO - 08-02-2020
[2021-05-30 19:11:01,010] {assignment_2_airflow_dags.py:75} INFO - 08-03-2020
[2021-05-30 19:11:01,700] {assignment_2_airflow_dags.py:75} INFO - 08-04-2020
[2021-05-30 19:11:02,440] {assignment_2_airflow_dags.py:75} INFO - 08-05-2020
[2021-05-30 19:11:03,148] {assignment_2_airflow_dags.py:75} INFO - 08-06-2020
[2021-05-30 19:11:03,840] {assignment_2_airflow_dags.py:75} INFO - 08-07-2020
[2021-05-30 19:11:04,539] {assignment_2_airflow_dags.py:75} INFO - 08-08-2020
[2021-05-30 19:11:05,710] {assignment_2_airflow_dags.py:75} INFO - 08-09-2020
[2021-05-30 19:11:06,385] {assignment_2_airflow_dags.py:75} INFO - 08-10-2020
[2021-05-30 19:11:07,116] {assignment_2_airflow_dags.py:75} INFO - 08-11-2020
[2021-05-30 19:11:07,812] {assignment_2_airflow_dags.py:75} INFO - 08-12-2020
[2021-05-30 19:11:08,538] {assignment_2_airflow_dags.py:75} INFO - 08-13-2020
[2021-05-30 19:11:09,251] {assignment_2_airflow_dags.py:75} INFO - 08-14-2020
[2021-05-30 19:11:09,926] {assignment_2_airflow_dags.py:75} INFO - 08-15-2020
[2021-05-30 19:11:10,594] {assignment_2_airflow_dags.py:75} INFO - 08-16-2020
[2021-05-30 19:11:11,610] {assignment_2_airflow_dags.py:75} INFO - 08-17-2020
[2021-05-30 19:11:12,552] {assignment_2_airflow_dags.py:75} INFO - 08-18-2020
[2021-05-30 19:11:13,079] {assignment_2_airflow_dags.py:75} INFO - 08-19-2020
[2021-05-30 19:11:13,618] {assignment_2_airflow_dags.py:75} INFO - 08-20-2020
[2021-05-30 19:11:14,278] {assignment_2_airflow_dags.py:75} INFO - 08-21-2020
[2021-05-30 19:11:14,946] {assignment_2_airflow_dags.py:75} INFO - 08-22-2020
[2021-05-30 19:11:15,618] {assignment_2_airflow_dags.py:75} INFO - 08-23-2020
[2021-05-30 19:11:16,358] {assignment_2_airflow_dags.py:75} INFO - 08-24-2020
[2021-05-30 19:11:17,062] {assignment_2_airflow_dags.py:75} INFO - 08-25-2020
[2021-05-30 19:11:17,731] {assignment_2_airflow_dags.py:75} INFO - 08-26-2020
[2021-05-30 19:11:18,654] {assignment_2_airflow_dags.py:75} INFO - 08-27-2020
[2021-05-30 19:11:19,366] {assignment_2_airflow_dags.py:75} INFO - 08-28-2020
[2021-05-30 19:11:20,065] {assignment_2_airflow_dags.py:75} INFO - 08-29-2020
[2021-05-30 19:11:20,813] {assignment_2_airflow_dags.py:75} INFO - 08-30-2020
[2021-05-30 19:11:21,493] {assignment_2_airflow_dags.py:75} INFO - 08-31-2020
[2021-05-30 19:11:22,178] {assignment_2_airflow_dags.py:75} INFO - 09-01-2020
[2021-05-30 19:11:22,883] {assignment_2_airflow_dags.py:75} INFO - 09-02-2020
[2021-05-30 19:11:23,582] {assignment_2_airflow_dags.py:75} INFO - 09-03-2020
[2021-05-30 19:11:24,474] {assignment_2_airflow_dags.py:75} INFO - 09-04-2020
[2021-05-30 19:11:25,138] {assignment_2_airflow_dags.py:75} INFO - 09-05-2020
[2021-05-30 19:11:25,808] {assignment_2_airflow_dags.py:75} INFO - 09-06-2020
[2021-05-30 19:11:26,524] {assignment_2_airflow_dags.py:75} INFO - 09-07-2020
[2021-05-30 19:11:27,253] {assignment_2_airflow_dags.py:75} INFO - 09-08-2020
[2021-05-30 19:11:27,988] {assignment_2_airflow_dags.py:75} INFO - 09-09-2020
[2021-05-30 19:11:28,694] {assignment_2_airflow_dags.py:75} INFO - 09-10-2020
[2021-05-30 19:11:29,377] {assignment_2_airflow_dags.py:75} INFO - 09-11-2020
[2021-05-30 19:11:30,061] {assignment_2_airflow_dags.py:75} INFO - 09-12-2020
[2021-05-30 19:11:30,748] {assignment_2_airflow_dags.py:75} INFO - 09-13-2020
[2021-05-30 19:11:31,442] {assignment_2_airflow_dags.py:75} INFO - 09-14-2020
[2021-05-30 19:11:32,103] {assignment_2_airflow_dags.py:75} INFO - 09-15-2020
[2021-05-30 19:11:32,815] {assignment_2_airflow_dags.py:75} INFO - 09-16-2020
[2021-05-30 19:11:33,492] {assignment_2_airflow_dags.py:75} INFO - 09-17-2020
[2021-05-30 19:11:34,181] {assignment_2_airflow_dags.py:75} INFO - 09-18-2020
[2021-05-30 19:11:34,841] {assignment_2_airflow_dags.py:75} INFO - 09-19-2020
[2021-05-30 19:11:35,535] {assignment_2_airflow_dags.py:75} INFO - 09-20-2020
[2021-05-30 19:11:36,200] {assignment_2_airflow_dags.py:75} INFO - 09-21-2020
[2021-05-30 19:11:36,857] {assignment_2_airflow_dags.py:75} INFO - 09-22-2020
[2021-05-30 19:11:37,537] {assignment_2_airflow_dags.py:75} INFO - 09-23-2020
[2021-05-30 19:11:38,327] {assignment_2_airflow_dags.py:75} INFO - 09-24-2020
[2021-05-30 19:11:39,027] {assignment_2_airflow_dags.py:75} INFO - 09-25-2020
[2021-05-30 19:11:39,726] {assignment_2_airflow_dags.py:75} INFO - 09-26-2020
[2021-05-30 19:11:40,381] {assignment_2_airflow_dags.py:75} INFO - 09-27-2020
[2021-05-30 19:11:41,047] {assignment_2_airflow_dags.py:75} INFO - 09-28-2020
[2021-05-30 19:11:41,698] {assignment_2_airflow_dags.py:75} INFO - 09-29-2020
[2021-05-30 19:11:42,379] {assignment_2_airflow_dags.py:75} INFO - 09-30-2020
[2021-05-30 19:11:43,239] {assignment_2_airflow_dags.py:75} INFO - 09-31-2020
[2021-05-30 19:11:43,621] {assignment_2_airflow_dags.py:75} INFO - 10-01-2020
[2021-05-30 19:11:44,261] {assignment_2_airflow_dags.py:75} INFO - 10-02-2020
[2021-05-30 19:11:44,891] {assignment_2_airflow_dags.py:75} INFO - 10-03-2020
[2021-05-30 19:11:45,559] {assignment_2_airflow_dags.py:75} INFO - 10-04-2020
[2021-05-30 19:11:46,255] {assignment_2_airflow_dags.py:75} INFO - 10-05-2020
[2021-05-30 19:11:46,914] {assignment_2_airflow_dags.py:75} INFO - 10-06-2020
[2021-05-30 19:11:47,633] {assignment_2_airflow_dags.py:75} INFO - 10-07-2020
[2021-05-30 19:11:48,330] {assignment_2_airflow_dags.py:75} INFO - 10-08-2020
[2021-05-30 19:11:49,022] {assignment_2_airflow_dags.py:75} INFO - 10-09-2020
[2021-05-30 19:11:49,688] {assignment_2_airflow_dags.py:75} INFO - 10-10-2020
[2021-05-30 19:11:50,367] {assignment_2_airflow_dags.py:75} INFO - 10-11-2020
[2021-05-30 19:11:51,033] {assignment_2_airflow_dags.py:75} INFO - 10-12-2020
[2021-05-30 19:11:51,650] {assignment_2_airflow_dags.py:75} INFO - 10-13-2020
[2021-05-30 19:11:52,344] {assignment_2_airflow_dags.py:75} INFO - 10-14-2020
[2021-05-30 19:11:53,027] {assignment_2_airflow_dags.py:75} INFO - 10-15-2020
[2021-05-30 19:11:53,778] {assignment_2_airflow_dags.py:75} INFO - 10-16-2020
[2021-05-30 19:11:54,532] {assignment_2_airflow_dags.py:75} INFO - 10-17-2020
[2021-05-30 19:11:55,191] {assignment_2_airflow_dags.py:75} INFO - 10-18-2020
[2021-05-30 19:11:55,888] {assignment_2_airflow_dags.py:75} INFO - 10-19-2020
[2021-05-30 19:11:56,573] {assignment_2_airflow_dags.py:75} INFO - 10-20-2020
[2021-05-30 19:11:57,173] {assignment_2_airflow_dags.py:75} INFO - 10-21-2020
[2021-05-30 19:11:57,866] {assignment_2_airflow_dags.py:75} INFO - 10-22-2020
[2021-05-30 19:11:58,752] {assignment_2_airflow_dags.py:75} INFO - 10-23-2020
[2021-05-30 19:11:59,323] {assignment_2_airflow_dags.py:75} INFO - 10-24-2020
[2021-05-30 19:12:00,045] {assignment_2_airflow_dags.py:75} INFO - 10-25-2020
[2021-05-30 19:12:00,817] {assignment_2_airflow_dags.py:75} INFO - 10-26-2020
[2021-05-30 19:12:01,644] {assignment_2_airflow_dags.py:75} INFO - 10-27-2020
[2021-05-30 19:12:02,329] {assignment_2_airflow_dags.py:75} INFO - 10-28-2020
[2021-05-30 19:12:03,365] {assignment_2_airflow_dags.py:75} INFO - 10-29-2020
[2021-05-30 19:12:04,065] {assignment_2_airflow_dags.py:75} INFO - 10-30-2020
[2021-05-30 19:12:04,787] {assignment_2_airflow_dags.py:75} INFO - 10-31-2020
[2021-05-30 19:12:05,484] {assignment_2_airflow_dags.py:75} INFO - 11-01-2020
[2021-05-30 19:12:06,187] {assignment_2_airflow_dags.py:75} INFO - 11-02-2020
[2021-05-30 19:12:06,873] {assignment_2_airflow_dags.py:75} INFO - 11-03-2020
[2021-05-30 19:12:07,534] {assignment_2_airflow_dags.py:75} INFO - 11-04-2020
[2021-05-30 19:12:08,240] {assignment_2_airflow_dags.py:75} INFO - 11-05-2020
[2021-05-30 19:12:08,947] {assignment_2_airflow_dags.py:75} INFO - 11-06-2020
[2021-05-30 19:12:09,645] {assignment_2_airflow_dags.py:75} INFO - 11-07-2020
[2021-05-30 19:12:10,698] {assignment_2_airflow_dags.py:75} INFO - 11-08-2020
[2021-05-30 19:12:11,371] {assignment_2_airflow_dags.py:75} INFO - 11-09-2020
[2021-05-30 19:12:12,044] {assignment_2_airflow_dags.py:75} INFO - 11-10-2020
[2021-05-30 19:12:12,753] {assignment_2_airflow_dags.py:75} INFO - 11-11-2020
[2021-05-30 19:12:13,452] {assignment_2_airflow_dags.py:75} INFO - 11-12-2020
[2021-05-30 19:12:14,156] {assignment_2_airflow_dags.py:75} INFO - 11-13-2020
[2021-05-30 19:12:14,837] {assignment_2_airflow_dags.py:75} INFO - 11-14-2020
[2021-05-30 19:12:15,810] {assignment_2_airflow_dags.py:75} INFO - 11-15-2020
[2021-05-30 19:12:16,502] {assignment_2_airflow_dags.py:75} INFO - 11-16-2020
[2021-05-30 19:12:17,221] {assignment_2_airflow_dags.py:75} INFO - 11-17-2020
[2021-05-30 19:12:17,932] {assignment_2_airflow_dags.py:75} INFO - 11-18-2020
[2021-05-30 19:12:18,639] {assignment_2_airflow_dags.py:75} INFO - 11-19-2020
[2021-05-30 19:12:19,293] {assignment_2_airflow_dags.py:75} INFO - 11-20-2020
[2021-05-30 19:12:19,973] {assignment_2_airflow_dags.py:75} INFO - 11-21-2020
[2021-05-30 19:12:20,684] {assignment_2_airflow_dags.py:75} INFO - 11-22-2020
[2021-05-30 19:12:21,352] {assignment_2_airflow_dags.py:75} INFO - 11-23-2020
[2021-05-30 19:12:22,041] {assignment_2_airflow_dags.py:75} INFO - 11-24-2020
[2021-05-30 19:12:22,777] {assignment_2_airflow_dags.py:75} INFO - 11-25-2020
[2021-05-30 19:12:23,493] {assignment_2_airflow_dags.py:75} INFO - 11-26-2020
[2021-05-30 19:12:24,192] {assignment_2_airflow_dags.py:75} INFO - 11-27-2020
[2021-05-30 19:12:24,902] {assignment_2_airflow_dags.py:75} INFO - 11-28-2020
[2021-05-30 19:12:25,628] {assignment_2_airflow_dags.py:75} INFO - 11-29-2020
[2021-05-30 19:12:26,643] {assignment_2_airflow_dags.py:75} INFO - 11-30-2020
[2021-05-30 19:12:27,363] {assignment_2_airflow_dags.py:75} INFO - 11-31-2020
[2021-05-30 19:12:27,748] {assignment_2_airflow_dags.py:75} INFO - 12-01-2020
[2021-05-30 19:12:28,434] {assignment_2_airflow_dags.py:75} INFO - 12-02-2020
[2021-05-30 19:12:29,109] {assignment_2_airflow_dags.py:75} INFO - 12-03-2020
[2021-05-30 19:12:29,820] {assignment_2_airflow_dags.py:75} INFO - 12-04-2020
[2021-05-30 19:12:30,505] {assignment_2_airflow_dags.py:75} INFO - 12-05-2020
[2021-05-30 19:12:31,620] {assignment_2_airflow_dags.py:75} INFO - 12-06-2020
[2021-05-30 19:12:32,321] {assignment_2_airflow_dags.py:75} INFO - 12-07-2020
[2021-05-30 19:12:33,013] {assignment_2_airflow_dags.py:75} INFO - 12-08-2020
[2021-05-30 19:12:33,719] {assignment_2_airflow_dags.py:75} INFO - 12-09-2020
[2021-05-30 19:12:34,417] {assignment_2_airflow_dags.py:75} INFO - 12-10-2020
[2021-05-30 19:12:35,086] {assignment_2_airflow_dags.py:75} INFO - 12-11-2020
[2021-05-30 19:12:35,756] {assignment_2_airflow_dags.py:75} INFO - 12-12-2020
[2021-05-30 19:12:36,466] {assignment_2_airflow_dags.py:75} INFO - 12-13-2020
[2021-05-30 19:12:37,140] {assignment_2_airflow_dags.py:75} INFO - 12-14-2020
[2021-05-30 19:12:37,834] {assignment_2_airflow_dags.py:75} INFO - 12-15-2020
[2021-05-30 19:12:39,173] {assignment_2_airflow_dags.py:75} INFO - 12-16-2020
[2021-05-30 19:12:39,840] {assignment_2_airflow_dags.py:75} INFO - 12-17-2020
[2021-05-30 19:12:40,546] {assignment_2_airflow_dags.py:75} INFO - 12-18-2020
[2021-05-30 19:12:41,223] {assignment_2_airflow_dags.py:75} INFO - 12-19-2020
[2021-05-30 19:12:41,903] {assignment_2_airflow_dags.py:75} INFO - 12-20-2020
[2021-05-30 19:12:42,639] {assignment_2_airflow_dags.py:75} INFO - 12-21-2020
[2021-05-30 19:12:43,328] {assignment_2_airflow_dags.py:75} INFO - 12-22-2020
[2021-05-30 19:12:44,030] {assignment_2_airflow_dags.py:75} INFO - 12-23-2020
[2021-05-30 19:12:44,726] {assignment_2_airflow_dags.py:75} INFO - 12-24-2020
[2021-05-30 19:12:45,352] {assignment_2_airflow_dags.py:75} INFO - 12-25-2020
[2021-05-30 19:12:46,025] {assignment_2_airflow_dags.py:75} INFO - 12-26-2020
[2021-05-30 19:12:46,719] {assignment_2_airflow_dags.py:75} INFO - 12-27-2020
[2021-05-30 19:12:47,409] {assignment_2_airflow_dags.py:75} INFO - 12-28-2020
[2021-05-30 19:12:48,087] {assignment_2_airflow_dags.py:75} INFO - 12-29-2020
[2021-05-30 19:12:48,759] {assignment_2_airflow_dags.py:75} INFO - 12-30-2020
[2021-05-30 19:12:49,477] {assignment_2_airflow_dags.py:75} INFO - 12-31-2020
[2021-05-30 19:12:50,200] {assignment_2_airflow_dags.py:75} INFO - 01-01-2021
[2021-05-30 19:12:50,837] {assignment_2_airflow_dags.py:75} INFO - 01-02-2021
[2021-05-30 19:12:51,545] {assignment_2_airflow_dags.py:75} INFO - 01-03-2021
[2021-05-30 19:12:52,231] {assignment_2_airflow_dags.py:75} INFO - 01-04-2021
[2021-05-30 19:12:52,860] {assignment_2_airflow_dags.py:75} INFO - 01-05-2021
[2021-05-30 19:12:53,524] {assignment_2_airflow_dags.py:75} INFO - 01-06-2021
[2021-05-30 19:12:54,144] {assignment_2_airflow_dags.py:75} INFO - 01-07-2021
[2021-05-30 19:12:54,814] {assignment_2_airflow_dags.py:75} INFO - 01-08-2021
[2021-05-30 19:12:55,506] {assignment_2_airflow_dags.py:75} INFO - 01-09-2021
[2021-05-30 19:12:56,181] {assignment_2_airflow_dags.py:75} INFO - 01-10-2021
[2021-05-30 19:12:56,878] {assignment_2_airflow_dags.py:75} INFO - 01-11-2021
[2021-05-30 19:12:57,612] {assignment_2_airflow_dags.py:75} INFO - 01-12-2021
[2021-05-30 19:12:58,228] {assignment_2_airflow_dags.py:75} INFO - 01-13-2021
[2021-05-30 19:12:58,856] {assignment_2_airflow_dags.py:75} INFO - 01-14-2021
[2021-05-30 19:12:59,682] {assignment_2_airflow_dags.py:75} INFO - 01-15-2021
[2021-05-30 19:13:00,407] {assignment_2_airflow_dags.py:75} INFO - 01-16-2021
[2021-05-30 19:13:01,045] {assignment_2_airflow_dags.py:75} INFO - 01-17-2021
[2021-05-30 19:13:01,829] {assignment_2_airflow_dags.py:75} INFO - 01-18-2021
[2021-05-30 19:13:02,549] {assignment_2_airflow_dags.py:75} INFO - 01-19-2021
[2021-05-30 19:13:03,288] {assignment_2_airflow_dags.py:75} INFO - 01-20-2021
[2021-05-30 19:13:03,943] {assignment_2_airflow_dags.py:75} INFO - 01-21-2021
[2021-05-30 19:13:04,638] {assignment_2_airflow_dags.py:75} INFO - 01-22-2021
[2021-05-30 19:13:05,284] {assignment_2_airflow_dags.py:75} INFO - 01-23-2021
[2021-05-30 19:13:05,893] {assignment_2_airflow_dags.py:75} INFO - 01-24-2021
[2021-05-30 19:13:06,562] {assignment_2_airflow_dags.py:75} INFO - 01-25-2021
[2021-05-30 19:13:07,241] {assignment_2_airflow_dags.py:75} INFO - 01-26-2021
[2021-05-30 19:13:07,956] {assignment_2_airflow_dags.py:75} INFO - 01-27-2021
[2021-05-30 19:13:08,650] {assignment_2_airflow_dags.py:75} INFO - 01-28-2021
[2021-05-30 19:13:09,353] {assignment_2_airflow_dags.py:75} INFO - 01-29-2021
[2021-05-30 19:13:10,023] {assignment_2_airflow_dags.py:75} INFO - 01-30-2021
[2021-05-30 19:13:10,696] {assignment_2_airflow_dags.py:75} INFO - 01-31-2021
[2021-05-30 19:13:11,484] {assignment_2_airflow_dags.py:75} INFO - 02-01-2021
[2021-05-30 19:13:12,191] {assignment_2_airflow_dags.py:75} INFO - 02-02-2021
[2021-05-30 19:13:12,993] {assignment_2_airflow_dags.py:75} INFO - 02-03-2021
[2021-05-30 19:13:13,690] {assignment_2_airflow_dags.py:75} INFO - 02-04-2021
[2021-05-30 19:13:14,397] {assignment_2_airflow_dags.py:75} INFO - 02-05-2021
[2021-05-30 19:13:15,128] {assignment_2_airflow_dags.py:75} INFO - 02-06-2021
[2021-05-30 19:13:15,800] {assignment_2_airflow_dags.py:75} INFO - 02-07-2021
[2021-05-30 19:13:16,484] {assignment_2_airflow_dags.py:75} INFO - 02-08-2021
[2021-05-30 19:13:17,171] {assignment_2_airflow_dags.py:75} INFO - 02-09-2021
[2021-05-30 19:13:17,794] {assignment_2_airflow_dags.py:75} INFO - 02-10-2021
[2021-05-30 19:13:18,549] {assignment_2_airflow_dags.py:75} INFO - 02-11-2021
[2021-05-30 19:13:19,259] {assignment_2_airflow_dags.py:75} INFO - 02-12-2021
[2021-05-30 19:13:19,969] {assignment_2_airflow_dags.py:75} INFO - 02-13-2021
[2021-05-30 19:13:20,681] {assignment_2_airflow_dags.py:75} INFO - 02-14-2021
[2021-05-30 19:13:21,367] {assignment_2_airflow_dags.py:75} INFO - 02-15-2021
[2021-05-30 19:13:22,046] {assignment_2_airflow_dags.py:75} INFO - 02-16-2021
[2021-05-30 19:13:22,730] {assignment_2_airflow_dags.py:75} INFO - 02-17-2021
[2021-05-30 19:13:23,403] {assignment_2_airflow_dags.py:75} INFO - 02-18-2021
[2021-05-30 19:13:24,033] {assignment_2_airflow_dags.py:75} INFO - 02-19-2021
[2021-05-30 19:13:24,719] {assignment_2_airflow_dags.py:75} INFO - 02-20-2021
[2021-05-30 19:13:25,446] {assignment_2_airflow_dags.py:75} INFO - 02-21-2021
[2021-05-30 19:13:26,358] {assignment_2_airflow_dags.py:75} INFO - 02-22-2021
[2021-05-30 19:13:27,077] {assignment_2_airflow_dags.py:75} INFO - 02-23-2021
[2021-05-30 19:13:27,733] {assignment_2_airflow_dags.py:75} INFO - 02-24-2021
[2021-05-30 19:13:28,353] {assignment_2_airflow_dags.py:75} INFO - 02-25-2021
[2021-05-30 19:13:29,034] {assignment_2_airflow_dags.py:75} INFO - 02-26-2021
[2021-05-30 19:13:29,717] {assignment_2_airflow_dags.py:75} INFO - 02-27-2021
[2021-05-30 19:13:30,447] {assignment_2_airflow_dags.py:75} INFO - 02-28-2021
[2021-05-30 19:13:31,329] {assignment_2_airflow_dags.py:75} INFO - 02-29-2021
[2021-05-30 19:13:31,667] {assignment_2_airflow_dags.py:75} INFO - 02-30-2021
[2021-05-30 19:13:32,051] {assignment_2_airflow_dags.py:75} INFO - 02-31-2021
[2021-05-30 19:13:32,434] {assignment_2_airflow_dags.py:75} INFO - 03-01-2021
[2021-05-30 19:13:33,122] {assignment_2_airflow_dags.py:75} INFO - 03-02-2021
[2021-05-30 19:13:33,795] {assignment_2_airflow_dags.py:75} INFO - 03-03-2021
[2021-05-30 19:13:34,468] {assignment_2_airflow_dags.py:75} INFO - 03-04-2021
[2021-05-30 19:13:35,877] {assignment_2_airflow_dags.py:75} INFO - 03-05-2021
[2021-05-30 19:13:36,547] {assignment_2_airflow_dags.py:75} INFO - 03-06-2021
[2021-05-30 19:13:37,316] {assignment_2_airflow_dags.py:75} INFO - 03-07-2021
[2021-05-30 19:13:38,100] {assignment_2_airflow_dags.py:75} INFO - 03-08-2021
[2021-05-30 19:13:38,712] {assignment_2_airflow_dags.py:75} INFO - 03-09-2021
[2021-05-30 19:13:39,411] {assignment_2_airflow_dags.py:75} INFO - 03-10-2021
[2021-05-30 19:13:40,157] {assignment_2_airflow_dags.py:75} INFO - 03-11-2021
[2021-05-30 19:13:40,856] {assignment_2_airflow_dags.py:75} INFO - 03-12-2021
[2021-05-30 19:13:41,561] {assignment_2_airflow_dags.py:75} INFO - 03-13-2021
[2021-05-30 19:13:42,152] {assignment_2_airflow_dags.py:75} INFO - 03-14-2021
[2021-05-30 19:13:42,781] {assignment_2_airflow_dags.py:75} INFO - 03-15-2021
[2021-05-30 19:13:43,397] {assignment_2_airflow_dags.py:75} INFO - 03-16-2021
[2021-05-30 19:13:44,087] {assignment_2_airflow_dags.py:75} INFO - 03-17-2021
[2021-05-30 19:13:44,861] {assignment_2_airflow_dags.py:75} INFO - 03-18-2021
[2021-05-30 19:13:45,469] {assignment_2_airflow_dags.py:75} INFO - 03-19-2021
[2021-05-30 19:13:46,172] {assignment_2_airflow_dags.py:75} INFO - 03-20-2021
[2021-05-30 19:13:46,873] {assignment_2_airflow_dags.py:75} INFO - 03-21-2021
[2021-05-30 19:13:47,486] {assignment_2_airflow_dags.py:75} INFO - 03-22-2021
[2021-05-30 19:13:48,325] {assignment_2_airflow_dags.py:75} INFO - 03-23-2021
[2021-05-30 19:13:48,913] {assignment_2_airflow_dags.py:75} INFO - 03-24-2021
[2021-05-30 19:13:49,603] {assignment_2_airflow_dags.py:75} INFO - 03-25-2021
[2021-05-30 19:13:50,280] {assignment_2_airflow_dags.py:75} INFO - 03-26-2021
[2021-05-30 19:13:50,922] {assignment_2_airflow_dags.py:75} INFO - 03-27-2021
[2021-05-30 19:13:51,603] {assignment_2_airflow_dags.py:75} INFO - 03-28-2021
[2021-05-30 19:13:52,221] {assignment_2_airflow_dags.py:75} INFO - 03-29-2021
[2021-05-30 19:13:53,012] {assignment_2_airflow_dags.py:75} INFO - 03-30-2021
[2021-05-30 19:13:54,265] {assignment_2_airflow_dags.py:75} INFO - 03-31-2021
[2021-05-30 19:13:54,935] {assignment_2_airflow_dags.py:75} INFO - 04-01-2021
[2021-05-30 19:13:55,643] {assignment_2_airflow_dags.py:75} INFO - 04-02-2021
[2021-05-30 19:13:56,333] {assignment_2_airflow_dags.py:75} INFO - 04-03-2021
[2021-05-30 19:13:57,054] {assignment_2_airflow_dags.py:75} INFO - 04-04-2021
[2021-05-30 19:13:57,715] {assignment_2_airflow_dags.py:75} INFO - 04-05-2021
[2021-05-30 19:13:58,610] {assignment_2_airflow_dags.py:75} INFO - 04-06-2021
[2021-05-30 19:13:59,319] {assignment_2_airflow_dags.py:75} INFO - 04-07-2021
[2021-05-30 19:14:00,071] {assignment_2_airflow_dags.py:75} INFO - 04-08-2021
[2021-05-30 19:14:00,764] {assignment_2_airflow_dags.py:75} INFO - 04-09-2021
[2021-05-30 19:14:01,477] {assignment_2_airflow_dags.py:75} INFO - 04-10-2021
[2021-05-30 19:14:02,208] {assignment_2_airflow_dags.py:75} INFO - 04-11-2021
[2021-05-30 19:14:02,911] {assignment_2_airflow_dags.py:75} INFO - 04-12-2021
[2021-05-30 19:14:03,638] {assignment_2_airflow_dags.py:75} INFO - 04-13-2021
[2021-05-30 19:14:04,358] {assignment_2_airflow_dags.py:75} INFO - 04-14-2021
[2021-05-30 19:14:05,001] {assignment_2_airflow_dags.py:75} INFO - 04-15-2021
[2021-05-30 19:14:05,701] {assignment_2_airflow_dags.py:75} INFO - 04-16-2021
[2021-05-30 19:14:06,378] {assignment_2_airflow_dags.py:75} INFO - 04-17-2021
[2021-05-30 19:14:07,069] {assignment_2_airflow_dags.py:75} INFO - 04-18-2021
[2021-05-30 19:14:07,746] {assignment_2_airflow_dags.py:75} INFO - 04-19-2021
[2021-05-30 19:14:08,433] {assignment_2_airflow_dags.py:75} INFO - 04-20-2021
[2021-05-30 19:14:09,163] {assignment_2_airflow_dags.py:75} INFO - 04-21-2021
[2021-05-30 19:14:09,855] {assignment_2_airflow_dags.py:75} INFO - 04-22-2021
[2021-05-30 19:14:10,596] {assignment_2_airflow_dags.py:75} INFO - 04-23-2021
[2021-05-30 19:14:11,244] {assignment_2_airflow_dags.py:75} INFO - 04-24-2021
[2021-05-30 19:14:11,903] {assignment_2_airflow_dags.py:75} INFO - 04-25-2021
[2021-05-30 19:14:12,635] {assignment_2_airflow_dags.py:75} INFO - 04-26-2021
[2021-05-30 19:14:13,423] {assignment_2_airflow_dags.py:75} INFO - 04-27-2021
[2021-05-30 19:14:14,100] {assignment_2_airflow_dags.py:75} INFO - 04-28-2021
[2021-05-30 19:14:14,781] {assignment_2_airflow_dags.py:75} INFO - 04-29-2021
[2021-05-30 19:14:15,508] {assignment_2_airflow_dags.py:75} INFO - 04-30-2021
[2021-05-30 19:14:16,201] {assignment_2_airflow_dags.py:75} INFO - 04-31-2021
[2021-05-30 19:14:16,569] {assignment_2_airflow_dags.py:75} INFO - 05-01-2021
[2021-05-30 19:14:17,277] {assignment_2_airflow_dags.py:75} INFO - 05-02-2021
[2021-05-30 19:14:17,957] {assignment_2_airflow_dags.py:75} INFO - 05-03-2021
[2021-05-30 19:14:18,682] {assignment_2_airflow_dags.py:75} INFO - 05-04-2021
[2021-05-30 19:14:19,390] {assignment_2_airflow_dags.py:75} INFO - 05-05-2021
[2021-05-30 19:14:20,087] {assignment_2_airflow_dags.py:75} INFO - 05-06-2021
[2021-05-30 19:14:20,789] {assignment_2_airflow_dags.py:75} INFO - 05-07-2021
[2021-05-30 19:14:21,482] {assignment_2_airflow_dags.py:75} INFO - 05-08-2021
[2021-05-30 19:14:22,147] {assignment_2_airflow_dags.py:75} INFO - 05-09-2021
[2021-05-30 19:14:22,910] {assignment_2_airflow_dags.py:75} INFO - 05-10-2021
[2021-05-30 19:14:23,645] {assignment_2_airflow_dags.py:75} INFO - 05-11-2021
[2021-05-30 19:14:24,321] {assignment_2_airflow_dags.py:75} INFO - 05-12-2021
[2021-05-30 19:14:24,973] {assignment_2_airflow_dags.py:75} INFO - 05-13-2021
[2021-05-30 19:14:25,665] {assignment_2_airflow_dags.py:75} INFO - 05-14-2021
[2021-05-30 19:14:26,332] {assignment_2_airflow_dags.py:75} INFO - 05-15-2021
[2021-05-30 19:14:27,016] {assignment_2_airflow_dags.py:75} INFO - 05-16-2021
[2021-05-30 19:14:27,693] {assignment_2_airflow_dags.py:75} INFO - 05-17-2021
[2021-05-30 19:14:28,366] {assignment_2_airflow_dags.py:75} INFO - 05-18-2021
[2021-05-30 19:14:29,056] {assignment_2_airflow_dags.py:75} INFO - 05-19-2021
[2021-05-30 19:14:29,761] {assignment_2_airflow_dags.py:75} INFO - 05-20-2021
[2021-05-30 19:14:30,451] {assignment_2_airflow_dags.py:75} INFO - 05-21-2021
[2021-05-30 19:14:31,134] {assignment_2_airflow_dags.py:75} INFO - 05-22-2021
[2021-05-30 19:14:31,854] {assignment_2_airflow_dags.py:75} INFO - 05-23-2021
[2021-05-30 19:14:32,606] {assignment_2_airflow_dags.py:75} INFO - 05-24-2021
[2021-05-30 19:14:33,210] {assignment_2_airflow_dags.py:75} INFO - 05-25-2021
[2021-05-30 19:14:33,843] {assignment_2_airflow_dags.py:75} INFO - 05-26-2021
[2021-05-30 19:14:34,576] {assignment_2_airflow_dags.py:75} INFO - 05-27-2021
[2021-05-30 19:14:36,155] {assignment_2_airflow_dags.py:75} INFO - 05-28-2021
[2021-05-30 19:14:36,721] {assignment_2_airflow_dags.py:75} INFO - 05-29-2021
[2021-05-30 19:14:37,259] {assignment_2_airflow_dags.py:75} INFO - 05-30-2021
[2021-05-30 19:14:37,571] {assignment_2_airflow_dags.py:75} INFO - 05-31-2021
[2021-05-30 19:14:37,970] {assignment_2_airflow_dags.py:75} INFO - 06-01-2021
[2021-05-30 19:14:38,352] {assignment_2_airflow_dags.py:75} INFO - 06-02-2021
[2021-05-30 19:14:38,734] {assignment_2_airflow_dags.py:75} INFO - 06-03-2021
[2021-05-30 19:14:39,136] {assignment_2_airflow_dags.py:75} INFO - 06-04-2021
[2021-05-30 19:14:39,518] {assignment_2_airflow_dags.py:75} INFO - 06-05-2021
[2021-05-30 19:14:39,909] {assignment_2_airflow_dags.py:75} INFO - 06-06-2021
[2021-05-30 19:14:40,270] {assignment_2_airflow_dags.py:75} INFO - 06-07-2021
[2021-05-30 19:14:40,680] {assignment_2_airflow_dags.py:75} INFO - 06-08-2021
[2021-05-30 19:14:41,095] {assignment_2_airflow_dags.py:75} INFO - 06-09-2021
[2021-05-30 19:14:41,483] {assignment_2_airflow_dags.py:75} INFO - 06-10-2021
[2021-05-30 19:14:41,822] {assignment_2_airflow_dags.py:75} INFO - 06-11-2021
[2021-05-30 19:14:42,199] {assignment_2_airflow_dags.py:75} INFO - 06-12-2021
[2021-05-30 19:14:42,571] {assignment_2_airflow_dags.py:75} INFO - 06-13-2021
[2021-05-30 19:14:42,956] {assignment_2_airflow_dags.py:75} INFO - 06-14-2021
[2021-05-30 19:14:43,332] {assignment_2_airflow_dags.py:75} INFO - 06-15-2021
[2021-05-30 19:14:43,707] {assignment_2_airflow_dags.py:75} INFO - 06-16-2021
[2021-05-30 19:14:44,087] {assignment_2_airflow_dags.py:75} INFO - 06-17-2021
[2021-05-30 19:14:44,458] {assignment_2_airflow_dags.py:75} INFO - 06-18-2021
[2021-05-30 19:14:44,839] {assignment_2_airflow_dags.py:75} INFO - 06-19-2021
[2021-05-30 19:14:45,214] {assignment_2_airflow_dags.py:75} INFO - 06-20-2021
[2021-05-30 19:14:45,589] {assignment_2_airflow_dags.py:75} INFO - 06-21-2021
[2021-05-30 19:14:45,971] {assignment_2_airflow_dags.py:75} INFO - 06-22-2021
[2021-05-30 19:14:46,341] {assignment_2_airflow_dags.py:75} INFO - 06-23-2021
[2021-05-30 19:14:46,719] {assignment_2_airflow_dags.py:75} INFO - 06-24-2021
[2021-05-30 19:14:47,099] {assignment_2_airflow_dags.py:75} INFO - 06-25-2021
[2021-05-30 19:14:47,476] {assignment_2_airflow_dags.py:75} INFO - 06-26-2021
[2021-05-30 19:14:47,869] {assignment_2_airflow_dags.py:75} INFO - 06-27-2021
[2021-05-30 19:14:48,244] {assignment_2_airflow_dags.py:75} INFO - 06-28-2021
[2021-05-30 19:14:48,641] {assignment_2_airflow_dags.py:75} INFO - 06-29-2021
[2021-05-30 19:14:49,046] {assignment_2_airflow_dags.py:75} INFO - 06-30-2021
[2021-05-30 19:14:49,418] {assignment_2_airflow_dags.py:75} INFO - 06-31-2021
[2021-05-30 19:14:49,788] {assignment_2_airflow_dags.py:75} INFO - 07-01-2021
[2021-05-30 19:14:50,172] {assignment_2_airflow_dags.py:75} INFO - 07-02-2021
[2021-05-30 19:14:50,547] {assignment_2_airflow_dags.py:75} INFO - 07-03-2021
[2021-05-30 19:14:50,928] {assignment_2_airflow_dags.py:75} INFO - 07-04-2021
[2021-05-30 19:14:51,314] {assignment_2_airflow_dags.py:75} INFO - 07-05-2021
[2021-05-30 19:14:51,683] {assignment_2_airflow_dags.py:75} INFO - 07-06-2021
[2021-05-30 19:14:52,049] {assignment_2_airflow_dags.py:75} INFO - 07-07-2021
[2021-05-30 19:14:52,412] {assignment_2_airflow_dags.py:75} INFO - 07-08-2021
[2021-05-30 19:14:52,806] {assignment_2_airflow_dags.py:75} INFO - 07-09-2021
[2021-05-30 19:14:53,202] {assignment_2_airflow_dags.py:75} INFO - 07-10-2021
[2021-05-30 19:14:53,589] {assignment_2_airflow_dags.py:75} INFO - 07-11-2021
[2021-05-30 19:14:53,964] {assignment_2_airflow_dags.py:75} INFO - 07-12-2021
[2021-05-30 19:14:54,349] {assignment_2_airflow_dags.py:75} INFO - 07-13-2021
[2021-05-30 19:14:54,712] {assignment_2_airflow_dags.py:75} INFO - 07-14-2021
[2021-05-30 19:14:55,111] {assignment_2_airflow_dags.py:75} INFO - 07-15-2021
[2021-05-30 19:14:55,490] {assignment_2_airflow_dags.py:75} INFO - 07-16-2021
[2021-05-30 19:14:55,855] {assignment_2_airflow_dags.py:75} INFO - 07-17-2021
[2021-05-30 19:14:56,229] {assignment_2_airflow_dags.py:75} INFO - 07-18-2021
[2021-05-30 19:14:56,606] {assignment_2_airflow_dags.py:75} INFO - 07-19-2021
[2021-05-30 19:14:56,989] {assignment_2_airflow_dags.py:75} INFO - 07-20-2021
[2021-05-30 19:14:57,377] {assignment_2_airflow_dags.py:75} INFO - 07-21-2021
[2021-05-30 19:14:57,736] {assignment_2_airflow_dags.py:75} INFO - 07-22-2021
[2021-05-30 19:14:58,118] {assignment_2_airflow_dags.py:75} INFO - 07-23-2021
[2021-05-30 19:14:58,494] {assignment_2_airflow_dags.py:75} INFO - 07-24-2021
[2021-05-30 19:14:58,869] {assignment_2_airflow_dags.py:75} INFO - 07-25-2021
[2021-05-30 19:14:59,249] {assignment_2_airflow_dags.py:75} INFO - 07-26-2021
[2021-05-30 19:14:59,619] {assignment_2_airflow_dags.py:75} INFO - 07-27-2021
[2021-05-30 19:14:59,996] {assignment_2_airflow_dags.py:75} INFO - 07-28-2021
[2021-05-30 19:15:00,374] {assignment_2_airflow_dags.py:75} INFO - 07-29-2021
[2021-05-30 19:15:00,782] {assignment_2_airflow_dags.py:75} INFO - 07-30-2021
[2021-05-30 19:15:01,154] {assignment_2_airflow_dags.py:75} INFO - 07-31-2021
[2021-05-30 19:15:01,535] {assignment_2_airflow_dags.py:75} INFO - 08-01-2021
[2021-05-30 19:15:01,955] {assignment_2_airflow_dags.py:75} INFO - 08-02-2021
[2021-05-30 19:15:02,335] {assignment_2_airflow_dags.py:75} INFO - 08-03-2021
[2021-05-30 19:15:02,744] {assignment_2_airflow_dags.py:75} INFO - 08-04-2021
[2021-05-30 19:15:03,146] {assignment_2_airflow_dags.py:75} INFO - 08-05-2021
[2021-05-30 19:15:03,562] {assignment_2_airflow_dags.py:75} INFO - 08-06-2021
[2021-05-30 19:15:03,975] {assignment_2_airflow_dags.py:75} INFO - 08-07-2021
[2021-05-30 19:15:04,414] {assignment_2_airflow_dags.py:75} INFO - 08-08-2021
[2021-05-30 19:15:04,806] {assignment_2_airflow_dags.py:75} INFO - 08-09-2021
[2021-05-30 19:15:05,213] {assignment_2_airflow_dags.py:75} INFO - 08-10-2021
[2021-05-30 19:15:05,573] {assignment_2_airflow_dags.py:75} INFO - 08-11-2021
[2021-05-30 19:15:05,958] {assignment_2_airflow_dags.py:75} INFO - 08-12-2021
[2021-05-30 19:15:06,335] {assignment_2_airflow_dags.py:75} INFO - 08-13-2021
[2021-05-30 19:15:06,846] {assignment_2_airflow_dags.py:75} INFO - 08-14-2021
[2021-05-30 19:15:07,232] {assignment_2_airflow_dags.py:75} INFO - 08-15-2021
[2021-05-30 19:15:07,610] {assignment_2_airflow_dags.py:75} INFO - 08-16-2021
[2021-05-30 19:15:08,057] {assignment_2_airflow_dags.py:75} INFO - 08-17-2021
[2021-05-30 19:15:08,450] {assignment_2_airflow_dags.py:75} INFO - 08-18-2021
[2021-05-30 19:15:08,904] {assignment_2_airflow_dags.py:75} INFO - 08-19-2021
[2021-05-30 19:15:09,284] {assignment_2_airflow_dags.py:75} INFO - 08-20-2021
[2021-05-30 19:15:09,690] {assignment_2_airflow_dags.py:75} INFO - 08-21-2021
[2021-05-30 19:15:10,084] {assignment_2_airflow_dags.py:75} INFO - 08-22-2021
[2021-05-30 19:15:10,494] {assignment_2_airflow_dags.py:75} INFO - 08-23-2021
[2021-05-30 19:15:10,889] {assignment_2_airflow_dags.py:75} INFO - 08-24-2021
[2021-05-30 19:15:11,266] {assignment_2_airflow_dags.py:75} INFO - 08-25-2021
[2021-05-30 19:15:11,627] {assignment_2_airflow_dags.py:75} INFO - 08-26-2021
[2021-05-30 19:15:12,005] {assignment_2_airflow_dags.py:75} INFO - 08-27-2021
[2021-05-30 19:15:12,381] {assignment_2_airflow_dags.py:75} INFO - 08-28-2021
[2021-05-30 19:15:12,759] {assignment_2_airflow_dags.py:75} INFO - 08-29-2021
[2021-05-30 19:15:13,148] {assignment_2_airflow_dags.py:75} INFO - 08-30-2021
[2021-05-30 19:15:13,529] {assignment_2_airflow_dags.py:75} INFO - 08-31-2021
[2021-05-30 19:15:13,911] {assignment_2_airflow_dags.py:75} INFO - 09-01-2021
[2021-05-30 19:15:14,304] {assignment_2_airflow_dags.py:75} INFO - 09-02-2021
[2021-05-30 19:15:14,702] {assignment_2_airflow_dags.py:75} INFO - 09-03-2021
[2021-05-30 19:15:15,109] {assignment_2_airflow_dags.py:75} INFO - 09-04-2021
[2021-05-30 19:15:15,499] {assignment_2_airflow_dags.py:75} INFO - 09-05-2021
[2021-05-30 19:15:15,913] {assignment_2_airflow_dags.py:75} INFO - 09-06-2021
[2021-05-30 19:15:16,283] {assignment_2_airflow_dags.py:75} INFO - 09-07-2021
[2021-05-30 19:15:16,682] {assignment_2_airflow_dags.py:75} INFO - 09-08-2021
[2021-05-30 19:15:17,104] {assignment_2_airflow_dags.py:75} INFO - 09-09-2021
[2021-05-30 19:15:17,471] {assignment_2_airflow_dags.py:75} INFO - 09-10-2021
[2021-05-30 19:15:17,877] {assignment_2_airflow_dags.py:75} INFO - 09-11-2021
[2021-05-30 19:15:18,319] {assignment_2_airflow_dags.py:75} INFO - 09-12-2021
[2021-05-30 19:15:18,818] {assignment_2_airflow_dags.py:75} INFO - 09-13-2021
[2021-05-30 19:15:19,272] {assignment_2_airflow_dags.py:75} INFO - 09-14-2021
[2021-05-30 19:15:19,972] {assignment_2_airflow_dags.py:75} INFO - 09-15-2021
[2021-05-30 19:15:20,410] {assignment_2_airflow_dags.py:75} INFO - 09-16-2021
[2021-05-30 19:15:20,851] {assignment_2_airflow_dags.py:75} INFO - 09-17-2021
[2021-05-30 19:15:21,380] {assignment_2_airflow_dags.py:75} INFO - 09-18-2021
[2021-05-30 19:15:21,796] {assignment_2_airflow_dags.py:75} INFO - 09-19-2021
[2021-05-30 19:15:22,423] {assignment_2_airflow_dags.py:75} INFO - 09-20-2021
[2021-05-30 19:15:24,556] {assignment_2_airflow_dags.py:75} INFO - 09-21-2021
[2021-05-30 19:15:25,290] {assignment_2_airflow_dags.py:75} INFO - 09-22-2021
[2021-05-30 19:15:26,079] {assignment_2_airflow_dags.py:75} INFO - 09-23-2021
[2021-05-30 19:15:26,513] {assignment_2_airflow_dags.py:75} INFO - 09-24-2021
[2021-05-30 19:15:26,980] {assignment_2_airflow_dags.py:75} INFO - 09-25-2021
[2021-05-30 19:15:27,500] {assignment_2_airflow_dags.py:75} INFO - 09-26-2021
[2021-05-30 19:15:27,910] {assignment_2_airflow_dags.py:75} INFO - 09-27-2021
[2021-05-30 19:15:28,278] {assignment_2_airflow_dags.py:75} INFO - 09-28-2021
[2021-05-30 19:15:28,804] {assignment_2_airflow_dags.py:75} INFO - 09-29-2021
[2021-05-30 19:15:29,192] {assignment_2_airflow_dags.py:75} INFO - 09-30-2021
[2021-05-30 19:15:29,604] {assignment_2_airflow_dags.py:75} INFO - 09-31-2021
[2021-05-30 19:15:29,977] {assignment_2_airflow_dags.py:75} INFO - 10-01-2021
[2021-05-30 19:15:30,369] {assignment_2_airflow_dags.py:75} INFO - 10-02-2021
[2021-05-30 19:15:30,758] {assignment_2_airflow_dags.py:75} INFO - 10-03-2021
[2021-05-30 19:15:31,130] {assignment_2_airflow_dags.py:75} INFO - 10-04-2021
[2021-05-30 19:15:31,522] {assignment_2_airflow_dags.py:75} INFO - 10-05-2021
[2021-05-30 19:15:31,924] {assignment_2_airflow_dags.py:75} INFO - 10-06-2021
[2021-05-30 19:15:32,339] {assignment_2_airflow_dags.py:75} INFO - 10-07-2021
[2021-05-30 19:15:32,717] {assignment_2_airflow_dags.py:75} INFO - 10-08-2021
[2021-05-30 19:15:33,117] {assignment_2_airflow_dags.py:75} INFO - 10-09-2021
[2021-05-30 19:15:33,505] {assignment_2_airflow_dags.py:75} INFO - 10-10-2021
[2021-05-30 19:15:33,889] {assignment_2_airflow_dags.py:75} INFO - 10-11-2021
[2021-05-30 19:15:34,266] {assignment_2_airflow_dags.py:75} INFO - 10-12-2021
[2021-05-30 19:15:34,636] {assignment_2_airflow_dags.py:75} INFO - 10-13-2021
[2021-05-30 19:15:35,037] {assignment_2_airflow_dags.py:75} INFO - 10-14-2021
[2021-05-30 19:15:35,412] {assignment_2_airflow_dags.py:75} INFO - 10-15-2021
[2021-05-30 19:15:35,826] {assignment_2_airflow_dags.py:75} INFO - 10-16-2021
[2021-05-30 19:15:36,214] {assignment_2_airflow_dags.py:75} INFO - 10-17-2021
[2021-05-30 19:15:36,584] {assignment_2_airflow_dags.py:75} INFO - 10-18-2021
[2021-05-30 19:15:36,966] {assignment_2_airflow_dags.py:75} INFO - 10-19-2021
[2021-05-30 19:15:37,345] {assignment_2_airflow_dags.py:75} INFO - 10-20-2021
[2021-05-30 19:15:37,736] {assignment_2_airflow_dags.py:75} INFO - 10-21-2021
[2021-05-30 19:15:38,113] {assignment_2_airflow_dags.py:75} INFO - 10-22-2021
[2021-05-30 19:15:38,488] {assignment_2_airflow_dags.py:75} INFO - 10-23-2021
[2021-05-30 19:15:38,878] {assignment_2_airflow_dags.py:75} INFO - 10-24-2021
[2021-05-30 19:15:39,253] {assignment_2_airflow_dags.py:75} INFO - 10-25-2021
[2021-05-30 19:15:39,633] {assignment_2_airflow_dags.py:75} INFO - 10-26-2021
[2021-05-30 19:15:40,009] {assignment_2_airflow_dags.py:75} INFO - 10-27-2021
[2021-05-30 19:15:40,377] {assignment_2_airflow_dags.py:75} INFO - 10-28-2021
[2021-05-30 19:15:40,742] {assignment_2_airflow_dags.py:75} INFO - 10-29-2021
[2021-05-30 19:15:41,115] {assignment_2_airflow_dags.py:75} INFO - 10-30-2021
[2021-05-30 19:15:41,478] {assignment_2_airflow_dags.py:75} INFO - 10-31-2021
[2021-05-30 19:15:41,857] {assignment_2_airflow_dags.py:75} INFO - 11-01-2021
[2021-05-30 19:15:42,241] {assignment_2_airflow_dags.py:75} INFO - 11-02-2021
[2021-05-30 19:15:42,613] {assignment_2_airflow_dags.py:75} INFO - 11-03-2021
[2021-05-30 19:15:43,015] {assignment_2_airflow_dags.py:75} INFO - 11-04-2021
[2021-05-30 19:15:43,411] {assignment_2_airflow_dags.py:75} INFO - 11-05-2021
[2021-05-30 19:15:43,789] {assignment_2_airflow_dags.py:75} INFO - 11-06-2021
[2021-05-30 19:15:44,160] {assignment_2_airflow_dags.py:75} INFO - 11-07-2021
[2021-05-30 19:15:44,553] {assignment_2_airflow_dags.py:75} INFO - 11-08-2021
[2021-05-30 19:15:44,917] {assignment_2_airflow_dags.py:75} INFO - 11-09-2021
[2021-05-30 19:15:45,294] {assignment_2_airflow_dags.py:75} INFO - 11-10-2021
[2021-05-30 19:15:45,677] {assignment_2_airflow_dags.py:75} INFO - 11-11-2021
[2021-05-30 19:15:46,064] {assignment_2_airflow_dags.py:75} INFO - 11-12-2021
[2021-05-30 19:15:46,440] {assignment_2_airflow_dags.py:75} INFO - 11-13-2021
[2021-05-30 19:15:46,819] {assignment_2_airflow_dags.py:75} INFO - 11-14-2021
[2021-05-30 19:15:47,253] {assignment_2_airflow_dags.py:75} INFO - 11-15-2021
[2021-05-30 19:15:47,626] {assignment_2_airflow_dags.py:75} INFO - 11-16-2021
[2021-05-30 19:15:48,006] {assignment_2_airflow_dags.py:75} INFO - 11-17-2021
[2021-05-30 19:15:48,379] {assignment_2_airflow_dags.py:75} INFO - 11-18-2021
[2021-05-30 19:15:48,753] {assignment_2_airflow_dags.py:75} INFO - 11-19-2021
[2021-05-30 19:15:49,127] {assignment_2_airflow_dags.py:75} INFO - 11-20-2021
[2021-05-30 19:15:49,497] {assignment_2_airflow_dags.py:75} INFO - 11-21-2021
[2021-05-30 19:15:49,884] {assignment_2_airflow_dags.py:75} INFO - 11-22-2021
[2021-05-30 19:15:50,269] {assignment_2_airflow_dags.py:75} INFO - 11-23-2021
[2021-05-30 19:15:50,649] {assignment_2_airflow_dags.py:75} INFO - 11-24-2021
[2021-05-30 19:15:51,029] {assignment_2_airflow_dags.py:75} INFO - 11-25-2021
[2021-05-30 19:15:51,422] {assignment_2_airflow_dags.py:75} INFO - 11-26-2021
[2021-05-30 19:15:51,796] {assignment_2_airflow_dags.py:75} INFO - 11-27-2021
[2021-05-30 19:15:52,178] {assignment_2_airflow_dags.py:75} INFO - 11-28-2021
[2021-05-30 19:15:52,560] {assignment_2_airflow_dags.py:75} INFO - 11-29-2021
[2021-05-30 19:15:53,155] {assignment_2_airflow_dags.py:75} INFO - 11-30-2021
[2021-05-30 19:15:53,525] {assignment_2_airflow_dags.py:75} INFO - 11-31-2021
[2021-05-30 19:15:53,962] {assignment_2_airflow_dags.py:75} INFO - 12-01-2021
[2021-05-30 19:15:54,335] {assignment_2_airflow_dags.py:75} INFO - 12-02-2021
[2021-05-30 19:15:54,714] {assignment_2_airflow_dags.py:75} INFO - 12-03-2021
[2021-05-30 19:15:55,087] {assignment_2_airflow_dags.py:75} INFO - 12-04-2021
[2021-05-30 19:15:55,478] {assignment_2_airflow_dags.py:75} INFO - 12-05-2021
[2021-05-30 19:15:55,847] {assignment_2_airflow_dags.py:75} INFO - 12-06-2021
[2021-05-30 19:15:56,224] {assignment_2_airflow_dags.py:75} INFO - 12-07-2021
[2021-05-30 19:15:56,599] {assignment_2_airflow_dags.py:75} INFO - 12-08-2021
[2021-05-30 19:15:56,983] {assignment_2_airflow_dags.py:75} INFO - 12-09-2021
[2021-05-30 19:15:57,372] {assignment_2_airflow_dags.py:75} INFO - 12-10-2021
[2021-05-30 19:15:57,750] {assignment_2_airflow_dags.py:75} INFO - 12-11-2021
[2021-05-30 19:15:58,141] {assignment_2_airflow_dags.py:75} INFO - 12-12-2021
[2021-05-30 19:15:58,506] {assignment_2_airflow_dags.py:75} INFO - 12-13-2021
[2021-05-30 19:15:58,880] {assignment_2_airflow_dags.py:75} INFO - 12-14-2021
[2021-05-30 19:15:59,251] {assignment_2_airflow_dags.py:75} INFO - 12-15-2021
[2021-05-30 19:15:59,621] {assignment_2_airflow_dags.py:75} INFO - 12-16-2021
[2021-05-30 19:15:59,999] {assignment_2_airflow_dags.py:75} INFO - 12-17-2021
[2021-05-30 19:16:00,384] {assignment_2_airflow_dags.py:75} INFO - 12-18-2021
[2021-05-30 19:16:00,797] {assignment_2_airflow_dags.py:75} INFO - 12-19-2021
[2021-05-30 19:16:01,219] {assignment_2_airflow_dags.py:75} INFO - 12-20-2021
[2021-05-30 19:16:01,607] {assignment_2_airflow_dags.py:75} INFO - 12-21-2021
[2021-05-30 19:16:02,009] {assignment_2_airflow_dags.py:75} INFO - 12-22-2021
[2021-05-30 19:16:02,408] {assignment_2_airflow_dags.py:75} INFO - 12-23-2021
[2021-05-30 19:16:02,794] {assignment_2_airflow_dags.py:75} INFO - 12-24-2021
[2021-05-30 19:16:03,186] {assignment_2_airflow_dags.py:75} INFO - 12-25-2021
[2021-05-30 19:16:03,552] {assignment_2_airflow_dags.py:75} INFO - 12-26-2021
[2021-05-30 19:16:03,946] {assignment_2_airflow_dags.py:75} INFO - 12-27-2021
[2021-05-30 19:16:04,340] {assignment_2_airflow_dags.py:75} INFO - 12-28-2021
[2021-05-30 19:16:04,724] {assignment_2_airflow_dags.py:75} INFO - 12-29-2021
[2021-05-30 19:16:05,101] {assignment_2_airflow_dags.py:75} INFO - 12-30-2021
[2021-05-30 19:16:05,476] {assignment_2_airflow_dags.py:75} INFO - 12-31-2021
[2021-05-30 19:16:05,867] {assignment_2_airflow_dags.py:79} INFO - It took 7.27 minutes to get all data
[2021-05-30 19:16:07,027] {taskinstance.py:1482} ERROR - Task failed with exception
Traceback (most recent call last):
  File "/home/airflow/.local/lib/python3.6/site-packages/airflow/models/taskinstance.py", line 1138, in _run_raw_task
    self._prepare_and_execute_task_with_callbacks(context, task)
  File "/home/airflow/.local/lib/python3.6/site-packages/airflow/models/taskinstance.py", line 1311, in _prepare_and_execute_task_with_callbacks
    result = self._execute_task(context, task_copy)
  File "/home/airflow/.local/lib/python3.6/site-packages/airflow/models/taskinstance.py", line 1341, in _execute_task
    result = task_copy.execute(context=context)
  File "/home/airflow/.local/lib/python3.6/site-packages/airflow/operators/python.py", line 117, in execute
    return_value = self.execute_callable()
  File "/home/airflow/.local/lib/python3.6/site-packages/airflow/operators/python.py", line 128, in execute_callable
    return self.python_callable(*self.op_args, **self.op_kwargs)
  File "/opt/airflow/dags/assignment_2_airflow_dags.py", line 86, in load_csv
    DF_UK.to_csv('/home/airflow/data/extracted_data.csv')
  File "/home/airflow/.local/lib/python3.6/site-packages/pandas/core/generic.py", line 3170, in to_csv
    formatter.save()
  File "/home/airflow/.local/lib/python3.6/site-packages/pandas/io/formats/csvs.py", line 190, in save
    compression=dict(self.compression_args, method=self.compression),
  File "/home/airflow/.local/lib/python3.6/site-packages/pandas/io/common.py", line 493, in get_handle
    f = open(path_or_buf, mode, encoding=encoding, errors=errors, newline="")
FileNotFoundError: [Errno 2] No such file or directory: '/home/airflow/data/extracted_data.csv'
[2021-05-30 19:16:07,050] {taskinstance.py:1532} INFO - Marking task as UP_FOR_RETRY. dag_id=data_engineering_assignment_2, task_id=load_csv, execution_date=20210530T190632, start_date=20210530T190849, end_date=20210530T191607
[2021-05-30 19:16:07,145] {local_task_job.py:146} INFO - Task exited with return code 1
