[2021-05-30 19:07:52,040] {taskinstance.py:877} INFO - Dependencies all met for <TaskInstance: data_engineering_assignment_2.setup_oparator 2021-05-30T19:06:32.067615+00:00 [queued]>
[2021-05-30 19:07:52,083] {taskinstance.py:877} INFO - Dependencies all met for <TaskInstance: data_engineering_assignment_2.setup_oparator 2021-05-30T19:06:32.067615+00:00 [queued]>
[2021-05-30 19:07:52,085] {taskinstance.py:1068} INFO - 
--------------------------------------------------------------------------------
[2021-05-30 19:07:52,087] {taskinstance.py:1069} INFO - Starting attempt 1 of 2
[2021-05-30 19:07:52,089] {taskinstance.py:1070} INFO - 
--------------------------------------------------------------------------------
[2021-05-30 19:07:52,114] {taskinstance.py:1089} INFO - Executing <Task(BashOperator): setup_oparator> on 2021-05-30T19:06:32.067615+00:00
[2021-05-30 19:07:52,125] {standard_task_runner.py:52} INFO - Started process 45 to run task
[2021-05-30 19:07:52,132] {standard_task_runner.py:76} INFO - Running: ['airflow', 'tasks', 'run', 'data_engineering_assignment_2', 'setup_oparator', '2021-05-30T19:06:32.067615+00:00', '--job-id', '10', '--pool', 'default_pool', '--raw', '--subdir', 'DAGS_FOLDER/assignment_2_airflow_dags.py', '--cfg-path', '/tmp/tmpr5vdl0vk', '--error-file', '/tmp/tmp4j_o_qe1']
[2021-05-30 19:07:52,134] {standard_task_runner.py:77} INFO - Job 10: Subtask setup_oparator
[2021-05-30 19:07:52,219] {logging_mixin.py:104} INFO - Running <TaskInstance: data_engineering_assignment_2.setup_oparator 2021-05-30T19:06:32.067615+00:00 [running]> on host d1b2a4d53792
[2021-05-30 19:07:52,293] {taskinstance.py:1283} INFO - Exporting the following env vars:
AIRFLOW_CTX_DAG_OWNER=Mohannad alsouqi
AIRFLOW_CTX_DAG_ID=data_engineering_assignment_2
AIRFLOW_CTX_TASK_ID=setup_oparator
AIRFLOW_CTX_EXECUTION_DATE=2021-05-30T19:06:32.067615+00:00
AIRFLOW_CTX_DAG_RUN_ID=manual__2021-05-30T19:06:32.067615+00:00
[2021-05-30 19:07:52,296] {bash.py:135} INFO - Tmp dir root location: 
 /tmp
[2021-05-30 19:07:52,298] {bash.py:158} INFO - Running command: pip install sqlalchemy matplotlib sklearn
[2021-05-30 19:07:52,315] {bash.py:169} INFO - Output:
[2021-05-30 19:07:53,408] {bash.py:173} INFO - WARNING: The directory '/home/airflow/.cache/pip' or its parent directory is not owned or is not writable by the current user. The cache has been disabled. Check the permissions and owner of that directory. If executing pip with sudo, you may want sudo's -H flag.
[2021-05-30 19:07:53,751] {bash.py:173} INFO - Requirement already satisfied: sqlalchemy in /home/airflow/.local/lib/python3.6/site-packages (1.3.24)
[2021-05-30 19:07:54,969] {bash.py:173} INFO - Collecting matplotlib
[2021-05-30 19:07:55,410] {bash.py:173} INFO -   Downloading matplotlib-3.3.4-cp36-cp36m-manylinux1_x86_64.whl (11.5 MB)
[2021-05-30 19:07:57,747] {bash.py:173} INFO - Collecting sklearn
[2021-05-30 19:07:57,825] {bash.py:173} INFO -   Downloading sklearn-0.0.tar.gz (1.1 kB)
[2021-05-30 19:07:59,349] {bash.py:173} INFO - Collecting kiwisolver>=1.0.1
[2021-05-30 19:07:59,434] {bash.py:173} INFO -   Downloading kiwisolver-1.3.1-cp36-cp36m-manylinux1_x86_64.whl (1.1 MB)
[2021-05-30 19:07:59,677] {bash.py:173} INFO - Requirement already satisfied: pyparsing!=2.0.4,!=2.1.2,!=2.1.6,>=2.0.3 in /home/airflow/.local/lib/python3.6/site-packages (from matplotlib) (2.4.7)
[2021-05-30 19:07:59,685] {bash.py:173} INFO - Requirement already satisfied: python-dateutil>=2.1 in /home/airflow/.local/lib/python3.6/site-packages (from matplotlib) (2.8.1)
[2021-05-30 19:08:00,666] {bash.py:173} INFO - Collecting pillow>=6.2.0
[2021-05-30 19:08:00,760] {bash.py:173} INFO -   Downloading Pillow-8.2.0-cp36-cp36m-manylinux1_x86_64.whl (3.0 MB)
[2021-05-30 19:08:01,570] {bash.py:173} INFO - Requirement already satisfied: numpy>=1.15 in /home/airflow/.local/lib/python3.6/site-packages (from matplotlib) (1.19.5)
[2021-05-30 19:08:01,741] {bash.py:173} INFO - Collecting cycler>=0.10
[2021-05-30 19:08:01,822] {bash.py:173} INFO -   Downloading cycler-0.10.0-py2.py3-none-any.whl (6.5 kB)
[2021-05-30 19:08:02,366] {bash.py:173} INFO - Collecting scikit-learn
[2021-05-30 19:08:02,459] {bash.py:173} INFO -   Downloading scikit_learn-0.24.2-cp36-cp36m-manylinux2010_x86_64.whl (22.2 MB)
[2021-05-30 19:08:04,861] {bash.py:173} INFO - Requirement already satisfied: six>=1.5 in /home/airflow/.local/lib/python3.6/site-packages (from python-dateutil>=2.1->matplotlib) (1.15.0)
[2021-05-30 19:08:05,491] {bash.py:173} INFO - Collecting scipy>=0.19.1
[2021-05-30 19:08:05,571] {bash.py:173} INFO -   Downloading scipy-1.5.4-cp36-cp36m-manylinux1_x86_64.whl (25.9 MB)
[2021-05-30 19:08:08,830] {bash.py:173} INFO - Collecting threadpoolctl>=2.0.0
[2021-05-30 19:08:08,913] {bash.py:173} INFO -   Downloading threadpoolctl-2.1.0-py3-none-any.whl (12 kB)
[2021-05-30 19:08:09,402] {bash.py:173} INFO - Collecting joblib>=0.11
[2021-05-30 19:08:09,491] {bash.py:173} INFO -   Downloading joblib-1.0.1-py3-none-any.whl (303 kB)
[2021-05-30 19:08:09,671] {bash.py:173} INFO - Building wheels for collected packages: sklearn
[2021-05-30 19:08:09,677] {bash.py:173} INFO -   Building wheel for sklearn (setup.py): started
[2021-05-30 19:08:12,262] {bash.py:173} INFO -   Building wheel for sklearn (setup.py): finished with status 'done'
[2021-05-30 19:08:12,266] {bash.py:173} INFO -   Created wheel for sklearn: filename=sklearn-0.0-py2.py3-none-any.whl size=1316 sha256=ed218dcb015f015975965d630ed2e4690da730238a295073539ac8a3a9816c9b
[2021-05-30 19:08:12,269] {bash.py:173} INFO -   Stored in directory: /tmp/pip-ephem-wheel-cache-df41uctd/wheels/23/9d/42/5ec745cbbb17517000a53cecc49d6a865450d1f5cb16dc8a9c
[2021-05-30 19:08:12,281] {bash.py:173} INFO - Successfully built sklearn
[2021-05-30 19:08:22,375] {bash.py:173} INFO - Installing collected packages: kiwisolver, pillow, cycler, matplotlib, scipy, threadpoolctl, joblib, scikit-learn, sklearn
[2021-05-30 19:08:45,835] {bash.py:173} INFO - Successfully installed cycler-0.10.0 joblib-1.0.1 kiwisolver-1.3.1 matplotlib-3.3.4 pillow-8.2.0 scikit-learn-0.24.2 scipy-1.5.4 sklearn-0.0 threadpoolctl-2.1.0
[2021-05-30 19:08:46,582] {bash.py:173} INFO - WARNING: You are using pip version 20.2.4; however, version 21.1.2 is available.
[2021-05-30 19:08:46,590] {bash.py:173} INFO - You should consider upgrading via the '/usr/local/bin/python -m pip install --upgrade pip' command.
[2021-05-30 19:08:46,993] {bash.py:177} INFO - Command exited with return code 0
[2021-05-30 19:08:47,107] {taskinstance.py:1192} INFO - Marking task as SUCCESS. dag_id=data_engineering_assignment_2, task_id=setup_oparator, execution_date=20210530T190632, start_date=20210530T190752, end_date=20210530T190847
[2021-05-30 19:08:47,265] {taskinstance.py:1246} INFO - 0 downstream tasks scheduled from follow-on schedule check
[2021-05-30 19:08:47,332] {local_task_job.py:146} INFO - Task exited with return code 0
