[2021-05-30 19:08:58,360] {taskinstance.py:877} INFO - Dependencies all met for <TaskInstance: data_engineering_assignment_2.load_csv 2021-05-30T19:08:20.535049+00:00 [queued]>
[2021-05-30 19:08:58,393] {taskinstance.py:877} INFO - Dependencies all met for <TaskInstance: data_engineering_assignment_2.load_csv 2021-05-30T19:08:20.535049+00:00 [queued]>
[2021-05-30 19:08:58,395] {taskinstance.py:1068} INFO - 
--------------------------------------------------------------------------------
[2021-05-30 19:08:58,396] {taskinstance.py:1069} INFO - Starting attempt 1 of 2
[2021-05-30 19:08:58,398] {taskinstance.py:1070} INFO - 
--------------------------------------------------------------------------------
[2021-05-30 19:08:58,414] {taskinstance.py:1089} INFO - Executing <Task(PythonOperator): load_csv> on 2021-05-30T19:08:20.535049+00:00
[2021-05-30 19:08:58,423] {standard_task_runner.py:52} INFO - Started process 75 to run task
[2021-05-30 19:08:58,429] {standard_task_runner.py:76} INFO - Running: ['airflow', 'tasks', 'run', 'data_engineering_assignment_2', 'load_csv', '2021-05-30T19:08:20.535049+00:00', '--job-id', '13', '--pool', 'default_pool', '--raw', '--subdir', 'DAGS_FOLDER/assignment_2_airflow_dags.py', '--cfg-path', '/tmp/tmpf4ydqc7a', '--error-file', '/tmp/tmpftqz_b8d']
[2021-05-30 19:08:58,431] {standard_task_runner.py:77} INFO - Job 13: Subtask load_csv
[2021-05-30 19:08:58,518] {logging_mixin.py:104} INFO - Running <TaskInstance: data_engineering_assignment_2.load_csv 2021-05-30T19:08:20.535049+00:00 [running]> on host d1b2a4d53792
[2021-05-30 19:08:58,598] {taskinstance.py:1283} INFO - Exporting the following env vars:
AIRFLOW_CTX_DAG_OWNER=Mohannad alsouqi
AIRFLOW_CTX_DAG_ID=data_engineering_assignment_2
AIRFLOW_CTX_TASK_ID=load_csv
AIRFLOW_CTX_EXECUTION_DATE=2021-05-30T19:08:20.535049+00:00
AIRFLOW_CTX_DAG_RUN_ID=manual__2021-05-30T19:08:20.535049+00:00
[2021-05-30 19:08:58,604] {assignment_2_airflow_dags.py:75} INFO - 01-01-2020
[2021-05-30 19:08:58,855] {assignment_2_airflow_dags.py:75} INFO - 01-02-2020
[2021-05-30 19:08:59,097] {assignment_2_airflow_dags.py:75} INFO - 01-03-2020
[2021-05-30 19:08:59,340] {assignment_2_airflow_dags.py:75} INFO - 01-04-2020
[2021-05-30 19:08:59,579] {assignment_2_airflow_dags.py:75} INFO - 01-05-2020
[2021-05-30 19:08:59,817] {assignment_2_airflow_dags.py:75} INFO - 01-06-2020
[2021-05-30 19:09:00,055] {assignment_2_airflow_dags.py:75} INFO - 01-07-2020
[2021-05-30 19:09:00,302] {assignment_2_airflow_dags.py:75} INFO - 01-08-2020
[2021-05-30 19:09:00,534] {assignment_2_airflow_dags.py:75} INFO - 01-09-2020
[2021-05-30 19:09:00,776] {assignment_2_airflow_dags.py:75} INFO - 01-10-2020
[2021-05-30 19:09:01,020] {assignment_2_airflow_dags.py:75} INFO - 01-11-2020
[2021-05-30 19:09:01,272] {assignment_2_airflow_dags.py:75} INFO - 01-12-2020
[2021-05-30 19:09:01,524] {assignment_2_airflow_dags.py:75} INFO - 01-13-2020
[2021-05-30 19:09:01,775] {assignment_2_airflow_dags.py:75} INFO - 01-14-2020
[2021-05-30 19:09:02,011] {assignment_2_airflow_dags.py:75} INFO - 01-15-2020
[2021-05-30 19:09:02,304] {assignment_2_airflow_dags.py:75} INFO - 01-16-2020
[2021-05-30 19:09:02,572] {assignment_2_airflow_dags.py:75} INFO - 01-17-2020
[2021-05-30 19:09:02,856] {assignment_2_airflow_dags.py:75} INFO - 01-18-2020
[2021-05-30 19:09:03,112] {assignment_2_airflow_dags.py:75} INFO - 01-19-2020
[2021-05-30 19:09:03,359] {assignment_2_airflow_dags.py:75} INFO - 01-20-2020
[2021-05-30 19:09:03,598] {assignment_2_airflow_dags.py:75} INFO - 01-21-2020
[2021-05-30 19:09:03,838] {assignment_2_airflow_dags.py:75} INFO - 01-22-2020
[2021-05-30 19:09:04,097] {assignment_2_airflow_dags.py:75} INFO - 01-23-2020
[2021-05-30 19:09:04,340] {assignment_2_airflow_dags.py:75} INFO - 01-24-2020
[2021-05-30 19:09:04,626] {assignment_2_airflow_dags.py:75} INFO - 01-25-2020
[2021-05-30 19:09:04,866] {assignment_2_airflow_dags.py:75} INFO - 01-26-2020
[2021-05-30 19:09:05,108] {assignment_2_airflow_dags.py:75} INFO - 01-27-2020
[2021-05-30 19:09:05,344] {assignment_2_airflow_dags.py:75} INFO - 01-28-2020
[2021-05-30 19:09:05,589] {assignment_2_airflow_dags.py:75} INFO - 01-29-2020
[2021-05-30 19:09:05,836] {assignment_2_airflow_dags.py:75} INFO - 01-30-2020
[2021-05-30 19:09:06,078] {assignment_2_airflow_dags.py:75} INFO - 01-31-2020
[2021-05-30 19:09:06,328] {assignment_2_airflow_dags.py:75} INFO - 02-01-2020
[2021-05-30 19:09:06,586] {assignment_2_airflow_dags.py:75} INFO - 02-02-2020
[2021-05-30 19:09:06,825] {assignment_2_airflow_dags.py:75} INFO - 02-03-2020
[2021-05-30 19:09:07,094] {assignment_2_airflow_dags.py:75} INFO - 02-04-2020
[2021-05-30 19:09:07,335] {assignment_2_airflow_dags.py:75} INFO - 02-05-2020
[2021-05-30 19:09:07,581] {assignment_2_airflow_dags.py:75} INFO - 02-06-2020
[2021-05-30 19:09:07,823] {assignment_2_airflow_dags.py:75} INFO - 02-07-2020
[2021-05-30 19:09:08,075] {assignment_2_airflow_dags.py:75} INFO - 02-08-2020
[2021-05-30 19:09:08,318] {assignment_2_airflow_dags.py:75} INFO - 02-09-2020
[2021-05-30 19:09:08,572] {assignment_2_airflow_dags.py:75} INFO - 02-10-2020
[2021-05-30 19:09:08,821] {assignment_2_airflow_dags.py:75} INFO - 02-11-2020
[2021-05-30 19:09:09,077] {assignment_2_airflow_dags.py:75} INFO - 02-12-2020
[2021-05-30 19:09:09,319] {assignment_2_airflow_dags.py:75} INFO - 02-13-2020
[2021-05-30 19:09:09,559] {assignment_2_airflow_dags.py:75} INFO - 02-14-2020
[2021-05-30 19:09:09,810] {assignment_2_airflow_dags.py:75} INFO - 02-15-2020
[2021-05-30 19:09:10,058] {assignment_2_airflow_dags.py:75} INFO - 02-16-2020
[2021-05-30 19:09:10,307] {assignment_2_airflow_dags.py:75} INFO - 02-17-2020
[2021-05-30 19:09:10,561] {assignment_2_airflow_dags.py:75} INFO - 02-18-2020
[2021-05-30 19:09:10,811] {assignment_2_airflow_dags.py:75} INFO - 02-19-2020
[2021-05-30 19:09:11,109] {assignment_2_airflow_dags.py:75} INFO - 02-20-2020
[2021-05-30 19:09:11,464] {assignment_2_airflow_dags.py:75} INFO - 02-21-2020
[2021-05-30 19:09:11,868] {assignment_2_airflow_dags.py:75} INFO - 02-22-2020
[2021-05-30 19:09:12,244] {assignment_2_airflow_dags.py:75} INFO - 02-23-2020
[2021-05-30 19:09:12,624] {assignment_2_airflow_dags.py:75} INFO - 02-24-2020
[2021-05-30 19:09:13,021] {assignment_2_airflow_dags.py:75} INFO - 02-25-2020
[2021-05-30 19:09:13,424] {assignment_2_airflow_dags.py:75} INFO - 02-26-2020
[2021-05-30 19:09:13,841] {assignment_2_airflow_dags.py:75} INFO - 02-27-2020
[2021-05-30 19:09:14,249] {assignment_2_airflow_dags.py:75} INFO - 02-28-2020
[2021-05-30 19:09:14,657] {assignment_2_airflow_dags.py:75} INFO - 02-29-2020
[2021-05-30 19:09:15,034] {assignment_2_airflow_dags.py:75} INFO - 02-30-2020
[2021-05-30 19:09:15,409] {assignment_2_airflow_dags.py:75} INFO - 02-31-2020
[2021-05-30 19:09:15,768] {assignment_2_airflow_dags.py:75} INFO - 03-01-2020
[2021-05-30 19:09:16,168] {assignment_2_airflow_dags.py:75} INFO - 03-02-2020
[2021-05-30 19:09:16,566] {assignment_2_airflow_dags.py:75} INFO - 03-03-2020
[2021-05-30 19:09:16,979] {assignment_2_airflow_dags.py:75} INFO - 03-04-2020
[2021-05-30 19:09:17,384] {assignment_2_airflow_dags.py:75} INFO - 03-05-2020
[2021-05-30 19:09:17,780] {assignment_2_airflow_dags.py:75} INFO - 03-06-2020
[2021-05-30 19:09:18,193] {assignment_2_airflow_dags.py:75} INFO - 03-07-2020
[2021-05-30 19:09:18,601] {assignment_2_airflow_dags.py:75} INFO - 03-08-2020
[2021-05-30 19:09:19,000] {assignment_2_airflow_dags.py:75} INFO - 03-09-2020
[2021-05-30 19:09:19,412] {assignment_2_airflow_dags.py:75} INFO - 03-10-2020
[2021-05-30 19:09:19,816] {assignment_2_airflow_dags.py:75} INFO - 03-11-2020
[2021-05-30 19:09:20,212] {assignment_2_airflow_dags.py:75} INFO - 03-12-2020
[2021-05-30 19:09:20,611] {assignment_2_airflow_dags.py:75} INFO - 03-13-2020
[2021-05-30 19:09:21,020] {assignment_2_airflow_dags.py:75} INFO - 03-14-2020
[2021-05-30 19:09:21,419] {assignment_2_airflow_dags.py:75} INFO - 03-15-2020
[2021-05-30 19:09:21,821] {assignment_2_airflow_dags.py:75} INFO - 03-16-2020
[2021-05-30 19:09:22,219] {assignment_2_airflow_dags.py:75} INFO - 03-17-2020
[2021-05-30 19:09:22,989] {assignment_2_airflow_dags.py:75} INFO - 03-18-2020
[2021-05-30 19:09:23,444] {assignment_2_airflow_dags.py:75} INFO - 03-19-2020
[2021-05-30 19:09:23,897] {assignment_2_airflow_dags.py:75} INFO - 03-20-2020
[2021-05-30 19:09:24,315] {assignment_2_airflow_dags.py:75} INFO - 03-21-2020
[2021-05-30 19:09:24,706] {assignment_2_airflow_dags.py:75} INFO - 03-22-2020
[2021-05-30 19:09:25,433] {assignment_2_airflow_dags.py:75} INFO - 03-23-2020
[2021-05-30 19:09:26,091] {assignment_2_airflow_dags.py:75} INFO - 03-24-2020
[2021-05-30 19:09:26,722] {assignment_2_airflow_dags.py:75} INFO - 03-25-2020
[2021-05-30 19:09:27,593] {assignment_2_airflow_dags.py:75} INFO - 03-26-2020
[2021-05-30 19:09:28,268] {assignment_2_airflow_dags.py:75} INFO - 03-27-2020
[2021-05-30 19:09:28,972] {assignment_2_airflow_dags.py:75} INFO - 03-28-2020
[2021-05-30 19:09:29,590] {assignment_2_airflow_dags.py:75} INFO - 03-29-2020
[2021-05-30 19:09:30,220] {assignment_2_airflow_dags.py:75} INFO - 03-30-2020
[2021-05-30 19:09:30,882] {assignment_2_airflow_dags.py:75} INFO - 03-31-2020
[2021-05-30 19:09:31,457] {assignment_2_airflow_dags.py:75} INFO - 04-01-2020
[2021-05-30 19:09:32,116] {assignment_2_airflow_dags.py:75} INFO - 04-02-2020
[2021-05-30 19:09:32,719] {assignment_2_airflow_dags.py:75} INFO - 04-03-2020
[2021-05-30 19:09:33,340] {assignment_2_airflow_dags.py:75} INFO - 04-04-2020
[2021-05-30 19:09:33,966] {assignment_2_airflow_dags.py:75} INFO - 04-05-2020
[2021-05-30 19:09:34,594] {assignment_2_airflow_dags.py:75} INFO - 04-06-2020
[2021-05-30 19:09:35,190] {assignment_2_airflow_dags.py:75} INFO - 04-07-2020
[2021-05-30 19:09:35,843] {assignment_2_airflow_dags.py:75} INFO - 04-08-2020
[2021-05-30 19:09:36,444] {assignment_2_airflow_dags.py:75} INFO - 04-09-2020
[2021-05-30 19:09:37,073] {assignment_2_airflow_dags.py:75} INFO - 04-10-2020
[2021-05-30 19:09:37,671] {assignment_2_airflow_dags.py:75} INFO - 04-11-2020
[2021-05-30 19:09:38,468] {assignment_2_airflow_dags.py:75} INFO - 04-12-2020
[2021-05-30 19:09:38,949] {assignment_2_airflow_dags.py:75} INFO - 04-13-2020
[2021-05-30 19:09:39,618] {assignment_2_airflow_dags.py:75} INFO - 04-14-2020
[2021-05-30 19:09:40,430] {assignment_2_airflow_dags.py:75} INFO - 04-15-2020
[2021-05-30 19:09:40,986] {assignment_2_airflow_dags.py:75} INFO - 04-16-2020
[2021-05-30 19:09:41,644] {assignment_2_airflow_dags.py:75} INFO - 04-17-2020
[2021-05-30 19:09:42,268] {assignment_2_airflow_dags.py:75} INFO - 04-18-2020
[2021-05-30 19:09:43,101] {assignment_2_airflow_dags.py:75} INFO - 04-19-2020
[2021-05-30 19:09:43,710] {assignment_2_airflow_dags.py:75} INFO - 04-20-2020
[2021-05-30 19:09:44,439] {assignment_2_airflow_dags.py:75} INFO - 04-21-2020
[2021-05-30 19:09:45,048] {assignment_2_airflow_dags.py:75} INFO - 04-22-2020
[2021-05-30 19:09:45,677] {assignment_2_airflow_dags.py:75} INFO - 04-23-2020
[2021-05-30 19:09:46,309] {assignment_2_airflow_dags.py:75} INFO - 04-24-2020
[2021-05-30 19:09:46,941] {assignment_2_airflow_dags.py:75} INFO - 04-25-2020
[2021-05-30 19:09:47,570] {assignment_2_airflow_dags.py:75} INFO - 04-26-2020
[2021-05-30 19:09:48,164] {assignment_2_airflow_dags.py:75} INFO - 04-27-2020
[2021-05-30 19:09:48,820] {assignment_2_airflow_dags.py:75} INFO - 04-28-2020
[2021-05-30 19:09:49,444] {assignment_2_airflow_dags.py:75} INFO - 04-29-2020
[2021-05-30 19:09:50,076] {assignment_2_airflow_dags.py:75} INFO - 04-30-2020
[2021-05-30 19:09:50,791] {assignment_2_airflow_dags.py:75} INFO - 04-31-2020
[2021-05-30 19:09:51,162] {assignment_2_airflow_dags.py:75} INFO - 05-01-2020
[2021-05-30 19:09:51,860] {assignment_2_airflow_dags.py:75} INFO - 05-02-2020
[2021-05-30 19:09:52,497] {assignment_2_airflow_dags.py:75} INFO - 05-03-2020
[2021-05-30 19:09:53,303] {assignment_2_airflow_dags.py:75} INFO - 05-04-2020
[2021-05-30 19:09:53,968] {assignment_2_airflow_dags.py:75} INFO - 05-05-2020
[2021-05-30 19:09:54,587] {assignment_2_airflow_dags.py:75} INFO - 05-06-2020
[2021-05-30 19:09:55,441] {assignment_2_airflow_dags.py:75} INFO - 05-07-2020
[2021-05-30 19:09:56,105] {assignment_2_airflow_dags.py:75} INFO - 05-08-2020
[2021-05-30 19:09:56,734] {assignment_2_airflow_dags.py:75} INFO - 05-09-2020
[2021-05-30 19:09:57,302] {assignment_2_airflow_dags.py:75} INFO - 05-10-2020
[2021-05-30 19:09:58,052] {assignment_2_airflow_dags.py:75} INFO - 05-11-2020
[2021-05-30 19:09:58,688] {assignment_2_airflow_dags.py:75} INFO - 05-12-2020
[2021-05-30 19:09:59,340] {assignment_2_airflow_dags.py:75} INFO - 05-13-2020
[2021-05-30 19:10:00,019] {assignment_2_airflow_dags.py:75} INFO - 05-14-2020
[2021-05-30 19:10:00,673] {assignment_2_airflow_dags.py:75} INFO - 05-15-2020
[2021-05-30 19:10:01,242] {assignment_2_airflow_dags.py:75} INFO - 05-16-2020
[2021-05-30 19:10:01,842] {assignment_2_airflow_dags.py:75} INFO - 05-17-2020
[2021-05-30 19:10:02,391] {assignment_2_airflow_dags.py:75} INFO - 05-18-2020
[2021-05-30 19:10:03,271] {assignment_2_airflow_dags.py:75} INFO - 05-19-2020
[2021-05-30 19:10:03,963] {assignment_2_airflow_dags.py:75} INFO - 05-20-2020
[2021-05-30 19:10:04,685] {assignment_2_airflow_dags.py:75} INFO - 05-21-2020
[2021-05-30 19:10:05,545] {assignment_2_airflow_dags.py:75} INFO - 05-22-2020
[2021-05-30 19:10:06,249] {assignment_2_airflow_dags.py:75} INFO - 05-23-2020
[2021-05-30 19:10:06,906] {assignment_2_airflow_dags.py:75} INFO - 05-24-2020
[2021-05-30 19:10:08,016] {assignment_2_airflow_dags.py:75} INFO - 05-25-2020
[2021-05-30 19:10:08,938] {assignment_2_airflow_dags.py:75} INFO - 05-26-2020
[2021-05-30 19:10:10,040] {assignment_2_airflow_dags.py:75} INFO - 05-27-2020
[2021-05-30 19:10:10,630] {assignment_2_airflow_dags.py:75} INFO - 05-28-2020
[2021-05-30 19:10:11,195] {assignment_2_airflow_dags.py:75} INFO - 05-29-2020
[2021-05-30 19:10:12,467] {assignment_2_airflow_dags.py:75} INFO - 05-30-2020
[2021-05-30 19:10:13,475] {assignment_2_airflow_dags.py:75} INFO - 05-31-2020
[2021-05-30 19:10:14,587] {assignment_2_airflow_dags.py:75} INFO - 06-01-2020
[2021-05-30 19:10:15,084] {assignment_2_airflow_dags.py:75} INFO - 06-02-2020
[2021-05-30 19:10:15,657] {assignment_2_airflow_dags.py:75} INFO - 06-03-2020
[2021-05-30 19:10:16,176] {assignment_2_airflow_dags.py:75} INFO - 06-04-2020
[2021-05-30 19:10:16,804] {assignment_2_airflow_dags.py:75} INFO - 06-05-2020
[2021-05-30 19:10:17,525] {assignment_2_airflow_dags.py:75} INFO - 06-06-2020
[2021-05-30 19:10:18,296] {assignment_2_airflow_dags.py:75} INFO - 06-07-2020
[2021-05-30 19:10:19,003] {assignment_2_airflow_dags.py:75} INFO - 06-08-2020
[2021-05-30 19:10:19,611] {assignment_2_airflow_dags.py:75} INFO - 06-09-2020
[2021-05-30 19:10:20,273] {assignment_2_airflow_dags.py:75} INFO - 06-10-2020
[2021-05-30 19:10:20,965] {assignment_2_airflow_dags.py:75} INFO - 06-11-2020
[2021-05-30 19:10:21,639] {assignment_2_airflow_dags.py:75} INFO - 06-12-2020
[2021-05-30 19:10:22,364] {assignment_2_airflow_dags.py:75} INFO - 06-13-2020
[2021-05-30 19:10:23,246] {assignment_2_airflow_dags.py:75} INFO - 06-14-2020
[2021-05-30 19:10:24,268] {assignment_2_airflow_dags.py:75} INFO - 06-15-2020
[2021-05-30 19:10:24,993] {assignment_2_airflow_dags.py:75} INFO - 06-16-2020
[2021-05-30 19:10:25,838] {assignment_2_airflow_dags.py:75} INFO - 06-17-2020
[2021-05-30 19:10:26,936] {assignment_2_airflow_dags.py:75} INFO - 06-18-2020
[2021-05-30 19:10:27,674] {assignment_2_airflow_dags.py:75} INFO - 06-19-2020
[2021-05-30 19:10:28,287] {assignment_2_airflow_dags.py:75} INFO - 06-20-2020
[2021-05-30 19:10:28,981] {assignment_2_airflow_dags.py:75} INFO - 06-21-2020
[2021-05-30 19:10:29,661] {assignment_2_airflow_dags.py:75} INFO - 06-22-2020
[2021-05-30 19:10:30,707] {assignment_2_airflow_dags.py:75} INFO - 06-23-2020
[2021-05-30 19:10:31,426] {assignment_2_airflow_dags.py:75} INFO - 06-24-2020
[2021-05-30 19:10:32,112] {assignment_2_airflow_dags.py:75} INFO - 06-25-2020
[2021-05-30 19:10:32,894] {assignment_2_airflow_dags.py:75} INFO - 06-26-2020
[2021-05-30 19:10:33,587] {assignment_2_airflow_dags.py:75} INFO - 06-27-2020
[2021-05-30 19:10:34,262] {assignment_2_airflow_dags.py:75} INFO - 06-28-2020
[2021-05-30 19:10:34,932] {assignment_2_airflow_dags.py:75} INFO - 06-29-2020
[2021-05-30 19:10:35,907] {assignment_2_airflow_dags.py:75} INFO - 06-30-2020
[2021-05-30 19:10:36,431] {assignment_2_airflow_dags.py:75} INFO - 06-31-2020
[2021-05-30 19:10:36,701] {assignment_2_airflow_dags.py:75} INFO - 07-01-2020
[2021-05-30 19:10:37,817] {assignment_2_airflow_dags.py:75} INFO - 07-02-2020
[2021-05-30 19:10:38,451] {assignment_2_airflow_dags.py:75} INFO - 07-03-2020
[2021-05-30 19:10:39,144] {assignment_2_airflow_dags.py:75} INFO - 07-04-2020
[2021-05-30 19:10:39,899] {assignment_2_airflow_dags.py:75} INFO - 07-05-2020
[2021-05-30 19:10:40,634] {assignment_2_airflow_dags.py:75} INFO - 07-06-2020
[2021-05-30 19:10:41,335] {assignment_2_airflow_dags.py:75} INFO - 07-07-2020
[2021-05-30 19:10:42,330] {assignment_2_airflow_dags.py:75} INFO - 07-08-2020
[2021-05-30 19:10:43,062] {assignment_2_airflow_dags.py:75} INFO - 07-09-2020
[2021-05-30 19:10:43,774] {assignment_2_airflow_dags.py:75} INFO - 07-10-2020
[2021-05-30 19:10:44,473] {assignment_2_airflow_dags.py:75} INFO - 07-11-2020
[2021-05-30 19:10:45,151] {assignment_2_airflow_dags.py:75} INFO - 07-12-2020
[2021-05-30 19:10:45,845] {assignment_2_airflow_dags.py:75} INFO - 07-13-2020
[2021-05-30 19:10:46,544] {assignment_2_airflow_dags.py:75} INFO - 07-14-2020
[2021-05-30 19:10:47,266] {assignment_2_airflow_dags.py:75} INFO - 07-15-2020
[2021-05-30 19:10:47,961] {assignment_2_airflow_dags.py:75} INFO - 07-16-2020
[2021-05-30 19:10:48,634] {assignment_2_airflow_dags.py:75} INFO - 07-17-2020
[2021-05-30 19:10:49,455] {assignment_2_airflow_dags.py:75} INFO - 07-18-2020
[2021-05-30 19:10:50,131] {assignment_2_airflow_dags.py:75} INFO - 07-19-2020
[2021-05-30 19:10:50,833] {assignment_2_airflow_dags.py:75} INFO - 07-20-2020
[2021-05-30 19:10:51,781] {assignment_2_airflow_dags.py:75} INFO - 07-21-2020
[2021-05-30 19:10:52,475] {assignment_2_airflow_dags.py:75} INFO - 07-22-2020
[2021-05-30 19:10:53,194] {assignment_2_airflow_dags.py:75} INFO - 07-23-2020
[2021-05-30 19:10:53,853] {assignment_2_airflow_dags.py:75} INFO - 07-24-2020
[2021-05-30 19:10:54,774] {assignment_2_airflow_dags.py:75} INFO - 07-25-2020
[2021-05-30 19:10:55,448] {assignment_2_airflow_dags.py:75} INFO - 07-26-2020
[2021-05-30 19:10:56,133] {assignment_2_airflow_dags.py:75} INFO - 07-27-2020
[2021-05-30 19:10:56,824] {assignment_2_airflow_dags.py:75} INFO - 07-28-2020
[2021-05-30 19:10:57,517] {assignment_2_airflow_dags.py:75} INFO - 07-29-2020
[2021-05-30 19:10:58,205] {assignment_2_airflow_dags.py:75} INFO - 07-30-2020
[2021-05-30 19:10:58,900] {assignment_2_airflow_dags.py:75} INFO - 07-31-2020
[2021-05-30 19:10:59,581] {assignment_2_airflow_dags.py:75} INFO - 08-01-2020
[2021-05-30 19:11:00,256] {assignment_2_airflow_dags.py:75} INFO - 08-02-2020
[2021-05-30 19:11:01,005] {assignment_2_airflow_dags.py:75} INFO - 08-03-2020
[2021-05-30 19:11:01,765] {assignment_2_airflow_dags.py:75} INFO - 08-04-2020
[2021-05-30 19:11:02,584] {assignment_2_airflow_dags.py:75} INFO - 08-05-2020
[2021-05-30 19:11:03,138] {assignment_2_airflow_dags.py:75} INFO - 08-06-2020
[2021-05-30 19:11:03,839] {assignment_2_airflow_dags.py:75} INFO - 08-07-2020
[2021-05-30 19:11:04,539] {assignment_2_airflow_dags.py:75} INFO - 08-08-2020
[2021-05-30 19:11:05,733] {assignment_2_airflow_dags.py:75} INFO - 08-09-2020
[2021-05-30 19:11:06,389] {assignment_2_airflow_dags.py:75} INFO - 08-10-2020
[2021-05-30 19:11:07,121] {assignment_2_airflow_dags.py:75} INFO - 08-11-2020
[2021-05-30 19:11:07,843] {assignment_2_airflow_dags.py:75} INFO - 08-12-2020
[2021-05-30 19:11:08,549] {assignment_2_airflow_dags.py:75} INFO - 08-13-2020
[2021-05-30 19:11:09,276] {assignment_2_airflow_dags.py:75} INFO - 08-14-2020
[2021-05-30 19:11:09,921] {assignment_2_airflow_dags.py:75} INFO - 08-15-2020
[2021-05-30 19:11:10,592] {assignment_2_airflow_dags.py:75} INFO - 08-16-2020
[2021-05-30 19:11:11,581] {assignment_2_airflow_dags.py:75} INFO - 08-17-2020
[2021-05-30 19:11:12,246] {assignment_2_airflow_dags.py:75} INFO - 08-18-2020
[2021-05-30 19:11:12,905] {assignment_2_airflow_dags.py:75} INFO - 08-19-2020
[2021-05-30 19:11:13,602] {assignment_2_airflow_dags.py:75} INFO - 08-20-2020
[2021-05-30 19:11:14,325] {assignment_2_airflow_dags.py:75} INFO - 08-21-2020
[2021-05-30 19:11:14,942] {assignment_2_airflow_dags.py:75} INFO - 08-22-2020
[2021-05-30 19:11:15,618] {assignment_2_airflow_dags.py:75} INFO - 08-23-2020
[2021-05-30 19:11:16,374] {assignment_2_airflow_dags.py:75} INFO - 08-24-2020
[2021-05-30 19:11:17,069] {assignment_2_airflow_dags.py:75} INFO - 08-25-2020
[2021-05-30 19:11:17,727] {assignment_2_airflow_dags.py:75} INFO - 08-26-2020
[2021-05-30 19:11:18,650] {assignment_2_airflow_dags.py:75} INFO - 08-27-2020
[2021-05-30 19:11:19,368] {assignment_2_airflow_dags.py:75} INFO - 08-28-2020
[2021-05-30 19:11:20,043] {assignment_2_airflow_dags.py:75} INFO - 08-29-2020
[2021-05-30 19:11:20,834] {assignment_2_airflow_dags.py:75} INFO - 08-30-2020
[2021-05-30 19:11:21,489] {assignment_2_airflow_dags.py:75} INFO - 08-31-2020
[2021-05-30 19:11:22,181] {assignment_2_airflow_dags.py:75} INFO - 09-01-2020
[2021-05-30 19:11:22,885] {assignment_2_airflow_dags.py:75} INFO - 09-02-2020
[2021-05-30 19:11:23,599] {assignment_2_airflow_dags.py:75} INFO - 09-03-2020
[2021-05-30 19:11:24,433] {assignment_2_airflow_dags.py:75} INFO - 09-04-2020
[2021-05-30 19:11:25,133] {assignment_2_airflow_dags.py:75} INFO - 09-05-2020
[2021-05-30 19:11:25,815] {assignment_2_airflow_dags.py:75} INFO - 09-06-2020
[2021-05-30 19:11:26,531] {assignment_2_airflow_dags.py:75} INFO - 09-07-2020
[2021-05-30 19:11:27,250] {assignment_2_airflow_dags.py:75} INFO - 09-08-2020
[2021-05-30 19:11:28,029] {assignment_2_airflow_dags.py:75} INFO - 09-09-2020
[2021-05-30 19:11:28,709] {assignment_2_airflow_dags.py:75} INFO - 09-10-2020
[2021-05-30 19:11:29,376] {assignment_2_airflow_dags.py:75} INFO - 09-11-2020
[2021-05-30 19:11:30,046] {assignment_2_airflow_dags.py:75} INFO - 09-12-2020
[2021-05-30 19:11:30,738] {assignment_2_airflow_dags.py:75} INFO - 09-13-2020
[2021-05-30 19:11:31,430] {assignment_2_airflow_dags.py:75} INFO - 09-14-2020
[2021-05-30 19:11:32,104] {assignment_2_airflow_dags.py:75} INFO - 09-15-2020
[2021-05-30 19:11:32,799] {assignment_2_airflow_dags.py:75} INFO - 09-16-2020
[2021-05-30 19:11:33,487] {assignment_2_airflow_dags.py:75} INFO - 09-17-2020
[2021-05-30 19:11:34,175] {assignment_2_airflow_dags.py:75} INFO - 09-18-2020
[2021-05-30 19:11:34,846] {assignment_2_airflow_dags.py:75} INFO - 09-19-2020
[2021-05-30 19:11:35,525] {assignment_2_airflow_dags.py:75} INFO - 09-20-2020
[2021-05-30 19:11:36,220] {assignment_2_airflow_dags.py:75} INFO - 09-21-2020
[2021-05-30 19:11:36,867] {assignment_2_airflow_dags.py:75} INFO - 09-22-2020
[2021-05-30 19:11:37,552] {assignment_2_airflow_dags.py:75} INFO - 09-23-2020
[2021-05-30 19:11:38,644] {assignment_2_airflow_dags.py:75} INFO - 09-24-2020
[2021-05-30 19:11:39,175] {assignment_2_airflow_dags.py:75} INFO - 09-25-2020
[2021-05-30 19:11:39,723] {assignment_2_airflow_dags.py:75} INFO - 09-26-2020
[2021-05-30 19:11:40,372] {assignment_2_airflow_dags.py:75} INFO - 09-27-2020
[2021-05-30 19:11:41,045] {assignment_2_airflow_dags.py:75} INFO - 09-28-2020
[2021-05-30 19:11:41,698] {assignment_2_airflow_dags.py:75} INFO - 09-29-2020
[2021-05-30 19:11:42,379] {assignment_2_airflow_dags.py:75} INFO - 09-30-2020
[2021-05-30 19:11:43,241] {assignment_2_airflow_dags.py:75} INFO - 09-31-2020
[2021-05-30 19:11:43,621] {assignment_2_airflow_dags.py:75} INFO - 10-01-2020
[2021-05-30 19:11:44,294] {assignment_2_airflow_dags.py:75} INFO - 10-02-2020
[2021-05-30 19:11:44,864] {assignment_2_airflow_dags.py:75} INFO - 10-03-2020
[2021-05-30 19:11:45,550] {assignment_2_airflow_dags.py:75} INFO - 10-04-2020
[2021-05-30 19:11:46,236] {assignment_2_airflow_dags.py:75} INFO - 10-05-2020
[2021-05-30 19:11:46,914] {assignment_2_airflow_dags.py:75} INFO - 10-06-2020
[2021-05-30 19:11:47,624] {assignment_2_airflow_dags.py:75} INFO - 10-07-2020
[2021-05-30 19:11:48,312] {assignment_2_airflow_dags.py:75} INFO - 10-08-2020
[2021-05-30 19:11:49,006] {assignment_2_airflow_dags.py:75} INFO - 10-09-2020
[2021-05-30 19:11:49,688] {assignment_2_airflow_dags.py:75} INFO - 10-10-2020
[2021-05-30 19:11:50,365] {assignment_2_airflow_dags.py:75} INFO - 10-11-2020
[2021-05-30 19:11:51,033] {assignment_2_airflow_dags.py:75} INFO - 10-12-2020
[2021-05-30 19:11:51,650] {assignment_2_airflow_dags.py:75} INFO - 10-13-2020
[2021-05-30 19:11:52,342] {assignment_2_airflow_dags.py:75} INFO - 10-14-2020
[2021-05-30 19:11:53,042] {assignment_2_airflow_dags.py:75} INFO - 10-15-2020
[2021-05-30 19:11:53,779] {assignment_2_airflow_dags.py:75} INFO - 10-16-2020
[2021-05-30 19:11:54,489] {assignment_2_airflow_dags.py:75} INFO - 10-17-2020
[2021-05-30 19:11:55,204] {assignment_2_airflow_dags.py:75} INFO - 10-18-2020
[2021-05-30 19:11:55,874] {assignment_2_airflow_dags.py:75} INFO - 10-19-2020
[2021-05-30 19:11:56,563] {assignment_2_airflow_dags.py:75} INFO - 10-20-2020
[2021-05-30 19:11:57,197] {assignment_2_airflow_dags.py:75} INFO - 10-21-2020
[2021-05-30 19:11:57,869] {assignment_2_airflow_dags.py:75} INFO - 10-22-2020
[2021-05-30 19:11:58,632] {assignment_2_airflow_dags.py:75} INFO - 10-23-2020
[2021-05-30 19:11:59,331] {assignment_2_airflow_dags.py:75} INFO - 10-24-2020
[2021-05-30 19:12:00,038] {assignment_2_airflow_dags.py:75} INFO - 10-25-2020
[2021-05-30 19:12:00,818] {assignment_2_airflow_dags.py:75} INFO - 10-26-2020
[2021-05-30 19:12:01,640] {assignment_2_airflow_dags.py:75} INFO - 10-27-2020
[2021-05-30 19:12:02,329] {assignment_2_airflow_dags.py:75} INFO - 10-28-2020
[2021-05-30 19:12:03,363] {assignment_2_airflow_dags.py:75} INFO - 10-29-2020
[2021-05-30 19:12:04,045] {assignment_2_airflow_dags.py:75} INFO - 10-30-2020
[2021-05-30 19:12:04,785] {assignment_2_airflow_dags.py:75} INFO - 10-31-2020
[2021-05-30 19:12:05,473] {assignment_2_airflow_dags.py:75} INFO - 11-01-2020
[2021-05-30 19:12:06,176] {assignment_2_airflow_dags.py:75} INFO - 11-02-2020
[2021-05-30 19:12:06,864] {assignment_2_airflow_dags.py:75} INFO - 11-03-2020
[2021-05-30 19:12:07,534] {assignment_2_airflow_dags.py:75} INFO - 11-04-2020
[2021-05-30 19:12:08,234] {assignment_2_airflow_dags.py:75} INFO - 11-05-2020
[2021-05-30 19:12:08,931] {assignment_2_airflow_dags.py:75} INFO - 11-06-2020
[2021-05-30 19:12:09,648] {assignment_2_airflow_dags.py:75} INFO - 11-07-2020
[2021-05-30 19:12:10,682] {assignment_2_airflow_dags.py:75} INFO - 11-08-2020
[2021-05-30 19:12:11,382] {assignment_2_airflow_dags.py:75} INFO - 11-09-2020
[2021-05-30 19:12:12,044] {assignment_2_airflow_dags.py:75} INFO - 11-10-2020
[2021-05-30 19:12:12,734] {assignment_2_airflow_dags.py:75} INFO - 11-11-2020
[2021-05-30 19:12:13,456] {assignment_2_airflow_dags.py:75} INFO - 11-12-2020
[2021-05-30 19:12:14,165] {assignment_2_airflow_dags.py:75} INFO - 11-13-2020
[2021-05-30 19:12:14,837] {assignment_2_airflow_dags.py:75} INFO - 11-14-2020
[2021-05-30 19:12:15,824] {assignment_2_airflow_dags.py:75} INFO - 11-15-2020
[2021-05-30 19:12:16,504] {assignment_2_airflow_dags.py:75} INFO - 11-16-2020
[2021-05-30 19:12:17,282] {assignment_2_airflow_dags.py:75} INFO - 11-17-2020
[2021-05-30 19:12:17,934] {assignment_2_airflow_dags.py:75} INFO - 11-18-2020
[2021-05-30 19:12:18,621] {assignment_2_airflow_dags.py:75} INFO - 11-19-2020
[2021-05-30 19:12:19,310] {assignment_2_airflow_dags.py:75} INFO - 11-20-2020
[2021-05-30 19:12:19,990] {assignment_2_airflow_dags.py:75} INFO - 11-21-2020
[2021-05-30 19:12:20,670] {assignment_2_airflow_dags.py:75} INFO - 11-22-2020
[2021-05-30 19:12:21,349] {assignment_2_airflow_dags.py:75} INFO - 11-23-2020
[2021-05-30 19:12:22,039] {assignment_2_airflow_dags.py:75} INFO - 11-24-2020
[2021-05-30 19:12:22,760] {assignment_2_airflow_dags.py:75} INFO - 11-25-2020
[2021-05-30 19:12:23,487] {assignment_2_airflow_dags.py:75} INFO - 11-26-2020
[2021-05-30 19:12:24,186] {assignment_2_airflow_dags.py:75} INFO - 11-27-2020
[2021-05-30 19:12:24,899] {assignment_2_airflow_dags.py:75} INFO - 11-28-2020
[2021-05-30 19:12:25,634] {assignment_2_airflow_dags.py:75} INFO - 11-29-2020
[2021-05-30 19:12:26,652] {assignment_2_airflow_dags.py:75} INFO - 11-30-2020
[2021-05-30 19:12:27,363] {assignment_2_airflow_dags.py:75} INFO - 11-31-2020
[2021-05-30 19:12:27,740] {assignment_2_airflow_dags.py:75} INFO - 12-01-2020
[2021-05-30 19:12:28,423] {assignment_2_airflow_dags.py:75} INFO - 12-02-2020
[2021-05-30 19:12:29,122] {assignment_2_airflow_dags.py:75} INFO - 12-03-2020
[2021-05-30 19:12:29,820] {assignment_2_airflow_dags.py:75} INFO - 12-04-2020
[2021-05-30 19:12:30,511] {assignment_2_airflow_dags.py:75} INFO - 12-05-2020
[2021-05-30 19:12:31,609] {assignment_2_airflow_dags.py:75} INFO - 12-06-2020
[2021-05-30 19:12:32,321] {assignment_2_airflow_dags.py:75} INFO - 12-07-2020
[2021-05-30 19:12:33,013] {assignment_2_airflow_dags.py:75} INFO - 12-08-2020
[2021-05-30 19:12:33,723] {assignment_2_airflow_dags.py:75} INFO - 12-09-2020
[2021-05-30 19:12:34,402] {assignment_2_airflow_dags.py:75} INFO - 12-10-2020
[2021-05-30 19:12:35,074] {assignment_2_airflow_dags.py:75} INFO - 12-11-2020
[2021-05-30 19:12:35,780] {assignment_2_airflow_dags.py:75} INFO - 12-12-2020
[2021-05-30 19:12:36,452] {assignment_2_airflow_dags.py:75} INFO - 12-13-2020
[2021-05-30 19:12:37,130] {assignment_2_airflow_dags.py:75} INFO - 12-14-2020
[2021-05-30 19:12:37,838] {assignment_2_airflow_dags.py:75} INFO - 12-15-2020
[2021-05-30 19:12:39,157] {assignment_2_airflow_dags.py:75} INFO - 12-16-2020
[2021-05-30 19:12:39,901] {assignment_2_airflow_dags.py:75} INFO - 12-17-2020
[2021-05-30 19:12:40,536] {assignment_2_airflow_dags.py:75} INFO - 12-18-2020
[2021-05-30 19:12:41,218] {assignment_2_airflow_dags.py:75} INFO - 12-19-2020
[2021-05-30 19:12:41,890] {assignment_2_airflow_dags.py:75} INFO - 12-20-2020
[2021-05-30 19:12:42,642] {assignment_2_airflow_dags.py:75} INFO - 12-21-2020
[2021-05-30 19:12:43,327] {assignment_2_airflow_dags.py:75} INFO - 12-22-2020
[2021-05-30 19:12:44,027] {assignment_2_airflow_dags.py:75} INFO - 12-23-2020
[2021-05-30 19:12:44,728] {assignment_2_airflow_dags.py:75} INFO - 12-24-2020
[2021-05-30 19:12:45,366] {assignment_2_airflow_dags.py:75} INFO - 12-25-2020
[2021-05-30 19:12:46,028] {assignment_2_airflow_dags.py:75} INFO - 12-26-2020
[2021-05-30 19:12:46,721] {assignment_2_airflow_dags.py:75} INFO - 12-27-2020
[2021-05-30 19:12:47,411] {assignment_2_airflow_dags.py:75} INFO - 12-28-2020
[2021-05-30 19:12:48,090] {assignment_2_airflow_dags.py:75} INFO - 12-29-2020
[2021-05-30 19:12:48,763] {assignment_2_airflow_dags.py:75} INFO - 12-30-2020
[2021-05-30 19:12:49,462] {assignment_2_airflow_dags.py:75} INFO - 12-31-2020
[2021-05-30 19:12:50,198] {assignment_2_airflow_dags.py:75} INFO - 01-01-2021
[2021-05-30 19:12:50,826] {assignment_2_airflow_dags.py:75} INFO - 01-02-2021
[2021-05-30 19:12:51,542] {assignment_2_airflow_dags.py:75} INFO - 01-03-2021
[2021-05-30 19:12:52,220] {assignment_2_airflow_dags.py:75} INFO - 01-04-2021
[2021-05-30 19:12:52,851] {assignment_2_airflow_dags.py:75} INFO - 01-05-2021
[2021-05-30 19:12:53,527] {assignment_2_airflow_dags.py:75} INFO - 01-06-2021
[2021-05-30 19:12:54,158] {assignment_2_airflow_dags.py:75} INFO - 01-07-2021
[2021-05-30 19:12:54,806] {assignment_2_airflow_dags.py:75} INFO - 01-08-2021
[2021-05-30 19:12:55,496] {assignment_2_airflow_dags.py:75} INFO - 01-09-2021
[2021-05-30 19:12:56,186] {assignment_2_airflow_dags.py:75} INFO - 01-10-2021
[2021-05-30 19:12:56,879] {assignment_2_airflow_dags.py:75} INFO - 01-11-2021
[2021-05-30 19:12:57,590] {assignment_2_airflow_dags.py:75} INFO - 01-12-2021
[2021-05-30 19:12:58,238] {assignment_2_airflow_dags.py:75} INFO - 01-13-2021
[2021-05-30 19:12:58,855] {assignment_2_airflow_dags.py:75} INFO - 01-14-2021
[2021-05-30 19:12:59,713] {assignment_2_airflow_dags.py:75} INFO - 01-15-2021
[2021-05-30 19:13:00,430] {assignment_2_airflow_dags.py:75} INFO - 01-16-2021
[2021-05-30 19:13:01,054] {assignment_2_airflow_dags.py:75} INFO - 01-17-2021
[2021-05-30 19:13:01,833] {assignment_2_airflow_dags.py:75} INFO - 01-18-2021
[2021-05-30 19:13:02,546] {assignment_2_airflow_dags.py:75} INFO - 01-19-2021
[2021-05-30 19:13:03,309] {assignment_2_airflow_dags.py:75} INFO - 01-20-2021
[2021-05-30 19:13:03,940] {assignment_2_airflow_dags.py:75} INFO - 01-21-2021
[2021-05-30 19:13:04,645] {assignment_2_airflow_dags.py:75} INFO - 01-22-2021
[2021-05-30 19:13:05,281] {assignment_2_airflow_dags.py:75} INFO - 01-23-2021
[2021-05-30 19:13:05,893] {assignment_2_airflow_dags.py:75} INFO - 01-24-2021
[2021-05-30 19:13:06,553] {assignment_2_airflow_dags.py:75} INFO - 01-25-2021
[2021-05-30 19:13:07,242] {assignment_2_airflow_dags.py:75} INFO - 01-26-2021
[2021-05-30 19:13:07,962] {assignment_2_airflow_dags.py:75} INFO - 01-27-2021
[2021-05-30 19:13:08,649] {assignment_2_airflow_dags.py:75} INFO - 01-28-2021
[2021-05-30 19:13:09,318] {assignment_2_airflow_dags.py:75} INFO - 01-29-2021
[2021-05-30 19:13:10,019] {assignment_2_airflow_dags.py:75} INFO - 01-30-2021
[2021-05-30 19:13:10,693] {assignment_2_airflow_dags.py:75} INFO - 01-31-2021
[2021-05-30 19:13:11,484] {assignment_2_airflow_dags.py:75} INFO - 02-01-2021
[2021-05-30 19:13:12,328] {assignment_2_airflow_dags.py:75} INFO - 02-02-2021
[2021-05-30 19:13:12,993] {assignment_2_airflow_dags.py:75} INFO - 02-03-2021
[2021-05-30 19:13:13,691] {assignment_2_airflow_dags.py:75} INFO - 02-04-2021
[2021-05-30 19:13:14,417] {assignment_2_airflow_dags.py:75} INFO - 02-05-2021
[2021-05-30 19:13:15,135] {assignment_2_airflow_dags.py:75} INFO - 02-06-2021
[2021-05-30 19:13:15,794] {assignment_2_airflow_dags.py:75} INFO - 02-07-2021
[2021-05-30 19:13:16,488] {assignment_2_airflow_dags.py:75} INFO - 02-08-2021
[2021-05-30 19:13:17,189] {assignment_2_airflow_dags.py:75} INFO - 02-09-2021
[2021-05-30 19:13:17,815] {assignment_2_airflow_dags.py:75} INFO - 02-10-2021
[2021-05-30 19:13:18,567] {assignment_2_airflow_dags.py:75} INFO - 02-11-2021
[2021-05-30 19:13:19,262] {assignment_2_airflow_dags.py:75} INFO - 02-12-2021
[2021-05-30 19:13:19,987] {assignment_2_airflow_dags.py:75} INFO - 02-13-2021
[2021-05-30 19:13:20,690] {assignment_2_airflow_dags.py:75} INFO - 02-14-2021
[2021-05-30 19:13:21,370] {assignment_2_airflow_dags.py:75} INFO - 02-15-2021
[2021-05-30 19:13:22,055] {assignment_2_airflow_dags.py:75} INFO - 02-16-2021
[2021-05-30 19:13:22,746] {assignment_2_airflow_dags.py:75} INFO - 02-17-2021
[2021-05-30 19:13:23,398] {assignment_2_airflow_dags.py:75} INFO - 02-18-2021
[2021-05-30 19:13:24,023] {assignment_2_airflow_dags.py:75} INFO - 02-19-2021
[2021-05-30 19:13:24,716] {assignment_2_airflow_dags.py:75} INFO - 02-20-2021
[2021-05-30 19:13:25,447] {assignment_2_airflow_dags.py:75} INFO - 02-21-2021
[2021-05-30 19:13:26,342] {assignment_2_airflow_dags.py:75} INFO - 02-22-2021
[2021-05-30 19:13:27,051] {assignment_2_airflow_dags.py:75} INFO - 02-23-2021
[2021-05-30 19:13:27,736] {assignment_2_airflow_dags.py:75} INFO - 02-24-2021
[2021-05-30 19:13:28,353] {assignment_2_airflow_dags.py:75} INFO - 02-25-2021
[2021-05-30 19:13:29,061] {assignment_2_airflow_dags.py:75} INFO - 02-26-2021
[2021-05-30 19:13:29,656] {assignment_2_airflow_dags.py:75} INFO - 02-27-2021
[2021-05-30 19:13:30,491] {assignment_2_airflow_dags.py:75} INFO - 02-28-2021
[2021-05-30 19:13:31,275] {assignment_2_airflow_dags.py:75} INFO - 02-29-2021
[2021-05-30 19:13:31,667] {assignment_2_airflow_dags.py:75} INFO - 02-30-2021
[2021-05-30 19:13:32,049] {assignment_2_airflow_dags.py:75} INFO - 02-31-2021
[2021-05-30 19:13:32,434] {assignment_2_airflow_dags.py:75} INFO - 03-01-2021
[2021-05-30 19:13:33,111] {assignment_2_airflow_dags.py:75} INFO - 03-02-2021
[2021-05-30 19:13:33,780] {assignment_2_airflow_dags.py:75} INFO - 03-03-2021
[2021-05-30 19:13:34,474] {assignment_2_airflow_dags.py:75} INFO - 03-04-2021
[2021-05-30 19:13:35,859] {assignment_2_airflow_dags.py:75} INFO - 03-05-2021
[2021-05-30 19:13:36,542] {assignment_2_airflow_dags.py:75} INFO - 03-06-2021
[2021-05-30 19:13:37,264] {assignment_2_airflow_dags.py:75} INFO - 03-07-2021
[2021-05-30 19:13:37,983] {assignment_2_airflow_dags.py:75} INFO - 03-08-2021
[2021-05-30 19:13:38,705] {assignment_2_airflow_dags.py:75} INFO - 03-09-2021
[2021-05-30 19:13:39,413] {assignment_2_airflow_dags.py:75} INFO - 03-10-2021
[2021-05-30 19:13:40,143] {assignment_2_airflow_dags.py:75} INFO - 03-11-2021
[2021-05-30 19:13:40,855] {assignment_2_airflow_dags.py:75} INFO - 03-12-2021
[2021-05-30 19:13:41,553] {assignment_2_airflow_dags.py:75} INFO - 03-13-2021
[2021-05-30 19:13:42,156] {assignment_2_airflow_dags.py:75} INFO - 03-14-2021
[2021-05-30 19:13:42,783] {assignment_2_airflow_dags.py:75} INFO - 03-15-2021
[2021-05-30 19:13:43,394] {assignment_2_airflow_dags.py:75} INFO - 03-16-2021
[2021-05-30 19:13:44,078] {assignment_2_airflow_dags.py:75} INFO - 03-17-2021
[2021-05-30 19:13:44,836] {assignment_2_airflow_dags.py:75} INFO - 03-18-2021
[2021-05-30 19:13:45,484] {assignment_2_airflow_dags.py:75} INFO - 03-19-2021
[2021-05-30 19:13:46,187] {assignment_2_airflow_dags.py:75} INFO - 03-20-2021
[2021-05-30 19:13:46,818] {assignment_2_airflow_dags.py:75} INFO - 03-21-2021
[2021-05-30 19:13:47,485] {assignment_2_airflow_dags.py:75} INFO - 03-22-2021
[2021-05-30 19:13:48,306] {assignment_2_airflow_dags.py:75} INFO - 03-23-2021
[2021-05-30 19:13:48,915] {assignment_2_airflow_dags.py:75} INFO - 03-24-2021
[2021-05-30 19:13:49,597] {assignment_2_airflow_dags.py:75} INFO - 03-25-2021
[2021-05-30 19:13:50,281] {assignment_2_airflow_dags.py:75} INFO - 03-26-2021
[2021-05-30 19:13:50,923] {assignment_2_airflow_dags.py:75} INFO - 03-27-2021
[2021-05-30 19:13:51,604] {assignment_2_airflow_dags.py:75} INFO - 03-28-2021
[2021-05-30 19:13:52,218] {assignment_2_airflow_dags.py:75} INFO - 03-29-2021
[2021-05-30 19:13:53,032] {assignment_2_airflow_dags.py:75} INFO - 03-30-2021
[2021-05-30 19:13:54,229] {assignment_2_airflow_dags.py:75} INFO - 03-31-2021
[2021-05-30 19:13:54,936] {assignment_2_airflow_dags.py:75} INFO - 04-01-2021
[2021-05-30 19:13:55,644] {assignment_2_airflow_dags.py:75} INFO - 04-02-2021
[2021-05-30 19:13:56,346] {assignment_2_airflow_dags.py:75} INFO - 04-03-2021
[2021-05-30 19:13:57,040] {assignment_2_airflow_dags.py:75} INFO - 04-04-2021
[2021-05-30 19:13:57,716] {assignment_2_airflow_dags.py:75} INFO - 04-05-2021
[2021-05-30 19:13:58,578] {assignment_2_airflow_dags.py:75} INFO - 04-06-2021
[2021-05-30 19:13:59,316] {assignment_2_airflow_dags.py:75} INFO - 04-07-2021
[2021-05-30 19:14:00,076] {assignment_2_airflow_dags.py:75} INFO - 04-08-2021
[2021-05-30 19:14:00,761] {assignment_2_airflow_dags.py:75} INFO - 04-09-2021
[2021-05-30 19:14:01,470] {assignment_2_airflow_dags.py:75} INFO - 04-10-2021
[2021-05-30 19:14:02,204] {assignment_2_airflow_dags.py:75} INFO - 04-11-2021
[2021-05-30 19:14:02,906] {assignment_2_airflow_dags.py:75} INFO - 04-12-2021
[2021-05-30 19:14:03,683] {assignment_2_airflow_dags.py:75} INFO - 04-13-2021
[2021-05-30 19:14:04,351] {assignment_2_airflow_dags.py:75} INFO - 04-14-2021
[2021-05-30 19:14:05,007] {assignment_2_airflow_dags.py:75} INFO - 04-15-2021
[2021-05-30 19:14:05,694] {assignment_2_airflow_dags.py:75} INFO - 04-16-2021
[2021-05-30 19:14:06,378] {assignment_2_airflow_dags.py:75} INFO - 04-17-2021
[2021-05-30 19:14:07,086] {assignment_2_airflow_dags.py:75} INFO - 04-18-2021
[2021-05-30 19:14:07,743] {assignment_2_airflow_dags.py:75} INFO - 04-19-2021
[2021-05-30 19:14:08,439] {assignment_2_airflow_dags.py:75} INFO - 04-20-2021
[2021-05-30 19:14:09,147] {assignment_2_airflow_dags.py:75} INFO - 04-21-2021
[2021-05-30 19:14:09,827] {assignment_2_airflow_dags.py:75} INFO - 04-22-2021
[2021-05-30 19:14:10,539] {assignment_2_airflow_dags.py:75} INFO - 04-23-2021
[2021-05-30 19:14:11,223] {assignment_2_airflow_dags.py:75} INFO - 04-24-2021
[2021-05-30 19:14:11,885] {assignment_2_airflow_dags.py:75} INFO - 04-25-2021
[2021-05-30 19:14:12,643] {assignment_2_airflow_dags.py:75} INFO - 04-26-2021
[2021-05-30 19:14:13,417] {assignment_2_airflow_dags.py:75} INFO - 04-27-2021
[2021-05-30 19:14:14,097] {assignment_2_airflow_dags.py:75} INFO - 04-28-2021
[2021-05-30 19:14:14,783] {assignment_2_airflow_dags.py:75} INFO - 04-29-2021
[2021-05-30 19:14:15,496] {assignment_2_airflow_dags.py:75} INFO - 04-30-2021
[2021-05-30 19:14:16,198] {assignment_2_airflow_dags.py:75} INFO - 04-31-2021
[2021-05-30 19:14:16,570] {assignment_2_airflow_dags.py:75} INFO - 05-01-2021
[2021-05-30 19:14:17,256] {assignment_2_airflow_dags.py:75} INFO - 05-02-2021
[2021-05-30 19:14:17,962] {assignment_2_airflow_dags.py:75} INFO - 05-03-2021
[2021-05-30 19:14:18,687] {assignment_2_airflow_dags.py:75} INFO - 05-04-2021
[2021-05-30 19:14:19,388] {assignment_2_airflow_dags.py:75} INFO - 05-05-2021
[2021-05-30 19:14:20,097] {assignment_2_airflow_dags.py:75} INFO - 05-06-2021
[2021-05-30 19:14:20,768] {assignment_2_airflow_dags.py:75} INFO - 05-07-2021
[2021-05-30 19:14:21,462] {assignment_2_airflow_dags.py:75} INFO - 05-08-2021
[2021-05-30 19:14:22,168] {assignment_2_airflow_dags.py:75} INFO - 05-09-2021
[2021-05-30 19:14:22,912] {assignment_2_airflow_dags.py:75} INFO - 05-10-2021
[2021-05-30 19:14:23,622] {assignment_2_airflow_dags.py:75} INFO - 05-11-2021
[2021-05-30 19:14:24,311] {assignment_2_airflow_dags.py:75} INFO - 05-12-2021
[2021-05-30 19:14:24,976] {assignment_2_airflow_dags.py:75} INFO - 05-13-2021
[2021-05-30 19:14:25,658] {assignment_2_airflow_dags.py:75} INFO - 05-14-2021
[2021-05-30 19:14:26,336] {assignment_2_airflow_dags.py:75} INFO - 05-15-2021
[2021-05-30 19:14:27,017] {assignment_2_airflow_dags.py:75} INFO - 05-16-2021
[2021-05-30 19:14:27,685] {assignment_2_airflow_dags.py:75} INFO - 05-17-2021
[2021-05-30 19:14:28,383] {assignment_2_airflow_dags.py:75} INFO - 05-18-2021
[2021-05-30 19:14:29,053] {assignment_2_airflow_dags.py:75} INFO - 05-19-2021
[2021-05-30 19:14:29,765] {assignment_2_airflow_dags.py:75} INFO - 05-20-2021
[2021-05-30 19:14:30,439] {assignment_2_airflow_dags.py:75} INFO - 05-21-2021
[2021-05-30 19:14:31,155] {assignment_2_airflow_dags.py:75} INFO - 05-22-2021
[2021-05-30 19:14:31,928] {assignment_2_airflow_dags.py:75} INFO - 05-23-2021
[2021-05-30 19:14:32,583] {assignment_2_airflow_dags.py:75} INFO - 05-24-2021
[2021-05-30 19:14:33,211] {assignment_2_airflow_dags.py:75} INFO - 05-25-2021
[2021-05-30 19:14:33,864] {assignment_2_airflow_dags.py:75} INFO - 05-26-2021
[2021-05-30 19:14:34,560] {assignment_2_airflow_dags.py:75} INFO - 05-27-2021
[2021-05-30 19:14:36,167] {assignment_2_airflow_dags.py:75} INFO - 05-28-2021
[2021-05-30 19:14:36,716] {assignment_2_airflow_dags.py:75} INFO - 05-29-2021
[2021-05-30 19:14:37,243] {assignment_2_airflow_dags.py:75} INFO - 05-30-2021
[2021-05-30 19:14:37,571] {assignment_2_airflow_dags.py:75} INFO - 05-31-2021
[2021-05-30 19:14:37,970] {assignment_2_airflow_dags.py:75} INFO - 06-01-2021
[2021-05-30 19:14:38,352] {assignment_2_airflow_dags.py:75} INFO - 06-02-2021
[2021-05-30 19:14:38,735] {assignment_2_airflow_dags.py:75} INFO - 06-03-2021
[2021-05-30 19:14:39,135] {assignment_2_airflow_dags.py:75} INFO - 06-04-2021
[2021-05-30 19:14:39,518] {assignment_2_airflow_dags.py:75} INFO - 06-05-2021
[2021-05-30 19:14:39,907] {assignment_2_airflow_dags.py:75} INFO - 06-06-2021
[2021-05-30 19:14:40,271] {assignment_2_airflow_dags.py:75} INFO - 06-07-2021
[2021-05-30 19:14:40,675] {assignment_2_airflow_dags.py:75} INFO - 06-08-2021
[2021-05-30 19:14:41,091] {assignment_2_airflow_dags.py:75} INFO - 06-09-2021
[2021-05-30 19:14:41,484] {assignment_2_airflow_dags.py:75} INFO - 06-10-2021
[2021-05-30 19:14:41,821] {assignment_2_airflow_dags.py:75} INFO - 06-11-2021
[2021-05-30 19:14:42,199] {assignment_2_airflow_dags.py:75} INFO - 06-12-2021
[2021-05-30 19:14:42,571] {assignment_2_airflow_dags.py:75} INFO - 06-13-2021
[2021-05-30 19:14:42,956] {assignment_2_airflow_dags.py:75} INFO - 06-14-2021
[2021-05-30 19:14:43,332] {assignment_2_airflow_dags.py:75} INFO - 06-15-2021
[2021-05-30 19:14:43,707] {assignment_2_airflow_dags.py:75} INFO - 06-16-2021
[2021-05-30 19:14:44,089] {assignment_2_airflow_dags.py:75} INFO - 06-17-2021
[2021-05-30 19:14:44,460] {assignment_2_airflow_dags.py:75} INFO - 06-18-2021
[2021-05-30 19:14:44,839] {assignment_2_airflow_dags.py:75} INFO - 06-19-2021
[2021-05-30 19:14:45,214] {assignment_2_airflow_dags.py:75} INFO - 06-20-2021
[2021-05-30 19:14:45,589] {assignment_2_airflow_dags.py:75} INFO - 06-21-2021
[2021-05-30 19:14:45,971] {assignment_2_airflow_dags.py:75} INFO - 06-22-2021
[2021-05-30 19:14:46,343] {assignment_2_airflow_dags.py:75} INFO - 06-23-2021
[2021-05-30 19:14:46,719] {assignment_2_airflow_dags.py:75} INFO - 06-24-2021
[2021-05-30 19:14:47,101] {assignment_2_airflow_dags.py:75} INFO - 06-25-2021
[2021-05-30 19:14:47,471] {assignment_2_airflow_dags.py:75} INFO - 06-26-2021
[2021-05-30 19:14:47,870] {assignment_2_airflow_dags.py:75} INFO - 06-27-2021
[2021-05-30 19:14:48,244] {assignment_2_airflow_dags.py:75} INFO - 06-28-2021
[2021-05-30 19:14:48,636] {assignment_2_airflow_dags.py:75} INFO - 06-29-2021
[2021-05-30 19:14:49,046] {assignment_2_airflow_dags.py:75} INFO - 06-30-2021
[2021-05-30 19:14:49,418] {assignment_2_airflow_dags.py:75} INFO - 06-31-2021
[2021-05-30 19:14:49,788] {assignment_2_airflow_dags.py:75} INFO - 07-01-2021
[2021-05-30 19:14:50,172] {assignment_2_airflow_dags.py:75} INFO - 07-02-2021
[2021-05-30 19:14:50,547] {assignment_2_airflow_dags.py:75} INFO - 07-03-2021
[2021-05-30 19:14:50,929] {assignment_2_airflow_dags.py:75} INFO - 07-04-2021
[2021-05-30 19:14:51,314] {assignment_2_airflow_dags.py:75} INFO - 07-05-2021
[2021-05-30 19:14:51,683] {assignment_2_airflow_dags.py:75} INFO - 07-06-2021
[2021-05-30 19:14:52,052] {assignment_2_airflow_dags.py:75} INFO - 07-07-2021
[2021-05-30 19:14:52,412] {assignment_2_airflow_dags.py:75} INFO - 07-08-2021
[2021-05-30 19:14:52,799] {assignment_2_airflow_dags.py:75} INFO - 07-09-2021
[2021-05-30 19:14:53,201] {assignment_2_airflow_dags.py:75} INFO - 07-10-2021
[2021-05-30 19:14:53,587] {assignment_2_airflow_dags.py:75} INFO - 07-11-2021
[2021-05-30 19:14:53,972] {assignment_2_airflow_dags.py:75} INFO - 07-12-2021
[2021-05-30 19:14:54,349] {assignment_2_airflow_dags.py:75} INFO - 07-13-2021
[2021-05-30 19:14:54,715] {assignment_2_airflow_dags.py:75} INFO - 07-14-2021
[2021-05-30 19:14:55,110] {assignment_2_airflow_dags.py:75} INFO - 07-15-2021
[2021-05-30 19:14:55,490] {assignment_2_airflow_dags.py:75} INFO - 07-16-2021
[2021-05-30 19:14:55,854] {assignment_2_airflow_dags.py:75} INFO - 07-17-2021
[2021-05-30 19:14:56,227] {assignment_2_airflow_dags.py:75} INFO - 07-18-2021
[2021-05-30 19:14:56,607] {assignment_2_airflow_dags.py:75} INFO - 07-19-2021
[2021-05-30 19:14:56,990] {assignment_2_airflow_dags.py:75} INFO - 07-20-2021
[2021-05-30 19:14:57,362] {assignment_2_airflow_dags.py:75} INFO - 07-21-2021
[2021-05-30 19:14:57,737] {assignment_2_airflow_dags.py:75} INFO - 07-22-2021
[2021-05-30 19:14:58,119] {assignment_2_airflow_dags.py:75} INFO - 07-23-2021
[2021-05-30 19:14:58,495] {assignment_2_airflow_dags.py:75} INFO - 07-24-2021
[2021-05-30 19:14:58,870] {assignment_2_airflow_dags.py:75} INFO - 07-25-2021
[2021-05-30 19:14:59,249] {assignment_2_airflow_dags.py:75} INFO - 07-26-2021
[2021-05-30 19:14:59,618] {assignment_2_airflow_dags.py:75} INFO - 07-27-2021
[2021-05-30 19:14:59,996] {assignment_2_airflow_dags.py:75} INFO - 07-28-2021
[2021-05-30 19:15:00,378] {assignment_2_airflow_dags.py:75} INFO - 07-29-2021
[2021-05-30 19:15:00,773] {assignment_2_airflow_dags.py:75} INFO - 07-30-2021
[2021-05-30 19:15:01,153] {assignment_2_airflow_dags.py:75} INFO - 07-31-2021
[2021-05-30 19:15:01,534] {assignment_2_airflow_dags.py:75} INFO - 08-01-2021
[2021-05-30 19:15:01,955] {assignment_2_airflow_dags.py:75} INFO - 08-02-2021
[2021-05-30 19:15:02,335] {assignment_2_airflow_dags.py:75} INFO - 08-03-2021
[2021-05-30 19:15:02,743] {assignment_2_airflow_dags.py:75} INFO - 08-04-2021
[2021-05-30 19:15:03,145] {assignment_2_airflow_dags.py:75} INFO - 08-05-2021
[2021-05-30 19:15:03,562] {assignment_2_airflow_dags.py:75} INFO - 08-06-2021
[2021-05-30 19:15:03,975] {assignment_2_airflow_dags.py:75} INFO - 08-07-2021
[2021-05-30 19:15:04,415] {assignment_2_airflow_dags.py:75} INFO - 08-08-2021
[2021-05-30 19:15:04,804] {assignment_2_airflow_dags.py:75} INFO - 08-09-2021
[2021-05-30 19:15:05,212] {assignment_2_airflow_dags.py:75} INFO - 08-10-2021
[2021-05-30 19:15:05,574] {assignment_2_airflow_dags.py:75} INFO - 08-11-2021
[2021-05-30 19:15:05,957] {assignment_2_airflow_dags.py:75} INFO - 08-12-2021
[2021-05-30 19:15:06,338] {assignment_2_airflow_dags.py:75} INFO - 08-13-2021
[2021-05-30 19:15:06,846] {assignment_2_airflow_dags.py:75} INFO - 08-14-2021
[2021-05-30 19:15:07,230] {assignment_2_airflow_dags.py:75} INFO - 08-15-2021
[2021-05-30 19:15:07,611] {assignment_2_airflow_dags.py:75} INFO - 08-16-2021
[2021-05-30 19:15:08,057] {assignment_2_airflow_dags.py:75} INFO - 08-17-2021
[2021-05-30 19:15:08,448] {assignment_2_airflow_dags.py:75} INFO - 08-18-2021
[2021-05-30 19:15:08,906] {assignment_2_airflow_dags.py:75} INFO - 08-19-2021
[2021-05-30 19:15:09,284] {assignment_2_airflow_dags.py:75} INFO - 08-20-2021
[2021-05-30 19:15:09,688] {assignment_2_airflow_dags.py:75} INFO - 08-21-2021
[2021-05-30 19:15:10,084] {assignment_2_airflow_dags.py:75} INFO - 08-22-2021
[2021-05-30 19:15:10,494] {assignment_2_airflow_dags.py:75} INFO - 08-23-2021
[2021-05-30 19:15:10,889] {assignment_2_airflow_dags.py:75} INFO - 08-24-2021
[2021-05-30 19:15:11,266] {assignment_2_airflow_dags.py:75} INFO - 08-25-2021
[2021-05-30 19:15:11,632] {assignment_2_airflow_dags.py:75} INFO - 08-26-2021
[2021-05-30 19:15:12,005] {assignment_2_airflow_dags.py:75} INFO - 08-27-2021
[2021-05-30 19:15:12,382] {assignment_2_airflow_dags.py:75} INFO - 08-28-2021
[2021-05-30 19:15:12,757] {assignment_2_airflow_dags.py:75} INFO - 08-29-2021
[2021-05-30 19:15:13,150] {assignment_2_airflow_dags.py:75} INFO - 08-30-2021
[2021-05-30 19:15:13,529] {assignment_2_airflow_dags.py:75} INFO - 08-31-2021
[2021-05-30 19:15:13,911] {assignment_2_airflow_dags.py:75} INFO - 09-01-2021
[2021-05-30 19:15:14,306] {assignment_2_airflow_dags.py:75} INFO - 09-02-2021
[2021-05-30 19:15:14,702] {assignment_2_airflow_dags.py:75} INFO - 09-03-2021
[2021-05-30 19:15:15,109] {assignment_2_airflow_dags.py:75} INFO - 09-04-2021
[2021-05-30 19:15:15,504] {assignment_2_airflow_dags.py:75} INFO - 09-05-2021
[2021-05-30 19:15:15,913] {assignment_2_airflow_dags.py:75} INFO - 09-06-2021
[2021-05-30 19:15:16,283] {assignment_2_airflow_dags.py:75} INFO - 09-07-2021
[2021-05-30 19:15:16,677] {assignment_2_airflow_dags.py:75} INFO - 09-08-2021
[2021-05-30 19:15:17,105] {assignment_2_airflow_dags.py:75} INFO - 09-09-2021
[2021-05-30 19:15:17,473] {assignment_2_airflow_dags.py:75} INFO - 09-10-2021
[2021-05-30 19:15:17,885] {assignment_2_airflow_dags.py:75} INFO - 09-11-2021
[2021-05-30 19:15:18,317] {assignment_2_airflow_dags.py:75} INFO - 09-12-2021
[2021-05-30 19:15:18,808] {assignment_2_airflow_dags.py:75} INFO - 09-13-2021
[2021-05-30 19:15:19,268] {assignment_2_airflow_dags.py:75} INFO - 09-14-2021
[2021-05-30 19:15:19,969] {assignment_2_airflow_dags.py:75} INFO - 09-15-2021
[2021-05-30 19:15:20,386] {assignment_2_airflow_dags.py:75} INFO - 09-16-2021
[2021-05-30 19:15:20,861] {assignment_2_airflow_dags.py:75} INFO - 09-17-2021
[2021-05-30 19:15:21,326] {assignment_2_airflow_dags.py:75} INFO - 09-18-2021
[2021-05-30 19:15:21,795] {assignment_2_airflow_dags.py:75} INFO - 09-19-2021
[2021-05-30 19:15:22,286] {assignment_2_airflow_dags.py:75} INFO - 09-20-2021
[2021-05-30 19:15:24,535] {assignment_2_airflow_dags.py:75} INFO - 09-21-2021
[2021-05-30 19:15:25,313] {assignment_2_airflow_dags.py:75} INFO - 09-22-2021
[2021-05-30 19:15:26,022] {assignment_2_airflow_dags.py:75} INFO - 09-23-2021
[2021-05-30 19:15:26,524] {assignment_2_airflow_dags.py:75} INFO - 09-24-2021
[2021-05-30 19:15:26,973] {assignment_2_airflow_dags.py:75} INFO - 09-25-2021
[2021-05-30 19:15:27,502] {assignment_2_airflow_dags.py:75} INFO - 09-26-2021
[2021-05-30 19:15:27,901] {assignment_2_airflow_dags.py:75} INFO - 09-27-2021
[2021-05-30 19:15:28,279] {assignment_2_airflow_dags.py:75} INFO - 09-28-2021
[2021-05-30 19:15:28,808] {assignment_2_airflow_dags.py:75} INFO - 09-29-2021
[2021-05-30 19:15:29,192] {assignment_2_airflow_dags.py:75} INFO - 09-30-2021
[2021-05-30 19:15:29,604] {assignment_2_airflow_dags.py:75} INFO - 09-31-2021
[2021-05-30 19:15:29,978] {assignment_2_airflow_dags.py:75} INFO - 10-01-2021
[2021-05-30 19:15:30,368] {assignment_2_airflow_dags.py:75} INFO - 10-02-2021
[2021-05-30 19:15:30,758] {assignment_2_airflow_dags.py:75} INFO - 10-03-2021
[2021-05-30 19:15:31,131] {assignment_2_airflow_dags.py:75} INFO - 10-04-2021
[2021-05-30 19:15:31,522] {assignment_2_airflow_dags.py:75} INFO - 10-05-2021
[2021-05-30 19:15:31,924] {assignment_2_airflow_dags.py:75} INFO - 10-06-2021
[2021-05-30 19:15:32,339] {assignment_2_airflow_dags.py:75} INFO - 10-07-2021
[2021-05-30 19:15:32,717] {assignment_2_airflow_dags.py:75} INFO - 10-08-2021
[2021-05-30 19:15:33,117] {assignment_2_airflow_dags.py:75} INFO - 10-09-2021
[2021-05-30 19:15:33,507] {assignment_2_airflow_dags.py:75} INFO - 10-10-2021
[2021-05-30 19:15:33,889] {assignment_2_airflow_dags.py:75} INFO - 10-11-2021
[2021-05-30 19:15:34,265] {assignment_2_airflow_dags.py:75} INFO - 10-12-2021
[2021-05-30 19:15:34,636] {assignment_2_airflow_dags.py:75} INFO - 10-13-2021
[2021-05-30 19:15:35,038] {assignment_2_airflow_dags.py:75} INFO - 10-14-2021
[2021-05-30 19:15:35,412] {assignment_2_airflow_dags.py:75} INFO - 10-15-2021
[2021-05-30 19:15:35,826] {assignment_2_airflow_dags.py:75} INFO - 10-16-2021
[2021-05-30 19:15:36,214] {assignment_2_airflow_dags.py:75} INFO - 10-17-2021
[2021-05-30 19:15:36,584] {assignment_2_airflow_dags.py:75} INFO - 10-18-2021
[2021-05-30 19:15:36,966] {assignment_2_airflow_dags.py:75} INFO - 10-19-2021
[2021-05-30 19:15:37,344] {assignment_2_airflow_dags.py:75} INFO - 10-20-2021
[2021-05-30 19:15:37,730] {assignment_2_airflow_dags.py:75} INFO - 10-21-2021
[2021-05-30 19:15:38,113] {assignment_2_airflow_dags.py:75} INFO - 10-22-2021
[2021-05-30 19:15:38,489] {assignment_2_airflow_dags.py:75} INFO - 10-23-2021
[2021-05-30 19:15:38,874] {assignment_2_airflow_dags.py:75} INFO - 10-24-2021
[2021-05-30 19:15:39,253] {assignment_2_airflow_dags.py:75} INFO - 10-25-2021
[2021-05-30 19:15:39,633] {assignment_2_airflow_dags.py:75} INFO - 10-26-2021
[2021-05-30 19:15:40,009] {assignment_2_airflow_dags.py:75} INFO - 10-27-2021
[2021-05-30 19:15:40,377] {assignment_2_airflow_dags.py:75} INFO - 10-28-2021
[2021-05-30 19:15:40,742] {assignment_2_airflow_dags.py:75} INFO - 10-29-2021
[2021-05-30 19:15:41,114] {assignment_2_airflow_dags.py:75} INFO - 10-30-2021
[2021-05-30 19:15:41,478] {assignment_2_airflow_dags.py:75} INFO - 10-31-2021
[2021-05-30 19:15:41,857] {assignment_2_airflow_dags.py:75} INFO - 11-01-2021
[2021-05-30 19:15:42,241] {assignment_2_airflow_dags.py:75} INFO - 11-02-2021
[2021-05-30 19:15:42,616] {assignment_2_airflow_dags.py:75} INFO - 11-03-2021
[2021-05-30 19:15:43,017] {assignment_2_airflow_dags.py:75} INFO - 11-04-2021
[2021-05-30 19:15:43,415] {assignment_2_airflow_dags.py:75} INFO - 11-05-2021
[2021-05-30 19:15:43,785] {assignment_2_airflow_dags.py:75} INFO - 11-06-2021
[2021-05-30 19:15:44,164] {assignment_2_airflow_dags.py:75} INFO - 11-07-2021
[2021-05-30 19:15:44,555] {assignment_2_airflow_dags.py:75} INFO - 11-08-2021
[2021-05-30 19:15:44,914] {assignment_2_airflow_dags.py:75} INFO - 11-09-2021
[2021-05-30 19:15:45,293] {assignment_2_airflow_dags.py:75} INFO - 11-10-2021
[2021-05-30 19:15:45,672] {assignment_2_airflow_dags.py:75} INFO - 11-11-2021
[2021-05-30 19:15:46,069] {assignment_2_airflow_dags.py:75} INFO - 11-12-2021
[2021-05-30 19:15:46,443] {assignment_2_airflow_dags.py:75} INFO - 11-13-2021
[2021-05-30 19:15:46,817] {assignment_2_airflow_dags.py:75} INFO - 11-14-2021
[2021-05-30 19:15:47,253] {assignment_2_airflow_dags.py:75} INFO - 11-15-2021
[2021-05-30 19:15:47,628] {assignment_2_airflow_dags.py:75} INFO - 11-16-2021
[2021-05-30 19:15:48,006] {assignment_2_airflow_dags.py:75} INFO - 11-17-2021
[2021-05-30 19:15:48,379] {assignment_2_airflow_dags.py:75} INFO - 11-18-2021
[2021-05-30 19:15:48,755] {assignment_2_airflow_dags.py:75} INFO - 11-19-2021
[2021-05-30 19:15:49,127] {assignment_2_airflow_dags.py:75} INFO - 11-20-2021
[2021-05-30 19:15:49,497] {assignment_2_airflow_dags.py:75} INFO - 11-21-2021
[2021-05-30 19:15:49,886] {assignment_2_airflow_dags.py:75} INFO - 11-22-2021
[2021-05-30 19:15:50,269] {assignment_2_airflow_dags.py:75} INFO - 11-23-2021
[2021-05-30 19:15:50,647] {assignment_2_airflow_dags.py:75} INFO - 11-24-2021
[2021-05-30 19:15:51,033] {assignment_2_airflow_dags.py:75} INFO - 11-25-2021
[2021-05-30 19:15:51,420] {assignment_2_airflow_dags.py:75} INFO - 11-26-2021
[2021-05-30 19:15:51,802] {assignment_2_airflow_dags.py:75} INFO - 11-27-2021
[2021-05-30 19:15:52,176] {assignment_2_airflow_dags.py:75} INFO - 11-28-2021
[2021-05-30 19:15:52,558] {assignment_2_airflow_dags.py:75} INFO - 11-29-2021
[2021-05-30 19:15:53,155] {assignment_2_airflow_dags.py:75} INFO - 11-30-2021
[2021-05-30 19:15:53,525] {assignment_2_airflow_dags.py:75} INFO - 11-31-2021
[2021-05-30 19:15:53,960] {assignment_2_airflow_dags.py:75} INFO - 12-01-2021
[2021-05-30 19:15:54,335] {assignment_2_airflow_dags.py:75} INFO - 12-02-2021
[2021-05-30 19:15:54,714] {assignment_2_airflow_dags.py:75} INFO - 12-03-2021
[2021-05-30 19:15:55,085] {assignment_2_airflow_dags.py:75} INFO - 12-04-2021
[2021-05-30 19:15:55,478] {assignment_2_airflow_dags.py:75} INFO - 12-05-2021
[2021-05-30 19:15:55,846] {assignment_2_airflow_dags.py:75} INFO - 12-06-2021
[2021-05-30 19:15:56,224] {assignment_2_airflow_dags.py:75} INFO - 12-07-2021
[2021-05-30 19:15:56,599] {assignment_2_airflow_dags.py:75} INFO - 12-08-2021
[2021-05-30 19:15:56,982] {assignment_2_airflow_dags.py:75} INFO - 12-09-2021
[2021-05-30 19:15:57,373] {assignment_2_airflow_dags.py:75} INFO - 12-10-2021
[2021-05-30 19:15:57,753] {assignment_2_airflow_dags.py:75} INFO - 12-11-2021
[2021-05-30 19:15:58,134] {assignment_2_airflow_dags.py:75} INFO - 12-12-2021
[2021-05-30 19:15:58,508] {assignment_2_airflow_dags.py:75} INFO - 12-13-2021
[2021-05-30 19:15:58,880] {assignment_2_airflow_dags.py:75} INFO - 12-14-2021
[2021-05-30 19:15:59,252] {assignment_2_airflow_dags.py:75} INFO - 12-15-2021
[2021-05-30 19:15:59,620] {assignment_2_airflow_dags.py:75} INFO - 12-16-2021
[2021-05-30 19:16:00,001] {assignment_2_airflow_dags.py:75} INFO - 12-17-2021
[2021-05-30 19:16:00,384] {assignment_2_airflow_dags.py:75} INFO - 12-18-2021
[2021-05-30 19:16:00,797] {assignment_2_airflow_dags.py:75} INFO - 12-19-2021
[2021-05-30 19:16:01,219] {assignment_2_airflow_dags.py:75} INFO - 12-20-2021
[2021-05-30 19:16:01,609] {assignment_2_airflow_dags.py:75} INFO - 12-21-2021
[2021-05-30 19:16:02,001] {assignment_2_airflow_dags.py:75} INFO - 12-22-2021
[2021-05-30 19:16:02,403] {assignment_2_airflow_dags.py:75} INFO - 12-23-2021
[2021-05-30 19:16:02,797] {assignment_2_airflow_dags.py:75} INFO - 12-24-2021
[2021-05-30 19:16:03,183] {assignment_2_airflow_dags.py:75} INFO - 12-25-2021
[2021-05-30 19:16:03,556] {assignment_2_airflow_dags.py:75} INFO - 12-26-2021
[2021-05-30 19:16:03,946] {assignment_2_airflow_dags.py:75} INFO - 12-27-2021
[2021-05-30 19:16:04,339] {assignment_2_airflow_dags.py:75} INFO - 12-28-2021
[2021-05-30 19:16:04,724] {assignment_2_airflow_dags.py:75} INFO - 12-29-2021
[2021-05-30 19:16:05,101] {assignment_2_airflow_dags.py:75} INFO - 12-30-2021
[2021-05-30 19:16:05,476] {assignment_2_airflow_dags.py:75} INFO - 12-31-2021
[2021-05-30 19:16:05,864] {assignment_2_airflow_dags.py:79} INFO - It took 7.12 minutes to get all data
[2021-05-30 19:16:07,024] {taskinstance.py:1482} ERROR - Task failed with exception
Traceback (most recent call last):
  File "/home/airflow/.local/lib/python3.6/site-packages/airflow/models/taskinstance.py", line 1138, in _run_raw_task
    self._prepare_and_execute_task_with_callbacks(context, task)
  File "/home/airflow/.local/lib/python3.6/site-packages/airflow/models/taskinstance.py", line 1311, in _prepare_and_execute_task_with_callbacks
    result = self._execute_task(context, task_copy)
  File "/home/airflow/.local/lib/python3.6/site-packages/airflow/models/taskinstance.py", line 1341, in _execute_task
    result = task_copy.execute(context=context)
  File "/home/airflow/.local/lib/python3.6/site-packages/airflow/operators/python.py", line 117, in execute
    return_value = self.execute_callable()
  File "/home/airflow/.local/lib/python3.6/site-packages/airflow/operators/python.py", line 128, in execute_callable
    return self.python_callable(*self.op_args, **self.op_kwargs)
  File "/opt/airflow/dags/assignment_2_airflow_dags.py", line 86, in load_csv
    DF_UK.to_csv('/home/airflow/data/extracted_data.csv')
  File "/home/airflow/.local/lib/python3.6/site-packages/pandas/core/generic.py", line 3170, in to_csv
    formatter.save()
  File "/home/airflow/.local/lib/python3.6/site-packages/pandas/io/formats/csvs.py", line 190, in save
    compression=dict(self.compression_args, method=self.compression),
  File "/home/airflow/.local/lib/python3.6/site-packages/pandas/io/common.py", line 493, in get_handle
    f = open(path_or_buf, mode, encoding=encoding, errors=errors, newline="")
FileNotFoundError: [Errno 2] No such file or directory: '/home/airflow/data/extracted_data.csv'
[2021-05-30 19:16:07,039] {taskinstance.py:1532} INFO - Marking task as UP_FOR_RETRY. dag_id=data_engineering_assignment_2, task_id=load_csv, execution_date=20210530T190820, start_date=20210530T190858, end_date=20210530T191607
[2021-05-30 19:16:07,123] {local_task_job.py:146} INFO - Task exited with return code 1
