[2021-05-30 20:38:03,052] {taskinstance.py:877} INFO - Dependencies all met for <TaskInstance: data_engineering_assignment_2.Load_and_Extract_Data 2021-05-30T20:37:49.414310+00:00 [queued]>
[2021-05-30 20:38:03,074] {taskinstance.py:877} INFO - Dependencies all met for <TaskInstance: data_engineering_assignment_2.Load_and_Extract_Data 2021-05-30T20:37:49.414310+00:00 [queued]>
[2021-05-30 20:38:03,076] {taskinstance.py:1068} INFO - 
--------------------------------------------------------------------------------
[2021-05-30 20:38:03,078] {taskinstance.py:1069} INFO - Starting attempt 1 of 2
[2021-05-30 20:38:03,081] {taskinstance.py:1070} INFO - 
--------------------------------------------------------------------------------
[2021-05-30 20:38:03,109] {taskinstance.py:1089} INFO - Executing <Task(PythonOperator): Load_and_Extract_Data> on 2021-05-30T20:37:49.414310+00:00
[2021-05-30 20:38:03,115] {standard_task_runner.py:52} INFO - Started process 53 to run task
[2021-05-30 20:38:03,122] {standard_task_runner.py:76} INFO - Running: ['airflow', 'tasks', 'run', 'data_engineering_assignment_2', 'Load_and_Extract_Data', '2021-05-30T20:37:49.414310+00:00', '--job-id', '29', '--pool', 'default_pool', '--raw', '--subdir', 'DAGS_FOLDER/assignment_2_airflow_dags.py', '--cfg-path', '/tmp/tmpsg2kvjmu', '--error-file', '/tmp/tmp4pwho7tz']
[2021-05-30 20:38:03,124] {standard_task_runner.py:77} INFO - Job 29: Subtask Load_and_Extract_Data
[2021-05-30 20:38:03,211] {logging_mixin.py:104} INFO - Running <TaskInstance: data_engineering_assignment_2.Load_and_Extract_Data 2021-05-30T20:37:49.414310+00:00 [running]> on host d1b2a4d53792
[2021-05-30 20:38:03,283] {taskinstance.py:1283} INFO - Exporting the following env vars:
AIRFLOW_CTX_DAG_OWNER=Mohannad alsouqi
AIRFLOW_CTX_DAG_ID=data_engineering_assignment_2
AIRFLOW_CTX_TASK_ID=Load_and_Extract_Data
AIRFLOW_CTX_EXECUTION_DATE=2021-05-30T20:37:49.414310+00:00
AIRFLOW_CTX_DAG_RUN_ID=manual__2021-05-30T20:37:49.414310+00:00
[2021-05-30 20:38:03,288] {assignment_2_airflow_dags.py:75} INFO - 01-01-2020
[2021-05-30 20:38:03,957] {assignment_2_airflow_dags.py:75} INFO - 01-02-2020
[2021-05-30 20:38:04,462] {assignment_2_airflow_dags.py:75} INFO - 01-03-2020
[2021-05-30 20:38:04,975] {assignment_2_airflow_dags.py:75} INFO - 01-04-2020
[2021-05-30 20:38:05,577] {assignment_2_airflow_dags.py:75} INFO - 01-05-2020
[2021-05-30 20:38:06,150] {assignment_2_airflow_dags.py:75} INFO - 01-06-2020
[2021-05-30 20:38:06,698] {assignment_2_airflow_dags.py:75} INFO - 01-07-2020
[2021-05-30 20:38:07,195] {assignment_2_airflow_dags.py:75} INFO - 01-08-2020
[2021-05-30 20:38:07,707] {assignment_2_airflow_dags.py:75} INFO - 01-09-2020
[2021-05-30 20:38:08,231] {assignment_2_airflow_dags.py:75} INFO - 01-10-2020
[2021-05-30 20:38:08,784] {assignment_2_airflow_dags.py:75} INFO - 01-11-2020
[2021-05-30 20:38:09,370] {assignment_2_airflow_dags.py:75} INFO - 01-12-2020
[2021-05-30 20:38:09,892] {assignment_2_airflow_dags.py:75} INFO - 01-13-2020
[2021-05-30 20:38:10,379] {assignment_2_airflow_dags.py:75} INFO - 01-14-2020
[2021-05-30 20:38:10,888] {assignment_2_airflow_dags.py:75} INFO - 01-15-2020
[2021-05-30 20:38:11,421] {assignment_2_airflow_dags.py:75} INFO - 01-16-2020
[2021-05-30 20:38:12,192] {assignment_2_airflow_dags.py:75} INFO - 01-17-2020
[2021-05-30 20:38:12,716] {assignment_2_airflow_dags.py:75} INFO - 01-18-2020
[2021-05-30 20:38:13,304] {assignment_2_airflow_dags.py:75} INFO - 01-19-2020
[2021-05-30 20:38:13,812] {assignment_2_airflow_dags.py:75} INFO - 01-20-2020
[2021-05-30 20:38:14,770] {assignment_2_airflow_dags.py:75} INFO - 01-21-2020
[2021-05-30 20:38:15,304] {assignment_2_airflow_dags.py:75} INFO - 01-22-2020
[2021-05-30 20:38:15,852] {assignment_2_airflow_dags.py:75} INFO - 01-23-2020
[2021-05-30 20:38:16,367] {assignment_2_airflow_dags.py:75} INFO - 01-24-2020
[2021-05-30 20:38:16,958] {assignment_2_airflow_dags.py:75} INFO - 01-25-2020
[2021-05-30 20:38:17,457] {assignment_2_airflow_dags.py:75} INFO - 01-26-2020
[2021-05-30 20:38:18,243] {assignment_2_airflow_dags.py:75} INFO - 01-27-2020
[2021-05-30 20:38:18,784] {assignment_2_airflow_dags.py:75} INFO - 01-28-2020
[2021-05-30 20:38:19,296] {assignment_2_airflow_dags.py:75} INFO - 01-29-2020
[2021-05-30 20:38:19,839] {assignment_2_airflow_dags.py:75} INFO - 01-30-2020
[2021-05-30 20:38:20,356] {assignment_2_airflow_dags.py:75} INFO - 01-31-2020
[2021-05-30 20:38:20,923] {assignment_2_airflow_dags.py:75} INFO - 02-01-2020
[2021-05-30 20:38:21,438] {assignment_2_airflow_dags.py:75} INFO - 02-02-2020
[2021-05-30 20:38:21,971] {assignment_2_airflow_dags.py:75} INFO - 02-03-2020
[2021-05-30 20:38:22,479] {assignment_2_airflow_dags.py:75} INFO - 02-04-2020
[2021-05-30 20:38:23,009] {assignment_2_airflow_dags.py:75} INFO - 02-05-2020
[2021-05-30 20:38:23,521] {assignment_2_airflow_dags.py:75} INFO - 02-06-2020
[2021-05-30 20:38:24,142] {assignment_2_airflow_dags.py:75} INFO - 02-07-2020
[2021-05-30 20:38:24,756] {assignment_2_airflow_dags.py:75} INFO - 02-08-2020
[2021-05-30 20:38:25,365] {assignment_2_airflow_dags.py:75} INFO - 02-09-2020
[2021-05-30 20:38:25,964] {assignment_2_airflow_dags.py:75} INFO - 02-10-2020
[2021-05-30 20:38:26,515] {assignment_2_airflow_dags.py:75} INFO - 02-11-2020
[2021-05-30 20:38:27,051] {assignment_2_airflow_dags.py:75} INFO - 02-12-2020
[2021-05-30 20:38:27,623] {assignment_2_airflow_dags.py:75} INFO - 02-13-2020
[2021-05-30 20:38:28,149] {assignment_2_airflow_dags.py:75} INFO - 02-14-2020
[2021-05-30 20:38:28,696] {assignment_2_airflow_dags.py:75} INFO - 02-15-2020
[2021-05-30 20:38:29,238] {assignment_2_airflow_dags.py:75} INFO - 02-16-2020
[2021-05-30 20:38:29,739] {assignment_2_airflow_dags.py:75} INFO - 02-17-2020
[2021-05-30 20:38:30,280] {assignment_2_airflow_dags.py:75} INFO - 02-18-2020
[2021-05-30 20:38:30,798] {assignment_2_airflow_dags.py:75} INFO - 02-19-2020
[2021-05-30 20:38:31,343] {assignment_2_airflow_dags.py:75} INFO - 02-20-2020
[2021-05-30 20:38:31,843] {assignment_2_airflow_dags.py:75} INFO - 02-21-2020
[2021-05-30 20:38:32,358] {assignment_2_airflow_dags.py:75} INFO - 02-22-2020
[2021-05-30 20:38:32,918] {assignment_2_airflow_dags.py:75} INFO - 02-23-2020
[2021-05-30 20:38:33,530] {assignment_2_airflow_dags.py:75} INFO - 02-24-2020
[2021-05-30 20:38:34,147] {assignment_2_airflow_dags.py:75} INFO - 02-25-2020
[2021-05-30 20:38:34,762] {assignment_2_airflow_dags.py:75} INFO - 02-26-2020
[2021-05-30 20:38:35,299] {assignment_2_airflow_dags.py:75} INFO - 02-27-2020
[2021-05-30 20:38:35,801] {assignment_2_airflow_dags.py:75} INFO - 02-28-2020
[2021-05-30 20:38:36,331] {assignment_2_airflow_dags.py:75} INFO - 02-29-2020
[2021-05-30 20:38:36,859] {assignment_2_airflow_dags.py:75} INFO - 02-30-2020
[2021-05-30 20:38:37,362] {assignment_2_airflow_dags.py:75} INFO - 02-31-2020
[2021-05-30 20:38:37,897] {assignment_2_airflow_dags.py:75} INFO - 03-01-2020
[2021-05-30 20:38:38,404] {assignment_2_airflow_dags.py:75} INFO - 03-02-2020
[2021-05-30 20:38:38,920] {assignment_2_airflow_dags.py:75} INFO - 03-03-2020
[2021-05-30 20:38:39,466] {assignment_2_airflow_dags.py:75} INFO - 03-04-2020
[2021-05-30 20:38:40,074] {assignment_2_airflow_dags.py:75} INFO - 03-05-2020
[2021-05-30 20:38:40,629] {assignment_2_airflow_dags.py:75} INFO - 03-06-2020
[2021-05-30 20:38:41,196] {assignment_2_airflow_dags.py:75} INFO - 03-07-2020
[2021-05-30 20:38:41,735] {assignment_2_airflow_dags.py:75} INFO - 03-08-2020
[2021-05-30 20:38:42,244] {assignment_2_airflow_dags.py:75} INFO - 03-09-2020
[2021-05-30 20:38:42,780] {assignment_2_airflow_dags.py:75} INFO - 03-10-2020
[2021-05-30 20:38:43,241] {assignment_2_airflow_dags.py:75} INFO - 03-11-2020
[2021-05-30 20:38:43,762] {assignment_2_airflow_dags.py:75} INFO - 03-12-2020
[2021-05-30 20:38:44,311] {assignment_2_airflow_dags.py:75} INFO - 03-13-2020
[2021-05-30 20:38:44,801] {assignment_2_airflow_dags.py:75} INFO - 03-14-2020
[2021-05-30 20:38:45,339] {assignment_2_airflow_dags.py:75} INFO - 03-15-2020
[2021-05-30 20:38:45,871] {assignment_2_airflow_dags.py:75} INFO - 03-16-2020
[2021-05-30 20:38:46,409] {assignment_2_airflow_dags.py:75} INFO - 03-17-2020
[2021-05-30 20:38:46,903] {assignment_2_airflow_dags.py:75} INFO - 03-18-2020
[2021-05-30 20:38:47,453] {assignment_2_airflow_dags.py:75} INFO - 03-19-2020
[2021-05-30 20:38:47,991] {assignment_2_airflow_dags.py:75} INFO - 03-20-2020
[2021-05-30 20:38:48,454] {assignment_2_airflow_dags.py:75} INFO - 03-21-2020
[2021-05-30 20:38:48,894] {assignment_2_airflow_dags.py:75} INFO - 03-22-2020
[2021-05-30 20:38:49,657] {assignment_2_airflow_dags.py:75} INFO - 03-23-2020
[2021-05-30 20:38:50,372] {assignment_2_airflow_dags.py:75} INFO - 03-24-2020
[2021-05-30 20:38:50,963] {assignment_2_airflow_dags.py:75} INFO - 03-25-2020
[2021-05-30 20:38:51,646] {assignment_2_airflow_dags.py:75} INFO - 03-26-2020
[2021-05-30 20:38:52,302] {assignment_2_airflow_dags.py:75} INFO - 03-27-2020
[2021-05-30 20:38:57,260] {assignment_2_airflow_dags.py:75} INFO - 03-28-2020
[2021-05-30 20:38:58,046] {assignment_2_airflow_dags.py:75} INFO - 03-29-2020
[2021-05-30 20:38:58,749] {assignment_2_airflow_dags.py:75} INFO - 03-30-2020
[2021-05-30 20:38:59,391] {assignment_2_airflow_dags.py:75} INFO - 03-31-2020
[2021-05-30 20:39:00,027] {assignment_2_airflow_dags.py:75} INFO - 04-01-2020
[2021-05-30 20:39:00,670] {assignment_2_airflow_dags.py:75} INFO - 04-02-2020
[2021-05-30 20:39:01,744] {assignment_2_airflow_dags.py:75} INFO - 04-03-2020
[2021-05-30 20:39:02,504] {assignment_2_airflow_dags.py:75} INFO - 04-04-2020
[2021-05-30 20:39:03,235] {assignment_2_airflow_dags.py:75} INFO - 04-05-2020
[2021-05-30 20:39:04,009] {assignment_2_airflow_dags.py:75} INFO - 04-06-2020
[2021-05-30 20:39:05,103] {assignment_2_airflow_dags.py:75} INFO - 04-07-2020
[2021-05-30 20:39:05,805] {assignment_2_airflow_dags.py:75} INFO - 04-08-2020
[2021-05-30 20:39:06,563] {assignment_2_airflow_dags.py:75} INFO - 04-09-2020
[2021-05-30 20:39:07,260] {assignment_2_airflow_dags.py:75} INFO - 04-10-2020
[2021-05-30 20:39:07,938] {assignment_2_airflow_dags.py:75} INFO - 04-11-2020
[2021-05-30 20:39:08,532] {assignment_2_airflow_dags.py:75} INFO - 04-12-2020
[2021-05-30 20:39:09,166] {assignment_2_airflow_dags.py:75} INFO - 04-13-2020
[2021-05-30 20:39:09,760] {assignment_2_airflow_dags.py:75} INFO - 04-14-2020
[2021-05-30 20:39:10,525] {assignment_2_airflow_dags.py:75} INFO - 04-15-2020
[2021-05-30 20:39:11,159] {assignment_2_airflow_dags.py:75} INFO - 04-16-2020
[2021-05-30 20:39:11,782] {assignment_2_airflow_dags.py:75} INFO - 04-17-2020
[2021-05-30 20:39:12,402] {assignment_2_airflow_dags.py:75} INFO - 04-18-2020
[2021-05-30 20:39:13,039] {assignment_2_airflow_dags.py:75} INFO - 04-19-2020
[2021-05-30 20:39:13,729] {assignment_2_airflow_dags.py:75} INFO - 04-20-2020
[2021-05-30 20:39:14,360] {assignment_2_airflow_dags.py:75} INFO - 04-21-2020
[2021-05-30 20:39:14,953] {assignment_2_airflow_dags.py:75} INFO - 04-22-2020
[2021-05-30 20:39:15,566] {assignment_2_airflow_dags.py:75} INFO - 04-23-2020
[2021-05-30 20:39:16,441] {assignment_2_airflow_dags.py:75} INFO - 04-24-2020
[2021-05-30 20:39:17,028] {assignment_2_airflow_dags.py:75} INFO - 04-25-2020
[2021-05-30 20:39:17,806] {assignment_2_airflow_dags.py:75} INFO - 04-26-2020
[2021-05-30 20:39:18,612] {assignment_2_airflow_dags.py:75} INFO - 04-27-2020
[2021-05-30 20:39:19,392] {assignment_2_airflow_dags.py:75} INFO - 04-28-2020
[2021-05-30 20:39:20,077] {assignment_2_airflow_dags.py:75} INFO - 04-29-2020
[2021-05-30 20:39:20,781] {assignment_2_airflow_dags.py:75} INFO - 04-30-2020
[2021-05-30 20:39:21,403] {assignment_2_airflow_dags.py:75} INFO - 04-31-2020
[2021-05-30 20:39:21,994] {assignment_2_airflow_dags.py:75} INFO - 05-01-2020
[2021-05-30 20:39:22,595] {assignment_2_airflow_dags.py:75} INFO - 05-02-2020
[2021-05-30 20:39:23,319] {assignment_2_airflow_dags.py:75} INFO - 05-03-2020
[2021-05-30 20:39:23,952] {assignment_2_airflow_dags.py:75} INFO - 05-04-2020
[2021-05-30 20:39:25,681] {assignment_2_airflow_dags.py:75} INFO - 05-05-2020
[2021-05-30 20:39:26,445] {assignment_2_airflow_dags.py:75} INFO - 05-06-2020
[2021-05-30 20:39:27,240] {assignment_2_airflow_dags.py:75} INFO - 05-07-2020
[2021-05-30 20:39:27,831] {assignment_2_airflow_dags.py:75} INFO - 05-08-2020
[2021-05-30 20:39:28,439] {assignment_2_airflow_dags.py:75} INFO - 05-09-2020
[2021-05-30 20:39:29,397] {assignment_2_airflow_dags.py:75} INFO - 05-10-2020
[2021-05-30 20:39:30,055] {assignment_2_airflow_dags.py:75} INFO - 05-11-2020
[2021-05-30 20:39:30,758] {assignment_2_airflow_dags.py:75} INFO - 05-12-2020
[2021-05-30 20:39:31,431] {assignment_2_airflow_dags.py:75} INFO - 05-13-2020
[2021-05-30 20:39:32,087] {assignment_2_airflow_dags.py:75} INFO - 05-14-2020
[2021-05-30 20:39:32,756] {assignment_2_airflow_dags.py:75} INFO - 05-15-2020
[2021-05-30 20:39:33,415] {assignment_2_airflow_dags.py:75} INFO - 05-16-2020
[2021-05-30 20:39:34,135] {assignment_2_airflow_dags.py:75} INFO - 05-17-2020
[2021-05-30 20:39:34,840] {assignment_2_airflow_dags.py:75} INFO - 05-18-2020
[2021-05-30 20:39:35,711] {assignment_2_airflow_dags.py:75} INFO - 05-19-2020
[2021-05-30 20:39:36,333] {assignment_2_airflow_dags.py:75} INFO - 05-20-2020
[2021-05-30 20:39:37,932] {assignment_2_airflow_dags.py:75} INFO - 05-21-2020
[2021-05-30 20:39:38,640] {assignment_2_airflow_dags.py:75} INFO - 05-22-2020
[2021-05-30 20:39:39,356] {assignment_2_airflow_dags.py:75} INFO - 05-23-2020
[2021-05-30 20:39:39,981] {assignment_2_airflow_dags.py:75} INFO - 05-24-2020
[2021-05-30 20:39:40,708] {assignment_2_airflow_dags.py:75} INFO - 05-25-2020
[2021-05-30 20:39:41,348] {assignment_2_airflow_dags.py:75} INFO - 05-26-2020
[2021-05-30 20:39:42,000] {assignment_2_airflow_dags.py:75} INFO - 05-27-2020
[2021-05-30 20:39:42,661] {assignment_2_airflow_dags.py:75} INFO - 05-28-2020
[2021-05-30 20:39:43,366] {assignment_2_airflow_dags.py:75} INFO - 05-29-2020
[2021-05-30 20:39:44,078] {assignment_2_airflow_dags.py:75} INFO - 05-30-2020
[2021-05-30 20:39:44,755] {assignment_2_airflow_dags.py:75} INFO - 05-31-2020
[2021-05-30 20:39:45,897] {assignment_2_airflow_dags.py:75} INFO - 06-01-2020
[2021-05-30 20:39:46,594] {assignment_2_airflow_dags.py:75} INFO - 06-02-2020
[2021-05-30 20:39:47,351] {assignment_2_airflow_dags.py:75} INFO - 06-03-2020
[2021-05-30 20:39:48,171] {assignment_2_airflow_dags.py:75} INFO - 06-04-2020
[2021-05-30 20:39:49,445] {assignment_2_airflow_dags.py:75} INFO - 06-05-2020
[2021-05-30 20:39:50,081] {assignment_2_airflow_dags.py:75} INFO - 06-06-2020
[2021-05-30 20:39:51,237] {assignment_2_airflow_dags.py:75} INFO - 06-07-2020
[2021-05-30 20:39:52,135] {assignment_2_airflow_dags.py:75} INFO - 06-08-2020
[2021-05-30 20:39:52,785] {assignment_2_airflow_dags.py:75} INFO - 06-09-2020
[2021-05-30 20:39:53,662] {assignment_2_airflow_dags.py:75} INFO - 06-10-2020
[2021-05-30 20:39:54,363] {assignment_2_airflow_dags.py:75} INFO - 06-11-2020
[2021-05-30 20:39:55,062] {assignment_2_airflow_dags.py:75} INFO - 06-12-2020
[2021-05-30 20:39:55,941] {assignment_2_airflow_dags.py:75} INFO - 06-13-2020
[2021-05-30 20:39:56,637] {assignment_2_airflow_dags.py:75} INFO - 06-14-2020
[2021-05-30 20:39:57,323] {assignment_2_airflow_dags.py:75} INFO - 06-15-2020
[2021-05-30 20:39:58,074] {assignment_2_airflow_dags.py:75} INFO - 06-16-2020
[2021-05-30 20:39:58,845] {assignment_2_airflow_dags.py:75} INFO - 06-17-2020
[2021-05-30 20:40:00,183] {assignment_2_airflow_dags.py:75} INFO - 06-18-2020
[2021-05-30 20:40:00,963] {assignment_2_airflow_dags.py:75} INFO - 06-19-2020
[2021-05-30 20:40:01,567] {assignment_2_airflow_dags.py:75} INFO - 06-20-2020
[2021-05-30 20:40:02,315] {assignment_2_airflow_dags.py:75} INFO - 06-21-2020
[2021-05-30 20:40:03,110] {assignment_2_airflow_dags.py:75} INFO - 06-22-2020
[2021-05-30 20:40:03,828] {assignment_2_airflow_dags.py:75} INFO - 06-23-2020
[2021-05-30 20:40:04,550] {assignment_2_airflow_dags.py:75} INFO - 06-24-2020
[2021-05-30 20:40:05,281] {assignment_2_airflow_dags.py:75} INFO - 06-25-2020
[2021-05-30 20:40:05,926] {assignment_2_airflow_dags.py:75} INFO - 06-26-2020
[2021-05-30 20:40:06,617] {assignment_2_airflow_dags.py:75} INFO - 06-27-2020
[2021-05-30 20:40:07,295] {assignment_2_airflow_dags.py:75} INFO - 06-28-2020
[2021-05-30 20:40:07,997] {assignment_2_airflow_dags.py:75} INFO - 06-29-2020
[2021-05-30 20:40:08,662] {assignment_2_airflow_dags.py:75} INFO - 06-30-2020
[2021-05-30 20:40:09,362] {assignment_2_airflow_dags.py:75} INFO - 06-31-2020
[2021-05-30 20:40:09,863] {assignment_2_airflow_dags.py:75} INFO - 07-01-2020
[2021-05-30 20:40:10,581] {assignment_2_airflow_dags.py:75} INFO - 07-02-2020
[2021-05-30 20:40:11,225] {assignment_2_airflow_dags.py:75} INFO - 07-03-2020
[2021-05-30 20:40:12,125] {assignment_2_airflow_dags.py:75} INFO - 07-04-2020
[2021-05-30 20:40:12,768] {assignment_2_airflow_dags.py:75} INFO - 07-05-2020
[2021-05-30 20:40:13,419] {assignment_2_airflow_dags.py:75} INFO - 07-06-2020
[2021-05-30 20:40:14,112] {assignment_2_airflow_dags.py:75} INFO - 07-07-2020
[2021-05-30 20:40:14,818] {assignment_2_airflow_dags.py:75} INFO - 07-08-2020
[2021-05-30 20:40:15,577] {assignment_2_airflow_dags.py:75} INFO - 07-09-2020
[2021-05-30 20:40:16,592] {assignment_2_airflow_dags.py:75} INFO - 07-10-2020
[2021-05-30 20:40:17,434] {assignment_2_airflow_dags.py:75} INFO - 07-11-2020
[2021-05-30 20:40:18,178] {assignment_2_airflow_dags.py:75} INFO - 07-12-2020
[2021-05-30 20:40:18,900] {assignment_2_airflow_dags.py:75} INFO - 07-13-2020
[2021-05-30 20:40:19,577] {assignment_2_airflow_dags.py:75} INFO - 07-14-2020
[2021-05-30 20:40:20,267] {assignment_2_airflow_dags.py:75} INFO - 07-15-2020
[2021-05-30 20:40:20,978] {assignment_2_airflow_dags.py:75} INFO - 07-16-2020
[2021-05-30 20:40:21,767] {assignment_2_airflow_dags.py:75} INFO - 07-17-2020
[2021-05-30 20:40:22,435] {assignment_2_airflow_dags.py:75} INFO - 07-18-2020
[2021-05-30 20:40:23,151] {assignment_2_airflow_dags.py:75} INFO - 07-19-2020
[2021-05-30 20:40:23,861] {assignment_2_airflow_dags.py:75} INFO - 07-20-2020
[2021-05-30 20:40:24,542] {assignment_2_airflow_dags.py:75} INFO - 07-21-2020
[2021-05-30 20:40:25,772] {assignment_2_airflow_dags.py:75} INFO - 07-22-2020
[2021-05-30 20:40:26,475] {assignment_2_airflow_dags.py:75} INFO - 07-23-2020
[2021-05-30 20:40:27,228] {assignment_2_airflow_dags.py:75} INFO - 07-24-2020
[2021-05-30 20:40:27,925] {assignment_2_airflow_dags.py:75} INFO - 07-25-2020
[2021-05-30 20:40:28,655] {assignment_2_airflow_dags.py:75} INFO - 07-26-2020
[2021-05-30 20:40:29,569] {assignment_2_airflow_dags.py:75} INFO - 07-27-2020
[2021-05-30 20:40:30,386] {assignment_2_airflow_dags.py:75} INFO - 07-28-2020
[2021-05-30 20:40:31,167] {assignment_2_airflow_dags.py:75} INFO - 07-29-2020
[2021-05-30 20:40:31,921] {assignment_2_airflow_dags.py:75} INFO - 07-30-2020
[2021-05-30 20:40:32,717] {assignment_2_airflow_dags.py:75} INFO - 07-31-2020
[2021-05-30 20:40:33,512] {assignment_2_airflow_dags.py:75} INFO - 08-01-2020
[2021-05-30 20:40:34,265] {assignment_2_airflow_dags.py:75} INFO - 08-02-2020
[2021-05-30 20:40:34,999] {assignment_2_airflow_dags.py:75} INFO - 08-03-2020
[2021-05-30 20:40:35,929] {assignment_2_airflow_dags.py:75} INFO - 08-04-2020
[2021-05-30 20:40:36,607] {assignment_2_airflow_dags.py:75} INFO - 08-05-2020
[2021-05-30 20:40:38,301] {assignment_2_airflow_dags.py:75} INFO - 08-06-2020
[2021-05-30 20:40:39,230] {assignment_2_airflow_dags.py:75} INFO - 08-07-2020
[2021-05-30 20:40:40,263] {assignment_2_airflow_dags.py:75} INFO - 08-08-2020
[2021-05-30 20:40:41,134] {assignment_2_airflow_dags.py:75} INFO - 08-09-2020
[2021-05-30 20:40:41,930] {assignment_2_airflow_dags.py:75} INFO - 08-10-2020
[2021-05-30 20:40:42,737] {assignment_2_airflow_dags.py:75} INFO - 08-11-2020
[2021-05-30 20:40:43,681] {assignment_2_airflow_dags.py:75} INFO - 08-12-2020
[2021-05-30 20:40:44,411] {assignment_2_airflow_dags.py:75} INFO - 08-13-2020
[2021-05-30 20:40:45,125] {assignment_2_airflow_dags.py:75} INFO - 08-14-2020
[2021-05-30 20:40:45,841] {assignment_2_airflow_dags.py:75} INFO - 08-15-2020
[2021-05-30 20:40:46,589] {assignment_2_airflow_dags.py:75} INFO - 08-16-2020
[2021-05-30 20:40:47,274] {assignment_2_airflow_dags.py:75} INFO - 08-17-2020
[2021-05-30 20:40:48,025] {assignment_2_airflow_dags.py:75} INFO - 08-18-2020
[2021-05-30 20:40:48,717] {assignment_2_airflow_dags.py:75} INFO - 08-19-2020
[2021-05-30 20:40:49,426] {assignment_2_airflow_dags.py:75} INFO - 08-20-2020
[2021-05-30 20:40:50,147] {assignment_2_airflow_dags.py:75} INFO - 08-21-2020
[2021-05-30 20:40:50,947] {assignment_2_airflow_dags.py:75} INFO - 08-22-2020
[2021-05-30 20:40:51,663] {assignment_2_airflow_dags.py:75} INFO - 08-23-2020
[2021-05-30 20:40:52,849] {assignment_2_airflow_dags.py:75} INFO - 08-24-2020
[2021-05-30 20:40:53,672] {assignment_2_airflow_dags.py:75} INFO - 08-25-2020
[2021-05-30 20:40:54,400] {assignment_2_airflow_dags.py:75} INFO - 08-26-2020
[2021-05-30 20:40:55,149] {assignment_2_airflow_dags.py:75} INFO - 08-27-2020
[2021-05-30 20:40:55,863] {assignment_2_airflow_dags.py:75} INFO - 08-28-2020
[2021-05-30 20:40:56,484] {assignment_2_airflow_dags.py:75} INFO - 08-29-2020
[2021-05-30 20:40:57,195] {assignment_2_airflow_dags.py:75} INFO - 08-30-2020
[2021-05-30 20:40:58,025] {assignment_2_airflow_dags.py:75} INFO - 08-31-2020
[2021-05-30 20:40:58,735] {assignment_2_airflow_dags.py:75} INFO - 09-01-2020
[2021-05-30 20:40:59,393] {assignment_2_airflow_dags.py:75} INFO - 09-02-2020
[2021-05-30 20:41:00,067] {assignment_2_airflow_dags.py:75} INFO - 09-03-2020
[2021-05-30 20:41:01,061] {assignment_2_airflow_dags.py:75} INFO - 09-04-2020
[2021-05-30 20:41:01,814] {assignment_2_airflow_dags.py:75} INFO - 09-05-2020
[2021-05-30 20:41:02,738] {assignment_2_airflow_dags.py:75} INFO - 09-06-2020
[2021-05-30 20:41:03,494] {assignment_2_airflow_dags.py:75} INFO - 09-07-2020
[2021-05-30 20:41:04,200] {assignment_2_airflow_dags.py:75} INFO - 09-08-2020
[2021-05-30 20:41:04,938] {assignment_2_airflow_dags.py:75} INFO - 09-09-2020
[2021-05-30 20:41:05,744] {assignment_2_airflow_dags.py:75} INFO - 09-10-2020
[2021-05-30 20:41:06,521] {assignment_2_airflow_dags.py:75} INFO - 09-11-2020
[2021-05-30 20:41:07,318] {assignment_2_airflow_dags.py:75} INFO - 09-12-2020
[2021-05-30 20:41:07,991] {assignment_2_airflow_dags.py:75} INFO - 09-13-2020
[2021-05-30 20:41:08,707] {assignment_2_airflow_dags.py:75} INFO - 09-14-2020
[2021-05-30 20:41:09,477] {assignment_2_airflow_dags.py:75} INFO - 09-15-2020
[2021-05-30 20:41:10,188] {assignment_2_airflow_dags.py:75} INFO - 09-16-2020
[2021-05-30 20:41:10,835] {assignment_2_airflow_dags.py:75} INFO - 09-17-2020
[2021-05-30 20:41:11,564] {assignment_2_airflow_dags.py:75} INFO - 09-18-2020
[2021-05-30 20:41:12,218] {assignment_2_airflow_dags.py:75} INFO - 09-19-2020
[2021-05-30 20:41:12,878] {assignment_2_airflow_dags.py:75} INFO - 09-20-2020
[2021-05-30 20:41:13,636] {assignment_2_airflow_dags.py:75} INFO - 09-21-2020
[2021-05-30 20:41:14,762] {assignment_2_airflow_dags.py:75} INFO - 09-22-2020
[2021-05-30 20:41:15,704] {assignment_2_airflow_dags.py:75} INFO - 09-23-2020
[2021-05-30 20:41:16,444] {assignment_2_airflow_dags.py:75} INFO - 09-24-2020
[2021-05-30 20:41:17,435] {assignment_2_airflow_dags.py:75} INFO - 09-25-2020
[2021-05-30 20:41:18,175] {assignment_2_airflow_dags.py:75} INFO - 09-26-2020
[2021-05-30 20:41:18,871] {assignment_2_airflow_dags.py:75} INFO - 09-27-2020
[2021-05-30 20:41:19,613] {assignment_2_airflow_dags.py:75} INFO - 09-28-2020
[2021-05-30 20:41:20,364] {assignment_2_airflow_dags.py:75} INFO - 09-29-2020
[2021-05-30 20:41:21,187] {assignment_2_airflow_dags.py:75} INFO - 09-30-2020
[2021-05-30 20:41:21,977] {assignment_2_airflow_dags.py:75} INFO - 09-31-2020
[2021-05-30 20:41:22,512] {assignment_2_airflow_dags.py:75} INFO - 10-01-2020
[2021-05-30 20:41:23,330] {assignment_2_airflow_dags.py:75} INFO - 10-02-2020
[2021-05-30 20:41:24,349] {assignment_2_airflow_dags.py:75} INFO - 10-03-2020
[2021-05-30 20:41:25,023] {assignment_2_airflow_dags.py:75} INFO - 10-04-2020
[2021-05-30 20:41:25,812] {assignment_2_airflow_dags.py:75} INFO - 10-05-2020
[2021-05-30 20:41:26,907] {assignment_2_airflow_dags.py:75} INFO - 10-06-2020
[2021-05-30 20:41:27,620] {assignment_2_airflow_dags.py:75} INFO - 10-07-2020
[2021-05-30 20:41:28,541] {assignment_2_airflow_dags.py:75} INFO - 10-08-2020
[2021-05-30 20:41:29,241] {assignment_2_airflow_dags.py:75} INFO - 10-09-2020
[2021-05-30 20:41:29,936] {assignment_2_airflow_dags.py:75} INFO - 10-10-2020
[2021-05-30 20:41:30,645] {assignment_2_airflow_dags.py:75} INFO - 10-11-2020
[2021-05-30 20:41:31,369] {assignment_2_airflow_dags.py:75} INFO - 10-12-2020
[2021-05-30 20:41:32,043] {assignment_2_airflow_dags.py:75} INFO - 10-13-2020
[2021-05-30 20:41:32,771] {assignment_2_airflow_dags.py:75} INFO - 10-14-2020
[2021-05-30 20:41:33,507] {assignment_2_airflow_dags.py:75} INFO - 10-15-2020
[2021-05-30 20:41:34,247] {assignment_2_airflow_dags.py:75} INFO - 10-16-2020
[2021-05-30 20:41:35,205] {assignment_2_airflow_dags.py:75} INFO - 10-17-2020
[2021-05-30 20:41:36,166] {assignment_2_airflow_dags.py:75} INFO - 10-18-2020
[2021-05-30 20:41:36,927] {assignment_2_airflow_dags.py:75} INFO - 10-19-2020
[2021-05-30 20:41:37,730] {assignment_2_airflow_dags.py:75} INFO - 10-20-2020
[2021-05-30 20:41:38,747] {assignment_2_airflow_dags.py:75} INFO - 10-21-2020
[2021-05-30 20:41:39,494] {assignment_2_airflow_dags.py:75} INFO - 10-22-2020
[2021-05-30 20:41:40,208] {assignment_2_airflow_dags.py:75} INFO - 10-23-2020
[2021-05-30 20:41:40,950] {assignment_2_airflow_dags.py:75} INFO - 10-24-2020
[2021-05-30 20:41:41,624] {assignment_2_airflow_dags.py:75} INFO - 10-25-2020
[2021-05-30 20:41:42,331] {assignment_2_airflow_dags.py:75} INFO - 10-26-2020
[2021-05-30 20:41:43,133] {assignment_2_airflow_dags.py:75} INFO - 10-27-2020
[2021-05-30 20:41:43,942] {assignment_2_airflow_dags.py:75} INFO - 10-28-2020
[2021-05-30 20:41:44,599] {assignment_2_airflow_dags.py:75} INFO - 10-29-2020
[2021-05-30 20:41:45,326] {assignment_2_airflow_dags.py:75} INFO - 10-30-2020
[2021-05-30 20:41:46,146] {assignment_2_airflow_dags.py:75} INFO - 10-31-2020
[2021-05-30 20:41:46,938] {assignment_2_airflow_dags.py:75} INFO - 11-01-2020
[2021-05-30 20:41:47,727] {assignment_2_airflow_dags.py:75} INFO - 11-02-2020
[2021-05-30 20:41:48,342] {assignment_2_airflow_dags.py:75} INFO - 11-03-2020
[2021-05-30 20:41:49,063] {assignment_2_airflow_dags.py:75} INFO - 11-04-2020
[2021-05-30 20:41:49,828] {assignment_2_airflow_dags.py:75} INFO - 11-05-2020
[2021-05-30 20:41:50,526] {assignment_2_airflow_dags.py:75} INFO - 11-06-2020
[2021-05-30 20:41:51,227] {assignment_2_airflow_dags.py:75} INFO - 11-07-2020
[2021-05-30 20:41:51,947] {assignment_2_airflow_dags.py:75} INFO - 11-08-2020
[2021-05-30 20:41:52,648] {assignment_2_airflow_dags.py:75} INFO - 11-09-2020
[2021-05-30 20:41:53,377] {assignment_2_airflow_dags.py:75} INFO - 11-10-2020
[2021-05-30 20:41:54,110] {assignment_2_airflow_dags.py:75} INFO - 11-11-2020
[2021-05-30 20:41:54,817] {assignment_2_airflow_dags.py:75} INFO - 11-12-2020
[2021-05-30 20:41:55,526] {assignment_2_airflow_dags.py:75} INFO - 11-13-2020
[2021-05-30 20:41:56,419] {assignment_2_airflow_dags.py:75} INFO - 11-14-2020
[2021-05-30 20:41:57,124] {assignment_2_airflow_dags.py:75} INFO - 11-15-2020
[2021-05-30 20:41:57,835] {assignment_2_airflow_dags.py:75} INFO - 11-16-2020
[2021-05-30 20:41:58,980] {assignment_2_airflow_dags.py:75} INFO - 11-17-2020
[2021-05-30 20:41:59,693] {assignment_2_airflow_dags.py:75} INFO - 11-18-2020
[2021-05-30 20:42:01,349] {assignment_2_airflow_dags.py:75} INFO - 11-19-2020
[2021-05-30 20:42:02,113] {assignment_2_airflow_dags.py:75} INFO - 11-20-2020
[2021-05-30 20:42:02,776] {assignment_2_airflow_dags.py:75} INFO - 11-21-2020
[2021-05-30 20:42:03,562] {assignment_2_airflow_dags.py:75} INFO - 11-22-2020
[2021-05-30 20:42:04,278] {assignment_2_airflow_dags.py:75} INFO - 11-23-2020
[2021-05-30 20:42:04,982] {assignment_2_airflow_dags.py:75} INFO - 11-24-2020
[2021-05-30 20:42:06,129] {assignment_2_airflow_dags.py:75} INFO - 11-25-2020
[2021-05-30 20:42:06,842] {assignment_2_airflow_dags.py:75} INFO - 11-26-2020
[2021-05-30 20:42:07,557] {assignment_2_airflow_dags.py:75} INFO - 11-27-2020
[2021-05-30 20:42:08,250] {assignment_2_airflow_dags.py:75} INFO - 11-28-2020
[2021-05-30 20:42:08,926] {assignment_2_airflow_dags.py:75} INFO - 11-29-2020
[2021-05-30 20:42:09,612] {assignment_2_airflow_dags.py:75} INFO - 11-30-2020
[2021-05-30 20:42:10,316] {assignment_2_airflow_dags.py:75} INFO - 11-31-2020
[2021-05-30 20:42:10,837] {assignment_2_airflow_dags.py:75} INFO - 12-01-2020
[2021-05-30 20:42:11,775] {assignment_2_airflow_dags.py:75} INFO - 12-02-2020
[2021-05-30 20:42:12,826] {assignment_2_airflow_dags.py:75} INFO - 12-03-2020
[2021-05-30 20:42:13,607] {assignment_2_airflow_dags.py:75} INFO - 12-04-2020
[2021-05-30 20:42:14,327] {assignment_2_airflow_dags.py:75} INFO - 12-05-2020
[2021-05-30 20:42:15,026] {assignment_2_airflow_dags.py:75} INFO - 12-06-2020
[2021-05-30 20:42:15,771] {assignment_2_airflow_dags.py:75} INFO - 12-07-2020
[2021-05-30 20:42:16,477] {assignment_2_airflow_dags.py:75} INFO - 12-08-2020
[2021-05-30 20:42:17,100] {assignment_2_airflow_dags.py:75} INFO - 12-09-2020
[2021-05-30 20:42:17,748] {assignment_2_airflow_dags.py:75} INFO - 12-10-2020
[2021-05-30 20:42:18,428] {assignment_2_airflow_dags.py:75} INFO - 12-11-2020
[2021-05-30 20:42:19,224] {assignment_2_airflow_dags.py:75} INFO - 12-12-2020
[2021-05-30 20:42:19,856] {assignment_2_airflow_dags.py:75} INFO - 12-13-2020
[2021-05-30 20:42:20,567] {assignment_2_airflow_dags.py:75} INFO - 12-14-2020
[2021-05-30 20:42:21,376] {assignment_2_airflow_dags.py:75} INFO - 12-15-2020
[2021-05-30 20:42:22,228] {assignment_2_airflow_dags.py:75} INFO - 12-16-2020
[2021-05-30 20:42:22,851] {assignment_2_airflow_dags.py:75} INFO - 12-17-2020
[2021-05-30 20:42:24,996] {assignment_2_airflow_dags.py:75} INFO - 12-18-2020
[2021-05-30 20:42:25,978] {assignment_2_airflow_dags.py:75} INFO - 12-19-2020
[2021-05-30 20:42:27,086] {assignment_2_airflow_dags.py:75} INFO - 12-20-2020
[2021-05-30 20:42:27,797] {assignment_2_airflow_dags.py:75} INFO - 12-21-2020
[2021-05-30 20:42:28,557] {assignment_2_airflow_dags.py:75} INFO - 12-22-2020
[2021-05-30 20:42:29,261] {assignment_2_airflow_dags.py:75} INFO - 12-23-2020
[2021-05-30 20:42:29,939] {assignment_2_airflow_dags.py:75} INFO - 12-24-2020
[2021-05-30 20:42:30,861] {assignment_2_airflow_dags.py:75} INFO - 12-25-2020
[2021-05-30 20:42:31,918] {assignment_2_airflow_dags.py:75} INFO - 12-26-2020
[2021-05-30 20:42:32,731] {assignment_2_airflow_dags.py:75} INFO - 12-27-2020
[2021-05-30 20:42:33,591] {assignment_2_airflow_dags.py:75} INFO - 12-28-2020
[2021-05-30 20:42:34,270] {assignment_2_airflow_dags.py:75} INFO - 12-29-2020
[2021-05-30 20:42:35,132] {assignment_2_airflow_dags.py:75} INFO - 12-30-2020
[2021-05-30 20:42:35,919] {assignment_2_airflow_dags.py:75} INFO - 12-31-2020
[2021-05-30 20:42:36,720] {assignment_2_airflow_dags.py:75} INFO - 01-01-2021
[2021-05-30 20:42:37,366] {assignment_2_airflow_dags.py:75} INFO - 01-02-2021
[2021-05-30 20:42:38,076] {assignment_2_airflow_dags.py:75} INFO - 01-03-2021
[2021-05-30 20:42:38,742] {assignment_2_airflow_dags.py:75} INFO - 01-04-2021
[2021-05-30 20:42:39,356] {assignment_2_airflow_dags.py:75} INFO - 01-05-2021
[2021-05-30 20:42:40,787] {assignment_2_airflow_dags.py:75} INFO - 01-06-2021
[2021-05-30 20:42:41,426] {assignment_2_airflow_dags.py:75} INFO - 01-07-2021
[2021-05-30 20:42:42,327] {assignment_2_airflow_dags.py:75} INFO - 01-08-2021
[2021-05-30 20:42:43,150] {assignment_2_airflow_dags.py:75} INFO - 01-09-2021
[2021-05-30 20:42:43,795] {assignment_2_airflow_dags.py:75} INFO - 01-10-2021
[2021-05-30 20:42:44,451] {assignment_2_airflow_dags.py:75} INFO - 01-11-2021
[2021-05-30 20:42:45,165] {assignment_2_airflow_dags.py:75} INFO - 01-12-2021
[2021-05-30 20:42:45,937] {assignment_2_airflow_dags.py:75} INFO - 01-13-2021
[2021-05-30 20:42:46,616] {assignment_2_airflow_dags.py:75} INFO - 01-14-2021
[2021-05-30 20:42:47,430] {assignment_2_airflow_dags.py:75} INFO - 01-15-2021
[2021-05-30 20:42:48,246] {assignment_2_airflow_dags.py:75} INFO - 01-16-2021
[2021-05-30 20:42:48,936] {assignment_2_airflow_dags.py:75} INFO - 01-17-2021
[2021-05-30 20:42:49,595] {assignment_2_airflow_dags.py:75} INFO - 01-18-2021
[2021-05-30 20:42:50,309] {assignment_2_airflow_dags.py:75} INFO - 01-19-2021
[2021-05-30 20:42:51,165] {assignment_2_airflow_dags.py:75} INFO - 01-20-2021
[2021-05-30 20:42:51,935] {assignment_2_airflow_dags.py:75} INFO - 01-21-2021
[2021-05-30 20:42:52,697] {assignment_2_airflow_dags.py:75} INFO - 01-22-2021
[2021-05-30 20:42:53,408] {assignment_2_airflow_dags.py:75} INFO - 01-23-2021
[2021-05-30 20:42:54,173] {assignment_2_airflow_dags.py:75} INFO - 01-24-2021
[2021-05-30 20:42:54,851] {assignment_2_airflow_dags.py:75} INFO - 01-25-2021
[2021-05-30 20:42:55,524] {assignment_2_airflow_dags.py:75} INFO - 01-26-2021
[2021-05-30 20:42:56,238] {assignment_2_airflow_dags.py:75} INFO - 01-27-2021
[2021-05-30 20:42:56,933] {assignment_2_airflow_dags.py:75} INFO - 01-28-2021
[2021-05-30 20:42:58,031] {assignment_2_airflow_dags.py:75} INFO - 01-29-2021
[2021-05-30 20:42:58,782] {assignment_2_airflow_dags.py:75} INFO - 01-30-2021
[2021-05-30 20:42:59,498] {assignment_2_airflow_dags.py:75} INFO - 01-31-2021
[2021-05-30 20:43:00,131] {assignment_2_airflow_dags.py:75} INFO - 02-01-2021
[2021-05-30 20:43:01,127] {assignment_2_airflow_dags.py:75} INFO - 02-02-2021
[2021-05-30 20:43:01,723] {assignment_2_airflow_dags.py:75} INFO - 02-03-2021
[2021-05-30 20:43:02,755] {assignment_2_airflow_dags.py:75} INFO - 02-04-2021
[2021-05-30 20:43:03,496] {assignment_2_airflow_dags.py:75} INFO - 02-05-2021
[2021-05-30 20:43:04,222] {assignment_2_airflow_dags.py:75} INFO - 02-06-2021
[2021-05-30 20:43:04,970] {assignment_2_airflow_dags.py:75} INFO - 02-07-2021
[2021-05-30 20:43:05,829] {assignment_2_airflow_dags.py:75} INFO - 02-08-2021
[2021-05-30 20:43:06,561] {assignment_2_airflow_dags.py:75} INFO - 02-09-2021
[2021-05-30 20:43:07,263] {assignment_2_airflow_dags.py:75} INFO - 02-10-2021
[2021-05-30 20:43:07,940] {assignment_2_airflow_dags.py:75} INFO - 02-11-2021
[2021-05-30 20:43:08,721] {assignment_2_airflow_dags.py:75} INFO - 02-12-2021
[2021-05-30 20:43:09,768] {assignment_2_airflow_dags.py:75} INFO - 02-13-2021
[2021-05-30 20:43:10,716] {assignment_2_airflow_dags.py:75} INFO - 02-14-2021
[2021-05-30 20:43:11,517] {assignment_2_airflow_dags.py:75} INFO - 02-15-2021
[2021-05-30 20:43:12,154] {assignment_2_airflow_dags.py:75} INFO - 02-16-2021
[2021-05-30 20:43:12,863] {assignment_2_airflow_dags.py:75} INFO - 02-17-2021
[2021-05-30 20:43:13,515] {assignment_2_airflow_dags.py:75} INFO - 02-18-2021
[2021-05-30 20:43:14,154] {assignment_2_airflow_dags.py:75} INFO - 02-19-2021
[2021-05-30 20:43:14,935] {assignment_2_airflow_dags.py:75} INFO - 02-20-2021
[2021-05-30 20:43:15,644] {assignment_2_airflow_dags.py:75} INFO - 02-21-2021
[2021-05-30 20:43:16,535] {assignment_2_airflow_dags.py:75} INFO - 02-22-2021
[2021-05-30 20:43:17,343] {assignment_2_airflow_dags.py:75} INFO - 02-23-2021
[2021-05-30 20:43:18,005] {assignment_2_airflow_dags.py:75} INFO - 02-24-2021
[2021-05-30 20:43:18,658] {assignment_2_airflow_dags.py:75} INFO - 02-25-2021
[2021-05-30 20:43:19,358] {assignment_2_airflow_dags.py:75} INFO - 02-26-2021
[2021-05-30 20:43:20,131] {assignment_2_airflow_dags.py:75} INFO - 02-27-2021
[2021-05-30 20:43:21,055] {assignment_2_airflow_dags.py:75} INFO - 02-28-2021
[2021-05-30 20:43:21,976] {assignment_2_airflow_dags.py:75} INFO - 02-29-2021
[2021-05-30 20:43:22,626] {assignment_2_airflow_dags.py:75} INFO - 02-30-2021
[2021-05-30 20:43:23,133] {assignment_2_airflow_dags.py:75} INFO - 02-31-2021
[2021-05-30 20:43:23,656] {assignment_2_airflow_dags.py:75} INFO - 03-01-2021
[2021-05-30 20:43:24,349] {assignment_2_airflow_dags.py:75} INFO - 03-02-2021
[2021-05-30 20:43:25,164] {assignment_2_airflow_dags.py:75} INFO - 03-03-2021
[2021-05-30 20:43:25,934] {assignment_2_airflow_dags.py:75} INFO - 03-04-2021
[2021-05-30 20:43:26,814] {assignment_2_airflow_dags.py:75} INFO - 03-05-2021
[2021-05-30 20:43:27,644] {assignment_2_airflow_dags.py:75} INFO - 03-06-2021
[2021-05-30 20:43:28,357] {assignment_2_airflow_dags.py:75} INFO - 03-07-2021
[2021-05-30 20:43:29,140] {assignment_2_airflow_dags.py:75} INFO - 03-08-2021
[2021-05-30 20:43:30,095] {assignment_2_airflow_dags.py:75} INFO - 03-09-2021
[2021-05-30 20:43:30,765] {assignment_2_airflow_dags.py:75} INFO - 03-10-2021
[2021-05-30 20:43:31,735] {assignment_2_airflow_dags.py:75} INFO - 03-11-2021
[2021-05-30 20:43:32,433] {assignment_2_airflow_dags.py:75} INFO - 03-12-2021
[2021-05-30 20:43:33,123] {assignment_2_airflow_dags.py:75} INFO - 03-13-2021
[2021-05-30 20:43:33,866] {assignment_2_airflow_dags.py:75} INFO - 03-14-2021
[2021-05-30 20:43:34,603] {assignment_2_airflow_dags.py:75} INFO - 03-15-2021
[2021-05-30 20:43:35,360] {assignment_2_airflow_dags.py:75} INFO - 03-16-2021
[2021-05-30 20:43:36,163] {assignment_2_airflow_dags.py:75} INFO - 03-17-2021
[2021-05-30 20:43:36,915] {assignment_2_airflow_dags.py:75} INFO - 03-18-2021
[2021-05-30 20:43:37,727] {assignment_2_airflow_dags.py:75} INFO - 03-19-2021
[2021-05-30 20:43:38,372] {assignment_2_airflow_dags.py:75} INFO - 03-20-2021
[2021-05-30 20:43:39,081] {assignment_2_airflow_dags.py:75} INFO - 03-21-2021
[2021-05-30 20:43:39,777] {assignment_2_airflow_dags.py:75} INFO - 03-22-2021
[2021-05-30 20:43:40,731] {assignment_2_airflow_dags.py:75} INFO - 03-23-2021
[2021-05-30 20:43:41,528] {assignment_2_airflow_dags.py:75} INFO - 03-24-2021
[2021-05-30 20:43:42,188] {assignment_2_airflow_dags.py:75} INFO - 03-25-2021
[2021-05-30 20:43:42,883] {assignment_2_airflow_dags.py:75} INFO - 03-26-2021
[2021-05-30 20:43:43,592] {assignment_2_airflow_dags.py:75} INFO - 03-27-2021
[2021-05-30 20:43:44,606] {assignment_2_airflow_dags.py:75} INFO - 03-28-2021
[2021-05-30 20:43:45,294] {assignment_2_airflow_dags.py:75} INFO - 03-29-2021
[2021-05-30 20:43:45,955] {assignment_2_airflow_dags.py:75} INFO - 03-30-2021
[2021-05-30 20:43:46,675] {assignment_2_airflow_dags.py:75} INFO - 03-31-2021
[2021-05-30 20:43:47,387] {assignment_2_airflow_dags.py:75} INFO - 04-01-2021
[2021-05-30 20:43:48,230] {assignment_2_airflow_dags.py:75} INFO - 04-02-2021
[2021-05-30 20:43:49,005] {assignment_2_airflow_dags.py:75} INFO - 04-03-2021
[2021-05-30 20:43:49,963] {assignment_2_airflow_dags.py:75} INFO - 04-04-2021
[2021-05-30 20:43:50,863] {assignment_2_airflow_dags.py:75} INFO - 04-05-2021
[2021-05-30 20:43:51,625] {assignment_2_airflow_dags.py:75} INFO - 04-06-2021
[2021-05-30 20:43:52,356] {assignment_2_airflow_dags.py:75} INFO - 04-07-2021
[2021-05-30 20:43:53,028] {assignment_2_airflow_dags.py:75} INFO - 04-08-2021
[2021-05-30 20:43:53,723] {assignment_2_airflow_dags.py:75} INFO - 04-09-2021
[2021-05-30 20:43:54,349] {assignment_2_airflow_dags.py:75} INFO - 04-10-2021
[2021-05-30 20:43:55,280] {assignment_2_airflow_dags.py:75} INFO - 04-11-2021
[2021-05-30 20:43:57,004] {assignment_2_airflow_dags.py:75} INFO - 04-12-2021
[2021-05-30 20:43:57,752] {assignment_2_airflow_dags.py:75} INFO - 04-13-2021
[2021-05-30 20:43:58,543] {assignment_2_airflow_dags.py:75} INFO - 04-14-2021
[2021-05-30 20:43:59,346] {assignment_2_airflow_dags.py:75} INFO - 04-15-2021
[2021-05-30 20:44:00,266] {assignment_2_airflow_dags.py:75} INFO - 04-16-2021
[2021-05-30 20:44:01,351] {assignment_2_airflow_dags.py:75} INFO - 04-17-2021
[2021-05-30 20:44:02,116] {assignment_2_airflow_dags.py:75} INFO - 04-18-2021
[2021-05-30 20:44:02,919] {assignment_2_airflow_dags.py:75} INFO - 04-19-2021
[2021-05-30 20:44:03,715] {assignment_2_airflow_dags.py:75} INFO - 04-20-2021
[2021-05-30 20:44:04,523] {assignment_2_airflow_dags.py:75} INFO - 04-21-2021
[2021-05-30 20:44:05,758] {assignment_2_airflow_dags.py:75} INFO - 04-22-2021
[2021-05-30 20:44:06,746] {assignment_2_airflow_dags.py:75} INFO - 04-23-2021
[2021-05-30 20:44:07,611] {assignment_2_airflow_dags.py:75} INFO - 04-24-2021
[2021-05-30 20:44:08,694] {assignment_2_airflow_dags.py:75} INFO - 04-25-2021
[2021-05-30 20:44:09,374] {assignment_2_airflow_dags.py:75} INFO - 04-26-2021
[2021-05-30 20:44:10,130] {assignment_2_airflow_dags.py:75} INFO - 04-27-2021
[2021-05-30 20:44:10,877] {assignment_2_airflow_dags.py:75} INFO - 04-28-2021
[2021-05-30 20:44:12,010] {assignment_2_airflow_dags.py:75} INFO - 04-29-2021
[2021-05-30 20:44:12,728] {assignment_2_airflow_dags.py:75} INFO - 04-30-2021
[2021-05-30 20:44:13,459] {assignment_2_airflow_dags.py:75} INFO - 04-31-2021
[2021-05-30 20:44:13,977] {assignment_2_airflow_dags.py:75} INFO - 05-01-2021
[2021-05-30 20:44:14,754] {assignment_2_airflow_dags.py:75} INFO - 05-02-2021
[2021-05-30 20:44:15,533] {assignment_2_airflow_dags.py:75} INFO - 05-03-2021
[2021-05-30 20:44:16,335] {assignment_2_airflow_dags.py:75} INFO - 05-04-2021
[2021-05-30 20:44:17,209] {assignment_2_airflow_dags.py:75} INFO - 05-05-2021
[2021-05-30 20:44:17,941] {assignment_2_airflow_dags.py:75} INFO - 05-06-2021
[2021-05-30 20:44:18,739] {assignment_2_airflow_dags.py:75} INFO - 05-07-2021
[2021-05-30 20:44:19,612] {assignment_2_airflow_dags.py:75} INFO - 05-08-2021
[2021-05-30 20:44:20,503] {assignment_2_airflow_dags.py:75} INFO - 05-09-2021
[2021-05-30 20:44:21,260] {assignment_2_airflow_dags.py:75} INFO - 05-10-2021
[2021-05-30 20:44:22,014] {assignment_2_airflow_dags.py:75} INFO - 05-11-2021
[2021-05-30 20:44:22,762] {assignment_2_airflow_dags.py:75} INFO - 05-12-2021
[2021-05-30 20:44:24,448] {assignment_2_airflow_dags.py:75} INFO - 05-13-2021
[2021-05-30 20:44:25,263] {assignment_2_airflow_dags.py:75} INFO - 05-14-2021
[2021-05-30 20:44:26,241] {assignment_2_airflow_dags.py:75} INFO - 05-15-2021
[2021-05-30 20:44:27,065] {assignment_2_airflow_dags.py:75} INFO - 05-16-2021
[2021-05-30 20:44:27,767] {assignment_2_airflow_dags.py:75} INFO - 05-17-2021
[2021-05-30 20:44:28,487] {assignment_2_airflow_dags.py:75} INFO - 05-18-2021
[2021-05-30 20:44:29,206] {assignment_2_airflow_dags.py:75} INFO - 05-19-2021
[2021-05-30 20:44:29,929] {assignment_2_airflow_dags.py:75} INFO - 05-20-2021
[2021-05-30 20:44:30,657] {assignment_2_airflow_dags.py:75} INFO - 05-21-2021
[2021-05-30 20:44:31,322] {assignment_2_airflow_dags.py:75} INFO - 05-22-2021
[2021-05-30 20:44:32,022] {assignment_2_airflow_dags.py:75} INFO - 05-23-2021
[2021-05-30 20:44:33,145] {assignment_2_airflow_dags.py:75} INFO - 05-24-2021
[2021-05-30 20:44:34,004] {assignment_2_airflow_dags.py:75} INFO - 05-25-2021
[2021-05-30 20:44:34,818] {assignment_2_airflow_dags.py:75} INFO - 05-26-2021
[2021-05-30 20:44:35,529] {assignment_2_airflow_dags.py:75} INFO - 05-27-2021
[2021-05-30 20:44:36,282] {assignment_2_airflow_dags.py:75} INFO - 05-28-2021
[2021-05-30 20:44:36,994] {assignment_2_airflow_dags.py:75} INFO - 05-29-2021
[2021-05-30 20:44:37,912] {assignment_2_airflow_dags.py:75} INFO - 05-30-2021
[2021-05-30 20:44:38,349] {assignment_2_airflow_dags.py:75} INFO - 05-31-2021
[2021-05-30 20:44:38,847] {assignment_2_airflow_dags.py:75} INFO - 06-01-2021
[2021-05-30 20:44:39,347] {assignment_2_airflow_dags.py:75} INFO - 06-02-2021
[2021-05-30 20:44:39,835] {assignment_2_airflow_dags.py:75} INFO - 06-03-2021
[2021-05-30 20:44:40,361] {assignment_2_airflow_dags.py:75} INFO - 06-04-2021
[2021-05-30 20:44:40,952] {assignment_2_airflow_dags.py:75} INFO - 06-05-2021
[2021-05-30 20:44:41,569] {assignment_2_airflow_dags.py:75} INFO - 06-06-2021
[2021-05-30 20:44:42,075] {assignment_2_airflow_dags.py:75} INFO - 06-07-2021
[2021-05-30 20:44:42,575] {assignment_2_airflow_dags.py:75} INFO - 06-08-2021
[2021-05-30 20:44:43,070] {assignment_2_airflow_dags.py:75} INFO - 06-09-2021
[2021-05-30 20:44:43,555] {assignment_2_airflow_dags.py:75} INFO - 06-10-2021
[2021-05-30 20:44:44,130] {assignment_2_airflow_dags.py:75} INFO - 06-11-2021
[2021-05-30 20:44:44,625] {assignment_2_airflow_dags.py:75} INFO - 06-12-2021
[2021-05-30 20:44:45,130] {assignment_2_airflow_dags.py:75} INFO - 06-13-2021
[2021-05-30 20:44:45,635] {assignment_2_airflow_dags.py:75} INFO - 06-14-2021
[2021-05-30 20:44:46,181] {assignment_2_airflow_dags.py:75} INFO - 06-15-2021
[2021-05-30 20:44:46,704] {assignment_2_airflow_dags.py:75} INFO - 06-16-2021
[2021-05-30 20:44:47,212] {assignment_2_airflow_dags.py:75} INFO - 06-17-2021
[2021-05-30 20:44:47,715] {assignment_2_airflow_dags.py:75} INFO - 06-18-2021
[2021-05-30 20:44:48,229] {assignment_2_airflow_dags.py:75} INFO - 06-19-2021
[2021-05-30 20:44:48,734] {assignment_2_airflow_dags.py:75} INFO - 06-20-2021
[2021-05-30 20:44:49,227] {assignment_2_airflow_dags.py:75} INFO - 06-21-2021
[2021-05-30 20:44:49,748] {assignment_2_airflow_dags.py:75} INFO - 06-22-2021
[2021-05-30 20:44:50,266] {assignment_2_airflow_dags.py:75} INFO - 06-23-2021
[2021-05-30 20:44:50,828] {assignment_2_airflow_dags.py:75} INFO - 06-24-2021
[2021-05-30 20:44:51,487] {assignment_2_airflow_dags.py:75} INFO - 06-25-2021
[2021-05-30 20:44:51,996] {assignment_2_airflow_dags.py:75} INFO - 06-26-2021
[2021-05-30 20:44:52,502] {assignment_2_airflow_dags.py:75} INFO - 06-27-2021
[2021-05-30 20:44:53,002] {assignment_2_airflow_dags.py:75} INFO - 06-28-2021
[2021-05-30 20:44:54,782] {assignment_2_airflow_dags.py:75} INFO - 06-29-2021
[2021-05-30 20:44:55,300] {assignment_2_airflow_dags.py:75} INFO - 06-30-2021
[2021-05-30 20:44:55,813] {assignment_2_airflow_dags.py:75} INFO - 06-31-2021
[2021-05-30 20:44:56,304] {assignment_2_airflow_dags.py:75} INFO - 07-01-2021
[2021-05-30 20:44:56,846] {assignment_2_airflow_dags.py:75} INFO - 07-02-2021
[2021-05-30 20:44:57,351] {assignment_2_airflow_dags.py:75} INFO - 07-03-2021
[2021-05-30 20:44:57,840] {assignment_2_airflow_dags.py:75} INFO - 07-04-2021
[2021-05-30 20:44:58,381] {assignment_2_airflow_dags.py:75} INFO - 07-05-2021
[2021-05-30 20:44:58,877] {assignment_2_airflow_dags.py:75} INFO - 07-06-2021
[2021-05-30 20:44:59,388] {assignment_2_airflow_dags.py:75} INFO - 07-07-2021
[2021-05-30 20:44:59,900] {assignment_2_airflow_dags.py:75} INFO - 07-08-2021
[2021-05-30 20:45:00,433] {assignment_2_airflow_dags.py:75} INFO - 07-09-2021
[2021-05-30 20:45:01,007] {assignment_2_airflow_dags.py:75} INFO - 07-10-2021
[2021-05-30 20:45:01,479] {assignment_2_airflow_dags.py:75} INFO - 07-11-2021
[2021-05-30 20:45:01,995] {assignment_2_airflow_dags.py:75} INFO - 07-12-2021
[2021-05-30 20:45:02,495] {assignment_2_airflow_dags.py:75} INFO - 07-13-2021
[2021-05-30 20:45:03,231] {assignment_2_airflow_dags.py:75} INFO - 07-14-2021
[2021-05-30 20:45:03,710] {assignment_2_airflow_dags.py:75} INFO - 07-15-2021
[2021-05-30 20:45:04,220] {assignment_2_airflow_dags.py:75} INFO - 07-16-2021
[2021-05-30 20:45:04,714] {assignment_2_airflow_dags.py:75} INFO - 07-17-2021
[2021-05-30 20:45:05,425] {assignment_2_airflow_dags.py:75} INFO - 07-18-2021
[2021-05-30 20:45:06,317] {assignment_2_airflow_dags.py:75} INFO - 07-19-2021
[2021-05-30 20:45:06,830] {assignment_2_airflow_dags.py:75} INFO - 07-20-2021
[2021-05-30 20:45:07,325] {assignment_2_airflow_dags.py:75} INFO - 07-21-2021
[2021-05-30 20:45:07,818] {assignment_2_airflow_dags.py:75} INFO - 07-22-2021
[2021-05-30 20:45:08,460] {assignment_2_airflow_dags.py:75} INFO - 07-23-2021
[2021-05-30 20:45:09,008] {assignment_2_airflow_dags.py:75} INFO - 07-24-2021
[2021-05-30 20:45:09,737] {assignment_2_airflow_dags.py:75} INFO - 07-25-2021
[2021-05-30 20:45:10,293] {assignment_2_airflow_dags.py:75} INFO - 07-26-2021
[2021-05-30 20:45:10,819] {assignment_2_airflow_dags.py:75} INFO - 07-27-2021
[2021-05-30 20:45:11,299] {assignment_2_airflow_dags.py:75} INFO - 07-28-2021
[2021-05-30 20:45:11,813] {assignment_2_airflow_dags.py:75} INFO - 07-29-2021
[2021-05-30 20:45:12,329] {assignment_2_airflow_dags.py:75} INFO - 07-30-2021
[2021-05-30 20:45:12,936] {assignment_2_airflow_dags.py:75} INFO - 07-31-2021
[2021-05-30 20:45:13,515] {assignment_2_airflow_dags.py:75} INFO - 08-01-2021
[2021-05-30 20:45:14,026] {assignment_2_airflow_dags.py:75} INFO - 08-02-2021
[2021-05-30 20:45:14,544] {assignment_2_airflow_dags.py:75} INFO - 08-03-2021
[2021-05-30 20:45:15,051] {assignment_2_airflow_dags.py:75} INFO - 08-04-2021
[2021-05-30 20:45:15,584] {assignment_2_airflow_dags.py:75} INFO - 08-05-2021
[2021-05-30 20:45:16,095] {assignment_2_airflow_dags.py:75} INFO - 08-06-2021
[2021-05-30 20:45:16,596] {assignment_2_airflow_dags.py:75} INFO - 08-07-2021
[2021-05-30 20:45:17,100] {assignment_2_airflow_dags.py:75} INFO - 08-08-2021
[2021-05-30 20:45:17,630] {assignment_2_airflow_dags.py:75} INFO - 08-09-2021
[2021-05-30 20:45:18,131] {assignment_2_airflow_dags.py:75} INFO - 08-10-2021
[2021-05-30 20:45:18,645] {assignment_2_airflow_dags.py:75} INFO - 08-11-2021
[2021-05-30 20:45:19,154] {assignment_2_airflow_dags.py:75} INFO - 08-12-2021
[2021-05-30 20:45:19,644] {assignment_2_airflow_dags.py:75} INFO - 08-13-2021
[2021-05-30 20:45:20,178] {assignment_2_airflow_dags.py:75} INFO - 08-14-2021
[2021-05-30 20:45:20,684] {assignment_2_airflow_dags.py:75} INFO - 08-15-2021
[2021-05-30 20:45:21,190] {assignment_2_airflow_dags.py:75} INFO - 08-16-2021
[2021-05-30 20:45:21,715] {assignment_2_airflow_dags.py:75} INFO - 08-17-2021
[2021-05-30 20:45:22,340] {assignment_2_airflow_dags.py:75} INFO - 08-18-2021
[2021-05-30 20:45:22,846] {assignment_2_airflow_dags.py:75} INFO - 08-19-2021
[2021-05-30 20:45:23,462] {assignment_2_airflow_dags.py:75} INFO - 08-20-2021
[2021-05-30 20:45:23,965] {assignment_2_airflow_dags.py:75} INFO - 08-21-2021
[2021-05-30 20:45:24,544] {assignment_2_airflow_dags.py:75} INFO - 08-22-2021
[2021-05-30 20:45:25,456] {assignment_2_airflow_dags.py:75} INFO - 08-23-2021
[2021-05-30 20:45:25,952] {assignment_2_airflow_dags.py:75} INFO - 08-24-2021
[2021-05-30 20:45:26,448] {assignment_2_airflow_dags.py:75} INFO - 08-25-2021
[2021-05-30 20:45:26,938] {assignment_2_airflow_dags.py:75} INFO - 08-26-2021
[2021-05-30 20:45:27,426] {assignment_2_airflow_dags.py:75} INFO - 08-27-2021
[2021-05-30 20:45:27,938] {assignment_2_airflow_dags.py:75} INFO - 08-28-2021
[2021-05-30 20:45:28,435] {assignment_2_airflow_dags.py:75} INFO - 08-29-2021
[2021-05-30 20:45:28,947] {assignment_2_airflow_dags.py:75} INFO - 08-30-2021
[2021-05-30 20:45:29,488] {assignment_2_airflow_dags.py:75} INFO - 08-31-2021
[2021-05-30 20:45:30,005] {assignment_2_airflow_dags.py:75} INFO - 09-01-2021
[2021-05-30 20:45:30,522] {assignment_2_airflow_dags.py:75} INFO - 09-02-2021
[2021-05-30 20:45:30,997] {assignment_2_airflow_dags.py:75} INFO - 09-03-2021
[2021-05-30 20:45:31,470] {assignment_2_airflow_dags.py:75} INFO - 09-04-2021
[2021-05-30 20:45:31,988] {assignment_2_airflow_dags.py:75} INFO - 09-05-2021
[2021-05-30 20:45:32,502] {assignment_2_airflow_dags.py:75} INFO - 09-06-2021
[2021-05-30 20:45:33,020] {assignment_2_airflow_dags.py:75} INFO - 09-07-2021
[2021-05-30 20:45:33,603] {assignment_2_airflow_dags.py:75} INFO - 09-08-2021
[2021-05-30 20:45:34,142] {assignment_2_airflow_dags.py:75} INFO - 09-09-2021
[2021-05-30 20:45:34,708] {assignment_2_airflow_dags.py:75} INFO - 09-10-2021
[2021-05-30 20:45:35,202] {assignment_2_airflow_dags.py:75} INFO - 09-11-2021
[2021-05-30 20:45:35,950] {assignment_2_airflow_dags.py:75} INFO - 09-12-2021
[2021-05-30 20:45:36,460] {assignment_2_airflow_dags.py:75} INFO - 09-13-2021
[2021-05-30 20:45:36,978] {assignment_2_airflow_dags.py:75} INFO - 09-14-2021
[2021-05-30 20:45:37,484] {assignment_2_airflow_dags.py:75} INFO - 09-15-2021
[2021-05-30 20:45:37,989] {assignment_2_airflow_dags.py:75} INFO - 09-16-2021
[2021-05-30 20:45:38,909] {assignment_2_airflow_dags.py:75} INFO - 09-17-2021
[2021-05-30 20:45:39,731] {assignment_2_airflow_dags.py:75} INFO - 09-18-2021
[2021-05-30 20:45:40,452] {assignment_2_airflow_dags.py:75} INFO - 09-19-2021
[2021-05-30 20:45:40,971] {assignment_2_airflow_dags.py:75} INFO - 09-20-2021
[2021-05-30 20:45:41,482] {assignment_2_airflow_dags.py:75} INFO - 09-21-2021
[2021-05-30 20:45:41,990] {assignment_2_airflow_dags.py:75} INFO - 09-22-2021
[2021-05-30 20:45:42,481] {assignment_2_airflow_dags.py:75} INFO - 09-23-2021
[2021-05-30 20:45:43,275] {assignment_2_airflow_dags.py:75} INFO - 09-24-2021
[2021-05-30 20:45:44,214] {assignment_2_airflow_dags.py:75} INFO - 09-25-2021
[2021-05-30 20:45:44,714] {assignment_2_airflow_dags.py:75} INFO - 09-26-2021
[2021-05-30 20:45:45,326] {assignment_2_airflow_dags.py:75} INFO - 09-27-2021
[2021-05-30 20:45:45,909] {assignment_2_airflow_dags.py:75} INFO - 09-28-2021
[2021-05-30 20:45:46,450] {assignment_2_airflow_dags.py:75} INFO - 09-29-2021
[2021-05-30 20:45:46,987] {assignment_2_airflow_dags.py:75} INFO - 09-30-2021
[2021-05-30 20:45:47,494] {assignment_2_airflow_dags.py:75} INFO - 09-31-2021
[2021-05-30 20:45:47,998] {assignment_2_airflow_dags.py:75} INFO - 10-01-2021
[2021-05-30 20:45:48,506] {assignment_2_airflow_dags.py:75} INFO - 10-02-2021
[2021-05-30 20:45:48,997] {assignment_2_airflow_dags.py:75} INFO - 10-03-2021
[2021-05-30 20:45:49,614] {assignment_2_airflow_dags.py:75} INFO - 10-04-2021
[2021-05-30 20:45:50,110] {assignment_2_airflow_dags.py:75} INFO - 10-05-2021
[2021-05-30 20:45:50,631] {assignment_2_airflow_dags.py:75} INFO - 10-06-2021
[2021-05-30 20:45:51,136] {assignment_2_airflow_dags.py:75} INFO - 10-07-2021
[2021-05-30 20:45:51,646] {assignment_2_airflow_dags.py:75} INFO - 10-08-2021
[2021-05-30 20:45:52,188] {assignment_2_airflow_dags.py:75} INFO - 10-09-2021
[2021-05-30 20:45:52,834] {assignment_2_airflow_dags.py:75} INFO - 10-10-2021
[2021-05-30 20:45:53,364] {assignment_2_airflow_dags.py:75} INFO - 10-11-2021
[2021-05-30 20:45:53,979] {assignment_2_airflow_dags.py:75} INFO - 10-12-2021
[2021-05-30 20:45:54,499] {assignment_2_airflow_dags.py:75} INFO - 10-13-2021
[2021-05-30 20:45:55,017] {assignment_2_airflow_dags.py:75} INFO - 10-14-2021
[2021-05-30 20:45:55,736] {assignment_2_airflow_dags.py:75} INFO - 10-15-2021
[2021-05-30 20:45:56,245] {assignment_2_airflow_dags.py:75} INFO - 10-16-2021
[2021-05-30 20:45:56,729] {assignment_2_airflow_dags.py:75} INFO - 10-17-2021
[2021-05-30 20:45:57,235] {assignment_2_airflow_dags.py:75} INFO - 10-18-2021
[2021-05-30 20:45:57,728] {assignment_2_airflow_dags.py:75} INFO - 10-19-2021
[2021-05-30 20:45:58,223] {assignment_2_airflow_dags.py:75} INFO - 10-20-2021
[2021-05-30 20:45:58,738] {assignment_2_airflow_dags.py:75} INFO - 10-21-2021
[2021-05-30 20:45:59,233] {assignment_2_airflow_dags.py:75} INFO - 10-22-2021
[2021-05-30 20:45:59,752] {assignment_2_airflow_dags.py:75} INFO - 10-23-2021
[2021-05-30 20:46:00,263] {assignment_2_airflow_dags.py:75} INFO - 10-24-2021
[2021-05-30 20:46:00,756] {assignment_2_airflow_dags.py:75} INFO - 10-25-2021
[2021-05-30 20:46:01,255] {assignment_2_airflow_dags.py:75} INFO - 10-26-2021
[2021-05-30 20:46:01,769] {assignment_2_airflow_dags.py:75} INFO - 10-27-2021
[2021-05-30 20:46:02,411] {assignment_2_airflow_dags.py:75} INFO - 10-28-2021
[2021-05-30 20:46:02,893] {assignment_2_airflow_dags.py:75} INFO - 10-29-2021
[2021-05-30 20:46:03,415] {assignment_2_airflow_dags.py:75} INFO - 10-30-2021
[2021-05-30 20:46:03,928] {assignment_2_airflow_dags.py:75} INFO - 10-31-2021
[2021-05-30 20:46:04,506] {assignment_2_airflow_dags.py:75} INFO - 11-01-2021
[2021-05-30 20:46:05,033] {assignment_2_airflow_dags.py:75} INFO - 11-02-2021
[2021-05-30 20:46:05,554] {assignment_2_airflow_dags.py:75} INFO - 11-03-2021
[2021-05-30 20:46:06,058] {assignment_2_airflow_dags.py:75} INFO - 11-04-2021
[2021-05-30 20:46:06,559] {assignment_2_airflow_dags.py:75} INFO - 11-05-2021
[2021-05-30 20:46:07,059] {assignment_2_airflow_dags.py:75} INFO - 11-06-2021
[2021-05-30 20:46:07,576] {assignment_2_airflow_dags.py:75} INFO - 11-07-2021
[2021-05-30 20:46:08,106] {assignment_2_airflow_dags.py:75} INFO - 11-08-2021
[2021-05-30 20:46:08,605] {assignment_2_airflow_dags.py:75} INFO - 11-09-2021
[2021-05-30 20:46:09,132] {assignment_2_airflow_dags.py:75} INFO - 11-10-2021
[2021-05-30 20:46:09,643] {assignment_2_airflow_dags.py:75} INFO - 11-11-2021
[2021-05-30 20:46:10,246] {assignment_2_airflow_dags.py:75} INFO - 11-12-2021
[2021-05-30 20:46:10,800] {assignment_2_airflow_dags.py:75} INFO - 11-13-2021
[2021-05-30 20:46:11,305] {assignment_2_airflow_dags.py:75} INFO - 11-14-2021
[2021-05-30 20:46:11,813] {assignment_2_airflow_dags.py:75} INFO - 11-15-2021
[2021-05-30 20:46:12,349] {assignment_2_airflow_dags.py:75} INFO - 11-16-2021
[2021-05-30 20:46:12,860] {assignment_2_airflow_dags.py:75} INFO - 11-17-2021
[2021-05-30 20:46:13,368] {assignment_2_airflow_dags.py:75} INFO - 11-18-2021
[2021-05-30 20:46:13,881] {assignment_2_airflow_dags.py:75} INFO - 11-19-2021
[2021-05-30 20:46:14,446] {assignment_2_airflow_dags.py:75} INFO - 11-20-2021
[2021-05-30 20:46:14,960] {assignment_2_airflow_dags.py:75} INFO - 11-21-2021
[2021-05-30 20:46:15,472] {assignment_2_airflow_dags.py:75} INFO - 11-22-2021
[2021-05-30 20:46:15,978] {assignment_2_airflow_dags.py:75} INFO - 11-23-2021
[2021-05-30 20:46:16,486] {assignment_2_airflow_dags.py:75} INFO - 11-24-2021
[2021-05-30 20:46:17,026] {assignment_2_airflow_dags.py:75} INFO - 11-25-2021
[2021-05-30 20:46:17,531] {assignment_2_airflow_dags.py:75} INFO - 11-26-2021
[2021-05-30 20:46:18,027] {assignment_2_airflow_dags.py:75} INFO - 11-27-2021
[2021-05-30 20:46:18,515] {assignment_2_airflow_dags.py:75} INFO - 11-28-2021
[2021-05-30 20:46:19,004] {assignment_2_airflow_dags.py:75} INFO - 11-29-2021
[2021-05-30 20:46:19,551] {assignment_2_airflow_dags.py:75} INFO - 11-30-2021
[2021-05-30 20:46:20,049] {assignment_2_airflow_dags.py:75} INFO - 11-31-2021
[2021-05-30 20:46:20,598] {assignment_2_airflow_dags.py:75} INFO - 12-01-2021
[2021-05-30 20:46:21,112] {assignment_2_airflow_dags.py:75} INFO - 12-02-2021
[2021-05-30 20:46:21,624] {assignment_2_airflow_dags.py:75} INFO - 12-03-2021
[2021-05-30 20:46:22,119] {assignment_2_airflow_dags.py:75} INFO - 12-04-2021
[2021-05-30 20:46:22,617] {assignment_2_airflow_dags.py:75} INFO - 12-05-2021
[2021-05-30 20:46:23,200] {assignment_2_airflow_dags.py:75} INFO - 12-06-2021
[2021-05-30 20:46:23,702] {assignment_2_airflow_dags.py:75} INFO - 12-07-2021
[2021-05-30 20:46:24,202] {assignment_2_airflow_dags.py:75} INFO - 12-08-2021
[2021-05-30 20:46:24,707] {assignment_2_airflow_dags.py:75} INFO - 12-09-2021
[2021-05-30 20:46:25,250] {assignment_2_airflow_dags.py:75} INFO - 12-10-2021
[2021-05-30 20:46:25,773] {assignment_2_airflow_dags.py:75} INFO - 12-11-2021
[2021-05-30 20:46:26,341] {assignment_2_airflow_dags.py:75} INFO - 12-12-2021
[2021-05-30 20:46:26,864] {assignment_2_airflow_dags.py:75} INFO - 12-13-2021
[2021-05-30 20:46:27,357] {assignment_2_airflow_dags.py:75} INFO - 12-14-2021
[2021-05-30 20:46:27,853] {assignment_2_airflow_dags.py:75} INFO - 12-15-2021
[2021-05-30 20:46:28,353] {assignment_2_airflow_dags.py:75} INFO - 12-16-2021
[2021-05-30 20:46:28,855] {assignment_2_airflow_dags.py:75} INFO - 12-17-2021
[2021-05-30 20:46:29,353] {assignment_2_airflow_dags.py:75} INFO - 12-18-2021
[2021-05-30 20:46:29,847] {assignment_2_airflow_dags.py:75} INFO - 12-19-2021
[2021-05-30 20:46:30,354] {assignment_2_airflow_dags.py:75} INFO - 12-20-2021
[2021-05-30 20:46:30,862] {assignment_2_airflow_dags.py:75} INFO - 12-21-2021
[2021-05-30 20:46:31,415] {assignment_2_airflow_dags.py:75} INFO - 12-22-2021
[2021-05-30 20:46:31,916] {assignment_2_airflow_dags.py:75} INFO - 12-23-2021
[2021-05-30 20:46:32,410] {assignment_2_airflow_dags.py:75} INFO - 12-24-2021
[2021-05-30 20:46:33,047] {assignment_2_airflow_dags.py:75} INFO - 12-25-2021
[2021-05-30 20:46:33,541] {assignment_2_airflow_dags.py:75} INFO - 12-26-2021
[2021-05-30 20:46:34,055] {assignment_2_airflow_dags.py:75} INFO - 12-27-2021
[2021-05-30 20:46:34,573] {assignment_2_airflow_dags.py:75} INFO - 12-28-2021
[2021-05-30 20:46:35,123] {assignment_2_airflow_dags.py:75} INFO - 12-29-2021
[2021-05-30 20:46:35,650] {assignment_2_airflow_dags.py:75} INFO - 12-30-2021
[2021-05-30 20:46:36,162] {assignment_2_airflow_dags.py:75} INFO - 12-31-2021
[2021-05-30 20:46:36,663] {assignment_2_airflow_dags.py:79} INFO - It took 8.56 minutes to get all data
[2021-05-30 20:46:38,099] {python.py:118} INFO - Done. Returned value was: None
[2021-05-30 20:46:38,124] {taskinstance.py:1192} INFO - Marking task as SUCCESS. dag_id=data_engineering_assignment_2, task_id=Load_and_Extract_Data, execution_date=20210530T203749, start_date=20210530T203803, end_date=20210530T204638
[2021-05-30 20:46:38,175] {taskinstance.py:1246} INFO - 1 downstream tasks scheduled from follow-on schedule check
[2021-05-30 20:46:38,245] {local_task_job.py:146} INFO - Task exited with return code 0
