[2021-05-30 19:27:14,913] {taskinstance.py:877} INFO - Dependencies all met for <TaskInstance: data_engineering_assignment_2.Load_and_Extract_Data 2021-05-29T00:00:00+00:00 [queued]>
[2021-05-30 19:27:15,048] {taskinstance.py:877} INFO - Dependencies all met for <TaskInstance: data_engineering_assignment_2.Load_and_Extract_Data 2021-05-29T00:00:00+00:00 [queued]>
[2021-05-30 19:27:15,052] {taskinstance.py:1068} INFO - 
--------------------------------------------------------------------------------
[2021-05-30 19:27:15,055] {taskinstance.py:1069} INFO - Starting attempt 1 of 2
[2021-05-30 19:27:15,057] {taskinstance.py:1070} INFO - 
--------------------------------------------------------------------------------
[2021-05-30 19:27:15,128] {taskinstance.py:1089} INFO - Executing <Task(PythonOperator): Load_and_Extract_Data> on 2021-05-29T00:00:00+00:00
[2021-05-30 19:27:15,149] {standard_task_runner.py:52} INFO - Started process 71 to run task
[2021-05-30 19:27:15,190] {standard_task_runner.py:76} INFO - Running: ['airflow', 'tasks', 'run', 'data_engineering_assignment_2', 'Load_and_Extract_Data', '2021-05-29T00:00:00+00:00', '--job-id', '20', '--pool', 'default_pool', '--raw', '--subdir', 'DAGS_FOLDER/assignment_2_dags.py', '--cfg-path', '/tmp/tmpwr33kll7', '--error-file', '/tmp/tmpxx1r2naq']
[2021-05-30 19:27:15,197] {standard_task_runner.py:77} INFO - Job 20: Subtask Load_and_Extract_Data
[2021-05-30 19:27:15,369] {logging_mixin.py:104} INFO - Running <TaskInstance: data_engineering_assignment_2.Load_and_Extract_Data 2021-05-29T00:00:00+00:00 [running]> on host d1b2a4d53792
[2021-05-30 19:27:15,536] {taskinstance.py:1283} INFO - Exporting the following env vars:
AIRFLOW_CTX_DAG_OWNER=Mohannad alsouqi
AIRFLOW_CTX_DAG_ID=data_engineering_assignment_2
AIRFLOW_CTX_TASK_ID=Load_and_Extract_Data
AIRFLOW_CTX_EXECUTION_DATE=2021-05-29T00:00:00+00:00
AIRFLOW_CTX_DAG_RUN_ID=scheduled__2021-05-29T00:00:00+00:00
[2021-05-30 19:27:15,544] {assignment_2_dags.py:75} INFO - 01-01-2020
[2021-05-30 19:27:16,132] {assignment_2_dags.py:75} INFO - 01-02-2020
[2021-05-30 19:27:16,506] {assignment_2_dags.py:75} INFO - 01-03-2020
[2021-05-30 19:27:16,895] {assignment_2_dags.py:75} INFO - 01-04-2020
[2021-05-30 19:27:17,277] {assignment_2_dags.py:75} INFO - 01-05-2020
[2021-05-30 19:27:17,654] {assignment_2_dags.py:75} INFO - 01-06-2020
[2021-05-30 19:27:18,030] {assignment_2_dags.py:75} INFO - 01-07-2020
[2021-05-30 19:27:18,434] {assignment_2_dags.py:75} INFO - 01-08-2020
[2021-05-30 19:27:18,816] {assignment_2_dags.py:75} INFO - 01-09-2020
[2021-05-30 19:27:19,203] {assignment_2_dags.py:75} INFO - 01-10-2020
[2021-05-30 19:27:19,588] {assignment_2_dags.py:75} INFO - 01-11-2020
[2021-05-30 19:27:19,968] {assignment_2_dags.py:75} INFO - 01-12-2020
[2021-05-30 19:27:20,369] {assignment_2_dags.py:75} INFO - 01-13-2020
[2021-05-30 19:27:20,749] {assignment_2_dags.py:75} INFO - 01-14-2020
[2021-05-30 19:27:21,140] {assignment_2_dags.py:75} INFO - 01-15-2020
[2021-05-30 19:27:21,507] {assignment_2_dags.py:75} INFO - 01-16-2020
[2021-05-30 19:27:21,888] {assignment_2_dags.py:75} INFO - 01-17-2020
[2021-05-30 19:27:22,277] {assignment_2_dags.py:75} INFO - 01-18-2020
[2021-05-30 19:27:22,722] {assignment_2_dags.py:75} INFO - 01-19-2020
[2021-05-30 19:27:23,148] {assignment_2_dags.py:75} INFO - 01-20-2020
[2021-05-30 19:27:23,520] {assignment_2_dags.py:75} INFO - 01-21-2020
[2021-05-30 19:27:23,925] {assignment_2_dags.py:75} INFO - 01-22-2020
[2021-05-30 19:27:24,340] {assignment_2_dags.py:75} INFO - 01-23-2020
[2021-05-30 19:27:24,856] {assignment_2_dags.py:75} INFO - 01-24-2020
[2021-05-30 19:27:25,257] {assignment_2_dags.py:75} INFO - 01-25-2020
[2021-05-30 19:27:25,654] {assignment_2_dags.py:75} INFO - 01-26-2020
[2021-05-30 19:27:26,084] {assignment_2_dags.py:75} INFO - 01-27-2020
[2021-05-30 19:27:26,512] {assignment_2_dags.py:75} INFO - 01-28-2020
[2021-05-30 19:27:26,928] {assignment_2_dags.py:75} INFO - 01-29-2020
[2021-05-30 19:27:27,465] {assignment_2_dags.py:75} INFO - 01-30-2020
[2021-05-30 19:27:27,737] {assignment_2_dags.py:75} INFO - 01-31-2020
[2021-05-30 19:27:28,075] {assignment_2_dags.py:75} INFO - 02-01-2020
[2021-05-30 19:27:28,419] {assignment_2_dags.py:75} INFO - 02-02-2020
[2021-05-30 19:27:28,826] {assignment_2_dags.py:75} INFO - 02-03-2020
[2021-05-30 19:27:29,229] {assignment_2_dags.py:75} INFO - 02-04-2020
[2021-05-30 19:27:29,737] {assignment_2_dags.py:75} INFO - 02-05-2020
[2021-05-30 19:27:30,071] {assignment_2_dags.py:75} INFO - 02-06-2020
[2021-05-30 19:27:30,510] {assignment_2_dags.py:75} INFO - 02-07-2020
[2021-05-30 19:27:30,900] {assignment_2_dags.py:75} INFO - 02-08-2020
[2021-05-30 19:27:31,605] {assignment_2_dags.py:75} INFO - 02-09-2020
[2021-05-30 19:27:31,844] {assignment_2_dags.py:75} INFO - 02-10-2020
[2021-05-30 19:27:32,116] {assignment_2_dags.py:75} INFO - 02-11-2020
[2021-05-30 19:27:32,539] {assignment_2_dags.py:75} INFO - 02-12-2020
[2021-05-30 19:27:32,937] {assignment_2_dags.py:75} INFO - 02-13-2020
[2021-05-30 19:27:33,326] {assignment_2_dags.py:75} INFO - 02-14-2020
[2021-05-30 19:27:33,714] {assignment_2_dags.py:75} INFO - 02-15-2020
[2021-05-30 19:27:34,096] {assignment_2_dags.py:75} INFO - 02-16-2020
[2021-05-30 19:27:34,486] {assignment_2_dags.py:75} INFO - 02-17-2020
[2021-05-30 19:27:34,875] {assignment_2_dags.py:75} INFO - 02-18-2020
[2021-05-30 19:27:35,198] {assignment_2_dags.py:75} INFO - 02-19-2020
[2021-05-30 19:27:35,580] {assignment_2_dags.py:75} INFO - 02-20-2020
[2021-05-30 19:27:35,958] {assignment_2_dags.py:75} INFO - 02-21-2020
[2021-05-30 19:27:36,359] {assignment_2_dags.py:75} INFO - 02-22-2020
[2021-05-30 19:27:36,738] {assignment_2_dags.py:75} INFO - 02-23-2020
[2021-05-30 19:27:37,141] {assignment_2_dags.py:75} INFO - 02-24-2020
[2021-05-30 19:27:37,532] {assignment_2_dags.py:75} INFO - 02-25-2020
[2021-05-30 19:27:38,009] {assignment_2_dags.py:75} INFO - 02-26-2020
[2021-05-30 19:27:38,320] {assignment_2_dags.py:75} INFO - 02-27-2020
[2021-05-30 19:27:38,707] {assignment_2_dags.py:75} INFO - 02-28-2020
[2021-05-30 19:27:39,100] {assignment_2_dags.py:75} INFO - 02-29-2020
[2021-05-30 19:27:39,673] {assignment_2_dags.py:75} INFO - 02-30-2020
[2021-05-30 19:27:39,992] {assignment_2_dags.py:75} INFO - 02-31-2020
[2021-05-30 19:27:40,388] {assignment_2_dags.py:75} INFO - 03-01-2020
[2021-05-30 19:27:40,839] {assignment_2_dags.py:75} INFO - 03-02-2020
[2021-05-30 19:27:41,176] {assignment_2_dags.py:75} INFO - 03-03-2020
[2021-05-30 19:27:41,926] {assignment_2_dags.py:75} INFO - 03-04-2020
[2021-05-30 19:27:42,438] {assignment_2_dags.py:75} INFO - 03-05-2020
[2021-05-30 19:27:42,987] {assignment_2_dags.py:75} INFO - 03-06-2020
[2021-05-30 19:27:43,314] {assignment_2_dags.py:75} INFO - 03-07-2020
[2021-05-30 19:27:43,853] {assignment_2_dags.py:75} INFO - 03-08-2020
[2021-05-30 19:27:44,129] {assignment_2_dags.py:75} INFO - 03-09-2020
[2021-05-30 19:27:44,541] {assignment_2_dags.py:75} INFO - 03-10-2020
[2021-05-30 19:27:44,970] {assignment_2_dags.py:75} INFO - 03-11-2020
[2021-05-30 19:27:45,421] {assignment_2_dags.py:75} INFO - 03-12-2020
[2021-05-30 19:27:46,024] {assignment_2_dags.py:75} INFO - 03-13-2020
[2021-05-30 19:27:46,305] {assignment_2_dags.py:75} INFO - 03-14-2020
[2021-05-30 19:27:46,716] {assignment_2_dags.py:75} INFO - 03-15-2020
[2021-05-30 19:27:47,142] {assignment_2_dags.py:75} INFO - 03-16-2020
[2021-05-30 19:27:47,738] {assignment_2_dags.py:75} INFO - 03-17-2020
[2021-05-30 19:27:48,071] {assignment_2_dags.py:75} INFO - 03-18-2020
[2021-05-30 19:27:48,683] {assignment_2_dags.py:75} INFO - 03-19-2020
[2021-05-30 19:27:48,940] {assignment_2_dags.py:75} INFO - 03-20-2020
[2021-05-30 19:27:49,315] {assignment_2_dags.py:75} INFO - 03-21-2020
[2021-05-30 19:27:49,732] {assignment_2_dags.py:75} INFO - 03-22-2020
[2021-05-30 19:27:50,578] {assignment_2_dags.py:75} INFO - 03-23-2020
[2021-05-30 19:27:51,275] {assignment_2_dags.py:75} INFO - 03-24-2020
[2021-05-30 19:27:51,983] {assignment_2_dags.py:75} INFO - 03-25-2020
[2021-05-30 19:27:52,683] {assignment_2_dags.py:75} INFO - 03-26-2020
[2021-05-30 19:27:53,346] {assignment_2_dags.py:75} INFO - 03-27-2020
[2021-05-30 19:27:53,999] {assignment_2_dags.py:75} INFO - 03-28-2020
[2021-05-30 19:27:54,605] {assignment_2_dags.py:75} INFO - 03-29-2020
[2021-05-30 19:27:55,386] {assignment_2_dags.py:75} INFO - 03-30-2020
[2021-05-30 19:27:56,053] {assignment_2_dags.py:75} INFO - 03-31-2020
[2021-05-30 19:27:56,543] {assignment_2_dags.py:75} INFO - 04-01-2020
[2021-05-30 19:27:57,263] {assignment_2_dags.py:75} INFO - 04-02-2020
[2021-05-30 19:27:57,775] {assignment_2_dags.py:75} INFO - 04-03-2020
[2021-05-30 19:27:58,376] {assignment_2_dags.py:75} INFO - 04-04-2020
[2021-05-30 19:27:59,089] {assignment_2_dags.py:75} INFO - 04-05-2020
[2021-05-30 19:27:59,592] {assignment_2_dags.py:75} INFO - 04-06-2020
[2021-05-30 19:28:00,170] {assignment_2_dags.py:75} INFO - 04-07-2020
[2021-05-30 19:28:00,960] {assignment_2_dags.py:75} INFO - 04-08-2020
[2021-05-30 19:28:01,444] {assignment_2_dags.py:75} INFO - 04-09-2020
[2021-05-30 19:28:02,021] {assignment_2_dags.py:75} INFO - 04-10-2020
[2021-05-30 19:28:02,651] {assignment_2_dags.py:75} INFO - 04-11-2020
[2021-05-30 19:28:03,319] {assignment_2_dags.py:75} INFO - 04-12-2020
[2021-05-30 19:28:03,962] {assignment_2_dags.py:75} INFO - 04-13-2020
[2021-05-30 19:28:04,585] {assignment_2_dags.py:75} INFO - 04-14-2020
[2021-05-30 19:28:05,265] {assignment_2_dags.py:75} INFO - 04-15-2020
[2021-05-30 19:28:05,890] {assignment_2_dags.py:75} INFO - 04-16-2020
[2021-05-30 19:28:06,560] {assignment_2_dags.py:75} INFO - 04-17-2020
[2021-05-30 19:28:07,193] {assignment_2_dags.py:75} INFO - 04-18-2020
[2021-05-30 19:28:07,954] {assignment_2_dags.py:75} INFO - 04-19-2020
[2021-05-30 19:28:08,462] {assignment_2_dags.py:75} INFO - 04-20-2020
[2021-05-30 19:28:09,168] {assignment_2_dags.py:75} INFO - 04-21-2020
[2021-05-30 19:28:09,712] {assignment_2_dags.py:75} INFO - 04-22-2020
[2021-05-30 19:28:10,361] {assignment_2_dags.py:75} INFO - 04-23-2020
[2021-05-30 19:28:10,953] {assignment_2_dags.py:75} INFO - 04-24-2020
[2021-05-30 19:28:11,604] {assignment_2_dags.py:75} INFO - 04-25-2020
[2021-05-30 19:28:12,236] {assignment_2_dags.py:75} INFO - 04-26-2020
[2021-05-30 19:28:12,889] {assignment_2_dags.py:75} INFO - 04-27-2020
[2021-05-30 19:28:13,593] {assignment_2_dags.py:75} INFO - 04-28-2020
[2021-05-30 19:28:14,191] {assignment_2_dags.py:75} INFO - 04-29-2020
[2021-05-30 19:28:14,812] {assignment_2_dags.py:75} INFO - 04-30-2020
[2021-05-30 19:28:15,463] {assignment_2_dags.py:75} INFO - 04-31-2020
[2021-05-30 19:28:15,848] {assignment_2_dags.py:75} INFO - 05-01-2020
[2021-05-30 19:28:16,507] {assignment_2_dags.py:75} INFO - 05-02-2020
[2021-05-30 19:28:17,266] {assignment_2_dags.py:75} INFO - 05-03-2020
[2021-05-30 19:28:17,761] {assignment_2_dags.py:75} INFO - 05-04-2020
[2021-05-30 19:28:18,393] {assignment_2_dags.py:75} INFO - 05-05-2020
[2021-05-30 19:28:19,081] {assignment_2_dags.py:75} INFO - 05-06-2020
[2021-05-30 19:28:19,718] {assignment_2_dags.py:75} INFO - 05-07-2020
[2021-05-30 19:28:20,351] {assignment_2_dags.py:75} INFO - 05-08-2020
[2021-05-30 19:28:20,974] {assignment_2_dags.py:75} INFO - 05-09-2020
[2021-05-30 19:28:21,634] {assignment_2_dags.py:75} INFO - 05-10-2020
[2021-05-30 19:28:22,741] {assignment_2_dags.py:75} INFO - 05-11-2020
[2021-05-30 19:28:24,957] {assignment_2_dags.py:75} INFO - 05-12-2020
[2021-05-30 19:28:25,883] {assignment_2_dags.py:75} INFO - 05-13-2020
[2021-05-30 19:28:26,508] {assignment_2_dags.py:75} INFO - 05-14-2020
[2021-05-30 19:28:27,331] {assignment_2_dags.py:75} INFO - 05-15-2020
[2021-05-30 19:28:27,998] {assignment_2_dags.py:75} INFO - 05-16-2020
[2021-05-30 19:28:28,649] {assignment_2_dags.py:75} INFO - 05-17-2020
[2021-05-30 19:28:29,326] {assignment_2_dags.py:75} INFO - 05-18-2020
[2021-05-30 19:28:29,978] {assignment_2_dags.py:75} INFO - 05-19-2020
[2021-05-30 19:28:30,939] {assignment_2_dags.py:75} INFO - 05-20-2020
[2021-05-30 19:28:31,415] {assignment_2_dags.py:75} INFO - 05-21-2020
[2021-05-30 19:28:31,982] {assignment_2_dags.py:75} INFO - 05-22-2020
[2021-05-30 19:28:32,623] {assignment_2_dags.py:75} INFO - 05-23-2020
[2021-05-30 19:28:33,486] {assignment_2_dags.py:75} INFO - 05-24-2020
[2021-05-30 19:28:34,163] {assignment_2_dags.py:75} INFO - 05-25-2020
[2021-05-30 19:28:34,993] {assignment_2_dags.py:75} INFO - 05-26-2020
[2021-05-30 19:28:35,490] {assignment_2_dags.py:75} INFO - 05-27-2020
[2021-05-30 19:28:36,259] {assignment_2_dags.py:75} INFO - 05-28-2020
[2021-05-30 19:28:36,955] {assignment_2_dags.py:75} INFO - 05-29-2020
[2021-05-30 19:28:37,644] {assignment_2_dags.py:75} INFO - 05-30-2020
[2021-05-30 19:28:38,320] {assignment_2_dags.py:75} INFO - 05-31-2020
[2021-05-30 19:28:39,065] {assignment_2_dags.py:75} INFO - 06-01-2020
[2021-05-30 19:28:39,814] {assignment_2_dags.py:75} INFO - 06-02-2020
[2021-05-30 19:28:40,499] {assignment_2_dags.py:75} INFO - 06-03-2020
[2021-05-30 19:28:41,152] {assignment_2_dags.py:75} INFO - 06-04-2020
[2021-05-30 19:28:41,872] {assignment_2_dags.py:75} INFO - 06-05-2020
[2021-05-30 19:28:42,609] {assignment_2_dags.py:75} INFO - 06-06-2020
[2021-05-30 19:28:43,336] {assignment_2_dags.py:75} INFO - 06-07-2020
[2021-05-30 19:28:44,071] {assignment_2_dags.py:75} INFO - 06-08-2020
[2021-05-30 19:28:44,884] {assignment_2_dags.py:75} INFO - 06-09-2020
[2021-05-30 19:28:45,672] {assignment_2_dags.py:75} INFO - 06-10-2020
[2021-05-30 19:28:46,321] {assignment_2_dags.py:75} INFO - 06-11-2020
[2021-05-30 19:28:47,127] {assignment_2_dags.py:75} INFO - 06-12-2020
[2021-05-30 19:28:47,875] {assignment_2_dags.py:75} INFO - 06-13-2020
[2021-05-30 19:28:48,596] {assignment_2_dags.py:75} INFO - 06-14-2020
[2021-05-30 19:28:49,308] {assignment_2_dags.py:75} INFO - 06-15-2020
[2021-05-30 19:28:50,008] {assignment_2_dags.py:75} INFO - 06-16-2020
[2021-05-30 19:28:50,846] {assignment_2_dags.py:75} INFO - 06-17-2020
[2021-05-30 19:28:51,730] {assignment_2_dags.py:75} INFO - 06-18-2020
[2021-05-30 19:28:52,469] {assignment_2_dags.py:75} INFO - 06-19-2020
[2021-05-30 19:28:53,184] {assignment_2_dags.py:75} INFO - 06-20-2020
[2021-05-30 19:28:54,158] {assignment_2_dags.py:75} INFO - 06-21-2020
[2021-05-30 19:28:55,018] {assignment_2_dags.py:75} INFO - 06-22-2020
[2021-05-30 19:28:56,210] {assignment_2_dags.py:75} INFO - 06-23-2020
[2021-05-30 19:28:57,059] {assignment_2_dags.py:75} INFO - 06-24-2020
[2021-05-30 19:28:57,606] {assignment_2_dags.py:75} INFO - 06-25-2020
[2021-05-30 19:28:58,271] {assignment_2_dags.py:75} INFO - 06-26-2020
[2021-05-30 19:28:59,000] {assignment_2_dags.py:75} INFO - 06-27-2020
[2021-05-30 19:28:59,673] {assignment_2_dags.py:75} INFO - 06-28-2020
[2021-05-30 19:29:00,363] {assignment_2_dags.py:75} INFO - 06-29-2020
[2021-05-30 19:29:01,087] {assignment_2_dags.py:75} INFO - 06-30-2020
[2021-05-30 19:29:01,817] {assignment_2_dags.py:75} INFO - 06-31-2020
[2021-05-30 19:29:02,176] {assignment_2_dags.py:75} INFO - 07-01-2020
[2021-05-30 19:29:02,883] {assignment_2_dags.py:75} INFO - 07-02-2020
[2021-05-30 19:29:03,596] {assignment_2_dags.py:75} INFO - 07-03-2020
[2021-05-30 19:29:04,294] {assignment_2_dags.py:75} INFO - 07-04-2020
[2021-05-30 19:29:04,991] {assignment_2_dags.py:75} INFO - 07-05-2020
[2021-05-30 19:29:05,708] {assignment_2_dags.py:75} INFO - 07-06-2020
[2021-05-30 19:29:06,410] {assignment_2_dags.py:75} INFO - 07-07-2020
[2021-05-30 19:29:07,146] {assignment_2_dags.py:75} INFO - 07-08-2020
[2021-05-30 19:29:07,849] {assignment_2_dags.py:75} INFO - 07-09-2020
[2021-05-30 19:29:08,699] {assignment_2_dags.py:75} INFO - 07-10-2020
[2021-05-30 19:29:09,576] {assignment_2_dags.py:75} INFO - 07-11-2020
[2021-05-30 19:29:10,110] {assignment_2_dags.py:75} INFO - 07-12-2020
[2021-05-30 19:29:10,642] {assignment_2_dags.py:75} INFO - 07-13-2020
[2021-05-30 19:29:11,360] {assignment_2_dags.py:75} INFO - 07-14-2020
[2021-05-30 19:29:11,951] {assignment_2_dags.py:75} INFO - 07-15-2020
[2021-05-30 19:29:13,362] {assignment_2_dags.py:75} INFO - 07-16-2020
[2021-05-30 19:29:14,190] {assignment_2_dags.py:75} INFO - 07-17-2020
[2021-05-30 19:29:14,796] {assignment_2_dags.py:75} INFO - 07-18-2020
[2021-05-30 19:29:15,445] {assignment_2_dags.py:75} INFO - 07-19-2020
[2021-05-30 19:29:16,268] {assignment_2_dags.py:75} INFO - 07-20-2020
[2021-05-30 19:29:16,885] {assignment_2_dags.py:75} INFO - 07-21-2020
[2021-05-30 19:29:17,702] {assignment_2_dags.py:75} INFO - 07-22-2020
[2021-05-30 19:29:18,734] {assignment_2_dags.py:75} INFO - 07-23-2020
[2021-05-30 19:29:19,810] {assignment_2_dags.py:75} INFO - 07-24-2020
[2021-05-30 19:29:20,756] {assignment_2_dags.py:75} INFO - 07-25-2020
[2021-05-30 19:29:21,726] {assignment_2_dags.py:75} INFO - 07-26-2020
[2021-05-30 19:29:23,583] {assignment_2_dags.py:75} INFO - 07-27-2020
[2021-05-30 19:29:24,327] {assignment_2_dags.py:75} INFO - 07-28-2020
[2021-05-30 19:29:25,152] {assignment_2_dags.py:75} INFO - 07-29-2020
[2021-05-30 19:29:26,051] {assignment_2_dags.py:75} INFO - 07-30-2020
[2021-05-30 19:29:26,872] {assignment_2_dags.py:75} INFO - 07-31-2020
[2021-05-30 19:29:27,537] {assignment_2_dags.py:75} INFO - 08-01-2020
[2021-05-30 19:29:28,942] {assignment_2_dags.py:75} INFO - 08-02-2020
[2021-05-30 19:29:29,819] {assignment_2_dags.py:75} INFO - 08-03-2020
[2021-05-30 19:29:30,878] {assignment_2_dags.py:75} INFO - 08-04-2020
[2021-05-30 19:29:31,844] {assignment_2_dags.py:75} INFO - 08-05-2020
[2021-05-30 19:29:32,365] {assignment_2_dags.py:75} INFO - 08-06-2020
[2021-05-30 19:29:33,241] {assignment_2_dags.py:75} INFO - 08-07-2020
[2021-05-30 19:29:33,787] {assignment_2_dags.py:75} INFO - 08-08-2020
[2021-05-30 19:29:34,323] {assignment_2_dags.py:75} INFO - 08-09-2020
[2021-05-30 19:29:35,698] {assignment_2_dags.py:75} INFO - 08-10-2020
[2021-05-30 19:29:36,224] {assignment_2_dags.py:75} INFO - 08-11-2020
[2021-05-30 19:29:37,120] {assignment_2_dags.py:75} INFO - 08-12-2020
[2021-05-30 19:29:37,677] {assignment_2_dags.py:75} INFO - 08-13-2020
[2021-05-30 19:29:38,256] {assignment_2_dags.py:75} INFO - 08-14-2020
[2021-05-30 19:29:39,066] {assignment_2_dags.py:75} INFO - 08-15-2020
[2021-05-30 19:29:39,902] {assignment_2_dags.py:75} INFO - 08-16-2020
[2021-05-30 19:29:40,461] {assignment_2_dags.py:75} INFO - 08-17-2020
[2021-05-30 19:29:41,121] {assignment_2_dags.py:75} INFO - 08-18-2020
[2021-05-30 19:29:41,792] {assignment_2_dags.py:75} INFO - 08-19-2020
[2021-05-30 19:29:42,501] {assignment_2_dags.py:75} INFO - 08-20-2020
[2021-05-30 19:29:43,337] {assignment_2_dags.py:75} INFO - 08-21-2020
[2021-05-30 19:29:43,939] {assignment_2_dags.py:75} INFO - 08-22-2020
[2021-05-30 19:29:44,667] {assignment_2_dags.py:75} INFO - 08-23-2020
[2021-05-30 19:29:45,391] {assignment_2_dags.py:75} INFO - 08-24-2020
[2021-05-30 19:29:46,131] {assignment_2_dags.py:75} INFO - 08-25-2020
[2021-05-30 19:29:46,886] {assignment_2_dags.py:75} INFO - 08-26-2020
[2021-05-30 19:29:47,628] {assignment_2_dags.py:75} INFO - 08-27-2020
[2021-05-30 19:29:48,719] {assignment_2_dags.py:75} INFO - 08-28-2020
[2021-05-30 19:29:49,355] {assignment_2_dags.py:75} INFO - 08-29-2020
[2021-05-30 19:29:49,919] {assignment_2_dags.py:75} INFO - 08-30-2020
[2021-05-30 19:29:50,707] {assignment_2_dags.py:75} INFO - 08-31-2020
[2021-05-30 19:29:51,403] {assignment_2_dags.py:75} INFO - 09-01-2020
[2021-05-30 19:29:52,124] {assignment_2_dags.py:75} INFO - 09-02-2020
[2021-05-30 19:29:53,901] {assignment_2_dags.py:75} INFO - 09-03-2020
[2021-05-30 19:29:54,537] {assignment_2_dags.py:75} INFO - 09-04-2020
[2021-05-30 19:29:55,163] {assignment_2_dags.py:75} INFO - 09-05-2020
[2021-05-30 19:29:55,969] {assignment_2_dags.py:75} INFO - 09-06-2020
[2021-05-30 19:29:56,756] {assignment_2_dags.py:75} INFO - 09-07-2020
[2021-05-30 19:29:57,502] {assignment_2_dags.py:75} INFO - 09-08-2020
[2021-05-30 19:29:58,271] {assignment_2_dags.py:75} INFO - 09-09-2020
[2021-05-30 19:29:59,129] {assignment_2_dags.py:75} INFO - 09-10-2020
[2021-05-30 19:29:59,920] {assignment_2_dags.py:75} INFO - 09-11-2020
[2021-05-30 19:30:00,843] {assignment_2_dags.py:75} INFO - 09-12-2020
[2021-05-30 19:30:01,644] {assignment_2_dags.py:75} INFO - 09-13-2020
[2021-05-30 19:30:02,694] {assignment_2_dags.py:75} INFO - 09-14-2020
[2021-05-30 19:30:03,432] {assignment_2_dags.py:75} INFO - 09-15-2020
[2021-05-30 19:30:04,300] {assignment_2_dags.py:75} INFO - 09-16-2020
[2021-05-30 19:30:04,990] {assignment_2_dags.py:75} INFO - 09-17-2020
[2021-05-30 19:30:05,730] {assignment_2_dags.py:75} INFO - 09-18-2020
[2021-05-30 19:30:06,422] {assignment_2_dags.py:75} INFO - 09-19-2020
[2021-05-30 19:30:07,192] {assignment_2_dags.py:75} INFO - 09-20-2020
[2021-05-30 19:30:07,912] {assignment_2_dags.py:75} INFO - 09-21-2020
[2021-05-30 19:30:08,723] {assignment_2_dags.py:75} INFO - 09-22-2020
[2021-05-30 19:30:09,654] {assignment_2_dags.py:75} INFO - 09-23-2020
[2021-05-30 19:30:10,407] {assignment_2_dags.py:75} INFO - 09-24-2020
[2021-05-30 19:30:11,121] {assignment_2_dags.py:75} INFO - 09-25-2020
[2021-05-30 19:30:11,849] {assignment_2_dags.py:75} INFO - 09-26-2020
[2021-05-30 19:30:13,345] {assignment_2_dags.py:75} INFO - 09-27-2020
[2021-05-30 19:30:14,053] {assignment_2_dags.py:75} INFO - 09-28-2020
[2021-05-30 19:30:14,958] {assignment_2_dags.py:75} INFO - 09-29-2020
[2021-05-30 19:30:16,220] {assignment_2_dags.py:75} INFO - 09-30-2020
[2021-05-30 19:30:17,008] {assignment_2_dags.py:75} INFO - 09-31-2020
[2021-05-30 19:30:17,353] {assignment_2_dags.py:75} INFO - 10-01-2020
[2021-05-30 19:30:18,159] {assignment_2_dags.py:75} INFO - 10-02-2020
[2021-05-30 19:30:18,895] {assignment_2_dags.py:75} INFO - 10-03-2020
[2021-05-30 19:30:20,114] {assignment_2_dags.py:75} INFO - 10-04-2020
[2021-05-30 19:30:21,008] {assignment_2_dags.py:75} INFO - 10-05-2020
[2021-05-30 19:30:21,596] {assignment_2_dags.py:75} INFO - 10-06-2020
[2021-05-30 19:30:22,956] {assignment_2_dags.py:75} INFO - 10-07-2020
[2021-05-30 19:30:23,748] {assignment_2_dags.py:75} INFO - 10-08-2020
[2021-05-30 19:30:24,565] {assignment_2_dags.py:75} INFO - 10-09-2020
[2021-05-30 19:30:25,340] {assignment_2_dags.py:75} INFO - 10-10-2020
[2021-05-30 19:30:26,120] {assignment_2_dags.py:75} INFO - 10-11-2020
[2021-05-30 19:30:26,866] {assignment_2_dags.py:75} INFO - 10-12-2020
[2021-05-30 19:30:27,550] {assignment_2_dags.py:75} INFO - 10-13-2020
[2021-05-30 19:30:28,476] {assignment_2_dags.py:75} INFO - 10-14-2020
[2021-05-30 19:30:29,646] {assignment_2_dags.py:75} INFO - 10-15-2020
[2021-05-30 19:30:31,206] {assignment_2_dags.py:75} INFO - 10-16-2020
[2021-05-30 19:30:32,145] {assignment_2_dags.py:75} INFO - 10-17-2020
[2021-05-30 19:30:32,745] {assignment_2_dags.py:75} INFO - 10-18-2020
[2021-05-30 19:30:33,423] {assignment_2_dags.py:75} INFO - 10-19-2020
[2021-05-30 19:30:34,225] {assignment_2_dags.py:75} INFO - 10-20-2020
[2021-05-30 19:30:35,184] {assignment_2_dags.py:75} INFO - 10-21-2020
[2021-05-30 19:30:36,019] {assignment_2_dags.py:75} INFO - 10-22-2020
[2021-05-30 19:30:36,580] {assignment_2_dags.py:75} INFO - 10-23-2020
[2021-05-30 19:30:37,286] {assignment_2_dags.py:75} INFO - 10-24-2020
[2021-05-30 19:30:38,196] {assignment_2_dags.py:75} INFO - 10-25-2020
[2021-05-30 19:30:39,387] {assignment_2_dags.py:75} INFO - 10-26-2020
[2021-05-30 19:30:39,930] {assignment_2_dags.py:75} INFO - 10-27-2020
[2021-05-30 19:30:40,612] {assignment_2_dags.py:75} INFO - 10-28-2020
[2021-05-30 19:30:41,242] {assignment_2_dags.py:75} INFO - 10-29-2020
[2021-05-30 19:30:42,062] {assignment_2_dags.py:75} INFO - 10-30-2020
[2021-05-30 19:30:42,716] {assignment_2_dags.py:75} INFO - 10-31-2020
[2021-05-30 19:30:43,495] {assignment_2_dags.py:75} INFO - 11-01-2020
[2021-05-30 19:30:44,203] {assignment_2_dags.py:75} INFO - 11-02-2020
[2021-05-30 19:30:44,961] {assignment_2_dags.py:75} INFO - 11-03-2020
[2021-05-30 19:30:45,740] {assignment_2_dags.py:75} INFO - 11-04-2020
[2021-05-30 19:30:46,437] {assignment_2_dags.py:75} INFO - 11-05-2020
[2021-05-30 19:30:47,182] {assignment_2_dags.py:75} INFO - 11-06-2020
[2021-05-30 19:30:47,977] {assignment_2_dags.py:75} INFO - 11-07-2020
[2021-05-30 19:30:48,771] {assignment_2_dags.py:75} INFO - 11-08-2020
[2021-05-30 19:30:49,769] {assignment_2_dags.py:75} INFO - 11-09-2020
[2021-05-30 19:30:50,676] {assignment_2_dags.py:75} INFO - 11-10-2020
[2021-05-30 19:30:51,962] {assignment_2_dags.py:75} INFO - 11-11-2020
[2021-05-30 19:30:52,909] {assignment_2_dags.py:75} INFO - 11-12-2020
[2021-05-30 19:30:53,758] {assignment_2_dags.py:75} INFO - 11-13-2020
[2021-05-30 19:30:54,560] {assignment_2_dags.py:75} INFO - 11-14-2020
[2021-05-30 19:30:55,402] {assignment_2_dags.py:75} INFO - 11-15-2020
[2021-05-30 19:30:56,515] {assignment_2_dags.py:75} INFO - 11-16-2020
[2021-05-30 19:30:57,266] {assignment_2_dags.py:75} INFO - 11-17-2020
[2021-05-30 19:30:58,044] {assignment_2_dags.py:75} INFO - 11-18-2020
[2021-05-30 19:30:59,113] {assignment_2_dags.py:75} INFO - 11-19-2020
[2021-05-30 19:30:59,826] {assignment_2_dags.py:75} INFO - 11-20-2020
[2021-05-30 19:31:00,389] {assignment_2_dags.py:75} INFO - 11-21-2020
[2021-05-30 19:31:00,976] {assignment_2_dags.py:75} INFO - 11-22-2020
[2021-05-30 19:31:01,540] {assignment_2_dags.py:75} INFO - 11-23-2020
[2021-05-30 19:31:02,355] {assignment_2_dags.py:75} INFO - 11-24-2020
[2021-05-30 19:31:03,144] {assignment_2_dags.py:75} INFO - 11-25-2020
[2021-05-30 19:31:03,900] {assignment_2_dags.py:75} INFO - 11-26-2020
[2021-05-30 19:31:04,928] {assignment_2_dags.py:75} INFO - 11-27-2020
[2021-05-30 19:31:05,802] {assignment_2_dags.py:75} INFO - 11-28-2020
[2021-05-30 19:31:06,649] {assignment_2_dags.py:75} INFO - 11-29-2020
[2021-05-30 19:31:07,767] {assignment_2_dags.py:75} INFO - 11-30-2020
[2021-05-30 19:31:08,668] {assignment_2_dags.py:75} INFO - 11-31-2020
[2021-05-30 19:31:09,116] {assignment_2_dags.py:75} INFO - 12-01-2020
[2021-05-30 19:31:09,947] {assignment_2_dags.py:75} INFO - 12-02-2020
[2021-05-30 19:31:10,655] {assignment_2_dags.py:75} INFO - 12-03-2020
[2021-05-30 19:31:11,389] {assignment_2_dags.py:75} INFO - 12-04-2020
[2021-05-30 19:31:12,097] {assignment_2_dags.py:75} INFO - 12-05-2020
[2021-05-30 19:31:12,891] {assignment_2_dags.py:75} INFO - 12-06-2020
[2021-05-30 19:31:13,624] {assignment_2_dags.py:75} INFO - 12-07-2020
[2021-05-30 19:31:14,510] {assignment_2_dags.py:75} INFO - 12-08-2020
[2021-05-30 19:31:15,052] {assignment_2_dags.py:75} INFO - 12-09-2020
[2021-05-30 19:31:16,071] {assignment_2_dags.py:75} INFO - 12-10-2020
[2021-05-30 19:31:16,676] {assignment_2_dags.py:75} INFO - 12-11-2020
[2021-05-30 19:31:17,245] {assignment_2_dags.py:75} INFO - 12-12-2020
[2021-05-30 19:31:18,033] {assignment_2_dags.py:75} INFO - 12-13-2020
[2021-05-30 19:31:18,662] {assignment_2_dags.py:75} INFO - 12-14-2020
[2021-05-30 19:31:19,440] {assignment_2_dags.py:75} INFO - 12-15-2020
[2021-05-30 19:31:20,165] {assignment_2_dags.py:75} INFO - 12-16-2020
[2021-05-30 19:31:20,920] {assignment_2_dags.py:75} INFO - 12-17-2020
[2021-05-30 19:31:21,639] {assignment_2_dags.py:75} INFO - 12-18-2020
[2021-05-30 19:31:22,380] {assignment_2_dags.py:75} INFO - 12-19-2020
[2021-05-30 19:31:23,306] {assignment_2_dags.py:75} INFO - 12-20-2020
[2021-05-30 19:31:24,112] {assignment_2_dags.py:75} INFO - 12-21-2020
[2021-05-30 19:31:24,898] {assignment_2_dags.py:75} INFO - 12-22-2020
[2021-05-30 19:31:25,589] {assignment_2_dags.py:75} INFO - 12-23-2020
[2021-05-30 19:31:26,247] {local_task_job.py:188} WARNING - State of this instance has been externally set to failed. Terminating instance.
[2021-05-30 19:31:26,267] {process_utils.py:100} INFO - Sending Signals.SIGTERM to GPID 71
[2021-05-30 19:31:26,276] {taskinstance.py:1265} ERROR - Received SIGTERM. Terminating subprocesses.
[2021-05-30 19:31:26,284] {assignment_2_dags.py:75} INFO - 12-24-2020
[2021-05-30 19:31:26,970] {assignment_2_dags.py:75} INFO - 12-25-2020
[2021-05-30 19:31:27,592] {assignment_2_dags.py:75} INFO - 12-26-2020
[2021-05-30 19:31:28,381] {assignment_2_dags.py:75} INFO - 12-27-2020
[2021-05-30 19:31:29,085] {assignment_2_dags.py:75} INFO - 12-28-2020
[2021-05-30 19:31:29,795] {assignment_2_dags.py:75} INFO - 12-29-2020
[2021-05-30 19:31:30,564] {assignment_2_dags.py:75} INFO - 12-30-2020
[2021-05-30 19:31:31,377] {assignment_2_dags.py:75} INFO - 12-31-2020
[2021-05-30 19:31:32,071] {assignment_2_dags.py:75} INFO - 01-01-2021
[2021-05-30 19:31:32,805] {assignment_2_dags.py:75} INFO - 01-02-2021
[2021-05-30 19:31:33,549] {assignment_2_dags.py:75} INFO - 01-03-2021
[2021-05-30 19:31:34,239] {assignment_2_dags.py:75} INFO - 01-04-2021
[2021-05-30 19:31:34,930] {assignment_2_dags.py:75} INFO - 01-05-2021
[2021-05-30 19:31:35,674] {assignment_2_dags.py:75} INFO - 01-06-2021
[2021-05-30 19:31:36,417] {assignment_2_dags.py:75} INFO - 01-07-2021
[2021-05-30 19:31:37,158] {assignment_2_dags.py:75} INFO - 01-08-2021
[2021-05-30 19:31:37,909] {assignment_2_dags.py:75} INFO - 01-09-2021
[2021-05-30 19:31:38,611] {assignment_2_dags.py:75} INFO - 01-10-2021
[2021-05-30 19:31:39,557] {assignment_2_dags.py:75} INFO - 01-11-2021
[2021-05-30 19:31:40,234] {assignment_2_dags.py:75} INFO - 01-12-2021
[2021-05-30 19:31:40,892] {assignment_2_dags.py:75} INFO - 01-13-2021
[2021-05-30 19:31:41,592] {assignment_2_dags.py:75} INFO - 01-14-2021
[2021-05-30 19:31:42,313] {assignment_2_dags.py:75} INFO - 01-15-2021
[2021-05-30 19:31:43,020] {assignment_2_dags.py:75} INFO - 01-16-2021
[2021-05-30 19:31:43,655] {assignment_2_dags.py:75} INFO - 01-17-2021
[2021-05-30 19:31:44,443] {assignment_2_dags.py:75} INFO - 01-18-2021
[2021-05-30 19:31:45,083] {assignment_2_dags.py:75} INFO - 01-19-2021
[2021-05-30 19:31:45,834] {assignment_2_dags.py:75} INFO - 01-20-2021
[2021-05-30 19:31:46,559] {assignment_2_dags.py:75} INFO - 01-21-2021
[2021-05-30 19:31:47,502] {assignment_2_dags.py:75} INFO - 01-22-2021
[2021-05-30 19:31:48,289] {assignment_2_dags.py:75} INFO - 01-23-2021
[2021-05-30 19:31:49,009] {assignment_2_dags.py:75} INFO - 01-24-2021
[2021-05-30 19:31:49,756] {assignment_2_dags.py:75} INFO - 01-25-2021
[2021-05-30 19:31:50,401] {assignment_2_dags.py:75} INFO - 01-26-2021
[2021-05-30 19:31:51,085] {assignment_2_dags.py:75} INFO - 01-27-2021
[2021-05-30 19:31:51,854] {assignment_2_dags.py:75} INFO - 01-28-2021
[2021-05-30 19:31:52,800] {assignment_2_dags.py:75} INFO - 01-29-2021
[2021-05-30 19:31:53,458] {assignment_2_dags.py:75} INFO - 01-30-2021
[2021-05-30 19:31:54,078] {assignment_2_dags.py:75} INFO - 01-31-2021
[2021-05-30 19:31:54,733] {assignment_2_dags.py:75} INFO - 02-01-2021
[2021-05-30 19:31:55,410] {assignment_2_dags.py:75} INFO - 02-02-2021
[2021-05-30 19:31:56,314] {assignment_2_dags.py:75} INFO - 02-03-2021
[2021-05-30 19:31:57,188] {assignment_2_dags.py:75} INFO - 02-04-2021
[2021-05-30 19:31:58,028] {assignment_2_dags.py:75} INFO - 02-05-2021
[2021-05-30 19:31:58,624] {assignment_2_dags.py:75} INFO - 02-06-2021
[2021-05-30 19:31:59,638] {assignment_2_dags.py:75} INFO - 02-07-2021
[2021-05-30 19:32:00,362] {assignment_2_dags.py:75} INFO - 02-08-2021
[2021-05-30 19:32:01,841] {assignment_2_dags.py:75} INFO - 02-09-2021
[2021-05-30 19:32:02,388] {assignment_2_dags.py:75} INFO - 02-10-2021
[2021-05-30 19:32:02,941] {assignment_2_dags.py:75} INFO - 02-11-2021
[2021-05-30 19:32:03,505] {assignment_2_dags.py:75} INFO - 02-12-2021
[2021-05-30 19:32:04,161] {assignment_2_dags.py:75} INFO - 02-13-2021
[2021-05-30 19:32:04,881] {assignment_2_dags.py:75} INFO - 02-14-2021
[2021-05-30 19:32:05,546] {assignment_2_dags.py:75} INFO - 02-15-2021
[2021-05-30 19:32:06,173] {assignment_2_dags.py:75} INFO - 02-16-2021
[2021-05-30 19:32:06,850] {assignment_2_dags.py:75} INFO - 02-17-2021
[2021-05-30 19:32:07,873] {assignment_2_dags.py:75} INFO - 02-18-2021
[2021-05-30 19:32:08,595] {assignment_2_dags.py:75} INFO - 02-19-2021
[2021-05-30 19:32:09,318] {assignment_2_dags.py:75} INFO - 02-20-2021
[2021-05-30 19:32:10,104] {assignment_2_dags.py:75} INFO - 02-21-2021
[2021-05-30 19:32:10,804] {assignment_2_dags.py:75} INFO - 02-22-2021
[2021-05-30 19:32:11,563] {assignment_2_dags.py:75} INFO - 02-23-2021
[2021-05-30 19:32:12,828] {assignment_2_dags.py:75} INFO - 02-24-2021
[2021-05-30 19:32:13,402] {assignment_2_dags.py:75} INFO - 02-25-2021
[2021-05-30 19:32:14,044] {assignment_2_dags.py:75} INFO - 02-26-2021
[2021-05-30 19:32:14,622] {assignment_2_dags.py:75} INFO - 02-27-2021
[2021-05-30 19:32:15,305] {assignment_2_dags.py:75} INFO - 02-28-2021
[2021-05-30 19:32:16,110] {assignment_2_dags.py:75} INFO - 02-29-2021
[2021-05-30 19:32:16,412] {assignment_2_dags.py:75} INFO - 02-30-2021
[2021-05-30 19:32:16,877] {assignment_2_dags.py:75} INFO - 02-31-2021
[2021-05-30 19:32:17,243] {assignment_2_dags.py:75} INFO - 03-01-2021
[2021-05-30 19:32:17,962] {assignment_2_dags.py:75} INFO - 03-02-2021
[2021-05-30 19:32:18,608] {assignment_2_dags.py:75} INFO - 03-03-2021
[2021-05-30 19:32:19,383] {assignment_2_dags.py:75} INFO - 03-04-2021
[2021-05-30 19:32:20,083] {assignment_2_dags.py:75} INFO - 03-05-2021
[2021-05-30 19:32:20,807] {assignment_2_dags.py:75} INFO - 03-06-2021
[2021-05-30 19:32:21,564] {assignment_2_dags.py:75} INFO - 03-07-2021
[2021-05-30 19:32:22,375] {assignment_2_dags.py:75} INFO - 03-08-2021
[2021-05-30 19:32:23,376] {assignment_2_dags.py:75} INFO - 03-09-2021
[2021-05-30 19:32:24,355] {assignment_2_dags.py:75} INFO - 03-10-2021
[2021-05-30 19:32:24,943] {assignment_2_dags.py:75} INFO - 03-11-2021
[2021-05-30 19:32:25,548] {assignment_2_dags.py:75} INFO - 03-12-2021
[2021-05-30 19:32:26,233] {process_utils.py:113} WARNING - process psutil.Process(pid=71, name='airflow task ru', status='running', started='19:27:14') did not respond to SIGTERM. Trying SIGKILL
[2021-05-30 19:32:26,313] {assignment_2_dags.py:75} INFO - 03-13-2021
[2021-05-30 19:32:26,493] {process_utils.py:66} INFO - Process psutil.Process(pid=71, name='airflow task ru', status='terminated', exitcode=<Negsignal.SIGKILL: -9>, started='19:27:14') (71) terminated with exit code Negsignal.SIGKILL
[2021-05-30 19:32:26,497] {standard_task_runner.py:130} ERROR - Job 20 was killed before it finished (likely due to running out of memory)
