[2021-05-30 19:27:15,309] {taskinstance.py:877} INFO - Dependencies all met for <TaskInstance: data_engineering_assignment_2.Load_and_Extract_Data 2021-05-30T19:06:32.067615+00:00 [queued]>
[2021-05-30 19:27:15,413] {taskinstance.py:877} INFO - Dependencies all met for <TaskInstance: data_engineering_assignment_2.Load_and_Extract_Data 2021-05-30T19:06:32.067615+00:00 [queued]>
[2021-05-30 19:27:15,416] {taskinstance.py:1068} INFO - 
--------------------------------------------------------------------------------
[2021-05-30 19:27:15,418] {taskinstance.py:1069} INFO - Starting attempt 1 of 2
[2021-05-30 19:27:15,423] {taskinstance.py:1070} INFO - 
--------------------------------------------------------------------------------
[2021-05-30 19:27:15,469] {taskinstance.py:1089} INFO - Executing <Task(PythonOperator): Load_and_Extract_Data> on 2021-05-30T19:06:32.067615+00:00
[2021-05-30 19:27:15,488] {standard_task_runner.py:52} INFO - Started process 73 to run task
[2021-05-30 19:27:15,509] {standard_task_runner.py:76} INFO - Running: ['airflow', 'tasks', 'run', 'data_engineering_assignment_2', 'Load_and_Extract_Data', '2021-05-30T19:06:32.067615+00:00', '--job-id', '22', '--pool', 'default_pool', '--raw', '--subdir', 'DAGS_FOLDER/assignment_2_dags.py', '--cfg-path', '/tmp/tmpt23d1ox6', '--error-file', '/tmp/tmp8jomvvan']
[2021-05-30 19:27:15,518] {standard_task_runner.py:77} INFO - Job 22: Subtask Load_and_Extract_Data
[2021-05-30 19:27:15,675] {logging_mixin.py:104} INFO - Running <TaskInstance: data_engineering_assignment_2.Load_and_Extract_Data 2021-05-30T19:06:32.067615+00:00 [running]> on host d1b2a4d53792
[2021-05-30 19:27:15,808] {taskinstance.py:1283} INFO - Exporting the following env vars:
AIRFLOW_CTX_DAG_OWNER=Mohannad alsouqi
AIRFLOW_CTX_DAG_ID=data_engineering_assignment_2
AIRFLOW_CTX_TASK_ID=Load_and_Extract_Data
AIRFLOW_CTX_EXECUTION_DATE=2021-05-30T19:06:32.067615+00:00
AIRFLOW_CTX_DAG_RUN_ID=manual__2021-05-30T19:06:32.067615+00:00
[2021-05-30 19:27:15,811] {assignment_2_dags.py:75} INFO - 01-01-2020
[2021-05-30 19:27:16,123] {assignment_2_dags.py:75} INFO - 01-02-2020
[2021-05-30 19:27:16,520] {assignment_2_dags.py:75} INFO - 01-03-2020
[2021-05-30 19:27:16,901] {assignment_2_dags.py:75} INFO - 01-04-2020
[2021-05-30 19:27:17,279] {assignment_2_dags.py:75} INFO - 01-05-2020
[2021-05-30 19:27:17,656] {assignment_2_dags.py:75} INFO - 01-06-2020
[2021-05-30 19:27:18,028] {assignment_2_dags.py:75} INFO - 01-07-2020
[2021-05-30 19:27:18,434] {assignment_2_dags.py:75} INFO - 01-08-2020
[2021-05-30 19:27:18,816] {assignment_2_dags.py:75} INFO - 01-09-2020
[2021-05-30 19:27:19,203] {assignment_2_dags.py:75} INFO - 01-10-2020
[2021-05-30 19:27:19,588] {assignment_2_dags.py:75} INFO - 01-11-2020
[2021-05-30 19:27:19,967] {assignment_2_dags.py:75} INFO - 01-12-2020
[2021-05-30 19:27:20,358] {assignment_2_dags.py:75} INFO - 01-13-2020
[2021-05-30 19:27:20,749] {assignment_2_dags.py:75} INFO - 01-14-2020
[2021-05-30 19:27:21,138] {assignment_2_dags.py:75} INFO - 01-15-2020
[2021-05-30 19:27:21,508] {assignment_2_dags.py:75} INFO - 01-16-2020
[2021-05-30 19:27:21,900] {assignment_2_dags.py:75} INFO - 01-17-2020
[2021-05-30 19:27:22,280] {assignment_2_dags.py:75} INFO - 01-18-2020
[2021-05-30 19:27:22,716] {assignment_2_dags.py:75} INFO - 01-19-2020
[2021-05-30 19:27:23,148] {assignment_2_dags.py:75} INFO - 01-20-2020
[2021-05-30 19:27:23,517] {assignment_2_dags.py:75} INFO - 01-21-2020
[2021-05-30 19:27:23,921] {assignment_2_dags.py:75} INFO - 01-22-2020
[2021-05-30 19:27:24,340] {assignment_2_dags.py:75} INFO - 01-23-2020
[2021-05-30 19:27:24,763] {assignment_2_dags.py:75} INFO - 01-24-2020
[2021-05-30 19:27:25,254] {assignment_2_dags.py:75} INFO - 01-25-2020
[2021-05-30 19:27:25,648] {assignment_2_dags.py:75} INFO - 01-26-2020
[2021-05-30 19:27:26,076] {assignment_2_dags.py:75} INFO - 01-27-2020
[2021-05-30 19:27:26,515] {assignment_2_dags.py:75} INFO - 01-28-2020
[2021-05-30 19:27:27,010] {assignment_2_dags.py:75} INFO - 01-29-2020
[2021-05-30 19:27:27,330] {assignment_2_dags.py:75} INFO - 01-30-2020
[2021-05-30 19:27:27,725] {assignment_2_dags.py:75} INFO - 01-31-2020
[2021-05-30 19:27:28,092] {assignment_2_dags.py:75} INFO - 02-01-2020
[2021-05-30 19:27:28,422] {assignment_2_dags.py:75} INFO - 02-02-2020
[2021-05-30 19:27:28,821] {assignment_2_dags.py:75} INFO - 02-03-2020
[2021-05-30 19:27:29,299] {assignment_2_dags.py:75} INFO - 02-04-2020
[2021-05-30 19:27:29,725] {assignment_2_dags.py:75} INFO - 02-05-2020
[2021-05-30 19:27:30,072] {assignment_2_dags.py:75} INFO - 02-06-2020
[2021-05-30 19:27:30,526] {assignment_2_dags.py:75} INFO - 02-07-2020
[2021-05-30 19:27:31,047] {assignment_2_dags.py:75} INFO - 02-08-2020
[2021-05-30 19:27:31,335] {assignment_2_dags.py:75} INFO - 02-09-2020
[2021-05-30 19:27:31,720] {assignment_2_dags.py:75} INFO - 02-10-2020
[2021-05-30 19:27:32,119] {assignment_2_dags.py:75} INFO - 02-11-2020
[2021-05-30 19:27:32,688] {assignment_2_dags.py:75} INFO - 02-12-2020
[2021-05-30 19:27:32,936] {assignment_2_dags.py:75} INFO - 02-13-2020
[2021-05-30 19:27:33,331] {assignment_2_dags.py:75} INFO - 02-14-2020
[2021-05-30 19:27:33,844] {assignment_2_dags.py:75} INFO - 02-15-2020
[2021-05-30 19:27:34,097] {assignment_2_dags.py:75} INFO - 02-16-2020
[2021-05-30 19:27:34,569] {assignment_2_dags.py:75} INFO - 02-17-2020
[2021-05-30 19:27:34,876] {assignment_2_dags.py:75} INFO - 02-18-2020
[2021-05-30 19:27:35,198] {assignment_2_dags.py:75} INFO - 02-19-2020
[2021-05-30 19:27:35,578] {assignment_2_dags.py:75} INFO - 02-20-2020
[2021-05-30 19:27:35,958] {assignment_2_dags.py:75} INFO - 02-21-2020
[2021-05-30 19:27:36,364] {assignment_2_dags.py:75} INFO - 02-22-2020
[2021-05-30 19:27:36,884] {assignment_2_dags.py:75} INFO - 02-23-2020
[2021-05-30 19:27:37,146] {assignment_2_dags.py:75} INFO - 02-24-2020
[2021-05-30 19:27:37,534] {assignment_2_dags.py:75} INFO - 02-25-2020
[2021-05-30 19:27:37,928] {assignment_2_dags.py:75} INFO - 02-26-2020
[2021-05-30 19:27:38,452] {assignment_2_dags.py:75} INFO - 02-27-2020
[2021-05-30 19:27:38,706] {assignment_2_dags.py:75} INFO - 02-28-2020
[2021-05-30 19:27:39,251] {assignment_2_dags.py:75} INFO - 02-29-2020
[2021-05-30 19:27:39,532] {assignment_2_dags.py:75} INFO - 02-30-2020
[2021-05-30 19:27:39,992] {assignment_2_dags.py:75} INFO - 02-31-2020
[2021-05-30 19:27:40,391] {assignment_2_dags.py:75} INFO - 03-01-2020
[2021-05-30 19:27:40,762] {assignment_2_dags.py:75} INFO - 03-02-2020
[2021-05-30 19:27:41,180] {assignment_2_dags.py:75} INFO - 03-03-2020
[2021-05-30 19:27:41,933] {assignment_2_dags.py:75} INFO - 03-04-2020
[2021-05-30 19:27:42,574] {assignment_2_dags.py:75} INFO - 03-05-2020
[2021-05-30 19:27:42,843] {assignment_2_dags.py:75} INFO - 03-06-2020
[2021-05-30 19:27:43,324] {assignment_2_dags.py:75} INFO - 03-07-2020
[2021-05-30 19:27:43,719] {assignment_2_dags.py:75} INFO - 03-08-2020
[2021-05-30 19:27:44,224] {assignment_2_dags.py:75} INFO - 03-09-2020
[2021-05-30 19:27:44,539] {assignment_2_dags.py:75} INFO - 03-10-2020
[2021-05-30 19:27:45,107] {assignment_2_dags.py:75} INFO - 03-11-2020
[2021-05-30 19:27:45,426] {assignment_2_dags.py:75} INFO - 03-12-2020
[2021-05-30 19:27:45,907] {assignment_2_dags.py:75} INFO - 03-13-2020
[2021-05-30 19:27:46,471] {assignment_2_dags.py:75} INFO - 03-14-2020
[2021-05-30 19:27:46,742] {assignment_2_dags.py:75} INFO - 03-15-2020
[2021-05-30 19:27:47,141] {assignment_2_dags.py:75} INFO - 03-16-2020
[2021-05-30 19:27:47,590] {assignment_2_dags.py:75} INFO - 03-17-2020
[2021-05-30 19:27:48,189] {assignment_2_dags.py:75} INFO - 03-18-2020
[2021-05-30 19:27:48,542] {assignment_2_dags.py:75} INFO - 03-19-2020
[2021-05-30 19:27:48,920] {assignment_2_dags.py:75} INFO - 03-20-2020
[2021-05-30 19:27:49,307] {assignment_2_dags.py:75} INFO - 03-21-2020
[2021-05-30 19:27:49,730] {assignment_2_dags.py:75} INFO - 03-22-2020
[2021-05-30 19:27:50,578] {assignment_2_dags.py:75} INFO - 03-23-2020
[2021-05-30 19:27:51,281] {assignment_2_dags.py:75} INFO - 03-24-2020
[2021-05-30 19:27:51,949] {assignment_2_dags.py:75} INFO - 03-25-2020
[2021-05-30 19:27:52,654] {assignment_2_dags.py:75} INFO - 03-26-2020
[2021-05-30 19:27:53,327] {assignment_2_dags.py:75} INFO - 03-27-2020
[2021-05-30 19:27:54,298] {assignment_2_dags.py:75} INFO - 03-28-2020
[2021-05-30 19:27:54,787] {assignment_2_dags.py:75} INFO - 03-29-2020
[2021-05-30 19:27:55,329] {assignment_2_dags.py:75} INFO - 03-30-2020
[2021-05-30 19:27:55,944] {assignment_2_dags.py:75} INFO - 03-31-2020
[2021-05-30 19:27:56,542] {assignment_2_dags.py:75} INFO - 04-01-2020
[2021-05-30 19:27:57,144] {assignment_2_dags.py:75} INFO - 04-02-2020
[2021-05-30 19:27:57,790] {assignment_2_dags.py:75} INFO - 04-03-2020
[2021-05-30 19:27:58,376] {assignment_2_dags.py:75} INFO - 04-04-2020
[2021-05-30 19:27:58,957] {assignment_2_dags.py:75} INFO - 04-05-2020
[2021-05-30 19:27:59,578] {assignment_2_dags.py:75} INFO - 04-06-2020
[2021-05-30 19:28:00,156] {assignment_2_dags.py:75} INFO - 04-07-2020
[2021-05-30 19:28:00,811] {assignment_2_dags.py:75} INFO - 04-08-2020
[2021-05-30 19:28:01,557] {assignment_2_dags.py:75} INFO - 04-09-2020
[2021-05-30 19:28:02,050] {assignment_2_dags.py:75} INFO - 04-10-2020
[2021-05-30 19:28:02,668] {assignment_2_dags.py:75} INFO - 04-11-2020
[2021-05-30 19:28:03,321] {assignment_2_dags.py:75} INFO - 04-12-2020
[2021-05-30 19:28:04,086] {assignment_2_dags.py:75} INFO - 04-13-2020
[2021-05-30 19:28:04,558] {assignment_2_dags.py:75} INFO - 04-14-2020
[2021-05-30 19:28:05,261] {assignment_2_dags.py:75} INFO - 04-15-2020
[2021-05-30 19:28:06,006] {assignment_2_dags.py:75} INFO - 04-16-2020
[2021-05-30 19:28:06,574] {assignment_2_dags.py:75} INFO - 04-17-2020
[2021-05-30 19:28:07,196] {assignment_2_dags.py:75} INFO - 04-18-2020
[2021-05-30 19:28:07,829] {assignment_2_dags.py:75} INFO - 04-19-2020
[2021-05-30 19:28:08,471] {assignment_2_dags.py:75} INFO - 04-20-2020
[2021-05-30 19:28:09,079] {assignment_2_dags.py:75} INFO - 04-21-2020
[2021-05-30 19:28:09,854] {assignment_2_dags.py:75} INFO - 04-22-2020
[2021-05-30 19:28:10,339] {assignment_2_dags.py:75} INFO - 04-23-2020
[2021-05-30 19:28:10,933] {assignment_2_dags.py:75} INFO - 04-24-2020
[2021-05-30 19:28:11,603] {assignment_2_dags.py:75} INFO - 04-25-2020
[2021-05-30 19:28:12,257] {assignment_2_dags.py:75} INFO - 04-26-2020
[2021-05-30 19:28:12,878] {assignment_2_dags.py:75} INFO - 04-27-2020
[2021-05-30 19:28:13,513] {assignment_2_dags.py:75} INFO - 04-28-2020
[2021-05-30 19:28:14,200] {assignment_2_dags.py:75} INFO - 04-29-2020
[2021-05-30 19:28:14,845] {assignment_2_dags.py:75} INFO - 04-30-2020
[2021-05-30 19:28:15,491] {assignment_2_dags.py:75} INFO - 04-31-2020
[2021-05-30 19:28:15,849] {assignment_2_dags.py:75} INFO - 05-01-2020
[2021-05-30 19:28:16,565] {assignment_2_dags.py:75} INFO - 05-02-2020
[2021-05-30 19:28:17,133] {assignment_2_dags.py:75} INFO - 05-03-2020
[2021-05-30 19:28:17,775] {assignment_2_dags.py:75} INFO - 05-04-2020
[2021-05-30 19:28:18,529] {assignment_2_dags.py:75} INFO - 05-05-2020
[2021-05-30 19:28:19,073] {assignment_2_dags.py:75} INFO - 05-06-2020
[2021-05-30 19:28:19,709] {assignment_2_dags.py:75} INFO - 05-07-2020
[2021-05-30 19:28:20,658] {assignment_2_dags.py:75} INFO - 05-08-2020
[2021-05-30 19:28:21,136] {assignment_2_dags.py:75} INFO - 05-09-2020
[2021-05-30 19:28:21,677] {assignment_2_dags.py:75} INFO - 05-10-2020
[2021-05-30 19:28:22,732] {assignment_2_dags.py:75} INFO - 05-11-2020
[2021-05-30 19:28:24,941] {assignment_2_dags.py:75} INFO - 05-12-2020
[2021-05-30 19:28:25,828] {assignment_2_dags.py:75} INFO - 05-13-2020
[2021-05-30 19:28:26,554] {assignment_2_dags.py:75} INFO - 05-14-2020
[2021-05-30 19:28:27,334] {assignment_2_dags.py:75} INFO - 05-15-2020
[2021-05-30 19:28:27,994] {assignment_2_dags.py:75} INFO - 05-16-2020
[2021-05-30 19:28:28,653] {assignment_2_dags.py:75} INFO - 05-17-2020
[2021-05-30 19:28:29,363] {assignment_2_dags.py:75} INFO - 05-18-2020
[2021-05-30 19:28:29,960] {assignment_2_dags.py:75} INFO - 05-19-2020
[2021-05-30 19:28:30,645] {assignment_2_dags.py:75} INFO - 05-20-2020
[2021-05-30 19:28:31,329] {assignment_2_dags.py:75} INFO - 05-21-2020
[2021-05-30 19:28:31,981] {assignment_2_dags.py:75} INFO - 05-22-2020
[2021-05-30 19:28:32,642] {assignment_2_dags.py:75} INFO - 05-23-2020
[2021-05-30 19:28:33,342] {assignment_2_dags.py:75} INFO - 05-24-2020
[2021-05-30 19:28:34,181] {assignment_2_dags.py:75} INFO - 05-25-2020
[2021-05-30 19:28:34,852] {assignment_2_dags.py:75} INFO - 05-26-2020
[2021-05-30 19:28:35,634] {assignment_2_dags.py:75} INFO - 05-27-2020
[2021-05-30 19:28:36,318] {assignment_2_dags.py:75} INFO - 05-28-2020
[2021-05-30 19:28:36,968] {assignment_2_dags.py:75} INFO - 05-29-2020
[2021-05-30 19:28:37,665] {assignment_2_dags.py:75} INFO - 05-30-2020
[2021-05-30 19:28:38,347] {assignment_2_dags.py:75} INFO - 05-31-2020
[2021-05-30 19:28:38,995] {assignment_2_dags.py:75} INFO - 06-01-2020
[2021-05-30 19:28:39,914] {assignment_2_dags.py:75} INFO - 06-02-2020
[2021-05-30 19:28:40,494] {assignment_2_dags.py:75} INFO - 06-03-2020
[2021-05-30 19:28:41,142] {assignment_2_dags.py:75} INFO - 06-04-2020
[2021-05-30 19:28:41,863] {assignment_2_dags.py:75} INFO - 06-05-2020
[2021-05-30 19:28:42,669] {assignment_2_dags.py:75} INFO - 06-06-2020
[2021-05-30 19:28:43,376] {assignment_2_dags.py:75} INFO - 06-07-2020
[2021-05-30 19:28:44,058] {assignment_2_dags.py:75} INFO - 06-08-2020
[2021-05-30 19:28:44,738] {assignment_2_dags.py:75} INFO - 06-09-2020
[2021-05-30 19:28:45,614] {assignment_2_dags.py:75} INFO - 06-10-2020
[2021-05-30 19:28:46,396] {assignment_2_dags.py:75} INFO - 06-11-2020
[2021-05-30 19:28:47,164] {assignment_2_dags.py:75} INFO - 06-12-2020
[2021-05-30 19:28:47,868] {assignment_2_dags.py:75} INFO - 06-13-2020
[2021-05-30 19:28:48,631] {assignment_2_dags.py:75} INFO - 06-14-2020
[2021-05-30 19:28:49,346] {assignment_2_dags.py:75} INFO - 06-15-2020
[2021-05-30 19:28:50,008] {assignment_2_dags.py:75} INFO - 06-16-2020
[2021-05-30 19:28:50,802] {assignment_2_dags.py:75} INFO - 06-17-2020
[2021-05-30 19:28:51,791] {assignment_2_dags.py:75} INFO - 06-18-2020
[2021-05-30 19:28:52,488] {assignment_2_dags.py:75} INFO - 06-19-2020
[2021-05-30 19:28:53,184] {assignment_2_dags.py:75} INFO - 06-20-2020
[2021-05-30 19:28:54,272] {assignment_2_dags.py:75} INFO - 06-21-2020
[2021-05-30 19:28:54,995] {assignment_2_dags.py:75} INFO - 06-22-2020
[2021-05-30 19:28:55,746] {assignment_2_dags.py:75} INFO - 06-23-2020
[2021-05-30 19:28:56,568] {assignment_2_dags.py:75} INFO - 06-24-2020
[2021-05-30 19:28:57,502] {assignment_2_dags.py:75} INFO - 06-25-2020
[2021-05-30 19:28:58,357] {assignment_2_dags.py:75} INFO - 06-26-2020
[2021-05-30 19:28:59,008] {assignment_2_dags.py:75} INFO - 06-27-2020
[2021-05-30 19:28:59,838] {assignment_2_dags.py:75} INFO - 06-28-2020
[2021-05-30 19:29:00,377] {assignment_2_dags.py:75} INFO - 06-29-2020
[2021-05-30 19:29:01,117] {assignment_2_dags.py:75} INFO - 06-30-2020
[2021-05-30 19:29:01,791] {assignment_2_dags.py:75} INFO - 06-31-2020
[2021-05-30 19:29:02,179] {assignment_2_dags.py:75} INFO - 07-01-2020
[2021-05-30 19:29:02,956] {assignment_2_dags.py:75} INFO - 07-02-2020
[2021-05-30 19:29:03,605] {assignment_2_dags.py:75} INFO - 07-03-2020
[2021-05-30 19:29:04,315] {assignment_2_dags.py:75} INFO - 07-04-2020
[2021-05-30 19:29:05,017] {assignment_2_dags.py:75} INFO - 07-05-2020
[2021-05-30 19:29:05,729] {assignment_2_dags.py:75} INFO - 07-06-2020
[2021-05-30 19:29:06,535] {assignment_2_dags.py:75} INFO - 07-07-2020
[2021-05-30 19:29:07,137] {assignment_2_dags.py:75} INFO - 07-08-2020
[2021-05-30 19:29:07,868] {assignment_2_dags.py:75} INFO - 07-09-2020
[2021-05-30 19:29:08,561] {assignment_2_dags.py:75} INFO - 07-10-2020
[2021-05-30 19:29:09,526] {assignment_2_dags.py:75} INFO - 07-11-2020
[2021-05-30 19:29:10,083] {assignment_2_dags.py:75} INFO - 07-12-2020
[2021-05-30 19:29:10,640] {assignment_2_dags.py:75} INFO - 07-13-2020
[2021-05-30 19:29:11,266] {assignment_2_dags.py:75} INFO - 07-14-2020
[2021-05-30 19:29:11,967] {assignment_2_dags.py:75} INFO - 07-15-2020
[2021-05-30 19:29:13,332] {assignment_2_dags.py:75} INFO - 07-16-2020
[2021-05-30 19:29:14,034] {assignment_2_dags.py:75} INFO - 07-17-2020
[2021-05-30 19:29:14,762] {assignment_2_dags.py:75} INFO - 07-18-2020
[2021-05-30 19:29:15,441] {assignment_2_dags.py:75} INFO - 07-19-2020
[2021-05-30 19:29:16,214] {assignment_2_dags.py:75} INFO - 07-20-2020
[2021-05-30 19:29:16,983] {assignment_2_dags.py:75} INFO - 07-21-2020
[2021-05-30 19:29:17,786] {assignment_2_dags.py:75} INFO - 07-22-2020
[2021-05-30 19:29:18,730] {assignment_2_dags.py:75} INFO - 07-23-2020
[2021-05-30 19:29:19,752] {assignment_2_dags.py:75} INFO - 07-24-2020
[2021-05-30 19:29:20,798] {assignment_2_dags.py:75} INFO - 07-25-2020
[2021-05-30 19:29:21,669] {assignment_2_dags.py:75} INFO - 07-26-2020
[2021-05-30 19:29:23,536] {assignment_2_dags.py:75} INFO - 07-27-2020
[2021-05-30 19:29:24,308] {assignment_2_dags.py:75} INFO - 07-28-2020
[2021-05-30 19:29:25,175] {assignment_2_dags.py:75} INFO - 07-29-2020
[2021-05-30 19:29:25,959] {assignment_2_dags.py:75} INFO - 07-30-2020
[2021-05-30 19:29:26,779] {assignment_2_dags.py:75} INFO - 07-31-2020
[2021-05-30 19:29:27,514] {assignment_2_dags.py:75} INFO - 08-01-2020
[2021-05-30 19:29:29,023] {assignment_2_dags.py:75} INFO - 08-02-2020
[2021-05-30 19:29:29,661] {assignment_2_dags.py:75} INFO - 08-03-2020
[2021-05-30 19:29:30,418] {assignment_2_dags.py:75} INFO - 08-04-2020
[2021-05-30 19:29:31,362] {assignment_2_dags.py:75} INFO - 08-05-2020
[2021-05-30 19:29:31,915] {assignment_2_dags.py:75} INFO - 08-06-2020
[2021-05-30 19:29:32,664] {assignment_2_dags.py:75} INFO - 08-07-2020
[2021-05-30 19:29:33,378] {assignment_2_dags.py:75} INFO - 08-08-2020
[2021-05-30 19:29:34,072] {assignment_2_dags.py:75} INFO - 08-09-2020
[2021-05-30 19:29:35,514] {assignment_2_dags.py:75} INFO - 08-10-2020
[2021-05-30 19:29:36,057] {assignment_2_dags.py:75} INFO - 08-11-2020
[2021-05-30 19:29:36,738] {assignment_2_dags.py:75} INFO - 08-12-2020
[2021-05-30 19:29:37,438] {assignment_2_dags.py:75} INFO - 08-13-2020
[2021-05-30 19:29:38,284] {assignment_2_dags.py:75} INFO - 08-14-2020
[2021-05-30 19:29:39,087] {assignment_2_dags.py:75} INFO - 08-15-2020
[2021-05-30 19:29:39,761] {assignment_2_dags.py:75} INFO - 08-16-2020
[2021-05-30 19:29:40,457] {assignment_2_dags.py:75} INFO - 08-17-2020
[2021-05-30 19:29:41,114] {assignment_2_dags.py:75} INFO - 08-18-2020
[2021-05-30 19:29:41,812] {assignment_2_dags.py:75} INFO - 08-19-2020
[2021-05-30 19:29:42,507] {assignment_2_dags.py:75} INFO - 08-20-2020
[2021-05-30 19:29:43,203] {assignment_2_dags.py:75} INFO - 08-21-2020
[2021-05-30 19:29:43,933] {assignment_2_dags.py:75} INFO - 08-22-2020
[2021-05-30 19:29:44,824] {assignment_2_dags.py:75} INFO - 08-23-2020
[2021-05-30 19:29:45,394] {assignment_2_dags.py:75} INFO - 08-24-2020
[2021-05-30 19:29:46,156] {assignment_2_dags.py:75} INFO - 08-25-2020
[2021-05-30 19:29:46,884] {assignment_2_dags.py:75} INFO - 08-26-2020
[2021-05-30 19:29:47,781] {assignment_2_dags.py:75} INFO - 08-27-2020
[2021-05-30 19:29:48,738] {assignment_2_dags.py:75} INFO - 08-28-2020
[2021-05-30 19:29:49,323] {assignment_2_dags.py:75} INFO - 08-29-2020
[2021-05-30 19:29:49,893] {assignment_2_dags.py:75} INFO - 08-30-2020
[2021-05-30 19:29:50,664] {assignment_2_dags.py:75} INFO - 08-31-2020
[2021-05-30 19:29:51,380] {assignment_2_dags.py:75} INFO - 09-01-2020
[2021-05-30 19:29:52,169] {assignment_2_dags.py:75} INFO - 09-02-2020
[2021-05-30 19:29:53,887] {assignment_2_dags.py:75} INFO - 09-03-2020
[2021-05-30 19:29:54,615] {assignment_2_dags.py:75} INFO - 09-04-2020
[2021-05-30 19:29:55,703] {assignment_2_dags.py:75} INFO - 09-05-2020
[2021-05-30 19:29:56,271] {assignment_2_dags.py:75} INFO - 09-06-2020
[2021-05-30 19:29:57,210] {assignment_2_dags.py:75} INFO - 09-07-2020
[2021-05-30 19:29:57,757] {assignment_2_dags.py:75} INFO - 09-08-2020
[2021-05-30 19:29:58,495] {assignment_2_dags.py:75} INFO - 09-09-2020
[2021-05-30 19:29:59,187] {assignment_2_dags.py:75} INFO - 09-10-2020
[2021-05-30 19:29:59,952] {assignment_2_dags.py:75} INFO - 09-11-2020
[2021-05-30 19:30:00,843] {assignment_2_dags.py:75} INFO - 09-12-2020
[2021-05-30 19:30:01,694] {assignment_2_dags.py:75} INFO - 09-13-2020
[2021-05-30 19:30:02,669] {assignment_2_dags.py:75} INFO - 09-14-2020
[2021-05-30 19:30:04,088] {assignment_2_dags.py:75} INFO - 09-15-2020
[2021-05-30 19:30:04,658] {assignment_2_dags.py:75} INFO - 09-16-2020
[2021-05-30 19:30:05,197] {assignment_2_dags.py:75} INFO - 09-17-2020
[2021-05-30 19:30:05,769] {assignment_2_dags.py:75} INFO - 09-18-2020
[2021-05-30 19:30:06,596] {assignment_2_dags.py:75} INFO - 09-19-2020
[2021-05-30 19:30:07,211] {assignment_2_dags.py:75} INFO - 09-20-2020
[2021-05-30 19:30:07,992] {assignment_2_dags.py:75} INFO - 09-21-2020
[2021-05-30 19:30:08,836] {assignment_2_dags.py:75} INFO - 09-22-2020
[2021-05-30 19:30:09,687] {assignment_2_dags.py:75} INFO - 09-23-2020
[2021-05-30 19:30:10,386] {assignment_2_dags.py:75} INFO - 09-24-2020
[2021-05-30 19:30:11,121] {assignment_2_dags.py:75} INFO - 09-25-2020
[2021-05-30 19:30:11,845] {assignment_2_dags.py:75} INFO - 09-26-2020
[2021-05-30 19:30:13,605] {assignment_2_dags.py:75} INFO - 09-27-2020
[2021-05-30 19:30:14,274] {assignment_2_dags.py:75} INFO - 09-28-2020
[2021-05-30 19:30:16,393] {assignment_2_dags.py:75} INFO - 09-29-2020
[2021-05-30 19:30:16,990] {assignment_2_dags.py:75} INFO - 09-30-2020
[2021-05-30 19:30:17,614] {assignment_2_dags.py:75} INFO - 09-31-2020
[2021-05-30 19:30:17,900] {assignment_2_dags.py:75} INFO - 10-01-2020
[2021-05-30 19:30:18,505] {assignment_2_dags.py:75} INFO - 10-02-2020
[2021-05-30 19:30:19,033] {assignment_2_dags.py:75} INFO - 10-03-2020
[2021-05-30 19:30:20,115] {assignment_2_dags.py:75} INFO - 10-04-2020
[2021-05-30 19:30:20,874] {assignment_2_dags.py:75} INFO - 10-05-2020
[2021-05-30 19:30:21,604] {assignment_2_dags.py:75} INFO - 10-06-2020
[2021-05-30 19:30:22,944] {assignment_2_dags.py:75} INFO - 10-07-2020
[2021-05-30 19:30:23,741] {assignment_2_dags.py:75} INFO - 10-08-2020
[2021-05-30 19:30:24,501] {assignment_2_dags.py:75} INFO - 10-09-2020
[2021-05-30 19:30:25,408] {assignment_2_dags.py:75} INFO - 10-10-2020
[2021-05-30 19:30:26,122] {assignment_2_dags.py:75} INFO - 10-11-2020
[2021-05-30 19:30:27,083] {assignment_2_dags.py:75} INFO - 10-12-2020
[2021-05-30 19:30:27,632] {assignment_2_dags.py:75} INFO - 10-13-2020
[2021-05-30 19:30:28,259] {assignment_2_dags.py:75} INFO - 10-14-2020
[2021-05-30 19:30:29,738] {assignment_2_dags.py:75} INFO - 10-15-2020
[2021-05-30 19:30:31,161] {assignment_2_dags.py:75} INFO - 10-16-2020
[2021-05-30 19:30:32,514] {assignment_2_dags.py:75} INFO - 10-17-2020
[2021-05-30 19:30:33,049] {assignment_2_dags.py:75} INFO - 10-18-2020
[2021-05-30 19:30:33,593] {assignment_2_dags.py:75} INFO - 10-19-2020
[2021-05-30 19:30:34,314] {assignment_2_dags.py:75} INFO - 10-20-2020
[2021-05-30 19:30:35,074] {assignment_2_dags.py:75} INFO - 10-21-2020
[2021-05-30 19:30:36,123] {assignment_2_dags.py:75} INFO - 10-22-2020
[2021-05-30 19:30:36,671] {assignment_2_dags.py:75} INFO - 10-23-2020
[2021-05-30 19:30:37,306] {assignment_2_dags.py:75} INFO - 10-24-2020
[2021-05-30 19:30:38,194] {assignment_2_dags.py:75} INFO - 10-25-2020
[2021-05-30 19:30:38,929] {assignment_2_dags.py:75} INFO - 10-26-2020
[2021-05-30 19:30:39,615] {assignment_2_dags.py:75} INFO - 10-27-2020
[2021-05-30 19:30:40,364] {assignment_2_dags.py:75} INFO - 10-28-2020
[2021-05-30 19:30:41,230] {assignment_2_dags.py:75} INFO - 10-29-2020
[2021-05-30 19:30:42,002] {assignment_2_dags.py:75} INFO - 10-30-2020
[2021-05-30 19:30:42,704] {assignment_2_dags.py:75} INFO - 10-31-2020
[2021-05-30 19:30:43,498] {assignment_2_dags.py:75} INFO - 11-01-2020
[2021-05-30 19:30:44,431] {assignment_2_dags.py:75} INFO - 11-02-2020
[2021-05-30 19:30:45,061] {assignment_2_dags.py:75} INFO - 11-03-2020
[2021-05-30 19:30:46,162] {assignment_2_dags.py:75} INFO - 11-04-2020
[2021-05-30 19:30:46,858] {assignment_2_dags.py:75} INFO - 11-05-2020
[2021-05-30 19:30:47,815] {assignment_2_dags.py:75} INFO - 11-06-2020
[2021-05-30 19:30:48,405] {assignment_2_dags.py:75} INFO - 11-07-2020
[2021-05-30 19:30:48,962] {assignment_2_dags.py:75} INFO - 11-08-2020
[2021-05-30 19:30:49,821] {assignment_2_dags.py:75} INFO - 11-09-2020
[2021-05-30 19:30:51,309] {assignment_2_dags.py:75} INFO - 11-10-2020
[2021-05-30 19:30:52,256] {assignment_2_dags.py:75} INFO - 11-11-2020
[2021-05-30 19:30:53,390] {assignment_2_dags.py:75} INFO - 11-12-2020
[2021-05-30 19:30:54,183] {assignment_2_dags.py:75} INFO - 11-13-2020
[2021-05-30 19:30:54,727] {assignment_2_dags.py:75} INFO - 11-14-2020
[2021-05-30 19:30:55,404] {assignment_2_dags.py:75} INFO - 11-15-2020
[2021-05-30 19:30:56,142] {assignment_2_dags.py:75} INFO - 11-16-2020
[2021-05-30 19:30:56,915] {assignment_2_dags.py:75} INFO - 11-17-2020
[2021-05-30 19:30:57,666] {assignment_2_dags.py:75} INFO - 11-18-2020
[2021-05-30 19:30:58,383] {assignment_2_dags.py:75} INFO - 11-19-2020
[2021-05-30 19:30:59,167] {assignment_2_dags.py:75} INFO - 11-20-2020
[2021-05-30 19:30:59,883] {assignment_2_dags.py:75} INFO - 11-21-2020
[2021-05-30 19:31:01,005] {assignment_2_dags.py:75} INFO - 11-22-2020
[2021-05-30 19:31:01,586] {assignment_2_dags.py:75} INFO - 11-23-2020
[2021-05-30 19:31:02,365] {assignment_2_dags.py:75} INFO - 11-24-2020
[2021-05-30 19:31:03,187] {assignment_2_dags.py:75} INFO - 11-25-2020
[2021-05-30 19:31:03,871] {assignment_2_dags.py:75} INFO - 11-26-2020
[2021-05-30 19:31:04,900] {assignment_2_dags.py:75} INFO - 11-27-2020
[2021-05-30 19:31:05,833] {assignment_2_dags.py:75} INFO - 11-28-2020
[2021-05-30 19:31:06,636] {assignment_2_dags.py:75} INFO - 11-29-2020
[2021-05-30 19:31:07,772] {assignment_2_dags.py:75} INFO - 11-30-2020
[2021-05-30 19:31:08,743] {assignment_2_dags.py:75} INFO - 11-31-2020
[2021-05-30 19:31:09,096] {assignment_2_dags.py:75} INFO - 12-01-2020
[2021-05-30 19:31:09,892] {assignment_2_dags.py:75} INFO - 12-02-2020
[2021-05-30 19:31:10,688] {assignment_2_dags.py:75} INFO - 12-03-2020
[2021-05-30 19:31:11,429] {assignment_2_dags.py:75} INFO - 12-04-2020
[2021-05-30 19:31:12,091] {assignment_2_dags.py:75} INFO - 12-05-2020
[2021-05-30 19:31:12,906] {assignment_2_dags.py:75} INFO - 12-06-2020
[2021-05-30 19:31:13,674] {assignment_2_dags.py:75} INFO - 12-07-2020
[2021-05-30 19:31:14,323] {assignment_2_dags.py:75} INFO - 12-08-2020
[2021-05-30 19:31:15,068] {assignment_2_dags.py:75} INFO - 12-09-2020
[2021-05-30 19:31:15,739] {assignment_2_dags.py:75} INFO - 12-10-2020
[2021-05-30 19:31:16,466] {assignment_2_dags.py:75} INFO - 12-11-2020
[2021-05-30 19:31:17,272] {assignment_2_dags.py:75} INFO - 12-12-2020
[2021-05-30 19:31:17,904] {assignment_2_dags.py:75} INFO - 12-13-2020
[2021-05-30 19:31:18,680] {assignment_2_dags.py:75} INFO - 12-14-2020
[2021-05-30 19:31:19,473] {assignment_2_dags.py:75} INFO - 12-15-2020
[2021-05-30 19:31:20,190] {assignment_2_dags.py:75} INFO - 12-16-2020
[2021-05-30 19:31:20,924] {assignment_2_dags.py:75} INFO - 12-17-2020
[2021-05-30 19:31:21,735] {assignment_2_dags.py:75} INFO - 12-18-2020
[2021-05-30 19:31:22,441] {assignment_2_dags.py:75} INFO - 12-19-2020
[2021-05-30 19:31:23,359] {assignment_2_dags.py:75} INFO - 12-20-2020
[2021-05-30 19:31:24,095] {assignment_2_dags.py:75} INFO - 12-21-2020
[2021-05-30 19:31:24,895] {assignment_2_dags.py:75} INFO - 12-22-2020
[2021-05-30 19:31:25,607] {assignment_2_dags.py:75} INFO - 12-23-2020
[2021-05-30 19:31:26,317] {assignment_2_dags.py:75} INFO - 12-24-2020
[2021-05-30 19:31:26,995] {assignment_2_dags.py:75} INFO - 12-25-2020
[2021-05-30 19:31:27,586] {assignment_2_dags.py:75} INFO - 12-26-2020
[2021-05-30 19:31:28,538] {assignment_2_dags.py:75} INFO - 12-27-2020
[2021-05-30 19:31:29,124] {assignment_2_dags.py:75} INFO - 12-28-2020
[2021-05-30 19:31:29,798] {assignment_2_dags.py:75} INFO - 12-29-2020
[2021-05-30 19:31:30,542] {assignment_2_dags.py:75} INFO - 12-30-2020
[2021-05-30 19:31:31,358] {assignment_2_dags.py:75} INFO - 12-31-2020
[2021-05-30 19:31:32,112] {assignment_2_dags.py:75} INFO - 01-01-2021
[2021-05-30 19:31:32,787] {assignment_2_dags.py:75} INFO - 01-02-2021
[2021-05-30 19:31:33,516] {assignment_2_dags.py:75} INFO - 01-03-2021
[2021-05-30 19:31:34,247] {assignment_2_dags.py:75} INFO - 01-04-2021
[2021-05-30 19:31:34,909] {assignment_2_dags.py:75} INFO - 01-05-2021
[2021-05-30 19:31:35,669] {assignment_2_dags.py:75} INFO - 01-06-2021
[2021-05-30 19:31:36,418] {assignment_2_dags.py:75} INFO - 01-07-2021
[2021-05-30 19:31:37,197] {assignment_2_dags.py:75} INFO - 01-08-2021
[2021-05-30 19:31:37,928] {assignment_2_dags.py:75} INFO - 01-09-2021
[2021-05-30 19:31:38,696] {assignment_2_dags.py:75} INFO - 01-10-2021
[2021-05-30 19:31:39,601] {assignment_2_dags.py:75} INFO - 01-11-2021
[2021-05-30 19:31:40,209] {assignment_2_dags.py:75} INFO - 01-12-2021
[2021-05-30 19:31:41,270] {assignment_2_dags.py:75} INFO - 01-13-2021
[2021-05-30 19:31:41,783] {assignment_2_dags.py:75} INFO - 01-14-2021
[2021-05-30 19:31:42,335] {assignment_2_dags.py:75} INFO - 01-15-2021
[2021-05-30 19:31:43,023] {assignment_2_dags.py:75} INFO - 01-16-2021
[2021-05-30 19:31:43,664] {assignment_2_dags.py:75} INFO - 01-17-2021
[2021-05-30 19:31:44,532] {assignment_2_dags.py:75} INFO - 01-18-2021
[2021-05-30 19:31:45,094] {assignment_2_dags.py:75} INFO - 01-19-2021
[2021-05-30 19:31:45,860] {assignment_2_dags.py:75} INFO - 01-20-2021
[2021-05-30 19:31:46,696] {assignment_2_dags.py:75} INFO - 01-21-2021
[2021-05-30 19:31:47,486] {assignment_2_dags.py:75} INFO - 01-22-2021
[2021-05-30 19:31:48,277] {assignment_2_dags.py:75} INFO - 01-23-2021
[2021-05-30 19:31:49,244] {assignment_2_dags.py:75} INFO - 01-24-2021
[2021-05-30 19:31:49,991] {assignment_2_dags.py:75} INFO - 01-25-2021
[2021-05-30 19:31:50,567] {assignment_2_dags.py:75} INFO - 01-26-2021
[2021-05-30 19:31:51,128] {assignment_2_dags.py:75} INFO - 01-27-2021
[2021-05-30 19:31:51,822] {assignment_2_dags.py:75} INFO - 01-28-2021
[2021-05-30 19:31:52,766] {assignment_2_dags.py:75} INFO - 01-29-2021
[2021-05-30 19:31:53,483] {assignment_2_dags.py:75} INFO - 01-30-2021
[2021-05-30 19:31:54,094] {assignment_2_dags.py:75} INFO - 01-31-2021
[2021-05-30 19:31:54,714] {assignment_2_dags.py:75} INFO - 02-01-2021
[2021-05-30 19:31:55,430] {assignment_2_dags.py:75} INFO - 02-02-2021
[2021-05-30 19:31:56,474] {assignment_2_dags.py:75} INFO - 02-03-2021
[2021-05-30 19:31:57,188] {assignment_2_dags.py:75} INFO - 02-04-2021
[2021-05-30 19:31:57,920] {assignment_2_dags.py:75} INFO - 02-05-2021
[2021-05-30 19:31:58,608] {assignment_2_dags.py:75} INFO - 02-06-2021
[2021-05-30 19:31:59,601] {assignment_2_dags.py:75} INFO - 02-07-2021
[2021-05-30 19:32:00,413] {assignment_2_dags.py:75} INFO - 02-08-2021
[2021-05-30 19:32:01,523] {assignment_2_dags.py:75} INFO - 02-09-2021
[2021-05-30 19:32:02,070] {assignment_2_dags.py:75} INFO - 02-10-2021
[2021-05-30 19:32:02,729] {assignment_2_dags.py:75} INFO - 02-11-2021
[2021-05-30 19:32:03,427] {assignment_2_dags.py:75} INFO - 02-12-2021
[2021-05-30 19:32:04,128] {assignment_2_dags.py:75} INFO - 02-13-2021
[2021-05-30 19:32:04,951] {assignment_2_dags.py:75} INFO - 02-14-2021
[2021-05-30 19:32:05,548] {assignment_2_dags.py:75} INFO - 02-15-2021
[2021-05-30 19:32:06,281] {assignment_2_dags.py:75} INFO - 02-16-2021
[2021-05-30 19:32:06,896] {assignment_2_dags.py:75} INFO - 02-17-2021
[2021-05-30 19:32:07,838] {assignment_2_dags.py:75} INFO - 02-18-2021
[2021-05-30 19:32:08,587] {assignment_2_dags.py:75} INFO - 02-19-2021
[2021-05-30 19:32:09,303] {assignment_2_dags.py:75} INFO - 02-20-2021
[2021-05-30 19:32:10,123] {assignment_2_dags.py:75} INFO - 02-21-2021
[2021-05-30 19:32:10,794] {assignment_2_dags.py:75} INFO - 02-22-2021
[2021-05-30 19:32:11,639] {assignment_2_dags.py:75} INFO - 02-23-2021
[2021-05-30 19:32:12,598] {assignment_2_dags.py:75} INFO - 02-24-2021
[2021-05-30 19:32:13,215] {assignment_2_dags.py:75} INFO - 02-25-2021
[2021-05-30 19:32:13,840] {assignment_2_dags.py:75} INFO - 02-26-2021
[2021-05-30 19:32:14,622] {assignment_2_dags.py:75} INFO - 02-27-2021
[2021-05-30 19:32:15,377] {assignment_2_dags.py:75} INFO - 02-28-2021
[2021-05-30 19:32:16,031] {assignment_2_dags.py:75} INFO - 02-29-2021
[2021-05-30 19:32:16,412] {assignment_2_dags.py:75} INFO - 02-30-2021
[2021-05-30 19:32:16,868] {assignment_2_dags.py:75} INFO - 02-31-2021
[2021-05-30 19:32:17,244] {assignment_2_dags.py:75} INFO - 03-01-2021
[2021-05-30 19:32:17,945] {assignment_2_dags.py:75} INFO - 03-02-2021
[2021-05-30 19:32:18,597] {assignment_2_dags.py:75} INFO - 03-03-2021
[2021-05-30 19:32:19,398] {assignment_2_dags.py:75} INFO - 03-04-2021
[2021-05-30 19:32:20,204] {assignment_2_dags.py:75} INFO - 03-05-2021
[2021-05-30 19:32:20,818] {assignment_2_dags.py:75} INFO - 03-06-2021
[2021-05-30 19:32:21,551] {assignment_2_dags.py:75} INFO - 03-07-2021
[2021-05-30 19:32:22,627] {assignment_2_dags.py:75} INFO - 03-08-2021
[2021-05-30 19:32:23,371] {assignment_2_dags.py:75} INFO - 03-09-2021
[2021-05-30 19:32:24,149] {assignment_2_dags.py:75} INFO - 03-10-2021
[2021-05-30 19:32:24,867] {assignment_2_dags.py:75} INFO - 03-11-2021
[2021-05-30 19:32:25,563] {assignment_2_dags.py:75} INFO - 03-12-2021
[2021-05-30 19:32:26,280] {assignment_2_dags.py:75} INFO - 03-13-2021
[2021-05-30 19:32:26,947] {assignment_2_dags.py:75} INFO - 03-14-2021
[2021-05-30 19:32:27,708] {assignment_2_dags.py:75} INFO - 03-15-2021
[2021-05-30 19:32:28,333] {assignment_2_dags.py:75} INFO - 03-16-2021
[2021-05-30 19:32:29,010] {assignment_2_dags.py:75} INFO - 03-17-2021
[2021-05-30 19:32:29,732] {assignment_2_dags.py:75} INFO - 03-18-2021
[2021-05-30 19:32:30,407] {assignment_2_dags.py:75} INFO - 03-19-2021
[2021-05-30 19:32:31,136] {assignment_2_dags.py:75} INFO - 03-20-2021
[2021-05-30 19:32:31,788] {assignment_2_dags.py:75} INFO - 03-21-2021
[2021-05-30 19:32:32,492] {assignment_2_dags.py:75} INFO - 03-22-2021
[2021-05-30 19:32:33,161] {assignment_2_dags.py:75} INFO - 03-23-2021
[2021-05-30 19:32:34,180] {assignment_2_dags.py:75} INFO - 03-24-2021
[2021-05-30 19:32:34,827] {assignment_2_dags.py:75} INFO - 03-25-2021
[2021-05-30 19:32:35,432] {assignment_2_dags.py:75} INFO - 03-26-2021
[2021-05-30 19:32:36,028] {assignment_2_dags.py:75} INFO - 03-27-2021
[2021-05-30 19:32:36,628] {assignment_2_dags.py:75} INFO - 03-28-2021
[2021-05-30 19:32:37,282] {assignment_2_dags.py:75} INFO - 03-29-2021
[2021-05-30 19:32:38,230] {assignment_2_dags.py:75} INFO - 03-30-2021
[2021-05-30 19:32:38,961] {assignment_2_dags.py:75} INFO - 03-31-2021
[2021-05-30 19:32:39,653] {assignment_2_dags.py:75} INFO - 04-01-2021
[2021-05-30 19:32:40,286] {assignment_2_dags.py:75} INFO - 04-02-2021
[2021-05-30 19:32:40,929] {assignment_2_dags.py:75} INFO - 04-03-2021
[2021-05-30 19:32:41,566] {assignment_2_dags.py:75} INFO - 04-04-2021
[2021-05-30 19:32:43,429] {assignment_2_dags.py:75} INFO - 04-05-2021
[2021-05-30 19:32:44,116] {assignment_2_dags.py:75} INFO - 04-06-2021
[2021-05-30 19:32:44,883] {assignment_2_dags.py:75} INFO - 04-07-2021
[2021-05-30 19:32:45,510] {assignment_2_dags.py:75} INFO - 04-08-2021
[2021-05-30 19:32:46,312] {assignment_2_dags.py:75} INFO - 04-09-2021
[2021-05-30 19:32:46,968] {assignment_2_dags.py:75} INFO - 04-10-2021
[2021-05-30 19:32:47,679] {assignment_2_dags.py:75} INFO - 04-11-2021
[2021-05-30 19:32:48,443] {assignment_2_dags.py:75} INFO - 04-12-2021
[2021-05-30 19:32:49,177] {assignment_2_dags.py:75} INFO - 04-13-2021
[2021-05-30 19:32:50,220] {assignment_2_dags.py:75} INFO - 04-14-2021
[2021-05-30 19:32:51,047] {assignment_2_dags.py:75} INFO - 04-15-2021
[2021-05-30 19:32:51,759] {assignment_2_dags.py:75} INFO - 04-16-2021
[2021-05-30 19:32:52,448] {assignment_2_dags.py:75} INFO - 04-17-2021
[2021-05-30 19:32:53,137] {assignment_2_dags.py:75} INFO - 04-18-2021
[2021-05-30 19:32:53,821] {assignment_2_dags.py:75} INFO - 04-19-2021
[2021-05-30 19:32:54,554] {assignment_2_dags.py:75} INFO - 04-20-2021
[2021-05-30 19:32:55,365] {assignment_2_dags.py:75} INFO - 04-21-2021
[2021-05-30 19:32:56,374] {assignment_2_dags.py:75} INFO - 04-22-2021
[2021-05-30 19:32:57,092] {assignment_2_dags.py:75} INFO - 04-23-2021
[2021-05-30 19:32:58,067] {assignment_2_dags.py:75} INFO - 04-24-2021
[2021-05-30 19:32:58,744] {assignment_2_dags.py:75} INFO - 04-25-2021
[2021-05-30 19:32:59,361] {assignment_2_dags.py:75} INFO - 04-26-2021
[2021-05-30 19:33:00,045] {assignment_2_dags.py:75} INFO - 04-27-2021
[2021-05-30 19:33:00,757] {assignment_2_dags.py:75} INFO - 04-28-2021
[2021-05-30 19:33:01,399] {assignment_2_dags.py:75} INFO - 04-29-2021
[2021-05-30 19:33:02,113] {assignment_2_dags.py:75} INFO - 04-30-2021
[2021-05-30 19:33:02,764] {assignment_2_dags.py:75} INFO - 04-31-2021
[2021-05-30 19:33:03,180] {assignment_2_dags.py:75} INFO - 05-01-2021
[2021-05-30 19:33:03,786] {assignment_2_dags.py:75} INFO - 05-02-2021
[2021-05-30 19:33:04,545] {assignment_2_dags.py:75} INFO - 05-03-2021
[2021-05-30 19:33:05,314] {assignment_2_dags.py:75} INFO - 05-04-2021
[2021-05-30 19:33:06,181] {assignment_2_dags.py:75} INFO - 05-05-2021
[2021-05-30 19:33:06,880] {assignment_2_dags.py:75} INFO - 05-06-2021
[2021-05-30 19:33:07,877] {assignment_2_dags.py:75} INFO - 05-07-2021
[2021-05-30 19:33:08,631] {assignment_2_dags.py:75} INFO - 05-08-2021
[2021-05-30 19:33:09,338] {assignment_2_dags.py:75} INFO - 05-09-2021
[2021-05-30 19:33:10,023] {assignment_2_dags.py:75} INFO - 05-10-2021
[2021-05-30 19:33:10,677] {assignment_2_dags.py:75} INFO - 05-11-2021
[2021-05-30 19:33:11,299] {assignment_2_dags.py:75} INFO - 05-12-2021
[2021-05-30 19:33:11,924] {assignment_2_dags.py:75} INFO - 05-13-2021
[2021-05-30 19:33:12,573] {assignment_2_dags.py:75} INFO - 05-14-2021
[2021-05-30 19:33:13,314] {assignment_2_dags.py:75} INFO - 05-15-2021
[2021-05-30 19:33:14,183] {assignment_2_dags.py:75} INFO - 05-16-2021
[2021-05-30 19:33:14,917] {assignment_2_dags.py:75} INFO - 05-17-2021
[2021-05-30 19:33:15,548] {assignment_2_dags.py:75} INFO - 05-18-2021
[2021-05-30 19:33:16,284] {assignment_2_dags.py:75} INFO - 05-19-2021
[2021-05-30 19:33:17,000] {assignment_2_dags.py:75} INFO - 05-20-2021
[2021-05-30 19:33:17,628] {assignment_2_dags.py:75} INFO - 05-21-2021
[2021-05-30 19:33:18,339] {assignment_2_dags.py:75} INFO - 05-22-2021
[2021-05-30 19:33:19,032] {assignment_2_dags.py:75} INFO - 05-23-2021
[2021-05-30 19:33:19,720] {assignment_2_dags.py:75} INFO - 05-24-2021
[2021-05-30 19:33:20,402] {assignment_2_dags.py:75} INFO - 05-25-2021
[2021-05-30 19:33:21,089] {assignment_2_dags.py:75} INFO - 05-26-2021
[2021-05-30 19:33:21,776] {assignment_2_dags.py:75} INFO - 05-27-2021
[2021-05-30 19:33:22,742] {assignment_2_dags.py:75} INFO - 05-28-2021
[2021-05-30 19:33:23,341] {assignment_2_dags.py:75} INFO - 05-29-2021
[2021-05-30 19:33:23,954] {assignment_2_dags.py:75} INFO - 05-30-2021
[2021-05-30 19:33:24,274] {assignment_2_dags.py:75} INFO - 05-31-2021
[2021-05-30 19:33:24,658] {assignment_2_dags.py:75} INFO - 06-01-2021
[2021-05-30 19:33:25,041] {assignment_2_dags.py:75} INFO - 06-02-2021
[2021-05-30 19:33:25,423] {assignment_2_dags.py:75} INFO - 06-03-2021
[2021-05-30 19:33:25,818] {assignment_2_dags.py:75} INFO - 06-04-2021
[2021-05-30 19:33:26,216] {assignment_2_dags.py:75} INFO - 06-05-2021
[2021-05-30 19:33:26,592] {assignment_2_dags.py:75} INFO - 06-06-2021
[2021-05-30 19:33:26,963] {assignment_2_dags.py:75} INFO - 06-07-2021
[2021-05-30 19:33:27,342] {assignment_2_dags.py:75} INFO - 06-08-2021
[2021-05-30 19:33:27,722] {assignment_2_dags.py:75} INFO - 06-09-2021
[2021-05-30 19:33:28,114] {assignment_2_dags.py:75} INFO - 06-10-2021
[2021-05-30 19:33:28,499] {assignment_2_dags.py:75} INFO - 06-11-2021
[2021-05-30 19:33:28,884] {assignment_2_dags.py:75} INFO - 06-12-2021
[2021-05-30 19:33:29,292] {assignment_2_dags.py:75} INFO - 06-13-2021
[2021-05-30 19:33:29,666] {assignment_2_dags.py:75} INFO - 06-14-2021
[2021-05-30 19:33:30,097] {assignment_2_dags.py:75} INFO - 06-15-2021
[2021-05-30 19:33:30,489] {assignment_2_dags.py:75} INFO - 06-16-2021
[2021-05-30 19:33:30,870] {assignment_2_dags.py:75} INFO - 06-17-2021
[2021-05-30 19:33:31,253] {assignment_2_dags.py:75} INFO - 06-18-2021
[2021-05-30 19:33:31,658] {assignment_2_dags.py:75} INFO - 06-19-2021
[2021-05-30 19:33:32,045] {assignment_2_dags.py:75} INFO - 06-20-2021
[2021-05-30 19:33:32,455] {assignment_2_dags.py:75} INFO - 06-21-2021
[2021-05-30 19:33:32,835] {assignment_2_dags.py:75} INFO - 06-22-2021
[2021-05-30 19:33:33,243] {assignment_2_dags.py:75} INFO - 06-23-2021
[2021-05-30 19:33:33,645] {assignment_2_dags.py:75} INFO - 06-24-2021
[2021-05-30 19:33:34,027] {assignment_2_dags.py:75} INFO - 06-25-2021
[2021-05-30 19:33:34,394] {assignment_2_dags.py:75} INFO - 06-26-2021
[2021-05-30 19:33:34,816] {assignment_2_dags.py:75} INFO - 06-27-2021
[2021-05-30 19:33:35,201] {assignment_2_dags.py:75} INFO - 06-28-2021
[2021-05-30 19:33:35,574] {assignment_2_dags.py:75} INFO - 06-29-2021
[2021-05-30 19:33:35,953] {assignment_2_dags.py:75} INFO - 06-30-2021
[2021-05-30 19:33:36,340] {assignment_2_dags.py:75} INFO - 06-31-2021
[2021-05-30 19:33:36,717] {assignment_2_dags.py:75} INFO - 07-01-2021
[2021-05-30 19:33:37,118] {assignment_2_dags.py:75} INFO - 07-02-2021
[2021-05-30 19:33:37,489] {assignment_2_dags.py:75} INFO - 07-03-2021
[2021-05-30 19:33:37,874] {assignment_2_dags.py:75} INFO - 07-04-2021
[2021-05-30 19:33:38,258] {assignment_2_dags.py:75} INFO - 07-05-2021
[2021-05-30 19:33:38,650] {assignment_2_dags.py:75} INFO - 07-06-2021
[2021-05-30 19:33:39,175] {assignment_2_dags.py:75} INFO - 07-07-2021
[2021-05-30 19:33:39,550] {assignment_2_dags.py:75} INFO - 07-08-2021
[2021-05-30 19:33:39,953] {assignment_2_dags.py:75} INFO - 07-09-2021
[2021-05-30 19:33:40,327] {assignment_2_dags.py:75} INFO - 07-10-2021
[2021-05-30 19:33:40,692] {assignment_2_dags.py:75} INFO - 07-11-2021
[2021-05-30 19:33:41,083] {assignment_2_dags.py:75} INFO - 07-12-2021
[2021-05-30 19:33:41,442] {assignment_2_dags.py:75} INFO - 07-13-2021
[2021-05-30 19:33:41,816] {assignment_2_dags.py:75} INFO - 07-14-2021
[2021-05-30 19:33:42,192] {assignment_2_dags.py:75} INFO - 07-15-2021
[2021-05-30 19:33:42,673] {assignment_2_dags.py:75} INFO - 07-16-2021
[2021-05-30 19:33:43,071] {assignment_2_dags.py:75} INFO - 07-17-2021
[2021-05-30 19:33:43,458] {assignment_2_dags.py:75} INFO - 07-18-2021
[2021-05-30 19:33:43,824] {assignment_2_dags.py:75} INFO - 07-19-2021
[2021-05-30 19:33:44,203] {assignment_2_dags.py:75} INFO - 07-20-2021
[2021-05-30 19:33:44,579] {assignment_2_dags.py:75} INFO - 07-21-2021
[2021-05-30 19:33:44,960] {assignment_2_dags.py:75} INFO - 07-22-2021
[2021-05-30 19:33:45,402] {assignment_2_dags.py:75} INFO - 07-23-2021
[2021-05-30 19:33:45,785] {assignment_2_dags.py:75} INFO - 07-24-2021
[2021-05-30 19:33:46,178] {assignment_2_dags.py:75} INFO - 07-25-2021
[2021-05-30 19:33:46,555] {assignment_2_dags.py:75} INFO - 07-26-2021
[2021-05-30 19:33:46,934] {assignment_2_dags.py:75} INFO - 07-27-2021
[2021-05-30 19:33:47,306] {assignment_2_dags.py:75} INFO - 07-28-2021
[2021-05-30 19:33:47,704] {assignment_2_dags.py:75} INFO - 07-29-2021
[2021-05-30 19:33:48,087] {assignment_2_dags.py:75} INFO - 07-30-2021
[2021-05-30 19:33:48,457] {assignment_2_dags.py:75} INFO - 07-31-2021
[2021-05-30 19:33:48,868] {assignment_2_dags.py:75} INFO - 08-01-2021
[2021-05-30 19:33:49,248] {assignment_2_dags.py:75} INFO - 08-02-2021
[2021-05-30 19:33:49,632] {assignment_2_dags.py:75} INFO - 08-03-2021
[2021-05-30 19:33:50,019] {assignment_2_dags.py:75} INFO - 08-04-2021
[2021-05-30 19:33:50,398] {assignment_2_dags.py:75} INFO - 08-05-2021
[2021-05-30 19:33:50,816] {assignment_2_dags.py:75} INFO - 08-06-2021
[2021-05-30 19:33:51,194] {assignment_2_dags.py:75} INFO - 08-07-2021
[2021-05-30 19:33:51,587] {assignment_2_dags.py:75} INFO - 08-08-2021
[2021-05-30 19:33:51,956] {assignment_2_dags.py:75} INFO - 08-09-2021
[2021-05-30 19:33:52,324] {assignment_2_dags.py:75} INFO - 08-10-2021
[2021-05-30 19:33:52,736] {assignment_2_dags.py:75} INFO - 08-11-2021
[2021-05-30 19:33:53,130] {assignment_2_dags.py:75} INFO - 08-12-2021
[2021-05-30 19:33:53,498] {assignment_2_dags.py:75} INFO - 08-13-2021
[2021-05-30 19:33:53,865] {assignment_2_dags.py:75} INFO - 08-14-2021
[2021-05-30 19:33:54,253] {assignment_2_dags.py:75} INFO - 08-15-2021
[2021-05-30 19:33:54,667] {assignment_2_dags.py:75} INFO - 08-16-2021
[2021-05-30 19:33:55,051] {assignment_2_dags.py:75} INFO - 08-17-2021
[2021-05-30 19:33:55,434] {assignment_2_dags.py:75} INFO - 08-18-2021
[2021-05-30 19:33:55,827] {assignment_2_dags.py:75} INFO - 08-19-2021
[2021-05-30 19:33:56,217] {assignment_2_dags.py:75} INFO - 08-20-2021
[2021-05-30 19:33:56,592] {assignment_2_dags.py:75} INFO - 08-21-2021
[2021-05-30 19:33:56,972] {assignment_2_dags.py:75} INFO - 08-22-2021
[2021-05-30 19:33:57,363] {assignment_2_dags.py:75} INFO - 08-23-2021
[2021-05-30 19:33:57,766] {assignment_2_dags.py:75} INFO - 08-24-2021
[2021-05-30 19:33:58,156] {assignment_2_dags.py:75} INFO - 08-25-2021
[2021-05-30 19:33:58,547] {assignment_2_dags.py:75} INFO - 08-26-2021
[2021-05-30 19:33:58,953] {assignment_2_dags.py:75} INFO - 08-27-2021
[2021-05-30 19:33:59,359] {assignment_2_dags.py:75} INFO - 08-28-2021
[2021-05-30 19:33:59,764] {assignment_2_dags.py:75} INFO - 08-29-2021
[2021-05-30 19:34:00,178] {assignment_2_dags.py:75} INFO - 08-30-2021
[2021-05-30 19:34:00,630] {assignment_2_dags.py:75} INFO - 08-31-2021
[2021-05-30 19:34:01,027] {assignment_2_dags.py:75} INFO - 09-01-2021
[2021-05-30 19:34:01,413] {assignment_2_dags.py:75} INFO - 09-02-2021
[2021-05-30 19:34:01,901] {assignment_2_dags.py:75} INFO - 09-03-2021
[2021-05-30 19:34:02,288] {assignment_2_dags.py:75} INFO - 09-04-2021
[2021-05-30 19:34:02,677] {assignment_2_dags.py:75} INFO - 09-05-2021
[2021-05-30 19:34:03,056] {assignment_2_dags.py:75} INFO - 09-06-2021
[2021-05-30 19:34:03,549] {assignment_2_dags.py:75} INFO - 09-07-2021
[2021-05-30 19:34:03,933] {assignment_2_dags.py:75} INFO - 09-08-2021
[2021-05-30 19:34:04,322] {assignment_2_dags.py:75} INFO - 09-09-2021
[2021-05-30 19:34:04,726] {assignment_2_dags.py:75} INFO - 09-10-2021
[2021-05-30 19:34:05,104] {assignment_2_dags.py:75} INFO - 09-11-2021
[2021-05-30 19:34:05,508] {assignment_2_dags.py:75} INFO - 09-12-2021
[2021-05-30 19:34:05,910] {assignment_2_dags.py:75} INFO - 09-13-2021
[2021-05-30 19:34:06,309] {assignment_2_dags.py:75} INFO - 09-14-2021
[2021-05-30 19:34:06,679] {assignment_2_dags.py:75} INFO - 09-15-2021
[2021-05-30 19:34:07,105] {assignment_2_dags.py:75} INFO - 09-16-2021
[2021-05-30 19:34:07,527] {assignment_2_dags.py:75} INFO - 09-17-2021
[2021-05-30 19:34:07,903] {assignment_2_dags.py:75} INFO - 09-18-2021
[2021-05-30 19:34:08,287] {assignment_2_dags.py:75} INFO - 09-19-2021
[2021-05-30 19:34:08,669] {assignment_2_dags.py:75} INFO - 09-20-2021
[2021-05-30 19:34:09,043] {assignment_2_dags.py:75} INFO - 09-21-2021
[2021-05-30 19:34:09,434] {assignment_2_dags.py:75} INFO - 09-22-2021
[2021-05-30 19:34:09,808] {assignment_2_dags.py:75} INFO - 09-23-2021
[2021-05-30 19:34:10,193] {assignment_2_dags.py:75} INFO - 09-24-2021
[2021-05-30 19:34:10,563] {assignment_2_dags.py:75} INFO - 09-25-2021
[2021-05-30 19:34:10,941] {assignment_2_dags.py:75} INFO - 09-26-2021
[2021-05-30 19:34:11,312] {assignment_2_dags.py:75} INFO - 09-27-2021
[2021-05-30 19:34:11,709] {assignment_2_dags.py:75} INFO - 09-28-2021
[2021-05-30 19:34:12,091] {assignment_2_dags.py:75} INFO - 09-29-2021
[2021-05-30 19:34:12,487] {assignment_2_dags.py:75} INFO - 09-30-2021
[2021-05-30 19:34:12,873] {assignment_2_dags.py:75} INFO - 09-31-2021
[2021-05-30 19:34:13,250] {assignment_2_dags.py:75} INFO - 10-01-2021
[2021-05-30 19:34:13,624] {assignment_2_dags.py:75} INFO - 10-02-2021
[2021-05-30 19:34:14,003] {assignment_2_dags.py:75} INFO - 10-03-2021
[2021-05-30 19:34:14,383] {assignment_2_dags.py:75} INFO - 10-04-2021
[2021-05-30 19:34:14,763] {assignment_2_dags.py:75} INFO - 10-05-2021
[2021-05-30 19:34:15,142] {assignment_2_dags.py:75} INFO - 10-06-2021
[2021-05-30 19:34:15,519] {assignment_2_dags.py:75} INFO - 10-07-2021
[2021-05-30 19:34:15,896] {assignment_2_dags.py:75} INFO - 10-08-2021
[2021-05-30 19:34:16,274] {assignment_2_dags.py:75} INFO - 10-09-2021
[2021-05-30 19:34:16,661] {assignment_2_dags.py:75} INFO - 10-10-2021
[2021-05-30 19:34:17,037] {assignment_2_dags.py:75} INFO - 10-11-2021
[2021-05-30 19:34:17,416] {assignment_2_dags.py:75} INFO - 10-12-2021
[2021-05-30 19:34:17,794] {assignment_2_dags.py:75} INFO - 10-13-2021
[2021-05-30 19:34:18,191] {assignment_2_dags.py:75} INFO - 10-14-2021
[2021-05-30 19:34:18,580] {assignment_2_dags.py:75} INFO - 10-15-2021
[2021-05-30 19:34:18,943] {assignment_2_dags.py:75} INFO - 10-16-2021
[2021-05-30 19:34:19,331] {assignment_2_dags.py:75} INFO - 10-17-2021
[2021-05-30 19:34:19,714] {assignment_2_dags.py:75} INFO - 10-18-2021
[2021-05-30 19:34:20,136] {assignment_2_dags.py:75} INFO - 10-19-2021
[2021-05-30 19:34:20,511] {assignment_2_dags.py:75} INFO - 10-20-2021
[2021-05-30 19:34:20,883] {assignment_2_dags.py:75} INFO - 10-21-2021
[2021-05-30 19:34:21,271] {assignment_2_dags.py:75} INFO - 10-22-2021
[2021-05-30 19:34:21,656] {assignment_2_dags.py:75} INFO - 10-23-2021
[2021-05-30 19:34:22,055] {assignment_2_dags.py:75} INFO - 10-24-2021
[2021-05-30 19:34:22,462] {assignment_2_dags.py:75} INFO - 10-25-2021
[2021-05-30 19:34:22,894] {assignment_2_dags.py:75} INFO - 10-26-2021
[2021-05-30 19:34:23,286] {assignment_2_dags.py:75} INFO - 10-27-2021
[2021-05-30 19:34:23,666] {assignment_2_dags.py:75} INFO - 10-28-2021
[2021-05-30 19:34:24,062] {assignment_2_dags.py:75} INFO - 10-29-2021
[2021-05-30 19:34:24,502] {assignment_2_dags.py:75} INFO - 10-30-2021
[2021-05-30 19:34:24,881] {assignment_2_dags.py:75} INFO - 10-31-2021
[2021-05-30 19:34:25,268] {assignment_2_dags.py:75} INFO - 11-01-2021
[2021-05-30 19:34:25,652] {assignment_2_dags.py:75} INFO - 11-02-2021
[2021-05-30 19:34:26,045] {assignment_2_dags.py:75} INFO - 11-03-2021
[2021-05-30 19:34:26,422] {assignment_2_dags.py:75} INFO - 11-04-2021
[2021-05-30 19:34:26,836] {assignment_2_dags.py:75} INFO - 11-05-2021
[2021-05-30 19:34:27,215] {assignment_2_dags.py:75} INFO - 11-06-2021
[2021-05-30 19:34:27,603] {assignment_2_dags.py:75} INFO - 11-07-2021
[2021-05-30 19:34:27,993] {assignment_2_dags.py:75} INFO - 11-08-2021
[2021-05-30 19:34:28,371] {assignment_2_dags.py:75} INFO - 11-09-2021
[2021-05-30 19:34:28,746] {assignment_2_dags.py:75} INFO - 11-10-2021
[2021-05-30 19:34:29,130] {assignment_2_dags.py:75} INFO - 11-11-2021
[2021-05-30 19:34:29,605] {assignment_2_dags.py:75} INFO - 11-12-2021
[2021-05-30 19:34:29,983] {assignment_2_dags.py:75} INFO - 11-13-2021
[2021-05-30 19:34:30,356] {assignment_2_dags.py:75} INFO - 11-14-2021
[2021-05-30 19:34:30,734] {assignment_2_dags.py:75} INFO - 11-15-2021
[2021-05-30 19:34:31,113] {assignment_2_dags.py:75} INFO - 11-16-2021
[2021-05-30 19:34:31,522] {assignment_2_dags.py:75} INFO - 11-17-2021
[2021-05-30 19:34:31,901] {assignment_2_dags.py:75} INFO - 11-18-2021
[2021-05-30 19:34:32,283] {assignment_2_dags.py:75} INFO - 11-19-2021
[2021-05-30 19:34:32,682] {assignment_2_dags.py:75} INFO - 11-20-2021
[2021-05-30 19:34:33,074] {assignment_2_dags.py:75} INFO - 11-21-2021
[2021-05-30 19:34:33,446] {assignment_2_dags.py:75} INFO - 11-22-2021
[2021-05-30 19:34:33,828] {assignment_2_dags.py:75} INFO - 11-23-2021
[2021-05-30 19:34:34,192] {assignment_2_dags.py:75} INFO - 11-24-2021
[2021-05-30 19:34:34,562] {assignment_2_dags.py:75} INFO - 11-25-2021
[2021-05-30 19:34:34,941] {assignment_2_dags.py:75} INFO - 11-26-2021
[2021-05-30 19:34:35,332] {assignment_2_dags.py:75} INFO - 11-27-2021
[2021-05-30 19:34:35,710] {assignment_2_dags.py:75} INFO - 11-28-2021
[2021-05-30 19:34:36,092] {assignment_2_dags.py:75} INFO - 11-29-2021
[2021-05-30 19:34:36,484] {assignment_2_dags.py:75} INFO - 11-30-2021
[2021-05-30 19:34:36,869] {assignment_2_dags.py:75} INFO - 11-31-2021
[2021-05-30 19:34:37,240] {assignment_2_dags.py:75} INFO - 12-01-2021
[2021-05-30 19:34:37,614] {assignment_2_dags.py:75} INFO - 12-02-2021
[2021-05-30 19:34:37,994] {assignment_2_dags.py:75} INFO - 12-03-2021
[2021-05-30 19:34:38,363] {assignment_2_dags.py:75} INFO - 12-04-2021
[2021-05-30 19:34:38,734] {assignment_2_dags.py:75} INFO - 12-05-2021
[2021-05-30 19:34:39,105] {assignment_2_dags.py:75} INFO - 12-06-2021
[2021-05-30 19:34:39,476] {assignment_2_dags.py:75} INFO - 12-07-2021
[2021-05-30 19:34:39,903] {assignment_2_dags.py:75} INFO - 12-08-2021
[2021-05-30 19:34:40,287] {assignment_2_dags.py:75} INFO - 12-09-2021
[2021-05-30 19:34:40,624] {assignment_2_dags.py:75} INFO - 12-10-2021
[2021-05-30 19:34:41,010] {assignment_2_dags.py:75} INFO - 12-11-2021
[2021-05-30 19:34:41,370] {assignment_2_dags.py:75} INFO - 12-12-2021
[2021-05-30 19:34:41,779] {assignment_2_dags.py:75} INFO - 12-13-2021
[2021-05-30 19:34:42,142] {assignment_2_dags.py:75} INFO - 12-14-2021
[2021-05-30 19:34:42,516] {assignment_2_dags.py:75} INFO - 12-15-2021
[2021-05-30 19:34:42,881] {assignment_2_dags.py:75} INFO - 12-16-2021
[2021-05-30 19:34:43,259] {assignment_2_dags.py:75} INFO - 12-17-2021
[2021-05-30 19:34:43,634] {assignment_2_dags.py:75} INFO - 12-18-2021
[2021-05-30 19:34:44,037] {assignment_2_dags.py:75} INFO - 12-19-2021
[2021-05-30 19:34:44,414] {assignment_2_dags.py:75} INFO - 12-20-2021
[2021-05-30 19:34:44,790] {assignment_2_dags.py:75} INFO - 12-21-2021
[2021-05-30 19:34:45,244] {assignment_2_dags.py:75} INFO - 12-22-2021
[2021-05-30 19:34:45,614] {assignment_2_dags.py:75} INFO - 12-23-2021
[2021-05-30 19:34:46,002] {assignment_2_dags.py:75} INFO - 12-24-2021
[2021-05-30 19:34:46,389] {assignment_2_dags.py:75} INFO - 12-25-2021
[2021-05-30 19:34:46,773] {assignment_2_dags.py:75} INFO - 12-26-2021
[2021-05-30 19:34:47,155] {assignment_2_dags.py:75} INFO - 12-27-2021
[2021-05-30 19:34:47,534] {assignment_2_dags.py:75} INFO - 12-28-2021
[2021-05-30 19:34:47,918] {assignment_2_dags.py:75} INFO - 12-29-2021
[2021-05-30 19:34:48,304] {assignment_2_dags.py:75} INFO - 12-30-2021
[2021-05-30 19:34:48,679] {assignment_2_dags.py:75} INFO - 12-31-2021
[2021-05-30 19:34:49,076] {assignment_2_dags.py:79} INFO - It took 7.55 minutes to get all data
[2021-05-30 19:34:51,189] {taskinstance.py:1482} ERROR - Task failed with exception
Traceback (most recent call last):
  File "/home/airflow/.local/lib/python3.6/site-packages/airflow/models/taskinstance.py", line 1138, in _run_raw_task
    self._prepare_and_execute_task_with_callbacks(context, task)
  File "/home/airflow/.local/lib/python3.6/site-packages/airflow/models/taskinstance.py", line 1311, in _prepare_and_execute_task_with_callbacks
    result = self._execute_task(context, task_copy)
  File "/home/airflow/.local/lib/python3.6/site-packages/airflow/models/taskinstance.py", line 1341, in _execute_task
    result = task_copy.execute(context=context)
  File "/home/airflow/.local/lib/python3.6/site-packages/airflow/operators/python.py", line 117, in execute
    return_value = self.execute_callable()
  File "/home/airflow/.local/lib/python3.6/site-packages/airflow/operators/python.py", line 128, in execute_callable
    return self.python_callable(*self.op_args, **self.op_kwargs)
  File "/opt/airflow/dags/assignment_2_dags.py", line 86, in load_csv
    DF_UK.to_csv('/home/airflow/data/extracted_data.csv')
  File "/home/airflow/.local/lib/python3.6/site-packages/pandas/core/generic.py", line 3170, in to_csv
    formatter.save()
  File "/home/airflow/.local/lib/python3.6/site-packages/pandas/io/formats/csvs.py", line 190, in save
    compression=dict(self.compression_args, method=self.compression),
  File "/home/airflow/.local/lib/python3.6/site-packages/pandas/io/common.py", line 493, in get_handle
    f = open(path_or_buf, mode, encoding=encoding, errors=errors, newline="")
FileNotFoundError: [Errno 2] No such file or directory: '/home/airflow/data/extracted_data.csv'
[2021-05-30 19:34:51,205] {taskinstance.py:1532} INFO - Marking task as UP_FOR_RETRY. dag_id=data_engineering_assignment_2, task_id=Load_and_Extract_Data, execution_date=20210530T190632, start_date=20210530T192715, end_date=20210530T193451
[2021-05-30 19:34:51,309] {local_task_job.py:146} INFO - Task exited with return code 1
